        -:    0:Source:/Applications/Xcode.app/Contents/Developer/Toolchains/XcodeDefault.xctoolchain/usr/include/c++/v1/algorithm
        -:    0:Graph:main.gcno
        -:    0:Data:-
        -:    0:Runs:0
        -:    0:Programs:0
        -:    1:// -*- C++ -*-
        -:    2://===-------------------------- algorithm ---------------------------------===//
        -:    3://
        -:    4://                     The LLVM Compiler Infrastructure
        -:    5://
        -:    6:// This file is dual licensed under the MIT and the University of Illinois Open
        -:    7:// Source Licenses. See LICENSE.TXT for details.
        -:    8://
        -:    9://===----------------------------------------------------------------------===//
        -:   10:
        -:   11:#ifndef _LIBCPP_ALGORITHM
        -:   12:#define _LIBCPP_ALGORITHM
        -:   13:
        -:   14:/*
        -:   15:    algorithm synopsis
        -:   16:
        -:   17:#include <initializer_list>
        -:   18:
        -:   19:namespace std
        -:   20:{
        -:   21:
        -:   22:template <class InputIterator, class Predicate>
        -:   23:    bool
        -:   24:    all_of(InputIterator first, InputIterator last, Predicate pred);
        -:   25:
        -:   26:template <class InputIterator, class Predicate>
        -:   27:    bool
        -:   28:    any_of(InputIterator first, InputIterator last, Predicate pred);
        -:   29:
        -:   30:template <class InputIterator, class Predicate>
        -:   31:    bool
        -:   32:    none_of(InputIterator first, InputIterator last, Predicate pred);
        -:   33:
        -:   34:template <class InputIterator, class Function>
        -:   35:    Function
        -:   36:    for_each(InputIterator first, InputIterator last, Function f);
        -:   37:
        -:   38:template<class InputIterator, class Size, class Function>
        -:   39:    InputIterator for_each_n(InputIterator first, Size n, Function f); // C++17
        -:   40:
        -:   41:template <class InputIterator, class T>
        -:   42:    InputIterator
        -:   43:    find(InputIterator first, InputIterator last, const T& value);
        -:   44:
        -:   45:template <class InputIterator, class Predicate>
        -:   46:    InputIterator
        -:   47:    find_if(InputIterator first, InputIterator last, Predicate pred);
        -:   48:
        -:   49:template<class InputIterator, class Predicate>
        -:   50:    InputIterator
        -:   51:    find_if_not(InputIterator first, InputIterator last, Predicate pred);
        -:   52:
        -:   53:template <class ForwardIterator1, class ForwardIterator2>
        -:   54:    ForwardIterator1
        -:   55:    find_end(ForwardIterator1 first1, ForwardIterator1 last1,
        -:   56:             ForwardIterator2 first2, ForwardIterator2 last2);
        -:   57:
        -:   58:template <class ForwardIterator1, class ForwardIterator2, class BinaryPredicate>
        -:   59:    ForwardIterator1
        -:   60:    find_end(ForwardIterator1 first1, ForwardIterator1 last1,
        -:   61:             ForwardIterator2 first2, ForwardIterator2 last2, BinaryPredicate pred);
        -:   62:
        -:   63:template <class ForwardIterator1, class ForwardIterator2>
        -:   64:    ForwardIterator1
        -:   65:    find_first_of(ForwardIterator1 first1, ForwardIterator1 last1,
        -:   66:                  ForwardIterator2 first2, ForwardIterator2 last2);
        -:   67:
        -:   68:template <class ForwardIterator1, class ForwardIterator2, class BinaryPredicate>
        -:   69:    ForwardIterator1
        -:   70:    find_first_of(ForwardIterator1 first1, ForwardIterator1 last1,
        -:   71:                  ForwardIterator2 first2, ForwardIterator2 last2, BinaryPredicate pred);
        -:   72:
        -:   73:template <class ForwardIterator>
        -:   74:    ForwardIterator
        -:   75:    adjacent_find(ForwardIterator first, ForwardIterator last);
        -:   76:
        -:   77:template <class ForwardIterator, class BinaryPredicate>
        -:   78:    ForwardIterator
        -:   79:    adjacent_find(ForwardIterator first, ForwardIterator last, BinaryPredicate pred);
        -:   80:
        -:   81:template <class InputIterator, class T>
        -:   82:    typename iterator_traits<InputIterator>::difference_type
        -:   83:    count(InputIterator first, InputIterator last, const T& value);
        -:   84:
        -:   85:template <class InputIterator, class Predicate>
        -:   86:    typename iterator_traits<InputIterator>::difference_type
        -:   87:    count_if(InputIterator first, InputIterator last, Predicate pred);
        -:   88:
        -:   89:template <class InputIterator1, class InputIterator2>
        -:   90:    pair<InputIterator1, InputIterator2>
        -:   91:    mismatch(InputIterator1 first1, InputIterator1 last1, InputIterator2 first2);
        -:   92:
        -:   93:template <class InputIterator1, class InputIterator2>
        -:   94:    pair<InputIterator1, InputIterator2>
        -:   95:    mismatch(InputIterator1 first1, InputIterator1 last1,
        -:   96:             InputIterator2 first2, InputIterator2 last2); // **C++14**
        -:   97:
        -:   98:template <class InputIterator1, class InputIterator2, class BinaryPredicate>
        -:   99:    pair<InputIterator1, InputIterator2>
        -:  100:    mismatch(InputIterator1 first1, InputIterator1 last1,
        -:  101:             InputIterator2 first2, BinaryPredicate pred);
        -:  102:
        -:  103:template <class InputIterator1, class InputIterator2, class BinaryPredicate>
        -:  104:    pair<InputIterator1, InputIterator2>
        -:  105:    mismatch(InputIterator1 first1, InputIterator1 last1,
        -:  106:             InputIterator2 first2, InputIterator2 last2,
        -:  107:             BinaryPredicate pred); // **C++14**
        -:  108:
        -:  109:template <class InputIterator1, class InputIterator2>
        -:  110:    bool
        -:  111:    equal(InputIterator1 first1, InputIterator1 last1, InputIterator2 first2);
        -:  112:
        -:  113:template <class InputIterator1, class InputIterator2>
        -:  114:    bool
        -:  115:    equal(InputIterator1 first1, InputIterator1 last1,
        -:  116:          InputIterator2 first2, InputIterator2 last2); // **C++14**
        -:  117:
        -:  118:template <class InputIterator1, class InputIterator2, class BinaryPredicate>
        -:  119:    bool
        -:  120:    equal(InputIterator1 first1, InputIterator1 last1,
        -:  121:          InputIterator2 first2, BinaryPredicate pred);
        -:  122:
        -:  123:template <class InputIterator1, class InputIterator2, class BinaryPredicate>
        -:  124:    bool
        -:  125:    equal(InputIterator1 first1, InputIterator1 last1,
        -:  126:          InputIterator2 first2, InputIterator2 last2,
        -:  127:          BinaryPredicate pred); // **C++14**
        -:  128:
        -:  129:template<class ForwardIterator1, class ForwardIterator2>
        -:  130:    bool
        -:  131:    is_permutation(ForwardIterator1 first1, ForwardIterator1 last1,
        -:  132:                   ForwardIterator2 first2);
        -:  133:
        -:  134:template<class ForwardIterator1, class ForwardIterator2>
        -:  135:    bool
        -:  136:    is_permutation(ForwardIterator1 first1, ForwardIterator1 last1,
        -:  137:                   ForwardIterator2 first2, ForwardIterator2 last2); // **C++14**
        -:  138:
        -:  139:template<class ForwardIterator1, class ForwardIterator2, class BinaryPredicate>
        -:  140:    bool
        -:  141:    is_permutation(ForwardIterator1 first1, ForwardIterator1 last1,
        -:  142:                   ForwardIterator2 first2, BinaryPredicate pred);
        -:  143:
        -:  144:template<class ForwardIterator1, class ForwardIterator2, class BinaryPredicate>
        -:  145:    bool
        -:  146:    is_permutation(ForwardIterator1 first1, ForwardIterator1 last1,
        -:  147:                   ForwardIterator2 first2, ForwardIterator2 last2,
        -:  148:                   BinaryPredicate pred);  // **C++14**
        -:  149:
        -:  150:template <class ForwardIterator1, class ForwardIterator2>
        -:  151:    ForwardIterator1
        -:  152:    search(ForwardIterator1 first1, ForwardIterator1 last1,
        -:  153:           ForwardIterator2 first2, ForwardIterator2 last2);
        -:  154:
        -:  155:template <class ForwardIterator1, class ForwardIterator2, class BinaryPredicate>
        -:  156:    ForwardIterator1
        -:  157:    search(ForwardIterator1 first1, ForwardIterator1 last1,
        -:  158:           ForwardIterator2 first2, ForwardIterator2 last2, BinaryPredicate pred);
        -:  159:
        -:  160:template <class ForwardIterator, class Size, class T>
        -:  161:    ForwardIterator
        -:  162:    search_n(ForwardIterator first, ForwardIterator last, Size count, const T& value);
        -:  163:
        -:  164:template <class ForwardIterator, class Size, class T, class BinaryPredicate>
        -:  165:    ForwardIterator
        -:  166:    search_n(ForwardIterator first, ForwardIterator last,
        -:  167:             Size count, const T& value, BinaryPredicate pred);
        -:  168:
        -:  169:template <class InputIterator, class OutputIterator>
        -:  170:    OutputIterator
        -:  171:    copy(InputIterator first, InputIterator last, OutputIterator result);
        -:  172:
        -:  173:template<class InputIterator, class OutputIterator, class Predicate>
        -:  174:    OutputIterator
        -:  175:    copy_if(InputIterator first, InputIterator last,
        -:  176:            OutputIterator result, Predicate pred);
        -:  177:
        -:  178:template<class InputIterator, class Size, class OutputIterator>
        -:  179:    OutputIterator
        -:  180:    copy_n(InputIterator first, Size n, OutputIterator result);
        -:  181:
        -:  182:template <class BidirectionalIterator1, class BidirectionalIterator2>
        -:  183:    BidirectionalIterator2
        -:  184:    copy_backward(BidirectionalIterator1 first, BidirectionalIterator1 last,
        -:  185:                  BidirectionalIterator2 result);
        -:  186:
        -:  187:template <class ForwardIterator1, class ForwardIterator2>
        -:  188:    ForwardIterator2
        -:  189:    swap_ranges(ForwardIterator1 first1, ForwardIterator1 last1, ForwardIterator2 first2);
        -:  190:
        -:  191:template <class ForwardIterator1, class ForwardIterator2>
        -:  192:    void
        -:  193:    iter_swap(ForwardIterator1 a, ForwardIterator2 b);
        -:  194:
        -:  195:template <class InputIterator, class OutputIterator, class UnaryOperation>
        -:  196:    OutputIterator
        -:  197:    transform(InputIterator first, InputIterator last, OutputIterator result, UnaryOperation op);
        -:  198:
        -:  199:template <class InputIterator1, class InputIterator2, class OutputIterator, class BinaryOperation>
        -:  200:    OutputIterator
        -:  201:    transform(InputIterator1 first1, InputIterator1 last1, InputIterator2 first2,
        -:  202:              OutputIterator result, BinaryOperation binary_op);
        -:  203:
        -:  204:template <class ForwardIterator, class T>
        -:  205:    void
        -:  206:    replace(ForwardIterator first, ForwardIterator last, const T& old_value, const T& new_value);
        -:  207:
        -:  208:template <class ForwardIterator, class Predicate, class T>
        -:  209:    void
        -:  210:    replace_if(ForwardIterator first, ForwardIterator last, Predicate pred, const T& new_value);
        -:  211:
        -:  212:template <class InputIterator, class OutputIterator, class T>
        -:  213:    OutputIterator
        -:  214:    replace_copy(InputIterator first, InputIterator last, OutputIterator result,
        -:  215:                 const T& old_value, const T& new_value);
        -:  216:
        -:  217:template <class InputIterator, class OutputIterator, class Predicate, class T>
        -:  218:    OutputIterator
        -:  219:    replace_copy_if(InputIterator first, InputIterator last, OutputIterator result, Predicate pred, const T& new_value);
        -:  220:
        -:  221:template <class ForwardIterator, class T>
        -:  222:    void
        -:  223:    fill(ForwardIterator first, ForwardIterator last, const T& value);
        -:  224:
        -:  225:template <class OutputIterator, class Size, class T>
        -:  226:    OutputIterator
        -:  227:    fill_n(OutputIterator first, Size n, const T& value);
        -:  228:
        -:  229:template <class ForwardIterator, class Generator>
        -:  230:    void
        -:  231:    generate(ForwardIterator first, ForwardIterator last, Generator gen);
        -:  232:
        -:  233:template <class OutputIterator, class Size, class Generator>
        -:  234:    OutputIterator
        -:  235:    generate_n(OutputIterator first, Size n, Generator gen);
        -:  236:
        -:  237:template <class ForwardIterator, class T>
        -:  238:    ForwardIterator
        -:  239:    remove(ForwardIterator first, ForwardIterator last, const T& value);
        -:  240:
        -:  241:template <class ForwardIterator, class Predicate>
        -:  242:    ForwardIterator
        -:  243:    remove_if(ForwardIterator first, ForwardIterator last, Predicate pred);
        -:  244:
        -:  245:template <class InputIterator, class OutputIterator, class T>
        -:  246:    OutputIterator
        -:  247:    remove_copy(InputIterator first, InputIterator last, OutputIterator result, const T& value);
        -:  248:
        -:  249:template <class InputIterator, class OutputIterator, class Predicate>
        -:  250:    OutputIterator
        -:  251:    remove_copy_if(InputIterator first, InputIterator last, OutputIterator result, Predicate pred);
        -:  252:
        -:  253:template <class ForwardIterator>
        -:  254:    ForwardIterator
        -:  255:    unique(ForwardIterator first, ForwardIterator last);
        -:  256:
        -:  257:template <class ForwardIterator, class BinaryPredicate>
        -:  258:    ForwardIterator
        -:  259:    unique(ForwardIterator first, ForwardIterator last, BinaryPredicate pred);
        -:  260:
        -:  261:template <class InputIterator, class OutputIterator>
        -:  262:    OutputIterator
        -:  263:    unique_copy(InputIterator first, InputIterator last, OutputIterator result);
        -:  264:
        -:  265:template <class InputIterator, class OutputIterator, class BinaryPredicate>
        -:  266:    OutputIterator
        -:  267:    unique_copy(InputIterator first, InputIterator last, OutputIterator result, BinaryPredicate pred);
        -:  268:
        -:  269:template <class BidirectionalIterator>
        -:  270:    void
        -:  271:    reverse(BidirectionalIterator first, BidirectionalIterator last);
        -:  272:
        -:  273:template <class BidirectionalIterator, class OutputIterator>
        -:  274:    OutputIterator
        -:  275:    reverse_copy(BidirectionalIterator first, BidirectionalIterator last, OutputIterator result);
        -:  276:
        -:  277:template <class ForwardIterator>
        -:  278:    ForwardIterator
        -:  279:    rotate(ForwardIterator first, ForwardIterator middle, ForwardIterator last);
        -:  280:
        -:  281:template <class ForwardIterator, class OutputIterator>
        -:  282:    OutputIterator
        -:  283:    rotate_copy(ForwardIterator first, ForwardIterator middle, ForwardIterator last, OutputIterator result);
        -:  284:
        -:  285:template <class RandomAccessIterator>
        -:  286:    void
        -:  287:    random_shuffle(RandomAccessIterator first, RandomAccessIterator last); // deprecated in C++14, removed in C++17
        -:  288:
        -:  289:template <class RandomAccessIterator, class RandomNumberGenerator>
        -:  290:    void
        -:  291:    random_shuffle(RandomAccessIterator first, RandomAccessIterator last,
        -:  292:                   RandomNumberGenerator& rand);  // deprecated in C++14, removed in C++17
        -:  293:
        -:  294:template<class PopulationIterator, class SampleIterator,
        -:  295:         class Distance, class UniformRandomBitGenerator>
        -:  296:    SampleIterator sample(PopulationIterator first, PopulationIterator last,
        -:  297:                          SampleIterator out, Distance n,
        -:  298:                          UniformRandomBitGenerator&& g); // C++17
        -:  299:
        -:  300:template<class RandomAccessIterator, class UniformRandomNumberGenerator>
        -:  301:    void shuffle(RandomAccessIterator first, RandomAccessIterator last,
        -:  302:                 UniformRandomNumberGenerator&& g);
        -:  303:
        -:  304:template <class InputIterator, class Predicate>
        -:  305:    bool
        -:  306:    is_partitioned(InputIterator first, InputIterator last, Predicate pred);
        -:  307:
        -:  308:template <class ForwardIterator, class Predicate>
        -:  309:    ForwardIterator
        -:  310:    partition(ForwardIterator first, ForwardIterator last, Predicate pred);
        -:  311:
        -:  312:template <class InputIterator, class OutputIterator1,
        -:  313:          class OutputIterator2, class Predicate>
        -:  314:    pair<OutputIterator1, OutputIterator2>
        -:  315:    partition_copy(InputIterator first, InputIterator last,
        -:  316:                   OutputIterator1 out_true, OutputIterator2 out_false,
        -:  317:                   Predicate pred);
        -:  318:
        -:  319:template <class ForwardIterator, class Predicate>
        -:  320:    ForwardIterator
        -:  321:    stable_partition(ForwardIterator first, ForwardIterator last, Predicate pred);
        -:  322:
        -:  323:template<class ForwardIterator, class Predicate>
        -:  324:    ForwardIterator
        -:  325:    partition_point(ForwardIterator first, ForwardIterator last, Predicate pred);
        -:  326:
        -:  327:template <class ForwardIterator>
        -:  328:    bool
        -:  329:    is_sorted(ForwardIterator first, ForwardIterator last);
        -:  330:
        -:  331:template <class ForwardIterator, class Compare>
        -:  332:    bool
        -:  333:    is_sorted(ForwardIterator first, ForwardIterator last, Compare comp);
        -:  334:
        -:  335:template<class ForwardIterator>
        -:  336:    ForwardIterator
        -:  337:    is_sorted_until(ForwardIterator first, ForwardIterator last);
        -:  338:
        -:  339:template <class ForwardIterator, class Compare>
        -:  340:    ForwardIterator
        -:  341:    is_sorted_until(ForwardIterator first, ForwardIterator last, Compare comp);
        -:  342:
        -:  343:template <class RandomAccessIterator>
        -:  344:    void
        -:  345:    sort(RandomAccessIterator first, RandomAccessIterator last);
        -:  346:
        -:  347:template <class RandomAccessIterator, class Compare>
        -:  348:    void
        -:  349:    sort(RandomAccessIterator first, RandomAccessIterator last, Compare comp);
        -:  350:
        -:  351:template <class RandomAccessIterator>
        -:  352:    void
        -:  353:    stable_sort(RandomAccessIterator first, RandomAccessIterator last);
        -:  354:
        -:  355:template <class RandomAccessIterator, class Compare>
        -:  356:    void
        -:  357:    stable_sort(RandomAccessIterator first, RandomAccessIterator last, Compare comp);
        -:  358:
        -:  359:template <class RandomAccessIterator>
        -:  360:    void
        -:  361:    partial_sort(RandomAccessIterator first, RandomAccessIterator middle, RandomAccessIterator last);
        -:  362:
        -:  363:template <class RandomAccessIterator, class Compare>
        -:  364:    void
        -:  365:    partial_sort(RandomAccessIterator first, RandomAccessIterator middle, RandomAccessIterator last, Compare comp);
        -:  366:
        -:  367:template <class InputIterator, class RandomAccessIterator>
        -:  368:    RandomAccessIterator
        -:  369:    partial_sort_copy(InputIterator first, InputIterator last,
        -:  370:                      RandomAccessIterator result_first, RandomAccessIterator result_last);
        -:  371:
        -:  372:template <class InputIterator, class RandomAccessIterator, class Compare>
        -:  373:    RandomAccessIterator
        -:  374:    partial_sort_copy(InputIterator first, InputIterator last,
        -:  375:                      RandomAccessIterator result_first, RandomAccessIterator result_last, Compare comp);
        -:  376:
        -:  377:template <class RandomAccessIterator>
        -:  378:    void
        -:  379:    nth_element(RandomAccessIterator first, RandomAccessIterator nth, RandomAccessIterator last);
        -:  380:
        -:  381:template <class RandomAccessIterator, class Compare>
        -:  382:    void
        -:  383:    nth_element(RandomAccessIterator first, RandomAccessIterator nth, RandomAccessIterator last, Compare comp);
        -:  384:
        -:  385:template <class ForwardIterator, class T>
        -:  386:    ForwardIterator
        -:  387:    lower_bound(ForwardIterator first, ForwardIterator last, const T& value);
        -:  388:
        -:  389:template <class ForwardIterator, class T, class Compare>
        -:  390:    ForwardIterator
        -:  391:    lower_bound(ForwardIterator first, ForwardIterator last, const T& value, Compare comp);
        -:  392:
        -:  393:template <class ForwardIterator, class T>
        -:  394:    ForwardIterator
        -:  395:    upper_bound(ForwardIterator first, ForwardIterator last, const T& value);
        -:  396:
        -:  397:template <class ForwardIterator, class T, class Compare>
        -:  398:    ForwardIterator
        -:  399:    upper_bound(ForwardIterator first, ForwardIterator last, const T& value, Compare comp);
        -:  400:
        -:  401:template <class ForwardIterator, class T>
        -:  402:    pair<ForwardIterator, ForwardIterator>
        -:  403:    equal_range(ForwardIterator first, ForwardIterator last, const T& value);
        -:  404:
        -:  405:template <class ForwardIterator, class T, class Compare>
        -:  406:    pair<ForwardIterator, ForwardIterator>
        -:  407:    equal_range(ForwardIterator first, ForwardIterator last, const T& value, Compare comp);
        -:  408:
        -:  409:template <class ForwardIterator, class T>
        -:  410:    bool
        -:  411:    binary_search(ForwardIterator first, ForwardIterator last, const T& value);
        -:  412:
        -:  413:template <class ForwardIterator, class T, class Compare>
        -:  414:    bool
        -:  415:    binary_search(ForwardIterator first, ForwardIterator last, const T& value, Compare comp);
        -:  416:
        -:  417:template <class InputIterator1, class InputIterator2, class OutputIterator>
        -:  418:    OutputIterator
        -:  419:    merge(InputIterator1 first1, InputIterator1 last1,
        -:  420:          InputIterator2 first2, InputIterator2 last2, OutputIterator result);
        -:  421:
        -:  422:template <class InputIterator1, class InputIterator2, class OutputIterator, class Compare>
        -:  423:    OutputIterator
        -:  424:    merge(InputIterator1 first1, InputIterator1 last1,
        -:  425:          InputIterator2 first2, InputIterator2 last2, OutputIterator result, Compare comp);
        -:  426:
        -:  427:template <class BidirectionalIterator>
        -:  428:    void
        -:  429:    inplace_merge(BidirectionalIterator first, BidirectionalIterator middle, BidirectionalIterator last);
        -:  430:
        -:  431:template <class BidirectionalIterator, class Compare>
        -:  432:    void
        -:  433:    inplace_merge(BidirectionalIterator first, BidirectionalIterator middle, BidirectionalIterator last, Compare comp);
        -:  434:
        -:  435:template <class InputIterator1, class InputIterator2>
        -:  436:    bool
        -:  437:    includes(InputIterator1 first1, InputIterator1 last1, InputIterator2 first2, InputIterator2 last2);
        -:  438:
        -:  439:template <class InputIterator1, class InputIterator2, class Compare>
        -:  440:    bool
        -:  441:    includes(InputIterator1 first1, InputIterator1 last1, InputIterator2 first2, InputIterator2 last2, Compare comp);
        -:  442:
        -:  443:template <class InputIterator1, class InputIterator2, class OutputIterator>
        -:  444:    OutputIterator
        -:  445:    set_union(InputIterator1 first1, InputIterator1 last1,
        -:  446:              InputIterator2 first2, InputIterator2 last2, OutputIterator result);
        -:  447:
        -:  448:template <class InputIterator1, class InputIterator2, class OutputIterator, class Compare>
        -:  449:    OutputIterator
        -:  450:    set_union(InputIterator1 first1, InputIterator1 last1,
        -:  451:              InputIterator2 first2, InputIterator2 last2, OutputIterator result, Compare comp);
        -:  452:
        -:  453:template <class InputIterator1, class InputIterator2, class OutputIterator>
        -:  454:    OutputIterator
        -:  455:    set_intersection(InputIterator1 first1, InputIterator1 last1,
        -:  456:                     InputIterator2 first2, InputIterator2 last2, OutputIterator result);
        -:  457:
        -:  458:template <class InputIterator1, class InputIterator2, class OutputIterator, class Compare>
        -:  459:    OutputIterator
        -:  460:    set_intersection(InputIterator1 first1, InputIterator1 last1,
        -:  461:                     InputIterator2 first2, InputIterator2 last2, OutputIterator result, Compare comp);
        -:  462:
        -:  463:template <class InputIterator1, class InputIterator2, class OutputIterator>
        -:  464:    OutputIterator
        -:  465:    set_difference(InputIterator1 first1, InputIterator1 last1,
        -:  466:                   InputIterator2 first2, InputIterator2 last2, OutputIterator result);
        -:  467:
        -:  468:template <class InputIterator1, class InputIterator2, class OutputIterator, class Compare>
        -:  469:    OutputIterator
        -:  470:    set_difference(InputIterator1 first1, InputIterator1 last1,
        -:  471:                   InputIterator2 first2, InputIterator2 last2, OutputIterator result, Compare comp);
        -:  472:
        -:  473:template <class InputIterator1, class InputIterator2, class OutputIterator>
        -:  474:    OutputIterator
        -:  475:    set_symmetric_difference(InputIterator1 first1, InputIterator1 last1,
        -:  476:                             InputIterator2 first2, InputIterator2 last2, OutputIterator result);
        -:  477:
        -:  478:template <class InputIterator1, class InputIterator2, class OutputIterator, class Compare>
        -:  479:    OutputIterator
        -:  480:    set_symmetric_difference(InputIterator1 first1, InputIterator1 last1,
        -:  481:                             InputIterator2 first2, InputIterator2 last2, OutputIterator result, Compare comp);
        -:  482:
        -:  483:template <class RandomAccessIterator>
        -:  484:    void
        -:  485:    push_heap(RandomAccessIterator first, RandomAccessIterator last);
        -:  486:
        -:  487:template <class RandomAccessIterator, class Compare>
        -:  488:    void
        -:  489:    push_heap(RandomAccessIterator first, RandomAccessIterator last, Compare comp);
        -:  490:
        -:  491:template <class RandomAccessIterator>
        -:  492:    void
        -:  493:    pop_heap(RandomAccessIterator first, RandomAccessIterator last);
        -:  494:
        -:  495:template <class RandomAccessIterator, class Compare>
        -:  496:    void
        -:  497:    pop_heap(RandomAccessIterator first, RandomAccessIterator last, Compare comp);
        -:  498:
        -:  499:template <class RandomAccessIterator>
        -:  500:    void
        -:  501:    make_heap(RandomAccessIterator first, RandomAccessIterator last);
        -:  502:
        -:  503:template <class RandomAccessIterator, class Compare>
        -:  504:    void
        -:  505:    make_heap(RandomAccessIterator first, RandomAccessIterator last, Compare comp);
        -:  506:
        -:  507:template <class RandomAccessIterator>
        -:  508:    void
        -:  509:    sort_heap(RandomAccessIterator first, RandomAccessIterator last);
        -:  510:
        -:  511:template <class RandomAccessIterator, class Compare>
        -:  512:    void
        -:  513:    sort_heap(RandomAccessIterator first, RandomAccessIterator last, Compare comp);
        -:  514:
        -:  515:template <class RandomAccessIterator>
        -:  516:    bool
        -:  517:    is_heap(RandomAccessIterator first, RandomAccessiterator last);
        -:  518:
        -:  519:template <class RandomAccessIterator, class Compare>
        -:  520:    bool
        -:  521:    is_heap(RandomAccessIterator first, RandomAccessiterator last, Compare comp);
        -:  522:
        -:  523:template <class RandomAccessIterator>
        -:  524:    RandomAccessIterator
        -:  525:    is_heap_until(RandomAccessIterator first, RandomAccessiterator last);
        -:  526:
        -:  527:template <class RandomAccessIterator, class Compare>
        -:  528:    RandomAccessIterator
        -:  529:    is_heap_until(RandomAccessIterator first, RandomAccessiterator last, Compare comp);
        -:  530:
        -:  531:template <class ForwardIterator>
        -:  532:    ForwardIterator
        -:  533:    min_element(ForwardIterator first, ForwardIterator last);  // constexpr in C++14
        -:  534:
        -:  535:template <class ForwardIterator, class Compare>
        -:  536:    ForwardIterator
        -:  537:    min_element(ForwardIterator first, ForwardIterator last, Compare comp);  // constexpr in C++14
        -:  538:
        -:  539:template <class T>
        -:  540:    const T&
        -:  541:    min(const T& a, const T& b);  // constexpr in C++14
        -:  542:
        -:  543:template <class T, class Compare>
        -:  544:    const T&
        -:  545:    min(const T& a, const T& b, Compare comp);  // constexpr in C++14
        -:  546:
        -:  547:template<class T>
        -:  548:    T
        -:  549:    min(initializer_list<T> t);  // constexpr in C++14
        -:  550:
        -:  551:template<class T, class Compare>
        -:  552:    T
        -:  553:    min(initializer_list<T> t, Compare comp);  // constexpr in C++14
        -:  554:
        -:  555:template<class T>
        -:  556:    constexpr const T& clamp( const T& v, const T& lo, const T& hi );               // C++17
        -:  557:
        -:  558:template<class T, class Compare>
        -:  559:    constexpr const T& clamp( const T& v, const T& lo, const T& hi, Compare comp ); // C++17
        -:  560:
        -:  561:template <class ForwardIterator>
        -:  562:    ForwardIterator
        -:  563:    max_element(ForwardIterator first, ForwardIterator last);  // constexpr in C++14
        -:  564:
        -:  565:template <class ForwardIterator, class Compare>
        -:  566:    ForwardIterator
        -:  567:    max_element(ForwardIterator first, ForwardIterator last, Compare comp);  // constexpr in C++14
        -:  568:
        -:  569:template <class T>
        -:  570:    const T&
        -:  571:    max(const T& a, const T& b); // constexpr in C++14
        -:  572:
        -:  573:template <class T, class Compare>
        -:  574:    const T&
        -:  575:    max(const T& a, const T& b, Compare comp);  // constexpr in C++14
        -:  576:
        -:  577:template<class T>
        -:  578:    T
        -:  579:    max(initializer_list<T> t);  // constexpr in C++14
        -:  580:
        -:  581:template<class T, class Compare>
        -:  582:    T
        -:  583:    max(initializer_list<T> t, Compare comp);  // constexpr in C++14
        -:  584:
        -:  585:template<class ForwardIterator>
        -:  586:    pair<ForwardIterator, ForwardIterator>
        -:  587:    minmax_element(ForwardIterator first, ForwardIterator last);   // constexpr in C++14
        -:  588:
        -:  589:template<class ForwardIterator, class Compare>
        -:  590:    pair<ForwardIterator, ForwardIterator>
        -:  591:    minmax_element(ForwardIterator first, ForwardIterator last, Compare comp);   // constexpr in C++14
        -:  592:
        -:  593:template<class T>
        -:  594:    pair<const T&, const T&>
        -:  595:    minmax(const T& a, const T& b);  // constexpr in C++14
        -:  596:
        -:  597:template<class T, class Compare>
        -:  598:    pair<const T&, const T&>
        -:  599:    minmax(const T& a, const T& b, Compare comp);  // constexpr in C++14
        -:  600:
        -:  601:template<class T>
        -:  602:    pair<T, T>
        -:  603:    minmax(initializer_list<T> t);  // constexpr in C++14
        -:  604:
        -:  605:template<class T, class Compare>
        -:  606:    pair<T, T>
        -:  607:    minmax(initializer_list<T> t, Compare comp);  // constexpr in C++14
        -:  608:
        -:  609:template <class InputIterator1, class InputIterator2>
        -:  610:    bool
        -:  611:    lexicographical_compare(InputIterator1 first1, InputIterator1 last1, InputIterator2 first2, InputIterator2 last2);
        -:  612:
        -:  613:template <class InputIterator1, class InputIterator2, class Compare>
        -:  614:    bool
        -:  615:    lexicographical_compare(InputIterator1 first1, InputIterator1 last1,
        -:  616:                            InputIterator2 first2, InputIterator2 last2, Compare comp);
        -:  617:
        -:  618:template <class BidirectionalIterator>
        -:  619:    bool
        -:  620:    next_permutation(BidirectionalIterator first, BidirectionalIterator last);
        -:  621:
        -:  622:template <class BidirectionalIterator, class Compare>
        -:  623:    bool
        -:  624:    next_permutation(BidirectionalIterator first, BidirectionalIterator last, Compare comp);
        -:  625:
        -:  626:template <class BidirectionalIterator>
        -:  627:    bool
        -:  628:    prev_permutation(BidirectionalIterator first, BidirectionalIterator last);
        -:  629:
        -:  630:template <class BidirectionalIterator, class Compare>
        -:  631:    bool
        -:  632:    prev_permutation(BidirectionalIterator first, BidirectionalIterator last, Compare comp);
        -:  633:
        -:  634:}  // std
        -:  635:
        -:  636:*/
        -:  637:
        -:  638:#include <__config>
        -:  639:#include <initializer_list>
        -:  640:#include <type_traits>
        -:  641:#include <cstring>
        -:  642:#include <utility> // needed to provide swap_ranges.
        -:  643:#include <memory>
        -:  644:#include <iterator>
        -:  645:#include <cstddef>
        -:  646:
        -:  647:#if defined(__IBMCPP__)
        -:  648:#include "support/ibm/support.h"
        -:  649:#endif
        -:  650:#if defined(_LIBCPP_COMPILER_MSVC)
        -:  651:#include <intrin.h>
        -:  652:#endif
        -:  653:
        -:  654:#include <__debug>
        -:  655:
        -:  656:#if !defined(_LIBCPP_HAS_NO_PRAGMA_SYSTEM_HEADER)
        -:  657:#pragma GCC system_header
        -:  658:#endif
        -:  659:
        -:  660:_LIBCPP_PUSH_MACROS
        -:  661:#include <__undef_macros>
        -:  662:
        -:  663:
        -:  664:_LIBCPP_BEGIN_NAMESPACE_STD
        -:  665:
        -:  666:// I'd like to replace these with _VSTD::equal_to<void>, but can't because:
        -:  667://   * That only works with C++14 and later, and
        -:  668://   * We haven't included <functional> here.
        -:  669:template <class _T1, class _T2 = _T1>
        -:  670:struct __equal_to
        -:  671:{
        -:  672:    _LIBCPP_INLINE_VISIBILITY bool operator()(const _T1& __x, const _T1& __y) const {return __x == __y;}
        -:  673:    _LIBCPP_INLINE_VISIBILITY bool operator()(const _T1& __x, const _T2& __y) const {return __x == __y;}
        -:  674:    _LIBCPP_INLINE_VISIBILITY bool operator()(const _T2& __x, const _T1& __y) const {return __x == __y;}
        -:  675:    _LIBCPP_INLINE_VISIBILITY bool operator()(const _T2& __x, const _T2& __y) const {return __x == __y;}
        -:  676:};
        -:  677:
        -:  678:template <class _T1>
        -:  679:struct __equal_to<_T1, _T1>
        -:  680:{
        -:  681:    _LIBCPP_INLINE_VISIBILITY _LIBCPP_CONSTEXPR_AFTER_CXX11
        -:  682:    bool operator()(const _T1& __x, const _T1& __y) const {return __x == __y;}
        -:  683:};
        -:  684:
        -:  685:template <class _T1>
        -:  686:struct __equal_to<const _T1, _T1>
        -:  687:{
        -:  688:    _LIBCPP_INLINE_VISIBILITY _LIBCPP_CONSTEXPR_AFTER_CXX11
        -:  689:    bool operator()(const _T1& __x, const _T1& __y) const {return __x == __y;}
        -:  690:};
        -:  691:
        -:  692:template <class _T1>
        -:  693:struct __equal_to<_T1, const _T1>
        -:  694:{
        -:  695:    _LIBCPP_INLINE_VISIBILITY _LIBCPP_CONSTEXPR_AFTER_CXX11
        -:  696:    bool operator()(const _T1& __x, const _T1& __y) const {return __x == __y;}
        -:  697:};
        -:  698:
        -:  699:template <class _T1, class _T2 = _T1>
        -:  700:struct __less
        -:  701:{
        -:  702:    _LIBCPP_INLINE_VISIBILITY _LIBCPP_CONSTEXPR_AFTER_CXX11
        -:  703:    bool operator()(const _T1& __x, const _T1& __y) const {return __x < __y;}
        -:  704:
        -:  705:    _LIBCPP_INLINE_VISIBILITY _LIBCPP_CONSTEXPR_AFTER_CXX11
        -:  706:    bool operator()(const _T1& __x, const _T2& __y) const {return __x < __y;}
        -:  707:
        -:  708:    _LIBCPP_INLINE_VISIBILITY _LIBCPP_CONSTEXPR_AFTER_CXX11
        -:  709:    bool operator()(const _T2& __x, const _T1& __y) const {return __x < __y;}
        -:  710:
        -:  711:    _LIBCPP_INLINE_VISIBILITY _LIBCPP_CONSTEXPR_AFTER_CXX11
        -:  712:    bool operator()(const _T2& __x, const _T2& __y) const {return __x < __y;}
        -:  713:};
        -:  714:
        -:  715:template <class _T1>
        -:  716:struct __less<_T1, _T1>
        -:  717:{
        -:  718:    _LIBCPP_INLINE_VISIBILITY _LIBCPP_CONSTEXPR_AFTER_CXX11
function _ZNKSt3__16__lessImmEclERKmS3_ called 0 returned 0% blocks executed 0%
    #####:  719:    bool operator()(const _T1& __x, const _T1& __y) const {return __x < __y;}
    $$$$$:  719-block  0
        -:  720:};
        -:  721:
        -:  722:template <class _T1>
        -:  723:struct __less<const _T1, _T1>
        -:  724:{
        -:  725:    _LIBCPP_INLINE_VISIBILITY _LIBCPP_CONSTEXPR_AFTER_CXX11
        -:  726:    bool operator()(const _T1& __x, const _T1& __y) const {return __x < __y;}
        -:  727:};
        -:  728:
        -:  729:template <class _T1>
        -:  730:struct __less<_T1, const _T1>
        -:  731:{
        -:  732:    _LIBCPP_INLINE_VISIBILITY _LIBCPP_CONSTEXPR_AFTER_CXX11
        -:  733:    bool operator()(const _T1& __x, const _T1& __y) const {return __x < __y;}
        -:  734:};
        -:  735:
        -:  736:template <class _Predicate>
        -:  737:class __negate
        -:  738:{
        -:  739:private:
        -:  740:    _Predicate __p_;
        -:  741:public:
        -:  742:    _LIBCPP_INLINE_VISIBILITY __negate() {}
        -:  743:
        -:  744:    _LIBCPP_INLINE_VISIBILITY
        -:  745:    explicit __negate(_Predicate __p) : __p_(__p) {}
        -:  746:
        -:  747:    template <class _T1>
        -:  748:    _LIBCPP_INLINE_VISIBILITY
        -:  749:    bool operator()(const _T1& __x) {return !__p_(__x);}
        -:  750:
        -:  751:    template <class _T1, class _T2>
        -:  752:    _LIBCPP_INLINE_VISIBILITY
        -:  753:    bool operator()(const _T1& __x, const _T2& __y) {return !__p_(__x, __y);}
        -:  754:};
        -:  755:
        -:  756:#ifdef _LIBCPP_DEBUG
        -:  757:
        -:  758:template <class _Compare>
        -:  759:struct __debug_less
        -:  760:{
        -:  761:    _Compare __comp_;
        -:  762:    __debug_less(_Compare& __c) : __comp_(__c) {}
        -:  763:
        -:  764:    template <class _Tp, class _Up>
        -:  765:    bool operator()(const _Tp& __x, const _Up& __y)
        -:  766:    {
        -:  767:        bool __r = __comp_(__x, __y);
        -:  768:        if (__r)
        -:  769:            __do_compare_assert(0, __y, __x);
        -:  770:        return __r;
        -:  771:    }
        -:  772:
        -:  773:    template <class _LHS, class _RHS>
        -:  774:    inline _LIBCPP_INLINE_VISIBILITY
        -:  775:    decltype((void)_VSTD::declval<_Compare&>()(
        -:  776:        _VSTD::declval<_LHS const&>(), _VSTD::declval<_RHS const&>()))
        -:  777:    __do_compare_assert(int, _LHS const& __l, _RHS const& __r) {
        -:  778:        _LIBCPP_ASSERT(!__comp_(__l, __r),
        -:  779:            "Comparator does not induce a strict weak ordering");
        -:  780:    }
        -:  781:
        -:  782:    template <class _LHS, class _RHS>
        -:  783:    inline _LIBCPP_INLINE_VISIBILITY
        -:  784:    void __do_compare_assert(long, _LHS const&, _RHS const&) {}
        -:  785:};
        -:  786:
        -:  787:#endif  // _LIBCPP_DEBUG
        -:  788:
        -:  789:// Precondition:  __x != 0
        -:  790:inline _LIBCPP_INLINE_VISIBILITY
        -:  791:unsigned __ctz(unsigned __x) {
        -:  792:#ifndef _LIBCPP_COMPILER_MSVC
        -:  793:    return static_cast<unsigned>(__builtin_ctz(__x));
        -:  794:#else
        -:  795:  static_assert(sizeof(unsigned) == sizeof(unsigned long), "");
        -:  796:  static_assert(sizeof(unsigned long) == 4, "");
        -:  797:  unsigned long where;
        -:  798:  // Search from LSB to MSB for first set bit.
        -:  799:  // Returns zero if no set bit is found.
        -:  800:  if (_BitScanForward(&where, mask))
        -:  801:    return where;
        -:  802:  return 32;
        -:  803:#endif
        -:  804:}
        -:  805:
        -:  806:inline _LIBCPP_INLINE_VISIBILITY
        -:  807:unsigned long __ctz(unsigned long __x) {
        -:  808:#ifndef _LIBCPP_COMPILER_MSVC
        -:  809:    return static_cast<unsigned long>(__builtin_ctzl(__x));
        -:  810:#else
        -:  811:    static_assert(sizeof(unsigned long) == sizeof(unsigned), "");
        -:  812:    return __ctz(static_cast<unsigned>(__x));
        -:  813:#endif
        -:  814:}
        -:  815:
        -:  816:inline _LIBCPP_INLINE_VISIBILITY
        -:  817:unsigned long long __ctz(unsigned long long __x) {
        -:  818:#ifndef _LIBCPP_COMPILER_MSVC
        -:  819:    return static_cast<unsigned long long>(__builtin_ctzll(__x));
        -:  820:#else
        -:  821:    unsigned long where;
        -:  822:// Search from LSB to MSB for first set bit.
        -:  823:// Returns zero if no set bit is found.
        -:  824:#if defined(_LIBCPP_HAS_BITSCAN64)
        -:  825:    (defined(_M_AMD64) || defined(__x86_64__))
        -:  826:  if (_BitScanForward64(&where, mask))
        -:  827:    return static_cast<int>(where);
        -:  828:#else
        -:  829:  // Win32 doesn't have _BitScanForward64 so emulate it with two 32 bit calls.
        -:  830:  // Scan the Low Word.
        -:  831:  if (_BitScanForward(&where, static_cast<unsigned long>(mask)))
        -:  832:    return where;
        -:  833:  // Scan the High Word.
        -:  834:  if (_BitScanForward(&where, static_cast<unsigned long>(mask >> 32)))
        -:  835:    return where + 32; // Create a bit offset from the LSB.
        -:  836:#endif
        -:  837:  return 64;
        -:  838:#endif // _LIBCPP_COMPILER_MSVC
        -:  839:}
        -:  840:
        -:  841:// Precondition:  __x != 0
        -:  842:inline _LIBCPP_INLINE_VISIBILITY
        -:  843:unsigned __clz(unsigned __x) {
        -:  844:#ifndef _LIBCPP_COMPILER_MSVC
        -:  845:    return static_cast<unsigned>(__builtin_clz(__x));
        -:  846:#else
        -:  847:  static_assert(sizeof(unsigned) == sizeof(unsigned long), "");
        -:  848:  static_assert(sizeof(unsigned long) == 4, "");
        -:  849:  unsigned long where;
        -:  850:  // Search from LSB to MSB for first set bit.
        -:  851:  // Returns zero if no set bit is found.
        -:  852:  if (_BitScanReverse(&where, mask))
        -:  853:    return 31 - where;
        -:  854:  return 32; // Undefined Behavior.
        -:  855:#endif
        -:  856:}
        -:  857:
        -:  858:inline _LIBCPP_INLINE_VISIBILITY
        -:  859:unsigned long __clz(unsigned long __x) {
        -:  860:#ifndef _LIBCPP_COMPILER_MSVC
        -:  861:    return static_cast<unsigned long>(__builtin_clzl (__x));
        -:  862:#else
        -:  863:    static_assert(sizeof(unsigned) == sizeof(unsigned long), "");
        -:  864:    return __clz(static_cast<unsigned>(__x));
        -:  865:#endif
        -:  866:}
        -:  867:
        -:  868:inline _LIBCPP_INLINE_VISIBILITY
        -:  869:unsigned long long __clz(unsigned long long __x) {
        -:  870:#ifndef _LIBCPP_COMPILER_MSVC
        -:  871:    return static_cast<unsigned long long>(__builtin_clzll(__x));
        -:  872:#else
        -:  873:  unsigned long where;
        -:  874:// BitScanReverse scans from MSB to LSB for first set bit.
        -:  875:// Returns 0 if no set bit is found.
        -:  876:#if defined(_LIBCPP_HAS_BITSCAN64)
        -:  877:  if (_BitScanReverse64(&where, mask))
        -:  878:    return static_cast<int>(63 - where);
        -:  879:#else
        -:  880:  // Scan the high 32 bits.
        -:  881:  if (_BitScanReverse(&where, static_cast<unsigned long>(mask >> 32)))
        -:  882:    return 63 - (where + 32); // Create a bit offset from the MSB.
        -:  883:  // Scan the low 32 bits.
        -:  884:  if (_BitScanReverse(&where, static_cast<unsigned long>(mask)))
        -:  885:    return 63 - where;
        -:  886:#endif
        -:  887:  return 64; // Undefined Behavior.
        -:  888:#endif // _LIBCPP_COMPILER_MSVC
        -:  889:}
        -:  890:
        -:  891:inline _LIBCPP_INLINE_VISIBILITY int __pop_count(unsigned __x) {
        -:  892:#ifndef _LIBCPP_COMPILER_MSVC
        -:  893:  return __builtin_popcount  (__x);
        -:  894:#else
        -:  895:  static_assert(sizeof(unsigned) == 4, "");
        -:  896:  return __popcnt(__x);
        -:  897:#endif
        -:  898:}
        -:  899:
        -:  900:inline _LIBCPP_INLINE_VISIBILITY int __pop_count(unsigned long __x) {
        -:  901:#ifndef _LIBCPP_COMPILER_MSVC
        -:  902:  return __builtin_popcountl (__x);
        -:  903:#else
        -:  904:  static_assert(sizeof(unsigned long) == 4, "");
        -:  905:  return __popcnt(__x);
        -:  906:#endif
        -:  907:}
        -:  908:
        -:  909:inline _LIBCPP_INLINE_VISIBILITY int __pop_count(unsigned long long __x) {
        -:  910:#ifndef _LIBCPP_COMPILER_MSVC
        -:  911:  return __builtin_popcountll(__x);
        -:  912:#else
        -:  913:  static_assert(sizeof(unsigned long long) == 8, "");
        -:  914:  return __popcnt64(__x);
        -:  915:#endif
        -:  916:}
        -:  917:
        -:  918:// all_of
        -:  919:
        -:  920:template <class _InputIterator, class _Predicate>
        -:  921:inline _LIBCPP_INLINE_VISIBILITY
        -:  922:bool
        -:  923:all_of(_InputIterator __first, _InputIterator __last, _Predicate __pred)
        -:  924:{
        -:  925:    for (; __first != __last; ++__first)
        -:  926:        if (!__pred(*__first))
        -:  927:            return false;
        -:  928:    return true;
        -:  929:}
        -:  930:
        -:  931:// any_of
        -:  932:
        -:  933:template <class _InputIterator, class _Predicate>
        -:  934:inline _LIBCPP_INLINE_VISIBILITY
        -:  935:bool
        -:  936:any_of(_InputIterator __first, _InputIterator __last, _Predicate __pred)
        -:  937:{
        -:  938:    for (; __first != __last; ++__first)
        -:  939:        if (__pred(*__first))
        -:  940:            return true;
        -:  941:    return false;
        -:  942:}
        -:  943:
        -:  944:// none_of
        -:  945:
        -:  946:template <class _InputIterator, class _Predicate>
        -:  947:inline _LIBCPP_INLINE_VISIBILITY
        -:  948:bool
        -:  949:none_of(_InputIterator __first, _InputIterator __last, _Predicate __pred)
        -:  950:{
        -:  951:    for (; __first != __last; ++__first)
        -:  952:        if (__pred(*__first))
        -:  953:            return false;
        -:  954:    return true;
        -:  955:}
        -:  956:
        -:  957:// for_each
        -:  958:
        -:  959:template <class _InputIterator, class _Function>
        -:  960:inline _LIBCPP_INLINE_VISIBILITY
        -:  961:_Function
        -:  962:for_each(_InputIterator __first, _InputIterator __last, _Function __f)
        -:  963:{
        -:  964:    for (; __first != __last; ++__first)
        -:  965:        __f(*__first);
        -:  966:    return __f;
        -:  967:}
        -:  968:
        -:  969:#if _LIBCPP_STD_VER > 14
        -:  970:// for_each_n
        -:  971:
        -:  972:template <class _InputIterator, class _Size, class _Function>
        -:  973:inline _LIBCPP_INLINE_VISIBILITY
        -:  974:_InputIterator
        -:  975:for_each_n(_InputIterator __first, _Size __orig_n, _Function __f)
        -:  976:{
        -:  977:    typedef decltype(__convert_to_integral(__orig_n)) _IntegralSize;
        -:  978:    _IntegralSize __n = __orig_n;
        -:  979:    while (__n > 0)
        -:  980:    {
        -:  981:         __f(*__first);
        -:  982:         ++__first;
        -:  983:         --__n;
        -:  984:    }
        -:  985:    return __first;
        -:  986:}
        -:  987:#endif
        -:  988:
        -:  989:// find
        -:  990:
        -:  991:template <class _InputIterator, class _Tp>
        -:  992:inline _LIBCPP_INLINE_VISIBILITY
        -:  993:_InputIterator
        -:  994:find(_InputIterator __first, _InputIterator __last, const _Tp& __value_)
        -:  995:{
        -:  996:    for (; __first != __last; ++__first)
        -:  997:        if (*__first == __value_)
        -:  998:            break;
        -:  999:    return __first;
        -: 1000:}
        -: 1001:
        -: 1002:// find_if
        -: 1003:
        -: 1004:template <class _InputIterator, class _Predicate>
        -: 1005:inline _LIBCPP_INLINE_VISIBILITY
        -: 1006:_InputIterator
        -: 1007:find_if(_InputIterator __first, _InputIterator __last, _Predicate __pred)
        -: 1008:{
        -: 1009:    for (; __first != __last; ++__first)
        -: 1010:        if (__pred(*__first))
        -: 1011:            break;
        -: 1012:    return __first;
        -: 1013:}
        -: 1014:
        -: 1015:// find_if_not
        -: 1016:
        -: 1017:template<class _InputIterator, class _Predicate>
        -: 1018:inline _LIBCPP_INLINE_VISIBILITY
        -: 1019:_InputIterator
        -: 1020:find_if_not(_InputIterator __first, _InputIterator __last, _Predicate __pred)
        -: 1021:{
        -: 1022:    for (; __first != __last; ++__first)
        -: 1023:        if (!__pred(*__first))
        -: 1024:            break;
        -: 1025:    return __first;
        -: 1026:}
        -: 1027:
        -: 1028:// find_end
        -: 1029:
        -: 1030:template <class _BinaryPredicate, class _ForwardIterator1, class _ForwardIterator2>
        -: 1031:_ForwardIterator1
        -: 1032:__find_end(_ForwardIterator1 __first1, _ForwardIterator1 __last1,
        -: 1033:           _ForwardIterator2 __first2, _ForwardIterator2 __last2, _BinaryPredicate __pred,
        -: 1034:           forward_iterator_tag, forward_iterator_tag)
        -: 1035:{
        -: 1036:    // modeled after search algorithm
        -: 1037:    _ForwardIterator1 __r = __last1;  // __last1 is the "default" answer
        -: 1038:    if (__first2 == __last2)
        -: 1039:        return __r;
        -: 1040:    while (true)
        -: 1041:    {
        -: 1042:        while (true)
        -: 1043:        {
        -: 1044:            if (__first1 == __last1)         // if source exhausted return last correct answer
        -: 1045:                return __r;                  //    (or __last1 if never found)
        -: 1046:            if (__pred(*__first1, *__first2))
        -: 1047:                break;
        -: 1048:            ++__first1;
        -: 1049:        }
        -: 1050:        // *__first1 matches *__first2, now match elements after here
        -: 1051:        _ForwardIterator1 __m1 = __first1;
        -: 1052:        _ForwardIterator2 __m2 = __first2;
        -: 1053:        while (true)
        -: 1054:        {
        -: 1055:            if (++__m2 == __last2)
        -: 1056:            {                         // Pattern exhaused, record answer and search for another one
        -: 1057:                __r = __first1;
        -: 1058:                ++__first1;
        -: 1059:                break;
        -: 1060:            }
        -: 1061:            if (++__m1 == __last1)     // Source exhausted, return last answer
        -: 1062:                return __r;
        -: 1063:            if (!__pred(*__m1, *__m2))  // mismatch, restart with a new __first
        -: 1064:            {
        -: 1065:                ++__first1;
        -: 1066:                break;
        -: 1067:            }  // else there is a match, check next elements
        -: 1068:        }
        -: 1069:    }
        -: 1070:}
        -: 1071:
        -: 1072:template <class _BinaryPredicate, class _BidirectionalIterator1, class _BidirectionalIterator2>
        -: 1073:_BidirectionalIterator1
        -: 1074:__find_end(_BidirectionalIterator1 __first1, _BidirectionalIterator1 __last1,
        -: 1075:           _BidirectionalIterator2 __first2, _BidirectionalIterator2 __last2, _BinaryPredicate __pred,
        -: 1076:           bidirectional_iterator_tag, bidirectional_iterator_tag)
        -: 1077:{
        -: 1078:    // modeled after search algorithm (in reverse)
        -: 1079:    if (__first2 == __last2)
        -: 1080:        return __last1;  // Everything matches an empty sequence
        -: 1081:    _BidirectionalIterator1 __l1 = __last1;
        -: 1082:    _BidirectionalIterator2 __l2 = __last2;
        -: 1083:    --__l2;
        -: 1084:    while (true)
        -: 1085:    {
        -: 1086:        // Find last element in sequence 1 that matchs *(__last2-1), with a mininum of loop checks
        -: 1087:        while (true)
        -: 1088:        {
        -: 1089:            if (__first1 == __l1)  // return __last1 if no element matches *__first2
        -: 1090:                return __last1;
        -: 1091:            if (__pred(*--__l1, *__l2))
        -: 1092:                break;
        -: 1093:        }
        -: 1094:        // *__l1 matches *__l2, now match elements before here
        -: 1095:        _BidirectionalIterator1 __m1 = __l1;
        -: 1096:        _BidirectionalIterator2 __m2 = __l2;
        -: 1097:        while (true)
        -: 1098:        {
        -: 1099:            if (__m2 == __first2)  // If pattern exhausted, __m1 is the answer (works for 1 element pattern)
        -: 1100:                return __m1;
        -: 1101:            if (__m1 == __first1)  // Otherwise if source exhaused, pattern not found
        -: 1102:                return __last1;
        -: 1103:            if (!__pred(*--__m1, *--__m2))  // if there is a mismatch, restart with a new __l1
        -: 1104:            {
        -: 1105:                break;
        -: 1106:            }  // else there is a match, check next elements
        -: 1107:        }
        -: 1108:    }
        -: 1109:}
        -: 1110:
        -: 1111:template <class _BinaryPredicate, class _RandomAccessIterator1, class _RandomAccessIterator2>
        -: 1112:_LIBCPP_CONSTEXPR_AFTER_CXX11 _RandomAccessIterator1
        -: 1113:__find_end(_RandomAccessIterator1 __first1, _RandomAccessIterator1 __last1,
        -: 1114:           _RandomAccessIterator2 __first2, _RandomAccessIterator2 __last2, _BinaryPredicate __pred,
        -: 1115:           random_access_iterator_tag, random_access_iterator_tag)
        -: 1116:{
        -: 1117:    // Take advantage of knowing source and pattern lengths.  Stop short when source is smaller than pattern
        -: 1118:    typename iterator_traits<_RandomAccessIterator2>::difference_type __len2 = __last2 - __first2;
        -: 1119:    if (__len2 == 0)
        -: 1120:        return __last1;
        -: 1121:    typename iterator_traits<_RandomAccessIterator1>::difference_type __len1 = __last1 - __first1;
        -: 1122:    if (__len1 < __len2)
        -: 1123:        return __last1;
        -: 1124:    const _RandomAccessIterator1 __s = __first1 + (__len2 - 1);  // End of pattern match can't go before here
        -: 1125:    _RandomAccessIterator1 __l1 = __last1;
        -: 1126:    _RandomAccessIterator2 __l2 = __last2;
        -: 1127:    --__l2;
        -: 1128:    while (true)
        -: 1129:    {
        -: 1130:        while (true)
        -: 1131:        {
        -: 1132:            if (__s == __l1)
        -: 1133:                return __last1;
        -: 1134:            if (__pred(*--__l1, *__l2))
        -: 1135:                break;
        -: 1136:        }
        -: 1137:        _RandomAccessIterator1 __m1 = __l1;
        -: 1138:        _RandomAccessIterator2 __m2 = __l2;
        -: 1139:        while (true)
        -: 1140:        {
        -: 1141:            if (__m2 == __first2)
        -: 1142:                return __m1;
        -: 1143:                                 // no need to check range on __m1 because __s guarantees we have enough source
        -: 1144:            if (!__pred(*--__m1, *--__m2))
        -: 1145:            {
        -: 1146:                break;
        -: 1147:            }
        -: 1148:        }
        -: 1149:    }
        -: 1150:}
        -: 1151:
        -: 1152:template <class _ForwardIterator1, class _ForwardIterator2, class _BinaryPredicate>
        -: 1153:inline _LIBCPP_INLINE_VISIBILITY
        -: 1154:_ForwardIterator1
        -: 1155:find_end(_ForwardIterator1 __first1, _ForwardIterator1 __last1,
        -: 1156:         _ForwardIterator2 __first2, _ForwardIterator2 __last2, _BinaryPredicate __pred)
        -: 1157:{
        -: 1158:    return _VSTD::__find_end<typename add_lvalue_reference<_BinaryPredicate>::type>
        -: 1159:                         (__first1, __last1, __first2, __last2, __pred,
        -: 1160:                          typename iterator_traits<_ForwardIterator1>::iterator_category(),
        -: 1161:                          typename iterator_traits<_ForwardIterator2>::iterator_category());
        -: 1162:}
        -: 1163:
        -: 1164:template <class _ForwardIterator1, class _ForwardIterator2>
        -: 1165:inline _LIBCPP_INLINE_VISIBILITY
        -: 1166:_ForwardIterator1
        -: 1167:find_end(_ForwardIterator1 __first1, _ForwardIterator1 __last1,
        -: 1168:         _ForwardIterator2 __first2, _ForwardIterator2 __last2)
        -: 1169:{
        -: 1170:    typedef typename iterator_traits<_ForwardIterator1>::value_type __v1;
        -: 1171:    typedef typename iterator_traits<_ForwardIterator2>::value_type __v2;
        -: 1172:    return _VSTD::find_end(__first1, __last1, __first2, __last2, __equal_to<__v1, __v2>());
        -: 1173:}
        -: 1174:
        -: 1175:// find_first_of
        -: 1176:
        -: 1177:template <class _ForwardIterator1, class _ForwardIterator2, class _BinaryPredicate>
        -: 1178:_LIBCPP_CONSTEXPR_AFTER_CXX11 _ForwardIterator1
        -: 1179:__find_first_of_ce(_ForwardIterator1 __first1, _ForwardIterator1 __last1,
        -: 1180:              _ForwardIterator2 __first2, _ForwardIterator2 __last2, _BinaryPredicate __pred)
        -: 1181:{
        -: 1182:    for (; __first1 != __last1; ++__first1)
        -: 1183:        for (_ForwardIterator2 __j = __first2; __j != __last2; ++__j)
        -: 1184:            if (__pred(*__first1, *__j))
        -: 1185:                return __first1;
        -: 1186:    return __last1;
        -: 1187:}
        -: 1188:
        -: 1189:
        -: 1190:template <class _ForwardIterator1, class _ForwardIterator2, class _BinaryPredicate>
        -: 1191:inline _LIBCPP_INLINE_VISIBILITY
        -: 1192:_ForwardIterator1
        -: 1193:find_first_of(_ForwardIterator1 __first1, _ForwardIterator1 __last1,
        -: 1194:              _ForwardIterator2 __first2, _ForwardIterator2 __last2, _BinaryPredicate __pred)
        -: 1195:{
        -: 1196:    return _VSTD::__find_first_of_ce(__first1, __last1, __first2, __last2, __pred);
        -: 1197:}
        -: 1198:
        -: 1199:template <class _ForwardIterator1, class _ForwardIterator2>
        -: 1200:inline _LIBCPP_INLINE_VISIBILITY
        -: 1201:_ForwardIterator1
        -: 1202:find_first_of(_ForwardIterator1 __first1, _ForwardIterator1 __last1,
        -: 1203:              _ForwardIterator2 __first2, _ForwardIterator2 __last2)
        -: 1204:{
        -: 1205:    typedef typename iterator_traits<_ForwardIterator1>::value_type __v1;
        -: 1206:    typedef typename iterator_traits<_ForwardIterator2>::value_type __v2;
        -: 1207:    return _VSTD::__find_first_of_ce(__first1, __last1, __first2, __last2, __equal_to<__v1, __v2>());
        -: 1208:}
        -: 1209:
        -: 1210:// adjacent_find
        -: 1211:
        -: 1212:template <class _ForwardIterator, class _BinaryPredicate>
        -: 1213:inline _LIBCPP_INLINE_VISIBILITY
        -: 1214:_ForwardIterator
        -: 1215:adjacent_find(_ForwardIterator __first, _ForwardIterator __last, _BinaryPredicate __pred)
        -: 1216:{
        -: 1217:    if (__first != __last)
        -: 1218:    {
        -: 1219:        _ForwardIterator __i = __first;
        -: 1220:        while (++__i != __last)
        -: 1221:        {
        -: 1222:            if (__pred(*__first, *__i))
        -: 1223:                return __first;
        -: 1224:            __first = __i;
        -: 1225:        }
        -: 1226:    }
        -: 1227:    return __last;
        -: 1228:}
        -: 1229:
        -: 1230:template <class _ForwardIterator>
        -: 1231:inline _LIBCPP_INLINE_VISIBILITY
        -: 1232:_ForwardIterator
        -: 1233:adjacent_find(_ForwardIterator __first, _ForwardIterator __last)
        -: 1234:{
        -: 1235:    typedef typename iterator_traits<_ForwardIterator>::value_type __v;
        -: 1236:    return _VSTD::adjacent_find(__first, __last, __equal_to<__v>());
        -: 1237:}
        -: 1238:
        -: 1239:// count
        -: 1240:
        -: 1241:template <class _InputIterator, class _Tp>
        -: 1242:inline _LIBCPP_INLINE_VISIBILITY
        -: 1243:typename iterator_traits<_InputIterator>::difference_type
        -: 1244:count(_InputIterator __first, _InputIterator __last, const _Tp& __value_)
        -: 1245:{
        -: 1246:    typename iterator_traits<_InputIterator>::difference_type __r(0);
        -: 1247:    for (; __first != __last; ++__first)
        -: 1248:        if (*__first == __value_)
        -: 1249:            ++__r;
        -: 1250:    return __r;
        -: 1251:}
        -: 1252:
        -: 1253:// count_if
        -: 1254:
        -: 1255:template <class _InputIterator, class _Predicate>
        -: 1256:inline _LIBCPP_INLINE_VISIBILITY
        -: 1257:typename iterator_traits<_InputIterator>::difference_type
        -: 1258:count_if(_InputIterator __first, _InputIterator __last, _Predicate __pred)
        -: 1259:{
        -: 1260:    typename iterator_traits<_InputIterator>::difference_type __r(0);
        -: 1261:    for (; __first != __last; ++__first)
        -: 1262:        if (__pred(*__first))
        -: 1263:            ++__r;
        -: 1264:    return __r;
        -: 1265:}
        -: 1266:
        -: 1267:// mismatch
        -: 1268:
        -: 1269:template <class _InputIterator1, class _InputIterator2, class _BinaryPredicate>
        -: 1270:inline _LIBCPP_INLINE_VISIBILITY
        -: 1271:pair<_InputIterator1, _InputIterator2>
        -: 1272:mismatch(_InputIterator1 __first1, _InputIterator1 __last1,
        -: 1273:         _InputIterator2 __first2, _BinaryPredicate __pred)
        -: 1274:{
        -: 1275:    for (; __first1 != __last1; ++__first1, (void) ++__first2)
        -: 1276:        if (!__pred(*__first1, *__first2))
        -: 1277:            break;
        -: 1278:    return pair<_InputIterator1, _InputIterator2>(__first1, __first2);
        -: 1279:}
        -: 1280:
        -: 1281:template <class _InputIterator1, class _InputIterator2>
        -: 1282:inline _LIBCPP_INLINE_VISIBILITY
        -: 1283:pair<_InputIterator1, _InputIterator2>
        -: 1284:mismatch(_InputIterator1 __first1, _InputIterator1 __last1, _InputIterator2 __first2)
        -: 1285:{
        -: 1286:    typedef typename iterator_traits<_InputIterator1>::value_type __v1;
        -: 1287:    typedef typename iterator_traits<_InputIterator2>::value_type __v2;
        -: 1288:    return _VSTD::mismatch(__first1, __last1, __first2, __equal_to<__v1, __v2>());
        -: 1289:}
        -: 1290:
        -: 1291:#if _LIBCPP_STD_VER > 11
        -: 1292:template <class _InputIterator1, class _InputIterator2, class _BinaryPredicate>
        -: 1293:inline _LIBCPP_INLINE_VISIBILITY
        -: 1294:pair<_InputIterator1, _InputIterator2>
        -: 1295:mismatch(_InputIterator1 __first1, _InputIterator1 __last1,
        -: 1296:         _InputIterator2 __first2, _InputIterator2 __last2,
        -: 1297:         _BinaryPredicate __pred)
        -: 1298:{
        -: 1299:    for (; __first1 != __last1 && __first2 != __last2; ++__first1, (void) ++__first2)
        -: 1300:        if (!__pred(*__first1, *__first2))
        -: 1301:            break;
        -: 1302:    return pair<_InputIterator1, _InputIterator2>(__first1, __first2);
        -: 1303:}
        -: 1304:
        -: 1305:template <class _InputIterator1, class _InputIterator2>
        -: 1306:inline _LIBCPP_INLINE_VISIBILITY
        -: 1307:pair<_InputIterator1, _InputIterator2>
        -: 1308:mismatch(_InputIterator1 __first1, _InputIterator1 __last1,
        -: 1309:         _InputIterator2 __first2, _InputIterator2 __last2)
        -: 1310:{
        -: 1311:    typedef typename iterator_traits<_InputIterator1>::value_type __v1;
        -: 1312:    typedef typename iterator_traits<_InputIterator2>::value_type __v2;
        -: 1313:    return _VSTD::mismatch(__first1, __last1, __first2, __last2, __equal_to<__v1, __v2>());
        -: 1314:}
        -: 1315:#endif
        -: 1316:
        -: 1317:// equal
        -: 1318:
        -: 1319:template <class _InputIterator1, class _InputIterator2, class _BinaryPredicate>
        -: 1320:inline _LIBCPP_INLINE_VISIBILITY
        -: 1321:bool
        -: 1322:equal(_InputIterator1 __first1, _InputIterator1 __last1, _InputIterator2 __first2, _BinaryPredicate __pred)
        -: 1323:{
        -: 1324:    for (; __first1 != __last1; ++__first1, (void) ++__first2)
        -: 1325:        if (!__pred(*__first1, *__first2))
        -: 1326:            return false;
        -: 1327:    return true;
        -: 1328:}
        -: 1329:
        -: 1330:template <class _InputIterator1, class _InputIterator2>
        -: 1331:inline _LIBCPP_INLINE_VISIBILITY
        -: 1332:bool
        -: 1333:equal(_InputIterator1 __first1, _InputIterator1 __last1, _InputIterator2 __first2)
        -: 1334:{
        -: 1335:    typedef typename iterator_traits<_InputIterator1>::value_type __v1;
        -: 1336:    typedef typename iterator_traits<_InputIterator2>::value_type __v2;
        -: 1337:    return _VSTD::equal(__first1, __last1, __first2, __equal_to<__v1, __v2>());
        -: 1338:}
        -: 1339:
        -: 1340:#if _LIBCPP_STD_VER > 11
        -: 1341:template <class _BinaryPredicate, class _InputIterator1, class _InputIterator2>
        -: 1342:inline _LIBCPP_INLINE_VISIBILITY
        -: 1343:bool
        -: 1344:__equal(_InputIterator1 __first1, _InputIterator1 __last1,
        -: 1345:        _InputIterator2 __first2, _InputIterator2 __last2, _BinaryPredicate __pred,
        -: 1346:        input_iterator_tag, input_iterator_tag )
        -: 1347:{
        -: 1348:    for (; __first1 != __last1 && __first2 != __last2; ++__first1, (void) ++__first2)
        -: 1349:        if (!__pred(*__first1, *__first2))
        -: 1350:            return false;
        -: 1351:    return __first1 == __last1 && __first2 == __last2;
        -: 1352:}
        -: 1353:
        -: 1354:template <class _BinaryPredicate, class _RandomAccessIterator1, class _RandomAccessIterator2>
        -: 1355:inline _LIBCPP_INLINE_VISIBILITY
        -: 1356:bool
        -: 1357:__equal(_RandomAccessIterator1 __first1, _RandomAccessIterator1 __last1,
        -: 1358:        _RandomAccessIterator2 __first2, _RandomAccessIterator2 __last2, _BinaryPredicate __pred,
        -: 1359:      random_access_iterator_tag, random_access_iterator_tag )
        -: 1360:{
        -: 1361:    if ( _VSTD::distance(__first1, __last1) != _VSTD::distance(__first2, __last2))
        -: 1362:        return false;
        -: 1363:    return _VSTD::equal<_RandomAccessIterator1, _RandomAccessIterator2,
        -: 1364:                        typename add_lvalue_reference<_BinaryPredicate>::type>
        -: 1365:                       (__first1, __last1, __first2, __pred );
        -: 1366:}
        -: 1367:
        -: 1368:template <class _InputIterator1, class _InputIterator2, class _BinaryPredicate>
        -: 1369:inline _LIBCPP_INLINE_VISIBILITY
        -: 1370:bool
        -: 1371:equal(_InputIterator1 __first1, _InputIterator1 __last1,
        -: 1372:      _InputIterator2 __first2, _InputIterator2 __last2, _BinaryPredicate __pred )
        -: 1373:{
        -: 1374:    return _VSTD::__equal<typename add_lvalue_reference<_BinaryPredicate>::type>
        -: 1375:       (__first1, __last1, __first2, __last2, __pred,
        -: 1376:        typename iterator_traits<_InputIterator1>::iterator_category(),
        -: 1377:        typename iterator_traits<_InputIterator2>::iterator_category());
        -: 1378:}
        -: 1379:
        -: 1380:template <class _InputIterator1, class _InputIterator2>
        -: 1381:inline _LIBCPP_INLINE_VISIBILITY
        -: 1382:bool
        -: 1383:equal(_InputIterator1 __first1, _InputIterator1 __last1,
        -: 1384:      _InputIterator2 __first2, _InputIterator2 __last2)
        -: 1385:{
        -: 1386:    typedef typename iterator_traits<_InputIterator1>::value_type __v1;
        -: 1387:    typedef typename iterator_traits<_InputIterator2>::value_type __v2;
        -: 1388:    return _VSTD::__equal(__first1, __last1, __first2, __last2, __equal_to<__v1, __v2>(),
        -: 1389:        typename iterator_traits<_InputIterator1>::iterator_category(),
        -: 1390:        typename iterator_traits<_InputIterator2>::iterator_category());
        -: 1391:}
        -: 1392:#endif
        -: 1393:
        -: 1394:// is_permutation
        -: 1395:
        -: 1396:template<class _ForwardIterator1, class _ForwardIterator2, class _BinaryPredicate>
        -: 1397:bool
        -: 1398:is_permutation(_ForwardIterator1 __first1, _ForwardIterator1 __last1,
        -: 1399:               _ForwardIterator2 __first2, _BinaryPredicate __pred)
        -: 1400:{
        -: 1401:    // shorten sequences as much as possible by lopping of any equal parts
        -: 1402:    for (; __first1 != __last1; ++__first1, (void) ++__first2)
        -: 1403:        if (!__pred(*__first1, *__first2))
        -: 1404:            goto __not_done;
        -: 1405:    return true;
        -: 1406:__not_done:
        -: 1407:    // __first1 != __last1 && *__first1 != *__first2
        -: 1408:    typedef typename iterator_traits<_ForwardIterator1>::difference_type _D1;
        -: 1409:    _D1 __l1 = _VSTD::distance(__first1, __last1);
        -: 1410:    if (__l1 == _D1(1))
        -: 1411:        return false;
        -: 1412:    _ForwardIterator2 __last2 = _VSTD::next(__first2, __l1);
        -: 1413:    // For each element in [f1, l1) see if there are the same number of
        -: 1414:    //    equal elements in [f2, l2)
        -: 1415:    for (_ForwardIterator1 __i = __first1; __i != __last1; ++__i)
        -: 1416:    {
        -: 1417:        // Have we already counted the number of *__i in [f1, l1)?
        -: 1418:        for (_ForwardIterator1 __j = __first1; __j != __i; ++__j)
        -: 1419:            if (__pred(*__j, *__i))
        -: 1420:                goto __next_iter;
        -: 1421:        {
        -: 1422:            // Count number of *__i in [f2, l2)
        -: 1423:            _D1 __c2 = 0;
        -: 1424:            for (_ForwardIterator2 __j = __first2; __j != __last2; ++__j)
        -: 1425:                if (__pred(*__i, *__j))
        -: 1426:                    ++__c2;
        -: 1427:            if (__c2 == 0)
        -: 1428:                return false;
        -: 1429:            // Count number of *__i in [__i, l1) (we can start with 1)
        -: 1430:            _D1 __c1 = 1;
        -: 1431:            for (_ForwardIterator1 __j = _VSTD::next(__i); __j != __last1; ++__j)
        -: 1432:                if (__pred(*__i, *__j))
        -: 1433:                    ++__c1;
        -: 1434:            if (__c1 != __c2)
        -: 1435:                return false;
        -: 1436:        }
        -: 1437:__next_iter:;
        -: 1438:    }
        -: 1439:    return true;
        -: 1440:}
        -: 1441:
        -: 1442:template<class _ForwardIterator1, class _ForwardIterator2>
        -: 1443:inline _LIBCPP_INLINE_VISIBILITY
        -: 1444:bool
        -: 1445:is_permutation(_ForwardIterator1 __first1, _ForwardIterator1 __last1,
        -: 1446:               _ForwardIterator2 __first2)
        -: 1447:{
        -: 1448:    typedef typename iterator_traits<_ForwardIterator1>::value_type __v1;
        -: 1449:    typedef typename iterator_traits<_ForwardIterator2>::value_type __v2;
        -: 1450:    return _VSTD::is_permutation(__first1, __last1, __first2, __equal_to<__v1, __v2>());
        -: 1451:}
        -: 1452:
        -: 1453:#if _LIBCPP_STD_VER > 11
        -: 1454:template<class _BinaryPredicate, class _ForwardIterator1, class _ForwardIterator2>
        -: 1455:bool
        -: 1456:__is_permutation(_ForwardIterator1 __first1, _ForwardIterator1 __last1,
        -: 1457:                 _ForwardIterator2 __first2, _ForwardIterator2 __last2,
        -: 1458:                 _BinaryPredicate __pred,
        -: 1459:                 forward_iterator_tag, forward_iterator_tag )
        -: 1460:{
        -: 1461:    // shorten sequences as much as possible by lopping of any equal parts
        -: 1462:    for (; __first1 != __last1 && __first2 != __last2; ++__first1, (void) ++__first2)
        -: 1463:        if (!__pred(*__first1, *__first2))
        -: 1464:            goto __not_done;
        -: 1465:    return __first1 == __last1 && __first2 == __last2;
        -: 1466:__not_done:
        -: 1467:    // __first1 != __last1 && __first2 != __last2 && *__first1 != *__first2
        -: 1468:    typedef typename iterator_traits<_ForwardIterator1>::difference_type _D1;
        -: 1469:    _D1 __l1 = _VSTD::distance(__first1, __last1);
        -: 1470:
        -: 1471:    typedef typename iterator_traits<_ForwardIterator2>::difference_type _D2;
        -: 1472:    _D2 __l2 = _VSTD::distance(__first2, __last2);
        -: 1473:    if (__l1 != __l2)
        -: 1474:        return false;
        -: 1475:
        -: 1476:    // For each element in [f1, l1) see if there are the same number of
        -: 1477:    //    equal elements in [f2, l2)
        -: 1478:    for (_ForwardIterator1 __i = __first1; __i != __last1; ++__i)
        -: 1479:    {
        -: 1480:        // Have we already counted the number of *__i in [f1, l1)?
        -: 1481:        for (_ForwardIterator1 __j = __first1; __j != __i; ++__j)
        -: 1482:            if (__pred(*__j, *__i))
        -: 1483:                goto __next_iter;
        -: 1484:        {
        -: 1485:            // Count number of *__i in [f2, l2)
        -: 1486:            _D1 __c2 = 0;
        -: 1487:            for (_ForwardIterator2 __j = __first2; __j != __last2; ++__j)
        -: 1488:                if (__pred(*__i, *__j))
        -: 1489:                    ++__c2;
        -: 1490:            if (__c2 == 0)
        -: 1491:                return false;
        -: 1492:            // Count number of *__i in [__i, l1) (we can start with 1)
        -: 1493:            _D1 __c1 = 1;
        -: 1494:            for (_ForwardIterator1 __j = _VSTD::next(__i); __j != __last1; ++__j)
        -: 1495:                if (__pred(*__i, *__j))
        -: 1496:                    ++__c1;
        -: 1497:            if (__c1 != __c2)
        -: 1498:                return false;
        -: 1499:        }
        -: 1500:__next_iter:;
        -: 1501:    }
        -: 1502:    return true;
        -: 1503:}
        -: 1504:
        -: 1505:template<class _BinaryPredicate, class _RandomAccessIterator1, class _RandomAccessIterator2>
        -: 1506:bool
        -: 1507:__is_permutation(_RandomAccessIterator1 __first1, _RandomAccessIterator2 __last1,
        -: 1508:               _RandomAccessIterator1 __first2, _RandomAccessIterator2 __last2,
        -: 1509:               _BinaryPredicate __pred,
        -: 1510:               random_access_iterator_tag, random_access_iterator_tag )
        -: 1511:{
        -: 1512:    if ( _VSTD::distance(__first1, __last1) != _VSTD::distance(__first2, __last2))
        -: 1513:        return false;
        -: 1514:    return _VSTD::is_permutation<_RandomAccessIterator1, _RandomAccessIterator2,
        -: 1515:                                 typename add_lvalue_reference<_BinaryPredicate>::type>
        -: 1516:                                (__first1, __last1, __first2, __pred );
        -: 1517:}
        -: 1518:
        -: 1519:template<class _ForwardIterator1, class _ForwardIterator2, class _BinaryPredicate>
        -: 1520:inline _LIBCPP_INLINE_VISIBILITY
        -: 1521:bool
        -: 1522:is_permutation(_ForwardIterator1 __first1, _ForwardIterator1 __last1,
        -: 1523:               _ForwardIterator2 __first2, _ForwardIterator2 __last2,
        -: 1524:               _BinaryPredicate __pred )
        -: 1525:{
        -: 1526:    return _VSTD::__is_permutation<typename add_lvalue_reference<_BinaryPredicate>::type>
        -: 1527:       (__first1, __last1, __first2, __last2, __pred,
        -: 1528:        typename iterator_traits<_ForwardIterator1>::iterator_category(),
[...]
        -: 5529:                                 typename iterator_traits<_InputIterator2>::value_type>());
        -: 5530:}
        -: 5531:
        -: 5532:// set_union
        -: 5533:
        -: 5534:template <class _Compare, class _InputIterator1, class _InputIterator2, class _OutputIterator>
        -: 5535:_OutputIterator
        -: 5536:__set_union(_InputIterator1 __first1, _InputIterator1 __last1,
        -: 5537:            _InputIterator2 __first2, _InputIterator2 __last2, _OutputIterator __result, _Compare __comp)
        -: 5538:{
        -: 5539:    for (; __first1 != __last1; ++__result)
        -: 5540:    {
        -: 5541:        if (__first2 == __last2)
        -: 5542:            return _VSTD::copy(__first1, __last1, __result);
        -: 5543:        if (__comp(*__first2, *__first1))
        -: 5544:        {
        -: 5545:            *__result = *__first2;
        -: 5546:            ++__first2;
        -: 5547:        }
        -: 5548:        else
        -: 5549:        {
        -: 5550:            *__result = *__first1;
        -: 5551:            if (!__comp(*__first1, *__first2))
        -: 5552:                ++__first2;
        -: 5553:            ++__first1;
        -: 5554:        }
        -: 5555:    }
        -: 5556:    return _VSTD::copy(__first2, __last2, __result);
        -: 5557:}
        -: 5558:
        -: 5559:template <class _InputIterator1, class _InputIterator2, class _OutputIterator, class _Compare>
        -: 5560:inline _LIBCPP_INLINE_VISIBILITY
        -: 5561:_OutputIterator
        -: 5562:set_union(_InputIterator1 __first1, _InputIterator1 __last1,
        -: 5563:          _InputIterator2 __first2, _InputIterator2 __last2, _OutputIterator __result, _Compare __comp)
        -: 5564:{
        -: 5565:#ifdef _LIBCPP_DEBUG
        -: 5566:    typedef typename add_lvalue_reference<__debug_less<_Compare> >::type _Comp_ref;
        -: 5567:    __debug_less<_Compare> __c(__comp);
        -: 5568:    return __set_union<_Comp_ref>(__first1, __last1, __first2, __last2, __result, __c);
        -: 5569:#else  // _LIBCPP_DEBUG
        -: 5570:    typedef typename add_lvalue_reference<_Compare>::type _Comp_ref;
        -: 5571:    return __set_union<_Comp_ref>(__first1, __last1, __first2, __last2, __result, __comp);
        -: 5572:#endif  // _LIBCPP_DEBUG
        -: 5573:}
        -: 5574:
        -: 5575:template <class _InputIterator1, class _InputIterator2, class _OutputIterator>
        -: 5576:inline _LIBCPP_INLINE_VISIBILITY
        -: 5577:_OutputIterator
        -: 5578:set_union(_InputIterator1 __first1, _InputIterator1 __last1,
        -: 5579:          _InputIterator2 __first2, _InputIterator2 __last2, _OutputIterator __result)
        -: 5580:{
        -: 5581:    return _VSTD::set_union(__first1, __last1, __first2, __last2, __result,
        -: 5582:                          __less<typename iterator_traits<_InputIterator1>::value_type,
        -: 5583:                                 typename iterator_traits<_InputIterator2>::value_type>());
        -: 5584:}
        -: 5585:
        -: 5586:// set_intersection
        -: 5587:
        -: 5588:template <class _Compare, class _InputIterator1, class _InputIterator2, class _OutputIterator>
        -: 5589:_OutputIterator
        -: 5590:__set_intersection(_InputIterator1 __first1, _InputIterator1 __last1,
        -: 5591:                   _InputIterator2 __first2, _InputIterator2 __last2, _OutputIterator __result, _Compare __comp)
        -: 5592:{
        -: 5593:    while (__first1 != __last1 && __first2 != __last2)
        -: 5594:    {
        -: 5595:        if (__comp(*__first1, *__first2))
        -: 5596:            ++__first1;
        -: 5597:        else
        -: 5598:        {
        -: 5599:            if (!__comp(*__first2, *__first1))
        -: 5600:            {
        -: 5601:                *__result = *__first1;
        -: 5602:                ++__result;
        -: 5603:                ++__first1;
        -: 5604:            }
        -: 5605:            ++__first2;
        -: 5606:        }
        -: 5607:    }
        -: 5608:    return __result;
        -: 5609:}
        -: 5610:
        -: 5611:template <class _InputIterator1, class _InputIterator2, class _OutputIterator, class _Compare>
        -: 5612:inline _LIBCPP_INLINE_VISIBILITY
        -: 5613:_OutputIterator
        -: 5614:set_intersection(_InputIterator1 __first1, _InputIterator1 __last1,
        -: 5615:                 _InputIterator2 __first2, _InputIterator2 __last2, _OutputIterator __result, _Compare __comp)
        -: 5616:{
        -: 5617:#ifdef _LIBCPP_DEBUG
        -: 5618:    typedef typename add_lvalue_reference<__debug_less<_Compare> >::type _Comp_ref;
        -: 5619:    __debug_less<_Compare> __c(__comp);
        -: 5620:    return __set_intersection<_Comp_ref>(__first1, __last1, __first2, __last2, __result, __c);
        -: 5621:#else  // _LIBCPP_DEBUG
        -: 5622:    typedef typename add_lvalue_reference<_Compare>::type _Comp_ref;
        -: 5623:    return __set_intersection<_Comp_ref>(__first1, __last1, __first2, __last2, __result, __comp);
        -: 5624:#endif  // _LIBCPP_DEBUG
        -: 5625:}
        -: 5626:
        -: 5627:template <class _InputIterator1, class _InputIterator2, class _OutputIterator>
        -: 5628:inline _LIBCPP_INLINE_VISIBILITY
        -: 5629:_OutputIterator
        -: 5630:set_intersection(_InputIterator1 __first1, _InputIterator1 __last1,
        -: 5631:                 _InputIterator2 __first2, _InputIterator2 __last2, _OutputIterator __result)
        -: 5632:{
        -: 5633:    return _VSTD::set_intersection(__first1, __last1, __first2, __last2, __result,
        -: 5634:                                  __less<typename iterator_traits<_InputIterator1>::value_type,
        -: 5635:                                         typename iterator_traits<_InputIterator2>::value_type>());
        -: 5636:}
        -: 5637:
        -: 5638:// set_difference
        -: 5639:
        -: 5640:template <class _Compare, class _InputIterator1, class _InputIterator2, class _OutputIterator>
        -: 5641:_OutputIterator
        -: 5642:__set_difference(_InputIterator1 __first1, _InputIterator1 __last1,
        -: 5643:                 _InputIterator2 __first2, _InputIterator2 __last2, _OutputIterator __result, _Compare __comp)
        -: 5644:{
        -: 5645:    while (__first1 != __last1)
        -: 5646:    {
        -: 5647:        if (__first2 == __last2)
        -: 5648:            return _VSTD::copy(__first1, __last1, __result);
        -: 5649:        if (__comp(*__first1, *__first2))
        -: 5650:        {
        -: 5651:            *__result = *__first1;
        -: 5652:            ++__result;
        -: 5653:            ++__first1;
        -: 5654:        }
        -: 5655:        else
        -: 5656:        {
        -: 5657:            if (!__comp(*__first2, *__first1))
        -: 5658:                ++__first1;
        -: 5659:            ++__first2;
        -: 5660:        }
        -: 5661:    }
        -: 5662:    return __result;
        -: 5663:}
        -: 5664:
        -: 5665:template <class _InputIterator1, class _InputIterator2, class _OutputIterator, class _Compare>
        -: 5666:inline _LIBCPP_INLINE_VISIBILITY
        -: 5667:_OutputIterator
        -: 5668:set_difference(_InputIterator1 __first1, _InputIterator1 __last1,
        -: 5669:               _InputIterator2 __first2, _InputIterator2 __last2, _OutputIterator __result, _Compare __comp)
        -: 5670:{
        -: 5671:#ifdef _LIBCPP_DEBUG
        -: 5672:    typedef typename add_lvalue_reference<__debug_less<_Compare> >::type _Comp_ref;
        -: 5673:    __debug_less<_Compare> __c(__comp);
        -: 5674:    return __set_difference<_Comp_ref>(__first1, __last1, __first2, __last2, __result, __c);
        -: 5675:#else  // _LIBCPP_DEBUG
        -: 5676:    typedef typename add_lvalue_reference<_Compare>::type _Comp_ref;
        -: 5677:    return __set_difference<_Comp_ref>(__first1, __last1, __first2, __last2, __result, __comp);
        -: 5678:#endif  // _LIBCPP_DEBUG
        -: 5679:}
        -: 5680:
        -: 5681:template <class _InputIterator1, class _InputIterator2, class _OutputIterator>
        -: 5682:inline _LIBCPP_INLINE_VISIBILITY
        -: 5683:_OutputIterator
        -: 5684:set_difference(_InputIterator1 __first1, _InputIterator1 __last1,
        -: 5685:               _InputIterator2 __first2, _InputIterator2 __last2, _OutputIterator __result)
        -: 5686:{
        -: 5687:    return _VSTD::set_difference(__first1, __last1, __first2, __last2, __result,
        -: 5688:                                __less<typename iterator_traits<_InputIterator1>::value_type,
        -: 5689:                                       typename iterator_traits<_InputIterator2>::value_type>());
        -: 5690:}
        -: 5691:
        -: 5692:// set_symmetric_difference
        -: 5693:
        -: 5694:template <class _Compare, class _InputIterator1, class _InputIterator2, class _OutputIterator>
        -: 5695:_OutputIterator
        -: 5696:__set_symmetric_difference(_InputIterator1 __first1, _InputIterator1 __last1,
        -: 5697:                           _InputIterator2 __first2, _InputIterator2 __last2, _OutputIterator __result, _Compare __comp)
        -: 5698:{
        -: 5699:    while (__first1 != __last1)
        -: 5700:    {
        -: 5701:        if (__first2 == __last2)
        -: 5702:            return _VSTD::copy(__first1, __last1, __result);
        -: 5703:        if (__comp(*__first1, *__first2))
        -: 5704:        {
        -: 5705:            *__result = *__first1;
        -: 5706:            ++__result;
        -: 5707:            ++__first1;
        -: 5708:        }
        -: 5709:        else
        -: 5710:        {
        -: 5711:            if (__comp(*__first2, *__first1))
        -: 5712:            {
        -: 5713:                *__result = *__first2;
        -: 5714:                ++__result;
        -: 5715:            }
        -: 5716:            else
        -: 5717:                ++__first1;
        -: 5718:            ++__first2;
        -: 5719:        }
        -: 5720:    }
        -: 5721:    return _VSTD::copy(__first2, __last2, __result);
        -: 5722:}
        -: 5723:
        -: 5724:template <class _InputIterator1, class _InputIterator2, class _OutputIterator, class _Compare>
        -: 5725:inline _LIBCPP_INLINE_VISIBILITY
        -: 5726:_OutputIterator
        -: 5727:set_symmetric_difference(_InputIterator1 __first1, _InputIterator1 __last1,
        -: 5728:                         _InputIterator2 __first2, _InputIterator2 __last2, _OutputIterator __result, _Compare __comp)
        -: 5729:{
        -: 5730:#ifdef _LIBCPP_DEBUG
        -: 5731:    typedef typename add_lvalue_reference<__debug_less<_Compare> >::type _Comp_ref;
        -: 5732:    __debug_less<_Compare> __c(__comp);
        -: 5733:    return __set_symmetric_difference<_Comp_ref>(__first1, __last1, __first2, __last2, __result, __c);
        -: 5734:#else  // _LIBCPP_DEBUG
        -: 5735:    typedef typename add_lvalue_reference<_Compare>::type _Comp_ref;
        -: 5736:    return __set_symmetric_difference<_Comp_ref>(__first1, __last1, __first2, __last2, __result, __comp);
        -: 5737:#endif  // _LIBCPP_DEBUG
        -: 5738:}
        -: 5739:
        -: 5740:template <class _InputIterator1, class _InputIterator2, class _OutputIterator>
        -: 5741:inline _LIBCPP_INLINE_VISIBILITY
        -: 5742:_OutputIterator
        -: 5743:set_symmetric_difference(_InputIterator1 __first1, _InputIterator1 __last1,
        -: 5744:                         _InputIterator2 __first2, _InputIterator2 __last2, _OutputIterator __result)
        -: 5745:{
        -: 5746:    return _VSTD::set_symmetric_difference(__first1, __last1, __first2, __last2, __result,
        -: 5747:                                          __less<typename iterator_traits<_InputIterator1>::value_type,
        -: 5748:                                                 typename iterator_traits<_InputIterator2>::value_type>());
        -: 5749:}
        -: 5750:
        -: 5751:// lexicographical_compare
        -: 5752:
        -: 5753:template <class _Compare, class _InputIterator1, class _InputIterator2>
        -: 5754:bool
        -: 5755:__lexicographical_compare(_InputIterator1 __first1, _InputIterator1 __last1,
        -: 5756:                          _InputIterator2 __first2, _InputIterator2 __last2, _Compare __comp)
        -: 5757:{
        -: 5758:    for (; __first2 != __last2; ++__first1, (void) ++__first2)
        -: 5759:    {
        -: 5760:        if (__first1 == __last1 || __comp(*__first1, *__first2))
        -: 5761:            return true;
        -: 5762:        if (__comp(*__first2, *__first1))
        -: 5763:            return false;
        -: 5764:    }
        -: 5765:    return false;
        -: 5766:}
        -: 5767:
        -: 5768:template <class _InputIterator1, class _InputIterator2, class _Compare>
        -: 5769:inline _LIBCPP_INLINE_VISIBILITY
        -: 5770:bool
        -: 5771:lexicographical_compare(_InputIterator1 __first1, _InputIterator1 __last1,
        -: 5772:                        _InputIterator2 __first2, _InputIterator2 __last2, _Compare __comp)
        -: 5773:{
        -: 5774:#ifdef _LIBCPP_DEBUG
        -: 5775:    typedef typename add_lvalue_reference<__debug_less<_Compare> >::type _Comp_ref;
        -: 5776:    __debug_less<_Compare> __c(__comp);
        -: 5777:    return __lexicographical_compare<_Comp_ref>(__first1, __last1, __first2, __last2, __c);
        -: 5778:#else  // _LIBCPP_DEBUG
        -: 5779:    typedef typename add_lvalue_reference<_Compare>::type _Comp_ref;
        -: 5780:    return __lexicographical_compare<_Comp_ref>(__first1, __last1, __first2, __last2, __comp);
        -: 5781:#endif  // _LIBCPP_DEBUG
        -: 5782:}
        -: 5783:
        -: 5784:template <class _InputIterator1, class _InputIterator2>
        -: 5785:inline _LIBCPP_INLINE_VISIBILITY
        -: 5786:bool
        -: 5787:lexicographical_compare(_InputIterator1 __first1, _InputIterator1 __last1,
        -: 5788:                        _InputIterator2 __first2, _InputIterator2 __last2)
        -: 5789:{
        -: 5790:    return _VSTD::lexicographical_compare(__first1, __last1, __first2, __last2,
        -: 5791:                                         __less<typename iterator_traits<_InputIterator1>::value_type,
        -: 5792:                                                typename iterator_traits<_InputIterator2>::value_type>());
        -: 5793:}
        -: 5794:
        -: 5795:// next_permutation
        -: 5796:
        -: 5797:template <class _Compare, class _BidirectionalIterator>
        -: 5798:bool
        -: 5799:__next_permutation(_BidirectionalIterator __first, _BidirectionalIterator __last, _Compare __comp)
        -: 5800:{
        -: 5801:    _BidirectionalIterator __i = __last;
        -: 5802:    if (__first == __last || __first == --__i)
        -: 5803:        return false;
        -: 5804:    while (true)
        -: 5805:    {
        -: 5806:        _BidirectionalIterator __ip1 = __i;
        -: 5807:        if (__comp(*--__i, *__ip1))
        -: 5808:        {
        -: 5809:            _BidirectionalIterator __j = __last;
        -: 5810:            while (!__comp(*__i, *--__j))
        -: 5811:                ;
        -: 5812:            swap(*__i, *__j);
        -: 5813:            _VSTD::reverse(__ip1, __last);
        -: 5814:            return true;
        -: 5815:        }
        -: 5816:        if (__i == __first)
        -: 5817:        {
        -: 5818:            _VSTD::reverse(__first, __last);
        -: 5819:            return false;
        -: 5820:        }
        -: 5821:    }
        -: 5822:}
        -: 5823:
        -: 5824:template <class _BidirectionalIterator, class _Compare>
        -: 5825:inline _LIBCPP_INLINE_VISIBILITY
        -: 5826:bool
        -: 5827:next_permutation(_BidirectionalIterator __first, _BidirectionalIterator __last, _Compare __comp)
        -: 5828:{
        -: 5829:#ifdef _LIBCPP_DEBUG
        -: 5830:    typedef typename add_lvalue_reference<__debug_less<_Compare> >::type _Comp_ref;
        -: 5831:    __debug_less<_Compare> __c(__comp);
        -: 5832:    return __next_permutation<_Comp_ref>(__first, __last, __c);
        -: 5833:#else  // _LIBCPP_DEBUG
        -: 5834:    typedef typename add_lvalue_reference<_Compare>::type _Comp_ref;
        -: 5835:    return __next_permutation<_Comp_ref>(__first, __last, __comp);
        -: 5836:#endif  // _LIBCPP_DEBUG
        -: 5837:}
        -: 5838:
        -: 5839:template <class _BidirectionalIterator>
        -: 5840:inline _LIBCPP_INLINE_VISIBILITY
        -: 5841:bool
        -: 5842:next_permutation(_BidirectionalIterator __first, _BidirectionalIterator __last)
        -: 5843:{
        -: 5844:    return _VSTD::next_permutation(__first, __last,
        -: 5845:                                  __less<typename iterator_traits<_BidirectionalIterator>::value_type>());
        -: 5846:}
        -: 5847:
        -: 5848:// prev_permutation
        -: 5849:
        -: 5850:template <class _Compare, class _BidirectionalIterator>
        -: 5851:bool
        -: 5852:__prev_permutation(_BidirectionalIterator __first, _BidirectionalIterator __last, _Compare __comp)
        -: 5853:{
        -: 5854:    _BidirectionalIterator __i = __last;
        -: 5855:    if (__first == __last || __first == --__i)
        -: 5856:        return false;
        -: 5857:    while (true)
        -: 5858:    {
        -: 5859:        _BidirectionalIterator __ip1 = __i;
        -: 5860:        if (__comp(*__ip1, *--__i))
        -: 5861:        {
        -: 5862:            _BidirectionalIterator __j = __last;
        -: 5863:            while (!__comp(*--__j, *__i))
        -: 5864:                ;
        -: 5865:            swap(*__i, *__j);
        -: 5866:            _VSTD::reverse(__ip1, __last);
        -: 5867:            return true;
        -: 5868:        }
        -: 5869:        if (__i == __first)
        -: 5870:        {
        -: 5871:            _VSTD::reverse(__first, __last);
        -: 5872:            return false;
        -: 5873:        }
        -: 5874:    }
        -: 5875:}
        -: 5876:
        -: 5877:template <class _BidirectionalIterator, class _Compare>
        -: 5878:inline _LIBCPP_INLINE_VISIBILITY
        -: 5879:bool
        -: 5880:prev_permutation(_BidirectionalIterator __first, _BidirectionalIterator __last, _Compare __comp)
        -: 5881:{
        -: 5882:#ifdef _LIBCPP_DEBUG
        -: 5883:    typedef typename add_lvalue_reference<__debug_less<_Compare> >::type _Comp_ref;
        -: 5884:    __debug_less<_Compare> __c(__comp);
        -: 5885:    return __prev_permutation<_Comp_ref>(__first, __last, __c);
        -: 5886:#else  // _LIBCPP_DEBUG
        -: 5887:    typedef typename add_lvalue_reference<_Compare>::type _Comp_ref;
        -: 5888:    return __prev_permutation<_Comp_ref>(__first, __last, __comp);
        -: 5889:#endif  // _LIBCPP_DEBUG
        -: 5890:}
        -: 5891:
        -: 5892:template <class _BidirectionalIterator>
        -: 5893:inline _LIBCPP_INLINE_VISIBILITY
        -: 5894:bool
        -: 5895:prev_permutation(_BidirectionalIterator __first, _BidirectionalIterator __last)
        -: 5896:{
        -: 5897:    return _VSTD::prev_permutation(__first, __last,
        -: 5898:                                  __less<typename iterator_traits<_BidirectionalIterator>::value_type>());
        -: 5899:}
        -: 5900:
        -: 5901:_LIBCPP_END_NAMESPACE_STD
        -: 5902:
        -: 5903:_LIBCPP_POP_MACROS
        -: 5904:
        -: 5905:#endif  // _LIBCPP_ALGORITHM
