        -:    0:Source:/Users/adrianflorea/Codes/C++/OOP/Lab 5-6/Lab 5-6/Lab 5-6/./Controller.h
        -:    0:Graph:main.gcno
        -:    0:Data:-
        -:    0:Runs:0
        -:    0:Programs:0
        -:    1://
        -:    2://  Controller.h
        -:    3://  Lab 5-6
        -:    4://
        -:    5://  Created by Adrian-Paul Florea on 3/25/18.
        -:    6://  Copyright © 2018 Adrian-Paul Florea. All rights reserved.
        -:    7://
        -:    8:
        -:    9:#ifndef Controller_h
        -:   10:#define Controller_h
        -:   11:
        -:   12:#include "Repo.h"
        -:   13:#include "Watchlist.h"
        -:   14:
function _ZN10ControllerD1Ev called 0 returned 0% blocks executed 0%
function _ZN10ControllerD2Ev called 0 returned 0% blocks executed 0%
function _ZN10ControllerC1ERKS_ called 0 returned 0% blocks executed 0%
function _ZN10ControllerC2ERKS_ called 0 returned 0% blocks executed 0%
    #####:   15:class Controller {
    $$$$$:   15-block  0
    $$$$$:   15-block  1
    $$$$$:   15-block  2
    $$$$$:   15-block  3
branch  0 never executed
branch  1 never executed
    $$$$$:   15-block  4
    $$$$$:   15-block  5
    $$$$$:   15-block  6
        -:   16:private:
        -:   17:  Repository repo;
        -:   18:  Watchlist watchList;
        -:   19:
        -:   20:public:
function _ZN10ControllerC1ERK10Repository called 0 returned 0% blocks executed 0%
function _ZN10ControllerC2ERK10Repository called 0 returned 0% blocks executed 0%
    #####:   21:  Controller(const Repository &r) : repo{r} {}
    $$$$$:   21-block  0
    $$$$$:   21-block  1
branch  0 never executed
branch  1 never executed
    $$$$$:   21-block  2
    $$$$$:   21-block  3
    $$$$$:   21-block  4
        -:   22:
        -:   23:  Repository getRepo() const { return repo; }
        -:   24:  Watchlist getWatchlist() const { return watchList; }
        -:   25:
        -:   26:  // Adds a Tutorial with the given data to the Tutorial repository.
        -:   27:  int addTutorialToRepository(const std::string &presenter,
        -:   28:                              const std::string &title, double minutes,
        -:   29:                              double seconds, int likes,
        -:   30:                              const std::string &source);
        -:   31:  int deleteTutorialToRepository(const std::string &presenter,
        -:   32:                                 const std::string &title);
        -:   33:  int updateTutorialToRepository(const std::string &presenter,
        -:   34:                                 const std::string &title,
        -:   35:                                 const std::string &newPresenter,
        -:   36:                                 const std::string &newTitle, double minutes,
        -:   37:                                 double seconds, int likes,
        -:   38:                                 const std::string &source);
        -:   39:  int deleteTutorialWatchlistNameAndPresenterCtrl(const std::string &presenter,
        -:   40:                                                  const std::string &title,
        -:   41:                                                  bool like);
        -:   42:  // Adds all the tutorialss from the repository, that have the given presenter,
        -:   43:  // to the current playlist.
        -:   44:  void addAllTutorialsByPresenterToWatchlist(const std::string &presenter);
        -:   45:  void addAllTutorialsToWatchlist();
        -:   46:  DynamicArray<Tutorial> Sort();
        -:   47:  int deleteTutorialWatchlist(const Tutorial &tutorial);
        -:   48:  void playWatchlist();
        -:   49:  void nextTutorialWatchlist();
        -:   50:  void tests();
        -:   51:  void testAddRepo();
        -:   52:  void testDeleteRepo();
        -:   53:  void testUpdateRepo();
        -:   54:  void testDeleteSpecificWatchlis();
        -:   55:  void testAddWatchlist();
        -:   56:  void testDeleteWatchlist();
        -:   57:  void testPlay();
        -:   58:  void testNext();
        -:   59:};
        -:   60:
        -:   61:#endif /* Controller_h */
