        -:    0:Source:/Applications/Xcode.app/Contents/Developer/Toolchains/XcodeDefault.xctoolchain/usr/include/c++/v1/memory
        -:    0:Graph:main.gcno
        -:    0:Data:-
        -:    0:Runs:0
        -:    0:Programs:0
        -:    1:// -*- C++ -*-
        -:    2://===-------------------------- memory ------------------------------------===//
        -:    3://
        -:    4://                     The LLVM Compiler Infrastructure
        -:    5://
        -:    6:// This file is dual licensed under the MIT and the University of Illinois Open
        -:    7:// Source Licenses. See LICENSE.TXT for details.
        -:    8://
        -:    9://===----------------------------------------------------------------------===//
        -:   10:
        -:   11:#ifndef _LIBCPP_MEMORY
        -:   12:#define _LIBCPP_MEMORY
        -:   13:
        -:   14:/*
        -:   15:    memory synopsis
        -:   16:
        -:   17:namespace std
        -:   18:{
        -:   19:
        -:   20:struct allocator_arg_t { };
        -:   21:constexpr allocator_arg_t allocator_arg = allocator_arg_t();
        -:   22:
        -:   23:template <class T, class Alloc> struct uses_allocator;
        -:   24:
        -:   25:template <class Ptr>
        -:   26:struct pointer_traits
        -:   27:{
        -:   28:    typedef Ptr pointer;
        -:   29:    typedef <details> element_type;
        -:   30:    typedef <details> difference_type;
        -:   31:
        -:   32:    template <class U> using rebind = <details>;
        -:   33:
        -:   34:    static pointer pointer_to(<details>);
        -:   35:};
        -:   36:
        -:   37:template <class T>
        -:   38:struct pointer_traits<T*>
        -:   39:{
        -:   40:    typedef T* pointer;
        -:   41:    typedef T element_type;
        -:   42:    typedef ptrdiff_t difference_type;
        -:   43:
        -:   44:    template <class U> using rebind = U*;
        -:   45:
        -:   46:    static pointer pointer_to(<details>) noexcept;
        -:   47:};
        -:   48:
        -:   49:template <class Alloc>
        -:   50:struct allocator_traits
        -:   51:{
        -:   52:    typedef Alloc                        allocator_type;
        -:   53:    typedef typename allocator_type::value_type
        -:   54:                                         value_type;
        -:   55:
        -:   56:    typedef Alloc::pointer | value_type* pointer;
        -:   57:    typedef Alloc::const_pointer
        -:   58:          | pointer_traits<pointer>::rebind<const value_type>
        -:   59:                                         const_pointer;
        -:   60:    typedef Alloc::void_pointer
        -:   61:          | pointer_traits<pointer>::rebind<void>
        -:   62:                                         void_pointer;
        -:   63:    typedef Alloc::const_void_pointer
        -:   64:          | pointer_traits<pointer>::rebind<const void>
        -:   65:                                         const_void_pointer;
        -:   66:    typedef Alloc::difference_type
        -:   67:          | pointer_traits<pointer>::difference_type
        -:   68:                                         difference_type;
        -:   69:    typedef Alloc::size_type
        -:   70:          | make_unsigned<difference_type>::type
        -:   71:                                         size_type;
        -:   72:    typedef Alloc::propagate_on_container_copy_assignment
        -:   73:          | false_type                   propagate_on_container_copy_assignment;
        -:   74:    typedef Alloc::propagate_on_container_move_assignment
        -:   75:          | false_type                   propagate_on_container_move_assignment;
        -:   76:    typedef Alloc::propagate_on_container_swap
        -:   77:          | false_type                   propagate_on_container_swap;
        -:   78:    typedef Alloc::is_always_equal
        -:   79:          | is_empty                     is_always_equal;
        -:   80:
        -:   81:    template <class T> using rebind_alloc  = Alloc::rebind<U>::other | Alloc<T, Args...>;
        -:   82:    template <class T> using rebind_traits = allocator_traits<rebind_alloc<T>>;
        -:   83:
        -:   84:    static pointer allocate(allocator_type& a, size_type n);
        -:   85:    static pointer allocate(allocator_type& a, size_type n, const_void_pointer hint);
        -:   86:
        -:   87:    static void deallocate(allocator_type& a, pointer p, size_type n) noexcept;
        -:   88:
        -:   89:    template <class T, class... Args>
        -:   90:        static void construct(allocator_type& a, T* p, Args&&... args);
        -:   91:
        -:   92:    template <class T>
        -:   93:        static void destroy(allocator_type& a, T* p);
        -:   94:
        -:   95:    static size_type max_size(const allocator_type& a); // noexcept in C++14
        -:   96:
        -:   97:    static allocator_type
        -:   98:        select_on_container_copy_construction(const allocator_type& a);
        -:   99:};
        -:  100:
        -:  101:template <>
        -:  102:class allocator<void>
        -:  103:{
        -:  104:public:
        -:  105:    typedef void*                                 pointer;
        -:  106:    typedef const void*                           const_pointer;
        -:  107:    typedef void                                  value_type;
        -:  108:
        -:  109:    template <class _Up> struct rebind {typedef allocator<_Up> other;};
        -:  110:};
        -:  111:
        -:  112:template <class T>
        -:  113:class allocator
        -:  114:{
        -:  115:public:
        -:  116:    typedef size_t                                size_type;
        -:  117:    typedef ptrdiff_t                             difference_type;
        -:  118:    typedef T*                                    pointer;
        -:  119:    typedef const T*                              const_pointer;
        -:  120:    typedef typename add_lvalue_reference<T>::type       reference;
        -:  121:    typedef typename add_lvalue_reference<const T>::type const_reference;
        -:  122:    typedef T                                     value_type;
        -:  123:
        -:  124:    template <class U> struct rebind {typedef allocator<U> other;};
        -:  125:
        -:  126:    allocator() noexcept;
        -:  127:    allocator(const allocator&) noexcept;
        -:  128:    template <class U> allocator(const allocator<U>&) noexcept;
        -:  129:    ~allocator();
        -:  130:    pointer address(reference x) const noexcept;
        -:  131:    const_pointer address(const_reference x) const noexcept;
        -:  132:    pointer allocate(size_type, allocator<void>::const_pointer hint = 0);
        -:  133:    void deallocate(pointer p, size_type n) noexcept;
        -:  134:    size_type max_size() const noexcept;
        -:  135:    template<class U, class... Args>
        -:  136:        void construct(U* p, Args&&... args);
        -:  137:    template <class U>
        -:  138:        void destroy(U* p);
        -:  139:};
        -:  140:
        -:  141:template <class T, class U>
        -:  142:bool operator==(const allocator<T>&, const allocator<U>&) noexcept;
        -:  143:
        -:  144:template <class T, class U>
        -:  145:bool operator!=(const allocator<T>&, const allocator<U>&) noexcept;
        -:  146:
        -:  147:template <class OutputIterator, class T>
        -:  148:class raw_storage_iterator
        -:  149:    : public iterator<output_iterator_tag,
        -:  150:                      T,                               // purposefully not C++03
        -:  151:                      ptrdiff_t,                       // purposefully not C++03
        -:  152:                      T*,                              // purposefully not C++03
        -:  153:                      raw_storage_iterator&>           // purposefully not C++03
        -:  154:{
        -:  155:public:
        -:  156:    explicit raw_storage_iterator(OutputIterator x);
        -:  157:    raw_storage_iterator& operator*();
        -:  158:    raw_storage_iterator& operator=(const T& element);
        -:  159:    raw_storage_iterator& operator++();
        -:  160:    raw_storage_iterator  operator++(int);
        -:  161:};
        -:  162:
        -:  163:template <class T> pair<T*,ptrdiff_t> get_temporary_buffer(ptrdiff_t n) noexcept;
        -:  164:template <class T> void               return_temporary_buffer(T* p) noexcept;
        -:  165:
        -:  166:template <class T> T* addressof(T& r) noexcept;
        -:  167:template <class T> T* addressof(const T&& r) noexcept = delete;
        -:  168:
        -:  169:template <class InputIterator, class ForwardIterator>
        -:  170:ForwardIterator
        -:  171:uninitialized_copy(InputIterator first, InputIterator last, ForwardIterator result);
        -:  172:
        -:  173:template <class InputIterator, class Size, class ForwardIterator>
        -:  174:ForwardIterator
        -:  175:uninitialized_copy_n(InputIterator first, Size n, ForwardIterator result);
        -:  176:
        -:  177:template <class ForwardIterator, class T>
        -:  178:void uninitialized_fill(ForwardIterator first, ForwardIterator last, const T& x);
        -:  179:
        -:  180:template <class ForwardIterator, class Size, class T>
        -:  181:ForwardIterator
        -:  182:uninitialized_fill_n(ForwardIterator first, Size n, const T& x);
        -:  183:
        -:  184:template <class T>
        -:  185:void destroy_at(T* location);
        -:  186:
        -:  187:template <class ForwardIterator>
        -:  188: void destroy(ForwardIterator first, ForwardIterator last);
        -:  189:
        -:  190:template <class ForwardIterator, class Size>
        -:  191: ForwardIterator destroy_n(ForwardIterator first, Size n);
        -:  192:
        -:  193:template <class InputIterator, class ForwardIterator>
        -:  194: ForwardIterator uninitialized_move(InputIterator first, InputIterator last, ForwardIterator result);
        -:  195:
        -:  196:template <class InputIterator, class Size, class ForwardIterator>
        -:  197: pair<InputIterator,ForwardIterator> uninitialized_move_n(InputIterator first, Size n, ForwardIterator result);
        -:  198:
        -:  199:template <class ForwardIterator>
        -:  200: void uninitialized_value_construct(ForwardIterator first, ForwardIterator last);
        -:  201:
        -:  202:template <class ForwardIterator, class Size>
        -:  203: ForwardIterator uninitialized_value_construct_n(ForwardIterator first, Size n);
        -:  204:
        -:  205:template <class ForwardIterator>
        -:  206: void uninitialized_default_construct(ForwardIterator first, ForwardIterator last);
        -:  207:
        -:  208:template <class ForwardIterator, class Size>
        -:  209: ForwardIterator uninitialized_default_construct_n(ForwardIterator first, Size n);
        -:  210:
        -:  211:template <class Y> struct auto_ptr_ref {};      // removed in C++17
        -:  212:
        -:  213:template<class X>
        -:  214:class auto_ptr                                  // removed in C++17
        -:  215:{
        -:  216:public:
        -:  217:    typedef X element_type;
        -:  218:
        -:  219:    explicit auto_ptr(X* p =0) throw();
        -:  220:    auto_ptr(auto_ptr&) throw();
        -:  221:    template<class Y> auto_ptr(auto_ptr<Y>&) throw();
        -:  222:    auto_ptr& operator=(auto_ptr&) throw();
        -:  223:    template<class Y> auto_ptr& operator=(auto_ptr<Y>&) throw();
        -:  224:    auto_ptr& operator=(auto_ptr_ref<X> r) throw();
        -:  225:    ~auto_ptr() throw();
        -:  226:
        -:  227:    typename add_lvalue_reference<X>::type operator*() const throw();
        -:  228:    X* operator->() const throw();
        -:  229:    X* get() const throw();
        -:  230:    X* release() throw();
        -:  231:    void reset(X* p =0) throw();
        -:  232:
        -:  233:    auto_ptr(auto_ptr_ref<X>) throw();
        -:  234:    template<class Y> operator auto_ptr_ref<Y>() throw();
        -:  235:    template<class Y> operator auto_ptr<Y>() throw();
        -:  236:};
        -:  237:
        -:  238:template <class T>
        -:  239:struct default_delete
        -:  240:{
        -:  241:    constexpr default_delete() noexcept = default;
        -:  242:    template <class U> default_delete(const default_delete<U>&) noexcept;
        -:  243:
        -:  244:    void operator()(T*) const noexcept;
        -:  245:};
        -:  246:
        -:  247:template <class T>
        -:  248:struct default_delete<T[]>
        -:  249:{
        -:  250:    constexpr default_delete() noexcept = default;
        -:  251:    void operator()(T*) const noexcept;
        -:  252:    template <class U> void operator()(U*) const = delete;
        -:  253:};
        -:  254:
        -:  255:template <class T, class D = default_delete<T>>
        -:  256:class unique_ptr
        -:  257:{
        -:  258:public:
        -:  259:    typedef see below pointer;
        -:  260:    typedef T element_type;
        -:  261:    typedef D deleter_type;
        -:  262:
        -:  263:    // constructors
        -:  264:    constexpr unique_ptr() noexcept;
        -:  265:    explicit unique_ptr(pointer p) noexcept;
        -:  266:    unique_ptr(pointer p, see below d1) noexcept;
        -:  267:    unique_ptr(pointer p, see below d2) noexcept;
        -:  268:    unique_ptr(unique_ptr&& u) noexcept;
        -:  269:    unique_ptr(nullptr_t) noexcept : unique_ptr() { }
        -:  270:    template <class U, class E>
        -:  271:        unique_ptr(unique_ptr<U, E>&& u) noexcept;
        -:  272:    template <class U>
        -:  273:        unique_ptr(auto_ptr<U>&& u) noexcept;       // removed in C++17
        -:  274:
        -:  275:    // destructor
        -:  276:    ~unique_ptr();
        -:  277:
        -:  278:    // assignment
        -:  279:    unique_ptr& operator=(unique_ptr&& u) noexcept;
        -:  280:    template <class U, class E> unique_ptr& operator=(unique_ptr<U, E>&& u) noexcept;
        -:  281:    unique_ptr& operator=(nullptr_t) noexcept;
        -:  282:
        -:  283:    // observers
        -:  284:    typename add_lvalue_reference<T>::type operator*() const;
        -:  285:    pointer operator->() const noexcept;
        -:  286:    pointer get() const noexcept;
        -:  287:    deleter_type& get_deleter() noexcept;
        -:  288:    const deleter_type& get_deleter() const noexcept;
        -:  289:    explicit operator bool() const noexcept;
        -:  290:
        -:  291:    // modifiers
        -:  292:    pointer release() noexcept;
        -:  293:    void reset(pointer p = pointer()) noexcept;
        -:  294:    void swap(unique_ptr& u) noexcept;
        -:  295:};
        -:  296:
        -:  297:template <class T, class D>
        -:  298:class unique_ptr<T[], D>
        -:  299:{
        -:  300:public:
        -:  301:    typedef implementation-defined pointer;
        -:  302:    typedef T element_type;
        -:  303:    typedef D deleter_type;
        -:  304:
        -:  305:    // constructors
        -:  306:    constexpr unique_ptr() noexcept;
        -:  307:    explicit unique_ptr(pointer p) noexcept;
        -:  308:    unique_ptr(pointer p, see below d) noexcept;
        -:  309:    unique_ptr(pointer p, see below d) noexcept;
        -:  310:    unique_ptr(unique_ptr&& u) noexcept;
        -:  311:    unique_ptr(nullptr_t) noexcept : unique_ptr() { }
        -:  312:
        -:  313:    // destructor
        -:  314:    ~unique_ptr();
        -:  315:
        -:  316:    // assignment
        -:  317:    unique_ptr& operator=(unique_ptr&& u) noexcept;
        -:  318:    unique_ptr& operator=(nullptr_t) noexcept;
        -:  319:
        -:  320:    // observers
        -:  321:    T& operator[](size_t i) const;
        -:  322:    pointer get() const noexcept;
        -:  323:    deleter_type& get_deleter() noexcept;
        -:  324:    const deleter_type& get_deleter() const noexcept;
        -:  325:    explicit operator bool() const noexcept;
        -:  326:
        -:  327:    // modifiers
        -:  328:    pointer release() noexcept;
        -:  329:    void reset(pointer p = pointer()) noexcept;
        -:  330:    void reset(nullptr_t) noexcept;
        -:  331:    template <class U> void reset(U) = delete;
        -:  332:    void swap(unique_ptr& u) noexcept;
        -:  333:};
        -:  334:
        -:  335:template <class T, class D>
        -:  336:    void swap(unique_ptr<T, D>& x, unique_ptr<T, D>& y) noexcept;
        -:  337:
        -:  338:template <class T1, class D1, class T2, class D2>
        -:  339:    bool operator==(const unique_ptr<T1, D1>& x, const unique_ptr<T2, D2>& y);
        -:  340:template <class T1, class D1, class T2, class D2>
        -:  341:    bool operator!=(const unique_ptr<T1, D1>& x, const unique_ptr<T2, D2>& y);
        -:  342:template <class T1, class D1, class T2, class D2>
        -:  343:    bool operator<(const unique_ptr<T1, D1>& x, const unique_ptr<T2, D2>& y);
        -:  344:template <class T1, class D1, class T2, class D2>
        -:  345:    bool operator<=(const unique_ptr<T1, D1>& x, const unique_ptr<T2, D2>& y);
        -:  346:template <class T1, class D1, class T2, class D2>
        -:  347:    bool operator>(const unique_ptr<T1, D1>& x, const unique_ptr<T2, D2>& y);
        -:  348:template <class T1, class D1, class T2, class D2>
        -:  349:    bool operator>=(const unique_ptr<T1, D1>& x, const unique_ptr<T2, D2>& y);
        -:  350:
        -:  351:template <class T, class D>
        -:  352:    bool operator==(const unique_ptr<T, D>& x, nullptr_t) noexcept;
        -:  353:template <class T, class D>
        -:  354:    bool operator==(nullptr_t, const unique_ptr<T, D>& y) noexcept;
        -:  355:template <class T, class D>
        -:  356:    bool operator!=(const unique_ptr<T, D>& x, nullptr_t) noexcept;
        -:  357:template <class T, class D>
        -:  358:    bool operator!=(nullptr_t, const unique_ptr<T, D>& y) noexcept;
        -:  359:
        -:  360:template <class T, class D>
        -:  361:    bool operator<(const unique_ptr<T, D>& x, nullptr_t);
        -:  362:template <class T, class D>
        -:  363:    bool operator<(nullptr_t, const unique_ptr<T, D>& y);
        -:  364:template <class T, class D>
        -:  365:    bool operator<=(const unique_ptr<T, D>& x, nullptr_t);
        -:  366:template <class T, class D>
        -:  367:    bool operator<=(nullptr_t, const unique_ptr<T, D>& y);
        -:  368:template <class T, class D>
        -:  369:    bool operator>(const unique_ptr<T, D>& x, nullptr_t);
        -:  370:template <class T, class D>
        -:  371:    bool operator>(nullptr_t, const unique_ptr<T, D>& y);
        -:  372:template <class T, class D>
        -:  373:    bool operator>=(const unique_ptr<T, D>& x, nullptr_t);
        -:  374:template <class T, class D>
        -:  375:    bool operator>=(nullptr_t, const unique_ptr<T, D>& y);
        -:  376:
        -:  377:class bad_weak_ptr
        -:  378:    : public std::exception
        -:  379:{
        -:  380:    bad_weak_ptr() noexcept;
        -:  381:};
        -:  382:
        -:  383:template<class T, class... Args> unique_ptr<T> make_unique(Args&&... args);     // C++14
        -:  384:template<class T>                unique_ptr<T> make_unique(size_t n);           // C++14
        -:  385:template<class T, class... Args> unspecified   make_unique(Args&&...) = delete; // C++14, T == U[N]
        -:  386:
        -:  387:template<class T>
        -:  388:class shared_ptr
        -:  389:{
        -:  390:public:
        -:  391:    typedef T element_type;
        -:  392:    typedef weak_ptr<T> weak_type; // C++17
        -:  393:
        -:  394:    // constructors:
        -:  395:    constexpr shared_ptr() noexcept;
        -:  396:    template<class Y> explicit shared_ptr(Y* p);
        -:  397:    template<class Y, class D> shared_ptr(Y* p, D d);
        -:  398:    template<class Y, class D, class A> shared_ptr(Y* p, D d, A a);
        -:  399:    template <class D> shared_ptr(nullptr_t p, D d);
        -:  400:    template <class D, class A> shared_ptr(nullptr_t p, D d, A a);
        -:  401:    template<class Y> shared_ptr(const shared_ptr<Y>& r, T *p) noexcept;
        -:  402:    shared_ptr(const shared_ptr& r) noexcept;
        -:  403:    template<class Y> shared_ptr(const shared_ptr<Y>& r) noexcept;
        -:  404:    shared_ptr(shared_ptr&& r) noexcept;
        -:  405:    template<class Y> shared_ptr(shared_ptr<Y>&& r) noexcept;
        -:  406:    template<class Y> explicit shared_ptr(const weak_ptr<Y>& r);
        -:  407:    template<class Y> shared_ptr(auto_ptr<Y>&& r);          // removed in C++17
        -:  408:    template <class Y, class D> shared_ptr(unique_ptr<Y, D>&& r);
        -:  409:    shared_ptr(nullptr_t) : shared_ptr() { }
        -:  410:
        -:  411:    // destructor:
        -:  412:    ~shared_ptr();
        -:  413:
        -:  414:    // assignment:
        -:  415:    shared_ptr& operator=(const shared_ptr& r) noexcept;
        -:  416:    template<class Y> shared_ptr& operator=(const shared_ptr<Y>& r) noexcept;
        -:  417:    shared_ptr& operator=(shared_ptr&& r) noexcept;
        -:  418:    template<class Y> shared_ptr& operator=(shared_ptr<Y>&& r);
        -:  419:    template<class Y> shared_ptr& operator=(auto_ptr<Y>&& r); // removed in C++17
        -:  420:    template <class Y, class D> shared_ptr& operator=(unique_ptr<Y, D>&& r);
        -:  421:
        -:  422:    // modifiers:
        -:  423:    void swap(shared_ptr& r) noexcept;
        -:  424:    void reset() noexcept;
        -:  425:    template<class Y> void reset(Y* p);
        -:  426:    template<class Y, class D> void reset(Y* p, D d);
        -:  427:    template<class Y, class D, class A> void reset(Y* p, D d, A a);
        -:  428:
        -:  429:    // observers:
        -:  430:    T* get() const noexcept;
        -:  431:    T& operator*() const noexcept;
        -:  432:    T* operator->() const noexcept;
        -:  433:    long use_count() const noexcept;
        -:  434:    bool unique() const noexcept;
        -:  435:    explicit operator bool() const noexcept;
        -:  436:    template<class U> bool owner_before(shared_ptr<U> const& b) const noexcept;
        -:  437:    template<class U> bool owner_before(weak_ptr<U> const& b) const noexcept;
        -:  438:};
        -:  439:
        -:  440:// shared_ptr comparisons:
        -:  441:template<class T, class U>
        -:  442:    bool operator==(shared_ptr<T> const& a, shared_ptr<U> const& b) noexcept;
        -:  443:template<class T, class U>
        -:  444:    bool operator!=(shared_ptr<T> const& a, shared_ptr<U> const& b) noexcept;
        -:  445:template<class T, class U>
        -:  446:    bool operator<(shared_ptr<T> const& a, shared_ptr<U> const& b) noexcept;
        -:  447:template<class T, class U>
        -:  448:    bool operator>(shared_ptr<T> const& a, shared_ptr<U> const& b) noexcept;
        -:  449:template<class T, class U>
        -:  450:    bool operator<=(shared_ptr<T> const& a, shared_ptr<U> const& b) noexcept;
        -:  451:template<class T, class U>
        -:  452:    bool operator>=(shared_ptr<T> const& a, shared_ptr<U> const& b) noexcept;
        -:  453:
        -:  454:template <class T>
        -:  455:    bool operator==(const shared_ptr<T>& x, nullptr_t) noexcept;
        -:  456:template <class T>
        -:  457:    bool operator==(nullptr_t, const shared_ptr<T>& y) noexcept;
        -:  458:template <class T>
        -:  459:    bool operator!=(const shared_ptr<T>& x, nullptr_t) noexcept;
        -:  460:template <class T>
        -:  461:    bool operator!=(nullptr_t, const shared_ptr<T>& y) noexcept;
        -:  462:template <class T>
        -:  463:    bool operator<(const shared_ptr<T>& x, nullptr_t) noexcept;
        -:  464:template <class T>
        -:  465:bool operator<(nullptr_t, const shared_ptr<T>& y) noexcept;
        -:  466:template <class T>
        -:  467:    bool operator<=(const shared_ptr<T>& x, nullptr_t) noexcept;
        -:  468:template <class T>
        -:  469:    bool operator<=(nullptr_t, const shared_ptr<T>& y) noexcept;
        -:  470:template <class T>
        -:  471:    bool operator>(const shared_ptr<T>& x, nullptr_t) noexcept;
        -:  472:template <class T>
        -:  473:    bool operator>(nullptr_t, const shared_ptr<T>& y) noexcept;
        -:  474:template <class T>
        -:  475:    bool operator>=(const shared_ptr<T>& x, nullptr_t) noexcept;
        -:  476:template <class T>
        -:  477:    bool operator>=(nullptr_t, const shared_ptr<T>& y) noexcept;
        -:  478:
        -:  479:// shared_ptr specialized algorithms:
        -:  480:template<class T> void swap(shared_ptr<T>& a, shared_ptr<T>& b) noexcept;
        -:  481:
        -:  482:// shared_ptr casts:
        -:  483:template<class T, class U>
        -:  484:    shared_ptr<T> static_pointer_cast(shared_ptr<U> const& r) noexcept;
        -:  485:template<class T, class U>
        -:  486:    shared_ptr<T> dynamic_pointer_cast(shared_ptr<U> const& r) noexcept;
        -:  487:template<class T, class U>
        -:  488:    shared_ptr<T> const_pointer_cast(shared_ptr<U> const& r) noexcept;
        -:  489:
        -:  490:// shared_ptr I/O:
        -:  491:template<class E, class T, class Y>
        -:  492:    basic_ostream<E, T>& operator<< (basic_ostream<E, T>& os, shared_ptr<Y> const& p);
        -:  493:
        -:  494:// shared_ptr get_deleter:
        -:  495:template<class D, class T> D* get_deleter(shared_ptr<T> const& p) noexcept;
        -:  496:
        -:  497:template<class T, class... Args>
        -:  498:    shared_ptr<T> make_shared(Args&&... args);
        -:  499:template<class T, class A, class... Args>
        -:  500:    shared_ptr<T> allocate_shared(const A& a, Args&&... args);
        -:  501:
        -:  502:template<class T>
        -:  503:class weak_ptr
        -:  504:{
        -:  505:public:
        -:  506:    typedef T element_type;
        -:  507:
        -:  508:    // constructors
        -:  509:    constexpr weak_ptr() noexcept;
        -:  510:    template<class Y> weak_ptr(shared_ptr<Y> const& r) noexcept;
        -:  511:    weak_ptr(weak_ptr const& r) noexcept;
        -:  512:    template<class Y> weak_ptr(weak_ptr<Y> const& r) noexcept;
        -:  513:    weak_ptr(weak_ptr&& r) noexcept;                      // C++14
        -:  514:    template<class Y> weak_ptr(weak_ptr<Y>&& r) noexcept; // C++14
        -:  515:
        -:  516:    // destructor
        -:  517:    ~weak_ptr();
        -:  518:
        -:  519:    // assignment
        -:  520:    weak_ptr& operator=(weak_ptr const& r) noexcept;
        -:  521:    template<class Y> weak_ptr& operator=(weak_ptr<Y> const& r) noexcept;
        -:  522:    template<class Y> weak_ptr& operator=(shared_ptr<Y> const& r) noexcept;
        -:  523:    weak_ptr& operator=(weak_ptr&& r) noexcept;                      // C++14
        -:  524:    template<class Y> weak_ptr& operator=(weak_ptr<Y>&& r) noexcept; // C++14
        -:  525:
        -:  526:    // modifiers
        -:  527:    void swap(weak_ptr& r) noexcept;
        -:  528:    void reset() noexcept;
        -:  529:
        -:  530:    // observers
        -:  531:    long use_count() const noexcept;
        -:  532:    bool expired() const noexcept;
        -:  533:    shared_ptr<T> lock() const noexcept;
        -:  534:    template<class U> bool owner_before(shared_ptr<U> const& b) const noexcept;
        -:  535:    template<class U> bool owner_before(weak_ptr<U> const& b) const noexcept;
        -:  536:};
        -:  537:
        -:  538:// weak_ptr specialized algorithms:
        -:  539:template<class T> void swap(weak_ptr<T>& a, weak_ptr<T>& b) noexcept;
        -:  540:
        -:  541:// class owner_less:
        -:  542:template<class T> struct owner_less;
        -:  543:
        -:  544:template<class T>
        -:  545:struct owner_less<shared_ptr<T>>
        -:  546:    : binary_function<shared_ptr<T>, shared_ptr<T>, bool>
        -:  547:{
        -:  548:    typedef bool result_type;
        -:  549:    bool operator()(shared_ptr<T> const&, shared_ptr<T> const&) const noexcept;
        -:  550:    bool operator()(shared_ptr<T> const&, weak_ptr<T> const&) const noexcept;
        -:  551:    bool operator()(weak_ptr<T> const&, shared_ptr<T> const&) const noexcept;
        -:  552:};
        -:  553:
        -:  554:template<class T>
        -:  555:struct owner_less<weak_ptr<T>>
        -:  556:    : binary_function<weak_ptr<T>, weak_ptr<T>, bool>
        -:  557:{
        -:  558:    typedef bool result_type;
        -:  559:    bool operator()(weak_ptr<T> const&, weak_ptr<T> const&) const noexcept;
        -:  560:    bool operator()(shared_ptr<T> const&, weak_ptr<T> const&) const noexcept;
        -:  561:    bool operator()(weak_ptr<T> const&, shared_ptr<T> const&) const noexcept;
        -:  562:};
        -:  563:
        -:  564:template <>  // Added in C++14
        -:  565:struct owner_less<void>
        -:  566:{
        -:  567:    template <class _Tp, class _Up>
        -:  568:    bool operator()( shared_ptr<_Tp> const& __x, shared_ptr<_Up> const& __y) const noexcept;
        -:  569:    template <class _Tp, class _Up>
        -:  570:    bool operator()( shared_ptr<_Tp> const& __x,   weak_ptr<_Up> const& __y) const noexcept;
        -:  571:    template <class _Tp, class _Up>
        -:  572:    bool operator()(   weak_ptr<_Tp> const& __x, shared_ptr<_Up> const& __y) const noexcept;
        -:  573:    template <class _Tp, class _Up>
        -:  574:    bool operator()(   weak_ptr<_Tp> const& __x,   weak_ptr<_Up> const& __y) const noexcept;
        -:  575:
        -:  576:    typedef void is_transparent;
        -:  577:};
        -:  578:
        -:  579:template<class T>
        -:  580:class enable_shared_from_this
        -:  581:{
        -:  582:protected:
        -:  583:    constexpr enable_shared_from_this() noexcept;
        -:  584:    enable_shared_from_this(enable_shared_from_this const&) noexcept;
        -:  585:    enable_shared_from_this& operator=(enable_shared_from_this const&) noexcept;
        -:  586:    ~enable_shared_from_this();
        -:  587:public:
        -:  588:    shared_ptr<T> shared_from_this();
        -:  589:    shared_ptr<T const> shared_from_this() const;
        -:  590:};
        -:  591:
        -:  592:template<class T>
        -:  593:    bool atomic_is_lock_free(const shared_ptr<T>* p);
        -:  594:template<class T>
        -:  595:    shared_ptr<T> atomic_load(const shared_ptr<T>* p);
        -:  596:template<class T>
        -:  597:    shared_ptr<T> atomic_load_explicit(const shared_ptr<T>* p, memory_order mo);
        -:  598:template<class T>
        -:  599:    void atomic_store(shared_ptr<T>* p, shared_ptr<T> r);
        -:  600:template<class T>
        -:  601:    void atomic_store_explicit(shared_ptr<T>* p, shared_ptr<T> r, memory_order mo);
        -:  602:template<class T>
        -:  603:    shared_ptr<T> atomic_exchange(shared_ptr<T>* p, shared_ptr<T> r);
        -:  604:template<class T>
        -:  605:    shared_ptr<T>
        -:  606:    atomic_exchange_explicit(shared_ptr<T>* p, shared_ptr<T> r, memory_order mo);
        -:  607:template<class T>
        -:  608:    bool
        -:  609:    atomic_compare_exchange_weak(shared_ptr<T>* p, shared_ptr<T>* v, shared_ptr<T> w);
        -:  610:template<class T>
        -:  611:    bool
        -:  612:    atomic_compare_exchange_strong( shared_ptr<T>* p, shared_ptr<T>* v, shared_ptr<T> w);
        -:  613:template<class T>
        -:  614:    bool
        -:  615:    atomic_compare_exchange_weak_explicit(shared_ptr<T>* p, shared_ptr<T>* v,
        -:  616:                                          shared_ptr<T> w, memory_order success,
        -:  617:                                          memory_order failure);
        -:  618:template<class T>
        -:  619:    bool
        -:  620:    atomic_compare_exchange_strong_explicit(shared_ptr<T>* p, shared_ptr<T>* v,
        -:  621:                                            shared_ptr<T> w, memory_order success,
        -:  622:                                            memory_order failure);
        -:  623:// Hash support
        -:  624:template <class T> struct hash;
        -:  625:template <class T, class D> struct hash<unique_ptr<T, D> >;
        -:  626:template <class T> struct hash<shared_ptr<T> >;
        -:  627:
        -:  628:// Pointer safety
        -:  629:enum class pointer_safety { relaxed, preferred, strict };
        -:  630:void declare_reachable(void *p);
        -:  631:template <class T> T *undeclare_reachable(T *p);
        -:  632:void declare_no_pointers(char *p, size_t n);
        -:  633:void undeclare_no_pointers(char *p, size_t n);
        -:  634:pointer_safety get_pointer_safety() noexcept;
        -:  635:
        -:  636:void* align(size_t alignment, size_t size, void*& ptr, size_t& space);
        -:  637:
        -:  638:}  // std
        -:  639:
        -:  640:*/
        -:  641:
        -:  642:#include <__config>
        -:  643:#include <type_traits>
        -:  644:#include <typeinfo>
        -:  645:#include <cstddef>
        -:  646:#include <cstdint>
        -:  647:#include <new>
        -:  648:#include <utility>
        -:  649:#include <limits>
        -:  650:#include <iterator>
        -:  651:#include <__functional_base>
        -:  652:#include <iosfwd>
        -:  653:#include <tuple>
        -:  654:#include <stdexcept>
        -:  655:#include <cstring>
        -:  656:#include <cassert>
        -:  657:#if !defined(_LIBCPP_HAS_NO_ATOMIC_HEADER)
        -:  658:#  include <atomic>
        -:  659:#endif
        -:  660:
        -:  661:#if !defined(_LIBCPP_HAS_NO_PRAGMA_SYSTEM_HEADER)
        -:  662:#pragma GCC system_header
        -:  663:#endif
        -:  664:
        -:  665:_LIBCPP_PUSH_MACROS
        -:  666:#include <__undef_macros>
        -:  667:
        -:  668:
        -:  669:_LIBCPP_BEGIN_NAMESPACE_STD
        -:  670:
        -:  671:template <class _ValueType>
        -:  672:inline _LIBCPP_ALWAYS_INLINE
        -:  673:_ValueType __libcpp_relaxed_load(_ValueType const* __value) {
        -:  674:#if !defined(_LIBCPP_HAS_NO_THREADS) && \
        -:  675:    defined(__ATOMIC_RELAXED) &&        \
        -:  676:    (__has_builtin(__atomic_load_n) || _GNUC_VER >= 407)
        -:  677:    return __atomic_load_n(__value, __ATOMIC_RELAXED);
        -:  678:#else
        -:  679:    return *__value;
        -:  680:#endif
        -:  681:}
        -:  682:
        -:  683:template <class _ValueType>
        -:  684:inline _LIBCPP_ALWAYS_INLINE
        -:  685:_ValueType __libcpp_acquire_load(_ValueType const* __value) {
        -:  686:#if !defined(_LIBCPP_HAS_NO_THREADS) && \
        -:  687:    defined(__ATOMIC_ACQUIRE) &&        \
        -:  688:    (__has_builtin(__atomic_load_n) || _GNUC_VER >= 407)
        -:  689:    return __atomic_load_n(__value, __ATOMIC_ACQUIRE);
        -:  690:#else
        -:  691:    return *__value;
        -:  692:#endif
        -:  693:}
        -:  694:
        -:  695:// addressof moved to <type_traits>
        -:  696:
        -:  697:template <class _Tp> class allocator;
        -:  698:
        -:  699:template <>
        -:  700:class _LIBCPP_TEMPLATE_VIS allocator<void>
        -:  701:{
        -:  702:public:
        -:  703:    typedef void*             pointer;
        -:  704:    typedef const void*       const_pointer;
        -:  705:    typedef void              value_type;
        -:  706:
        -:  707:    template <class _Up> struct rebind {typedef allocator<_Up> other;};
        -:  708:};
        -:  709:
        -:  710:template <>
        -:  711:class _LIBCPP_TEMPLATE_VIS allocator<const void>
        -:  712:{
        -:  713:public:
        -:  714:    typedef const void*       pointer;
        -:  715:    typedef const void*       const_pointer;
        -:  716:    typedef const void        value_type;
        -:  717:
        -:  718:    template <class _Up> struct rebind {typedef allocator<_Up> other;};
        -:  719:};
        -:  720:
        -:  721:// pointer_traits
        -:  722:
        -:  723:template <class _Tp, class = void>
        -:  724:struct __has_element_type : false_type {};
        -:  725:
        -:  726:template <class _Tp>
        -:  727:struct __has_element_type<_Tp, 
        -:  728:              typename __void_t<typename _Tp::element_type>::type> : true_type {};
        -:  729:
        -:  730:template <class _Ptr, bool = __has_element_type<_Ptr>::value>
        -:  731:struct __pointer_traits_element_type;
        -:  732:
        -:  733:template <class _Ptr>
        -:  734:struct __pointer_traits_element_type<_Ptr, true>
        -:  735:{
        -:  736:    typedef typename _Ptr::element_type type;
        -:  737:};
        -:  738:
        -:  739:#ifndef _LIBCPP_HAS_NO_VARIADICS
        -:  740:
        -:  741:template <template <class, class...> class _Sp, class _Tp, class ..._Args>
        -:  742:struct __pointer_traits_element_type<_Sp<_Tp, _Args...>, true>
        -:  743:{
        -:  744:    typedef typename _Sp<_Tp, _Args...>::element_type type;
        -:  745:};
        -:  746:
        -:  747:template <template <class, class...> class _Sp, class _Tp, class ..._Args>
        -:  748:struct __pointer_traits_element_type<_Sp<_Tp, _Args...>, false>
        -:  749:{
        -:  750:    typedef _Tp type;
        -:  751:};
        -:  752:
        -:  753:#else  // _LIBCPP_HAS_NO_VARIADICS
        -:  754:
        -:  755:template <template <class> class _Sp, class _Tp>
        -:  756:struct __pointer_traits_element_type<_Sp<_Tp>, true>
        -:  757:{
        -:  758:    typedef typename _Sp<_Tp>::element_type type;
        -:  759:};
        -:  760:
        -:  761:template <template <class> class _Sp, class _Tp>
        -:  762:struct __pointer_traits_element_type<_Sp<_Tp>, false>
        -:  763:{
        -:  764:    typedef _Tp type;
        -:  765:};
        -:  766:
        -:  767:template <template <class, class> class _Sp, class _Tp, class _A0>
        -:  768:struct __pointer_traits_element_type<_Sp<_Tp, _A0>, true>
        -:  769:{
        -:  770:    typedef typename _Sp<_Tp, _A0>::element_type type;
        -:  771:};
        -:  772:
        -:  773:template <template <class, class> class _Sp, class _Tp, class _A0>
        -:  774:struct __pointer_traits_element_type<_Sp<_Tp, _A0>, false>
        -:  775:{
        -:  776:    typedef _Tp type;
        -:  777:};
        -:  778:
        -:  779:template <template <class, class, class> class _Sp, class _Tp, class _A0, class _A1>
        -:  780:struct __pointer_traits_element_type<_Sp<_Tp, _A0, _A1>, true>
        -:  781:{
        -:  782:    typedef typename _Sp<_Tp, _A0, _A1>::element_type type;
        -:  783:};
        -:  784:
        -:  785:template <template <class, class, class> class _Sp, class _Tp, class _A0, class _A1>
        -:  786:struct __pointer_traits_element_type<_Sp<_Tp, _A0, _A1>, false>
        -:  787:{
        -:  788:    typedef _Tp type;
        -:  789:};
        -:  790:
        -:  791:template <template <class, class, class, class> class _Sp, class _Tp, class _A0,
        -:  792:                                                           class _A1, class _A2>
        -:  793:struct __pointer_traits_element_type<_Sp<_Tp, _A0, _A1, _A2>, true>
        -:  794:{
        -:  795:    typedef typename _Sp<_Tp, _A0, _A1, _A2>::element_type type;
        -:  796:};
        -:  797:
        -:  798:template <template <class, class, class, class> class _Sp, class _Tp, class _A0,
        -:  799:                                                           class _A1, class _A2>
        -:  800:struct __pointer_traits_element_type<_Sp<_Tp, _A0, _A1, _A2>, false>
        -:  801:{
        -:  802:    typedef _Tp type;
        -:  803:};
        -:  804:
        -:  805:#endif  // _LIBCPP_HAS_NO_VARIADICS
        -:  806:
        -:  807:template <class _Tp, class = void>
        -:  808:struct __has_difference_type : false_type {};
        -:  809:
        -:  810:template <class _Tp>
        -:  811:struct __has_difference_type<_Tp, 
        -:  812:            typename __void_t<typename _Tp::difference_type>::type> : true_type {};
        -:  813:
        -:  814:template <class _Ptr, bool = __has_difference_type<_Ptr>::value>
        -:  815:struct __pointer_traits_difference_type
        -:  816:{
        -:  817:    typedef ptrdiff_t type;
        -:  818:};
        -:  819:
        -:  820:template <class _Ptr>
        -:  821:struct __pointer_traits_difference_type<_Ptr, true>
        -:  822:{
        -:  823:    typedef typename _Ptr::difference_type type;
        -:  824:};
        -:  825:
        -:  826:template <class _Tp, class _Up>
        -:  827:struct __has_rebind
        -:  828:{
        -:  829:private:
        -:  830:    struct __two {char __lx; char __lxx;};
        -:  831:    template <class _Xp> static __two __test(...);
        -:  832:    template <class _Xp> static char __test(typename _Xp::template rebind<_Up>* = 0);
        -:  833:public:
        -:  834:    static const bool value = sizeof(__test<_Tp>(0)) == 1;
        -:  835:};
        -:  836:
        -:  837:template <class _Tp, class _Up, bool = __has_rebind<_Tp, _Up>::value>
        -:  838:struct __pointer_traits_rebind
        -:  839:{
        -:  840:#ifndef _LIBCPP_CXX03_LANG
        -:  841:    typedef typename _Tp::template rebind<_Up> type;
        -:  842:#else
        -:  843:    typedef typename _Tp::template rebind<_Up>::other type;
        -:  844:#endif
        -:  845:};
        -:  846:
        -:  847:#ifndef _LIBCPP_HAS_NO_VARIADICS
        -:  848:
        -:  849:template <template <class, class...> class _Sp, class _Tp, class ..._Args, class _Up>
        -:  850:struct __pointer_traits_rebind<_Sp<_Tp, _Args...>, _Up, true>
        -:  851:{
        -:  852:#ifndef _LIBCPP_CXX03_LANG
        -:  853:    typedef typename _Sp<_Tp, _Args...>::template rebind<_Up> type;
        -:  854:#else
        -:  855:    typedef typename _Sp<_Tp, _Args...>::template rebind<_Up>::other type;
        -:  856:#endif
        -:  857:};
        -:  858:
        -:  859:template <template <class, class...> class _Sp, class _Tp, class ..._Args, class _Up>
        -:  860:struct __pointer_traits_rebind<_Sp<_Tp, _Args...>, _Up, false>
        -:  861:{
        -:  862:    typedef _Sp<_Up, _Args...> type;
        -:  863:};
        -:  864:
        -:  865:#else  // _LIBCPP_HAS_NO_VARIADICS
        -:  866:
        -:  867:template <template <class> class _Sp, class _Tp, class _Up>
        -:  868:struct __pointer_traits_rebind<_Sp<_Tp>, _Up, true>
        -:  869:{
        -:  870:#ifndef _LIBCPP_CXX03_LANG
        -:  871:    typedef typename _Sp<_Tp>::template rebind<_Up> type;
        -:  872:#else
        -:  873:    typedef typename _Sp<_Tp>::template rebind<_Up>::other type;
        -:  874:#endif
        -:  875:};
        -:  876:
        -:  877:template <template <class> class _Sp, class _Tp, class _Up>
        -:  878:struct __pointer_traits_rebind<_Sp<_Tp>, _Up, false>
        -:  879:{
        -:  880:    typedef _Sp<_Up> type;
        -:  881:};
        -:  882:
        -:  883:template <template <class, class> class _Sp, class _Tp, class _A0, class _Up>
        -:  884:struct __pointer_traits_rebind<_Sp<_Tp, _A0>, _Up, true>
        -:  885:{
        -:  886:#ifndef _LIBCPP_CXX03_LANG
        -:  887:    typedef typename _Sp<_Tp, _A0>::template rebind<_Up> type;
        -:  888:#else
        -:  889:    typedef typename _Sp<_Tp, _A0>::template rebind<_Up>::other type;
        -:  890:#endif
        -:  891:};
        -:  892:
        -:  893:template <template <class, class> class _Sp, class _Tp, class _A0, class _Up>
        -:  894:struct __pointer_traits_rebind<_Sp<_Tp, _A0>, _Up, false>
        -:  895:{
        -:  896:    typedef _Sp<_Up, _A0> type;
        -:  897:};
        -:  898:
        -:  899:template <template <class, class, class> class _Sp, class _Tp, class _A0,
        -:  900:                                         class _A1, class _Up>
        -:  901:struct __pointer_traits_rebind<_Sp<_Tp, _A0, _A1>, _Up, true>
        -:  902:{
        -:  903:#ifndef _LIBCPP_CXX03_LANG
        -:  904:    typedef typename _Sp<_Tp, _A0, _A1>::template rebind<_Up> type;
        -:  905:#else
        -:  906:    typedef typename _Sp<_Tp, _A0, _A1>::template rebind<_Up>::other type;
        -:  907:#endif
        -:  908:};
        -:  909:
        -:  910:template <template <class, class, class> class _Sp, class _Tp, class _A0,
        -:  911:                                         class _A1, class _Up>
        -:  912:struct __pointer_traits_rebind<_Sp<_Tp, _A0, _A1>, _Up, false>
        -:  913:{
        -:  914:    typedef _Sp<_Up, _A0, _A1> type;
        -:  915:};
        -:  916:
        -:  917:template <template <class, class, class, class> class _Sp, class _Tp, class _A0,
        -:  918:                                                class _A1, class _A2, class _Up>
        -:  919:struct __pointer_traits_rebind<_Sp<_Tp, _A0, _A1, _A2>, _Up, true>
        -:  920:{
        -:  921:#ifndef _LIBCPP_CXX03_LANG
        -:  922:    typedef typename _Sp<_Tp, _A0, _A1, _A2>::template rebind<_Up> type;
        -:  923:#else
        -:  924:    typedef typename _Sp<_Tp, _A0, _A1, _A2>::template rebind<_Up>::other type;
        -:  925:#endif
        -:  926:};
        -:  927:
        -:  928:template <template <class, class, class, class> class _Sp, class _Tp, class _A0,
        -:  929:                                                class _A1, class _A2, class _Up>
        -:  930:struct __pointer_traits_rebind<_Sp<_Tp, _A0, _A1, _A2>, _Up, false>
        -:  931:{
        -:  932:    typedef _Sp<_Up, _A0, _A1, _A2> type;
        -:  933:};
        -:  934:
        -:  935:#endif  // _LIBCPP_HAS_NO_VARIADICS
        -:  936:
        -:  937:template <class _Ptr>
        -:  938:struct _LIBCPP_TEMPLATE_VIS pointer_traits
        -:  939:{
        -:  940:    typedef _Ptr                                                     pointer;
        -:  941:    typedef typename __pointer_traits_element_type<pointer>::type    element_type;
        -:  942:    typedef typename __pointer_traits_difference_type<pointer>::type difference_type;
        -:  943:
        -:  944:#ifndef _LIBCPP_CXX03_LANG
        -:  945:    template <class _Up> using rebind = typename __pointer_traits_rebind<pointer, _Up>::type;
        -:  946:#else
        -:  947:    template <class _Up> struct rebind
        -:  948:        {typedef typename __pointer_traits_rebind<pointer, _Up>::type other;};
        -:  949:#endif  // _LIBCPP_CXX03_LANG
        -:  950:
        -:  951:private:
        -:  952:    struct __nat {};
        -:  953:public:
        -:  954:    _LIBCPP_INLINE_VISIBILITY
        -:  955:    static pointer pointer_to(typename conditional<is_void<element_type>::value,
        -:  956:                                           __nat, element_type>::type& __r)
        -:  957:        {return pointer::pointer_to(__r);}
        -:  958:};
        -:  959:
        -:  960:template <class _Tp>
        -:  961:struct _LIBCPP_TEMPLATE_VIS pointer_traits<_Tp*>
        -:  962:{
        -:  963:    typedef _Tp*      pointer;
        -:  964:    typedef _Tp       element_type;
        -:  965:    typedef ptrdiff_t difference_type;
        -:  966:
        -:  967:#ifndef _LIBCPP_CXX03_LANG
        -:  968:    template <class _Up> using rebind = _Up*;
        -:  969:#else
        -:  970:    template <class _Up> struct rebind {typedef _Up* other;};
        -:  971:#endif
        -:  972:
        -:  973:private:
        -:  974:    struct __nat {};
        -:  975:public:
        -:  976:    _LIBCPP_INLINE_VISIBILITY
function _ZNSt3__114pointer_traitsIPKcE10pointer_toERS1_ called 0 returned 0% blocks executed 0%
        -:  977:    static pointer pointer_to(typename conditional<is_void<element_type>::value,
        -:  978:                                      __nat, element_type>::type& __r) _NOEXCEPT
    #####:  979:        {return _VSTD::addressof(__r);}
    $$$$$:  979-block  0
        -:  980:};
        -:  981:
        -:  982:template <class _From, class _To>
        -:  983:struct __rebind_pointer {
        -:  984:#ifndef _LIBCPP_CXX03_LANG
        -:  985:    typedef typename pointer_traits<_From>::template rebind<_To>        type;
        -:  986:#else
        -:  987:    typedef typename pointer_traits<_From>::template rebind<_To>::other type;
        -:  988:#endif
        -:  989:};
        -:  990:
        -:  991:// allocator_traits
        -:  992:
        -:  993:template <class _Tp, class = void>
        -:  994:struct __has_pointer_type : false_type {};
        -:  995:
        -:  996:template <class _Tp>
        -:  997:struct __has_pointer_type<_Tp, 
        -:  998:          typename __void_t<typename _Tp::pointer>::type> : true_type {};
        -:  999:
        -: 1000:namespace __pointer_type_imp
        -: 1001:{
        -: 1002:
        -: 1003:template <class _Tp, class _Dp, bool = __has_pointer_type<_Dp>::value>
        -: 1004:struct __pointer_type
        -: 1005:{
        -: 1006:    typedef typename _Dp::pointer type;
        -: 1007:};
        -: 1008:
        -: 1009:template <class _Tp, class _Dp>
        -: 1010:struct __pointer_type<_Tp, _Dp, false>
        -: 1011:{
        -: 1012:    typedef _Tp* type;
        -: 1013:};
        -: 1014:
        -: 1015:}  // __pointer_type_imp
        -: 1016:
        -: 1017:template <class _Tp, class _Dp>
        -: 1018:struct __pointer_type
        -: 1019:{
        -: 1020:    typedef typename __pointer_type_imp::__pointer_type<_Tp, typename remove_reference<_Dp>::type>::type type;
        -: 1021:};
        -: 1022:
        -: 1023:template <class _Tp, class = void>
        -: 1024:struct __has_const_pointer : false_type {};
        -: 1025:
        -: 1026:template <class _Tp>
        -: 1027:struct __has_const_pointer<_Tp, 
        -: 1028:            typename __void_t<typename _Tp::const_pointer>::type> : true_type {};
        -: 1029:
        -: 1030:template <class _Tp, class _Ptr, class _Alloc, bool = __has_const_pointer<_Alloc>::value>
        -: 1031:struct __const_pointer
        -: 1032:{
        -: 1033:    typedef typename _Alloc::const_pointer type;
        -: 1034:};
        -: 1035:
        -: 1036:template <class _Tp, class _Ptr, class _Alloc>
        -: 1037:struct __const_pointer<_Tp, _Ptr, _Alloc, false>
        -: 1038:{
        -: 1039:#ifndef _LIBCPP_CXX03_LANG
        -: 1040:    typedef typename pointer_traits<_Ptr>::template rebind<const _Tp> type;
        -: 1041:#else
        -: 1042:    typedef typename pointer_traits<_Ptr>::template rebind<const _Tp>::other type;
        -: 1043:#endif
        -: 1044:};
        -: 1045:
        -: 1046:template <class _Tp, class = void>
        -: 1047:struct __has_void_pointer : false_type {};
        -: 1048:
        -: 1049:template <class _Tp>
        -: 1050:struct __has_void_pointer<_Tp, 
        -: 1051:               typename __void_t<typename _Tp::void_pointer>::type> : true_type {};
        -: 1052:
        -: 1053:template <class _Ptr, class _Alloc, bool = __has_void_pointer<_Alloc>::value>
        -: 1054:struct __void_pointer
        -: 1055:{
        -: 1056:    typedef typename _Alloc::void_pointer type;
        -: 1057:};
        -: 1058:
        -: 1059:template <class _Ptr, class _Alloc>
        -: 1060:struct __void_pointer<_Ptr, _Alloc, false>
        -: 1061:{
        -: 1062:#ifndef _LIBCPP_CXX03_LANG
        -: 1063:    typedef typename pointer_traits<_Ptr>::template rebind<void> type;
        -: 1064:#else
        -: 1065:    typedef typename pointer_traits<_Ptr>::template rebind<void>::other type;
        -: 1066:#endif
        -: 1067:};
        -: 1068:
        -: 1069:template <class _Tp, class = void>
        -: 1070:struct __has_const_void_pointer : false_type {};
        -: 1071:
        -: 1072:template <class _Tp>
        -: 1073:struct __has_const_void_pointer<_Tp, 
        -: 1074:            typename __void_t<typename _Tp::const_void_pointer>::type> : true_type {};
        -: 1075:
        -: 1076:template <class _Ptr, class _Alloc, bool = __has_const_void_pointer<_Alloc>::value>
        -: 1077:struct __const_void_pointer
        -: 1078:{
        -: 1079:    typedef typename _Alloc::const_void_pointer type;
        -: 1080:};
        -: 1081:
        -: 1082:template <class _Ptr, class _Alloc>
        -: 1083:struct __const_void_pointer<_Ptr, _Alloc, false>
        -: 1084:{
        -: 1085:#ifndef _LIBCPP_CXX03_LANG
        -: 1086:    typedef typename pointer_traits<_Ptr>::template rebind<const void> type;
        -: 1087:#else
        -: 1088:    typedef typename pointer_traits<_Ptr>::template rebind<const void>::other type;
        -: 1089:#endif
        -: 1090:};
        -: 1091:
        -: 1092:template <class _Tp>
        -: 1093:inline _LIBCPP_INLINE_VISIBILITY
        -: 1094:_Tp*
function _ZNSt3__116__to_raw_pointerIKcEEPT_S3_ called 0 returned 0% blocks executed 0%
        -: 1095:__to_raw_pointer(_Tp* __p) _NOEXCEPT
        -: 1096:{
    #####: 1097:    return __p;
    $$$$$: 1097-block  0
        -: 1098:}
        -: 1099:
        -: 1100:template <class _Pointer>
        -: 1101:inline _LIBCPP_INLINE_VISIBILITY
        -: 1102:typename pointer_traits<_Pointer>::element_type*
        -: 1103:__to_raw_pointer(_Pointer __p) _NOEXCEPT
        -: 1104:{
        -: 1105:    return _VSTD::__to_raw_pointer(__p.operator->());
        -: 1106:}
        -: 1107:
        -: 1108:template <class _Tp, class = void>
        -: 1109:struct __has_size_type : false_type {};
        -: 1110:
        -: 1111:template <class _Tp>
        -: 1112:struct __has_size_type<_Tp,
        -: 1113:               typename __void_t<typename _Tp::size_type>::type> : true_type {};
        -: 1114:
        -: 1115:template <class _Alloc, class _DiffType, bool = __has_size_type<_Alloc>::value>
        -: 1116:struct __size_type
        -: 1117:{
        -: 1118:    typedef typename make_unsigned<_DiffType>::type type;
        -: 1119:};
        -: 1120:
        -: 1121:template <class _Alloc, class _DiffType>
        -: 1122:struct __size_type<_Alloc, _DiffType, true>
        -: 1123:{
        -: 1124:    typedef typename _Alloc::size_type type;
        -: 1125:};
        -: 1126:
        -: 1127:template <class _Tp, class = void>
        -: 1128:struct __has_propagate_on_container_copy_assignment : false_type {};
        -: 1129:
        -: 1130:template <class _Tp>
        -: 1131:struct __has_propagate_on_container_copy_assignment<_Tp,
        -: 1132:    typename __void_t<typename _Tp::propagate_on_container_copy_assignment>::type>
        -: 1133:        : true_type {};
        -: 1134:
        -: 1135:template <class _Alloc, bool = __has_propagate_on_container_copy_assignment<_Alloc>::value>
        -: 1136:struct __propagate_on_container_copy_assignment
        -: 1137:{
        -: 1138:    typedef false_type type;
        -: 1139:};
        -: 1140:
        -: 1141:template <class _Alloc>
        -: 1142:struct __propagate_on_container_copy_assignment<_Alloc, true>
        -: 1143:{
        -: 1144:    typedef typename _Alloc::propagate_on_container_copy_assignment type;
        -: 1145:};
        -: 1146:
        -: 1147:template <class _Tp, class = void>
        -: 1148:struct __has_propagate_on_container_move_assignment : false_type {};
        -: 1149:
        -: 1150:template <class _Tp>
        -: 1151:struct __has_propagate_on_container_move_assignment<_Tp, 
        -: 1152:           typename __void_t<typename _Tp::propagate_on_container_move_assignment>::type>
        -: 1153:               : true_type {};
        -: 1154:
        -: 1155:template <class _Alloc, bool = __has_propagate_on_container_move_assignment<_Alloc>::value>
        -: 1156:struct __propagate_on_container_move_assignment
        -: 1157:{
        -: 1158:    typedef false_type type;
        -: 1159:};
        -: 1160:
        -: 1161:template <class _Alloc>
        -: 1162:struct __propagate_on_container_move_assignment<_Alloc, true>
        -: 1163:{
        -: 1164:    typedef typename _Alloc::propagate_on_container_move_assignment type;
        -: 1165:};
        -: 1166:
        -: 1167:template <class _Tp, class = void>
        -: 1168:struct __has_propagate_on_container_swap : false_type {};
        -: 1169:
        -: 1170:template <class _Tp>
        -: 1171:struct __has_propagate_on_container_swap<_Tp, 
        -: 1172:           typename __void_t<typename _Tp::propagate_on_container_swap>::type>
        -: 1173:               : true_type {};
        -: 1174:
        -: 1175:template <class _Alloc, bool = __has_propagate_on_container_swap<_Alloc>::value>
        -: 1176:struct __propagate_on_container_swap
        -: 1177:{
        -: 1178:    typedef false_type type;
        -: 1179:};
        -: 1180:
        -: 1181:template <class _Alloc>
        -: 1182:struct __propagate_on_container_swap<_Alloc, true>
        -: 1183:{
        -: 1184:    typedef typename _Alloc::propagate_on_container_swap type;
        -: 1185:};
        -: 1186:
        -: 1187:template <class _Tp, class = void>
        -: 1188:struct __has_is_always_equal : false_type {};
        -: 1189:
        -: 1190:template <class _Tp>
        -: 1191:struct __has_is_always_equal<_Tp, 
        -: 1192:           typename __void_t<typename _Tp::is_always_equal>::type>
        -: 1193:               : true_type {};
        -: 1194:
        -: 1195:template <class _Alloc, bool = __has_is_always_equal<_Alloc>::value>
        -: 1196:struct __is_always_equal
        -: 1197:{
        -: 1198:    typedef typename _VSTD::is_empty<_Alloc>::type type;
        -: 1199:};
        -: 1200:
        -: 1201:template <class _Alloc>
        -: 1202:struct __is_always_equal<_Alloc, true>
        -: 1203:{
        -: 1204:    typedef typename _Alloc::is_always_equal type;
        -: 1205:};
        -: 1206:
        -: 1207:template <class _Tp, class _Up, bool = __has_rebind<_Tp, _Up>::value>
        -: 1208:struct __has_rebind_other
        -: 1209:{
        -: 1210:private:
        -: 1211:    struct __two {char __lx; char __lxx;};
        -: 1212:    template <class _Xp> static __two __test(...);
        -: 1213:    template <class _Xp> static char __test(typename _Xp::template rebind<_Up>::other* = 0);
        -: 1214:public:
        -: 1215:    static const bool value = sizeof(__test<_Tp>(0)) == 1;
        -: 1216:};
        -: 1217:
        -: 1218:template <class _Tp, class _Up>
        -: 1219:struct __has_rebind_other<_Tp, _Up, false>
        -: 1220:{
        -: 1221:    static const bool value = false;
        -: 1222:};
        -: 1223:
        -: 1224:template <class _Tp, class _Up, bool = __has_rebind_other<_Tp, _Up>::value>
        -: 1225:struct __allocator_traits_rebind
        -: 1226:{
        -: 1227:    typedef typename _Tp::template rebind<_Up>::other type;
        -: 1228:};
        -: 1229:
        -: 1230:#ifndef _LIBCPP_HAS_NO_VARIADICS
        -: 1231:
        -: 1232:template <template <class, class...> class _Alloc, class _Tp, class ..._Args, class _Up>
        -: 1233:struct __allocator_traits_rebind<_Alloc<_Tp, _Args...>, _Up, true>
        -: 1234:{
        -: 1235:    typedef typename _Alloc<_Tp, _Args...>::template rebind<_Up>::other type;
        -: 1236:};
        -: 1237:
        -: 1238:template <template <class, class...> class _Alloc, class _Tp, class ..._Args, class _Up>
        -: 1239:struct __allocator_traits_rebind<_Alloc<_Tp, _Args...>, _Up, false>
        -: 1240:{
        -: 1241:    typedef _Alloc<_Up, _Args...> type;
        -: 1242:};
        -: 1243:
        -: 1244:#else  // _LIBCPP_HAS_NO_VARIADICS
        -: 1245:
        -: 1246:template <template <class> class _Alloc, class _Tp, class _Up>
        -: 1247:struct __allocator_traits_rebind<_Alloc<_Tp>, _Up, true>
        -: 1248:{
        -: 1249:    typedef typename _Alloc<_Tp>::template rebind<_Up>::other type;
        -: 1250:};
        -: 1251:
        -: 1252:template <template <class> class _Alloc, class _Tp, class _Up>
        -: 1253:struct __allocator_traits_rebind<_Alloc<_Tp>, _Up, false>
        -: 1254:{
        -: 1255:    typedef _Alloc<_Up> type;
        -: 1256:};
        -: 1257:
        -: 1258:template <template <class, class> class _Alloc, class _Tp, class _A0, class _Up>
        -: 1259:struct __allocator_traits_rebind<_Alloc<_Tp, _A0>, _Up, true>
        -: 1260:{
        -: 1261:    typedef typename _Alloc<_Tp, _A0>::template rebind<_Up>::other type;
        -: 1262:};
        -: 1263:
        -: 1264:template <template <class, class> class _Alloc, class _Tp, class _A0, class _Up>
        -: 1265:struct __allocator_traits_rebind<_Alloc<_Tp, _A0>, _Up, false>
        -: 1266:{
        -: 1267:    typedef _Alloc<_Up, _A0> type;
        -: 1268:};
        -: 1269:
        -: 1270:template <template <class, class, class> class _Alloc, class _Tp, class _A0,
        -: 1271:                                         class _A1, class _Up>
        -: 1272:struct __allocator_traits_rebind<_Alloc<_Tp, _A0, _A1>, _Up, true>
        -: 1273:{
        -: 1274:    typedef typename _Alloc<_Tp, _A0, _A1>::template rebind<_Up>::other type;
        -: 1275:};
        -: 1276:
        -: 1277:template <template <class, class, class> class _Alloc, class _Tp, class _A0,
        -: 1278:                                         class _A1, class _Up>
        -: 1279:struct __allocator_traits_rebind<_Alloc<_Tp, _A0, _A1>, _Up, false>
        -: 1280:{
        -: 1281:    typedef _Alloc<_Up, _A0, _A1> type;
        -: 1282:};
        -: 1283:
        -: 1284:template <template <class, class, class, class> class _Alloc, class _Tp, class _A0,
        -: 1285:                                                class _A1, class _A2, class _Up>
        -: 1286:struct __allocator_traits_rebind<_Alloc<_Tp, _A0, _A1, _A2>, _Up, true>
        -: 1287:{
        -: 1288:    typedef typename _Alloc<_Tp, _A0, _A1, _A2>::template rebind<_Up>::other type;
        -: 1289:};
        -: 1290:
        -: 1291:template <template <class, class, class, class> class _Alloc, class _Tp, class _A0,
        -: 1292:                                                class _A1, class _A2, class _Up>
        -: 1293:struct __allocator_traits_rebind<_Alloc<_Tp, _A0, _A1, _A2>, _Up, false>
        -: 1294:{
        -: 1295:    typedef _Alloc<_Up, _A0, _A1, _A2> type;
        -: 1296:};
        -: 1297:
        -: 1298:#endif  // _LIBCPP_HAS_NO_VARIADICS
        -: 1299:
        -: 1300:#ifndef _LIBCPP_CXX03_LANG
        -: 1301:
        -: 1302:template <class _Alloc, class _SizeType, class _ConstVoidPtr>
        -: 1303:auto
        -: 1304:__has_allocate_hint_test(_Alloc&& __a, _SizeType&& __sz, _ConstVoidPtr&& __p)
        -: 1305:    -> decltype(__a.allocate(__sz, __p), true_type());
        -: 1306:
        -: 1307:template <class _Alloc, class _SizeType, class _ConstVoidPtr>
        -: 1308:auto
        -: 1309:__has_allocate_hint_test(const _Alloc& __a, _SizeType&& __sz, _ConstVoidPtr&& __p)
        -: 1310:    -> false_type;
        -: 1311:
        -: 1312:template <class _Alloc, class _SizeType, class _ConstVoidPtr>
        -: 1313:struct __has_allocate_hint
        -: 1314:    : integral_constant<bool,
        -: 1315:        is_same<
        -: 1316:            decltype(__has_allocate_hint_test(declval<_Alloc>(),
        -: 1317:                                          declval<_SizeType>(),
        -: 1318:                                          declval<_ConstVoidPtr>())),
        -: 1319:            true_type>::value>
        -: 1320:{
        -: 1321:};
        -: 1322:
        -: 1323:#else  // _LIBCPP_CXX03_LANG
        -: 1324:
        -: 1325:template <class _Alloc, class _SizeType, class _ConstVoidPtr>
        -: 1326:struct __has_allocate_hint
        -: 1327:    : true_type
        -: 1328:{
        -: 1329:};
        -: 1330:
        -: 1331:#endif  // _LIBCPP_CXX03_LANG
        -: 1332:
        -: 1333:#if !defined(_LIBCPP_CXX03_LANG)
        -: 1334:
        -: 1335:template <class _Alloc, class _Tp, class ..._Args>
        -: 1336:decltype(_VSTD::declval<_Alloc>().construct(_VSTD::declval<_Tp*>(),
        -: 1337:                                           _VSTD::declval<_Args>()...),
        -: 1338:                                           true_type())
        -: 1339:__has_construct_test(_Alloc&& __a, _Tp* __p, _Args&& ...__args);
        -: 1340:
        -: 1341:template <class _Alloc, class _Pointer, class ..._Args>
        -: 1342:false_type
        -: 1343:__has_construct_test(const _Alloc& __a, _Pointer&& __p, _Args&& ...__args);
        -: 1344:
        -: 1345:template <class _Alloc, class _Pointer, class ..._Args>
        -: 1346:struct __has_construct
        -: 1347:    : integral_constant<bool,
        -: 1348:        is_same<
        -: 1349:            decltype(__has_construct_test(declval<_Alloc>(),
        -: 1350:                                          declval<_Pointer>(),
        -: 1351:                                          declval<_Args>()...)),
        -: 1352:            true_type>::value>
        -: 1353:{
        -: 1354:};
        -: 1355:
        -: 1356:template <class _Alloc, class _Pointer>
        -: 1357:auto
        -: 1358:__has_destroy_test(_Alloc&& __a, _Pointer&& __p)
        -: 1359:    -> decltype(__a.destroy(__p), true_type());
        -: 1360:
        -: 1361:template <class _Alloc, class _Pointer>
        -: 1362:auto
        -: 1363:__has_destroy_test(const _Alloc& __a, _Pointer&& __p)
        -: 1364:    -> false_type;
        -: 1365:
        -: 1366:template <class _Alloc, class _Pointer>
        -: 1367:struct __has_destroy
        -: 1368:    : integral_constant<bool,
        -: 1369:        is_same<
        -: 1370:            decltype(__has_destroy_test(declval<_Alloc>(),
        -: 1371:                                        declval<_Pointer>())),
        -: 1372:            true_type>::value>
        -: 1373:{
        -: 1374:};
        -: 1375:
        -: 1376:template <class _Alloc>
        -: 1377:auto
        -: 1378:__has_max_size_test(_Alloc&& __a)
        -: 1379:    -> decltype(__a.max_size(), true_type());
        -: 1380:
        -: 1381:template <class _Alloc>
        -: 1382:auto
        -: 1383:__has_max_size_test(const volatile _Alloc& __a)
        -: 1384:    -> false_type;
        -: 1385:
        -: 1386:template <class _Alloc>
        -: 1387:struct __has_max_size
        -: 1388:    : integral_constant<bool,
        -: 1389:        is_same<
        -: 1390:            decltype(__has_max_size_test(declval<_Alloc&>())),
        -: 1391:            true_type>::value>
        -: 1392:{
        -: 1393:};
        -: 1394:
        -: 1395:template <class _Alloc>
        -: 1396:auto
        -: 1397:__has_select_on_container_copy_construction_test(_Alloc&& __a)
        -: 1398:    -> decltype(__a.select_on_container_copy_construction(), true_type());
        -: 1399:
        -: 1400:template <class _Alloc>
        -: 1401:auto
        -: 1402:__has_select_on_container_copy_construction_test(const volatile _Alloc& __a)
        -: 1403:    -> false_type;
        -: 1404:
        -: 1405:template <class _Alloc>
        -: 1406:struct __has_select_on_container_copy_construction
        -: 1407:    : integral_constant<bool,
        -: 1408:        is_same<
        -: 1409:            decltype(__has_select_on_container_copy_construction_test(declval<_Alloc&>())),
        -: 1410:            true_type>::value>
        -: 1411:{
        -: 1412:};
        -: 1413:
        -: 1414:#else  // _LIBCPP_CXX03_LANG
        -: 1415:
        -: 1416:#ifndef _LIBCPP_HAS_NO_VARIADICS
        -: 1417:
        -: 1418:template <class _Alloc, class _Pointer, class ..._Args>
        -: 1419:struct __has_construct
        -: 1420:    : false_type
        -: 1421:{
        -: 1422:};
        -: 1423:
        -: 1424:#else  // _LIBCPP_HAS_NO_VARIADICS
        -: 1425:
        -: 1426:template <class _Alloc, class _Pointer, class _Args>
        -: 1427:struct __has_construct
        -: 1428:    : false_type
        -: 1429:{
        -: 1430:};
        -: 1431:
        -: 1432:#endif  // _LIBCPP_HAS_NO_VARIADICS
        -: 1433:
        -: 1434:template <class _Alloc, class _Pointer>
        -: 1435:struct __has_destroy
        -: 1436:    : false_type
        -: 1437:{
        -: 1438:};
        -: 1439:
        -: 1440:template <class _Alloc>
        -: 1441:struct __has_max_size
        -: 1442:    : true_type
        -: 1443:{
        -: 1444:};
        -: 1445:
        -: 1446:template <class _Alloc>
        -: 1447:struct __has_select_on_container_copy_construction
        -: 1448:    : false_type
        -: 1449:{
        -: 1450:};
        -: 1451:
        -: 1452:#endif  // _LIBCPP_CXX03_LANG
        -: 1453:
        -: 1454:template <class _Alloc, class _Ptr, bool = __has_difference_type<_Alloc>::value>
        -: 1455:struct __alloc_traits_difference_type
        -: 1456:{
        -: 1457:    typedef typename pointer_traits<_Ptr>::difference_type type;
        -: 1458:};
        -: 1459:
        -: 1460:template <class _Alloc, class _Ptr>
        -: 1461:struct __alloc_traits_difference_type<_Alloc, _Ptr, true>
        -: 1462:{
        -: 1463:    typedef typename _Alloc::difference_type type;
        -: 1464:};
        -: 1465:
        -: 1466:template <class _Alloc>
        -: 1467:struct _LIBCPP_TEMPLATE_VIS allocator_traits
        -: 1468:{
        -: 1469:    typedef _Alloc                              allocator_type;
        -: 1470:    typedef typename allocator_type::value_type value_type;
        -: 1471:
        -: 1472:    typedef typename __pointer_type<value_type, allocator_type>::type pointer;
        -: 1473:    typedef typename __const_pointer<value_type, pointer, allocator_type>::type const_pointer;
        -: 1474:    typedef typename __void_pointer<pointer, allocator_type>::type void_pointer;
        -: 1475:    typedef typename __const_void_pointer<pointer, allocator_type>::type const_void_pointer;
        -: 1476:
        -: 1477:    typedef typename __alloc_traits_difference_type<allocator_type, pointer>::type difference_type;
        -: 1478:    typedef typename __size_type<allocator_type, difference_type>::type size_type;
        -: 1479:
        -: 1480:    typedef typename __propagate_on_container_copy_assignment<allocator_type>::type
        -: 1481:                     propagate_on_container_copy_assignment;
        -: 1482:    typedef typename __propagate_on_container_move_assignment<allocator_type>::type
        -: 1483:                     propagate_on_container_move_assignment;
        -: 1484:    typedef typename __propagate_on_container_swap<allocator_type>::type
        -: 1485:                     propagate_on_container_swap;
        -: 1486:    typedef typename __is_always_equal<allocator_type>::type
        -: 1487:                     is_always_equal;
        -: 1488:
        -: 1489:#ifndef _LIBCPP_CXX03_LANG
        -: 1490:    template <class _Tp> using rebind_alloc =
        -: 1491:                  typename __allocator_traits_rebind<allocator_type, _Tp>::type;
        -: 1492:    template <class _Tp> using rebind_traits = allocator_traits<rebind_alloc<_Tp>>;
        -: 1493:#else  // _LIBCPP_CXX03_LANG
        -: 1494:    template <class _Tp> struct rebind_alloc
        -: 1495:        {typedef typename __allocator_traits_rebind<allocator_type, _Tp>::type other;};
        -: 1496:    template <class _Tp> struct rebind_traits
        -: 1497:        {typedef allocator_traits<typename rebind_alloc<_Tp>::other> other;};
        -: 1498:#endif  // _LIBCPP_CXX03_LANG
        -: 1499:
        -: 1500:    _LIBCPP_INLINE_VISIBILITY
        -: 1501:    static pointer allocate(allocator_type& __a, size_type __n)
        -: 1502:        {return __a.allocate(__n);}
        -: 1503:    _LIBCPP_INLINE_VISIBILITY
        -: 1504:    static pointer allocate(allocator_type& __a, size_type __n, const_void_pointer __hint)
        -: 1505:        {return __allocate(__a, __n, __hint,
        -: 1506:            __has_allocate_hint<allocator_type, size_type, const_void_pointer>());}
        -: 1507:
        -: 1508:    _LIBCPP_INLINE_VISIBILITY
        -: 1509:    static void deallocate(allocator_type& __a, pointer __p, size_type __n) _NOEXCEPT
        -: 1510:        {__a.deallocate(__p, __n);}
        -: 1511:
        -: 1512:#ifndef _LIBCPP_HAS_NO_VARIADICS
        -: 1513:    template <class _Tp, class... _Args>
        -: 1514:        _LIBCPP_INLINE_VISIBILITY
        -: 1515:        static void construct(allocator_type& __a, _Tp* __p, _Args&&... __args)
        -: 1516:            {__construct(__has_construct<allocator_type, _Tp*, _Args...>(),
        -: 1517:                         __a, __p, _VSTD::forward<_Args>(__args)...);}
        -: 1518:#else  // _LIBCPP_HAS_NO_VARIADICS
        -: 1519:    template <class _Tp>
        -: 1520:        _LIBCPP_INLINE_VISIBILITY
        -: 1521:        static void construct(allocator_type&, _Tp* __p)
        -: 1522:            {
        -: 1523:                ::new ((void*)__p) _Tp();
        -: 1524:            }
        -: 1525:    template <class _Tp, class _A0>
        -: 1526:        _LIBCPP_INLINE_VISIBILITY
        -: 1527:        static void construct(allocator_type&, _Tp* __p, const _A0& __a0)
        -: 1528:            {
        -: 1529:                ::new ((void*)__p) _Tp(__a0);
        -: 1530:            }
        -: 1531:    template <class _Tp, class _A0, class _A1>
        -: 1532:        _LIBCPP_INLINE_VISIBILITY
        -: 1533:        static void construct(allocator_type&, _Tp* __p, const _A0& __a0,
        -: 1534:                              const _A1& __a1)
        -: 1535:            {
        -: 1536:                ::new ((void*)__p) _Tp(__a0, __a1);
        -: 1537:            }
        -: 1538:    template <class _Tp, class _A0, class _A1, class _A2>
        -: 1539:        _LIBCPP_INLINE_VISIBILITY
        -: 1540:        static void construct(allocator_type&, _Tp* __p, const _A0& __a0,
        -: 1541:                              const _A1& __a1, const _A2& __a2)
        -: 1542:            {
        -: 1543:                ::new ((void*)__p) _Tp(__a0, __a1, __a2);
        -: 1544:            }
        -: 1545:#endif  // _LIBCPP_HAS_NO_VARIADICS
        -: 1546:
        -: 1547:    template <class _Tp>
        -: 1548:        _LIBCPP_INLINE_VISIBILITY
        -: 1549:        static void destroy(allocator_type& __a, _Tp* __p)
        -: 1550:            {__destroy(__has_destroy<allocator_type, _Tp*>(), __a, __p);}
        -: 1551:
        -: 1552:    _LIBCPP_INLINE_VISIBILITY
        -: 1553:    static size_type max_size(const allocator_type& __a) _NOEXCEPT
        -: 1554:        {return __max_size(__has_max_size<const allocator_type>(), __a);}
        -: 1555:
        -: 1556:    _LIBCPP_INLINE_VISIBILITY
        -: 1557:    static allocator_type
        -: 1558:        select_on_container_copy_construction(const allocator_type& __a)
        -: 1559:            {return __select_on_container_copy_construction(
        -: 1560:                __has_select_on_container_copy_construction<const allocator_type>(),
        -: 1561:                __a);}
        -: 1562:
        -: 1563:    template <class _Ptr>
        -: 1564:        _LIBCPP_INLINE_VISIBILITY
        -: 1565:        static
        -: 1566:        void
        -: 1567:        __construct_forward(allocator_type& __a, _Ptr __begin1, _Ptr __end1, _Ptr& __begin2)
        -: 1568:        {
        -: 1569:            for (; __begin1 != __end1; ++__begin1, ++__begin2)
        -: 1570:                construct(__a, _VSTD::__to_raw_pointer(__begin2), _VSTD::move_if_noexcept(*__begin1));
        -: 1571:        }
        -: 1572:
        -: 1573:    template <class _Tp>
        -: 1574:        _LIBCPP_INLINE_VISIBILITY
        -: 1575:        static
        -: 1576:        typename enable_if
        -: 1577:        <
        -: 1578:            (is_same<allocator_type, allocator<_Tp> >::value
        -: 1579:                || !__has_construct<allocator_type, _Tp*, _Tp>::value) &&
        -: 1580:             is_trivially_move_constructible<_Tp>::value,
        -: 1581:            void
        -: 1582:        >::type
        -: 1583:        __construct_forward(allocator_type&, _Tp* __begin1, _Tp* __end1, _Tp*& __begin2)
        -: 1584:        {
        -: 1585:            ptrdiff_t _Np = __end1 - __begin1;
        -: 1586:            if (_Np > 0)
        -: 1587:            {
        -: 1588:                _VSTD::memcpy(__begin2, __begin1, _Np * sizeof(_Tp));
        -: 1589:                __begin2 += _Np;
        -: 1590:            }
        -: 1591:        }
        -: 1592:
        -: 1593:    template <class _Iter, class _Ptr>
        -: 1594:        _LIBCPP_INLINE_VISIBILITY
        -: 1595:        static
        -: 1596:        void
        -: 1597:        __construct_range_forward(allocator_type& __a, _Iter __begin1, _Iter __end1, _Ptr& __begin2)
        -: 1598:        {
        -: 1599:            for (; __begin1 != __end1; ++__begin1, (void) ++__begin2)
        -: 1600:                construct(__a, _VSTD::__to_raw_pointer(__begin2), *__begin1);
        -: 1601:        }
        -: 1602:
        -: 1603:    template <class _Tp>
        -: 1604:        _LIBCPP_INLINE_VISIBILITY
        -: 1605:        static
        -: 1606:        typename enable_if
        -: 1607:        <
        -: 1608:            (is_same<allocator_type, allocator<_Tp> >::value
        -: 1609:                || !__has_construct<allocator_type, _Tp*, _Tp>::value) &&
        -: 1610:             is_trivially_move_constructible<_Tp>::value,
        -: 1611:            void
        -: 1612:        >::type
        -: 1613:        __construct_range_forward(allocator_type&, _Tp* __begin1, _Tp* __end1, _Tp*& __begin2)
        -: 1614:        {
        -: 1615:            typedef typename remove_const<_Tp>::type _Vp;
        -: 1616:            ptrdiff_t _Np = __end1 - __begin1;
        -: 1617:            if (_Np > 0)
        -: 1618:            {
        -: 1619:                _VSTD::memcpy(const_cast<_Vp*>(__begin2), __begin1, _Np * sizeof(_Tp));
        -: 1620:                __begin2 += _Np;
        -: 1621:            }
        -: 1622:        }
        -: 1623:
        -: 1624:    template <class _Ptr>
        -: 1625:        _LIBCPP_INLINE_VISIBILITY
        -: 1626:        static
        -: 1627:        void
        -: 1628:        __construct_backward(allocator_type& __a, _Ptr __begin1, _Ptr __end1, _Ptr& __end2)
        -: 1629:        {
        -: 1630:            while (__end1 != __begin1)
        -: 1631:            {
        -: 1632:                construct(__a, _VSTD::__to_raw_pointer(__end2-1), _VSTD::move_if_noexcept(*--__end1));
[...]
        -: 5076:
        -: 5077:#ifndef _LIBCPP_HAS_NO_RVALUE_REFERENCES
        -: 5078:
        -: 5079:template<class _Tp>
        -: 5080:inline
        -: 5081:weak_ptr<_Tp>&
        -: 5082:weak_ptr<_Tp>::operator=(weak_ptr&& __r) _NOEXCEPT
        -: 5083:{
        -: 5084:    weak_ptr(_VSTD::move(__r)).swap(*this);
        -: 5085:    return *this;
        -: 5086:}
        -: 5087:
        -: 5088:template<class _Tp>
        -: 5089:template<class _Yp>
        -: 5090:inline
        -: 5091:typename enable_if
        -: 5092:<
        -: 5093:    is_convertible<_Yp*, _Tp*>::value,
        -: 5094:    weak_ptr<_Tp>&
        -: 5095:>::type
        -: 5096:weak_ptr<_Tp>::operator=(weak_ptr<_Yp>&& __r) _NOEXCEPT
        -: 5097:{
        -: 5098:    weak_ptr(_VSTD::move(__r)).swap(*this);
        -: 5099:    return *this;
        -: 5100:}
        -: 5101:
        -: 5102:#endif  // _LIBCPP_HAS_NO_RVALUE_REFERENCES
        -: 5103:
        -: 5104:template<class _Tp>
        -: 5105:template<class _Yp>
        -: 5106:inline
        -: 5107:typename enable_if
        -: 5108:<
        -: 5109:    is_convertible<_Yp*, _Tp*>::value,
        -: 5110:    weak_ptr<_Tp>&
        -: 5111:>::type
        -: 5112:weak_ptr<_Tp>::operator=(shared_ptr<_Yp> const& __r) _NOEXCEPT
        -: 5113:{
        -: 5114:    weak_ptr(__r).swap(*this);
        -: 5115:    return *this;
        -: 5116:}
        -: 5117:
        -: 5118:template<class _Tp>
        -: 5119:inline
        -: 5120:void
        -: 5121:weak_ptr<_Tp>::swap(weak_ptr& __r) _NOEXCEPT
        -: 5122:{
        -: 5123:    _VSTD::swap(__ptr_, __r.__ptr_);
        -: 5124:    _VSTD::swap(__cntrl_, __r.__cntrl_);
        -: 5125:}
        -: 5126:
        -: 5127:template<class _Tp>
        -: 5128:inline _LIBCPP_INLINE_VISIBILITY
        -: 5129:void
        -: 5130:swap(weak_ptr<_Tp>& __x, weak_ptr<_Tp>& __y) _NOEXCEPT
        -: 5131:{
        -: 5132:    __x.swap(__y);
        -: 5133:}
        -: 5134:
        -: 5135:template<class _Tp>
        -: 5136:inline
        -: 5137:void
        -: 5138:weak_ptr<_Tp>::reset() _NOEXCEPT
        -: 5139:{
        -: 5140:    weak_ptr().swap(*this);
        -: 5141:}
        -: 5142:
        -: 5143:template<class _Tp>
        -: 5144:template<class _Yp>
        -: 5145:shared_ptr<_Tp>::shared_ptr(const weak_ptr<_Yp>& __r,
        -: 5146:                            typename enable_if<is_convertible<_Yp*, element_type*>::value, __nat>::type)
        -: 5147:    : __ptr_(__r.__ptr_),
        -: 5148:      __cntrl_(__r.__cntrl_ ? __r.__cntrl_->lock() : __r.__cntrl_)
        -: 5149:{
        -: 5150:    if (__cntrl_ == 0)
        -: 5151:        __throw_bad_weak_ptr();
        -: 5152:}
        -: 5153:
        -: 5154:template<class _Tp>
        -: 5155:shared_ptr<_Tp>
        -: 5156:weak_ptr<_Tp>::lock() const _NOEXCEPT
        -: 5157:{
        -: 5158:    shared_ptr<_Tp> __r;
        -: 5159:    __r.__cntrl_ = __cntrl_ ? __cntrl_->lock() : __cntrl_;
        -: 5160:    if (__r.__cntrl_)
        -: 5161:        __r.__ptr_ = __ptr_;
        -: 5162:    return __r;
        -: 5163:}
        -: 5164:
        -: 5165:#if _LIBCPP_STD_VER > 14
        -: 5166:template <class _Tp = void> struct owner_less;
        -: 5167:#else
        -: 5168:template <class _Tp> struct owner_less;
        -: 5169:#endif
        -: 5170:
        -: 5171:template <class _Tp>
        -: 5172:struct _LIBCPP_TEMPLATE_VIS owner_less<shared_ptr<_Tp> >
        -: 5173:    : binary_function<shared_ptr<_Tp>, shared_ptr<_Tp>, bool>
        -: 5174:{
        -: 5175:    typedef bool result_type;
        -: 5176:    _LIBCPP_INLINE_VISIBILITY
        -: 5177:    bool operator()(shared_ptr<_Tp> const& __x, shared_ptr<_Tp> const& __y) const _NOEXCEPT
        -: 5178:        {return __x.owner_before(__y);}
        -: 5179:    _LIBCPP_INLINE_VISIBILITY
        -: 5180:    bool operator()(shared_ptr<_Tp> const& __x,   weak_ptr<_Tp> const& __y) const _NOEXCEPT
        -: 5181:        {return __x.owner_before(__y);}
        -: 5182:    _LIBCPP_INLINE_VISIBILITY
        -: 5183:    bool operator()(  weak_ptr<_Tp> const& __x, shared_ptr<_Tp> const& __y) const _NOEXCEPT
        -: 5184:        {return __x.owner_before(__y);}
        -: 5185:};
        -: 5186:
        -: 5187:template <class _Tp>
        -: 5188:struct _LIBCPP_TEMPLATE_VIS owner_less<weak_ptr<_Tp> >
        -: 5189:    : binary_function<weak_ptr<_Tp>, weak_ptr<_Tp>, bool>
        -: 5190:{
        -: 5191:    typedef bool result_type;
        -: 5192:    _LIBCPP_INLINE_VISIBILITY
        -: 5193:    bool operator()(  weak_ptr<_Tp> const& __x,   weak_ptr<_Tp> const& __y) const _NOEXCEPT
        -: 5194:        {return __x.owner_before(__y);}
        -: 5195:    _LIBCPP_INLINE_VISIBILITY
        -: 5196:    bool operator()(shared_ptr<_Tp> const& __x,   weak_ptr<_Tp> const& __y) const _NOEXCEPT
        -: 5197:        {return __x.owner_before(__y);}
        -: 5198:    _LIBCPP_INLINE_VISIBILITY
        -: 5199:    bool operator()(  weak_ptr<_Tp> const& __x, shared_ptr<_Tp> const& __y) const _NOEXCEPT
        -: 5200:        {return __x.owner_before(__y);}
        -: 5201:};
        -: 5202:
        -: 5203:#if _LIBCPP_STD_VER > 14
        -: 5204:template <>
        -: 5205:struct _LIBCPP_TEMPLATE_VIS owner_less<void>
        -: 5206:{
        -: 5207:    template <class _Tp, class _Up>
        -: 5208:    _LIBCPP_INLINE_VISIBILITY
        -: 5209:    bool operator()( shared_ptr<_Tp> const& __x, shared_ptr<_Up> const& __y) const _NOEXCEPT
        -: 5210:        {return __x.owner_before(__y);}
        -: 5211:    template <class _Tp, class _Up>
        -: 5212:    _LIBCPP_INLINE_VISIBILITY
        -: 5213:    bool operator()( shared_ptr<_Tp> const& __x,   weak_ptr<_Up> const& __y) const _NOEXCEPT
        -: 5214:        {return __x.owner_before(__y);}
        -: 5215:    template <class _Tp, class _Up>
        -: 5216:    _LIBCPP_INLINE_VISIBILITY
        -: 5217:    bool operator()(   weak_ptr<_Tp> const& __x, shared_ptr<_Up> const& __y) const _NOEXCEPT
        -: 5218:        {return __x.owner_before(__y);}
        -: 5219:    template <class _Tp, class _Up>
        -: 5220:    _LIBCPP_INLINE_VISIBILITY
        -: 5221:    bool operator()(   weak_ptr<_Tp> const& __x,   weak_ptr<_Up> const& __y) const _NOEXCEPT
        -: 5222:        {return __x.owner_before(__y);}
        -: 5223:    typedef void is_transparent;
        -: 5224:};
        -: 5225:#endif
        -: 5226:
        -: 5227:template<class _Tp>
        -: 5228:class _LIBCPP_TEMPLATE_VIS enable_shared_from_this
        -: 5229:{
        -: 5230:    mutable weak_ptr<_Tp> __weak_this_;
        -: 5231:protected:
        -: 5232:    _LIBCPP_INLINE_VISIBILITY _LIBCPP_CONSTEXPR
        -: 5233:    enable_shared_from_this() _NOEXCEPT {}
        -: 5234:    _LIBCPP_INLINE_VISIBILITY
        -: 5235:    enable_shared_from_this(enable_shared_from_this const&) _NOEXCEPT {}
        -: 5236:    _LIBCPP_INLINE_VISIBILITY
        -: 5237:    enable_shared_from_this& operator=(enable_shared_from_this const&) _NOEXCEPT
        -: 5238:        {return *this;}
        -: 5239:    _LIBCPP_INLINE_VISIBILITY
        -: 5240:    ~enable_shared_from_this() {}
        -: 5241:public:
        -: 5242:    _LIBCPP_INLINE_VISIBILITY
        -: 5243:    shared_ptr<_Tp> shared_from_this()
        -: 5244:        {return shared_ptr<_Tp>(__weak_this_);}
        -: 5245:    _LIBCPP_INLINE_VISIBILITY
        -: 5246:    shared_ptr<_Tp const> shared_from_this() const
        -: 5247:        {return shared_ptr<const _Tp>(__weak_this_);}
        -: 5248:
        -: 5249:#if _LIBCPP_STD_VER > 14
        -: 5250:    _LIBCPP_INLINE_VISIBILITY
        -: 5251:    weak_ptr<_Tp> weak_from_this() _NOEXCEPT
        -: 5252:       { return __weak_this_; }
        -: 5253:
        -: 5254:    _LIBCPP_INLINE_VISIBILITY
        -: 5255:    weak_ptr<const _Tp> weak_from_this() const _NOEXCEPT
        -: 5256:        { return __weak_this_; }
        -: 5257:#endif // _LIBCPP_STD_VER > 14
        -: 5258:
        -: 5259:    template <class _Up> friend class shared_ptr;
        -: 5260:};
        -: 5261:
        -: 5262:template <class _Tp>
        -: 5263:struct _LIBCPP_TEMPLATE_VIS hash<shared_ptr<_Tp> >
        -: 5264:{
        -: 5265:    typedef shared_ptr<_Tp>      argument_type;
        -: 5266:    typedef size_t               result_type;
        -: 5267:
        -: 5268:    _LIBCPP_INLINE_VISIBILITY
        -: 5269:    result_type operator()(const argument_type& __ptr) const _NOEXCEPT
        -: 5270:    {
        -: 5271:        return hash<_Tp*>()(__ptr.get());
        -: 5272:    }
        -: 5273:};
        -: 5274:
        -: 5275:template<class _CharT, class _Traits, class _Yp>
        -: 5276:inline _LIBCPP_INLINE_VISIBILITY
        -: 5277:basic_ostream<_CharT, _Traits>&
        -: 5278:operator<<(basic_ostream<_CharT, _Traits>& __os, shared_ptr<_Yp> const& __p);
        -: 5279:
        -: 5280:
        -: 5281:#if !defined(_LIBCPP_HAS_NO_ATOMIC_HEADER)
        -: 5282:
        -: 5283:class _LIBCPP_TYPE_VIS __sp_mut
        -: 5284:{
        -: 5285:    void* __lx;
        -: 5286:public:
        -: 5287:    void lock() _NOEXCEPT;
        -: 5288:    void unlock() _NOEXCEPT;
        -: 5289:
        -: 5290:private:
        -: 5291:    _LIBCPP_CONSTEXPR __sp_mut(void*) _NOEXCEPT;
        -: 5292:    __sp_mut(const __sp_mut&);
        -: 5293:    __sp_mut& operator=(const __sp_mut&);
        -: 5294:
        -: 5295:    friend _LIBCPP_FUNC_VIS __sp_mut& __get_sp_mut(const void*);
        -: 5296:};
        -: 5297:
        -: 5298:_LIBCPP_FUNC_VIS _LIBCPP_AVAILABILITY_ATOMIC_SHARED_PTR
        -: 5299:__sp_mut& __get_sp_mut(const void*);
        -: 5300:
        -: 5301:template <class _Tp>
        -: 5302:inline _LIBCPP_INLINE_VISIBILITY
        -: 5303:bool
        -: 5304:atomic_is_lock_free(const shared_ptr<_Tp>*)
        -: 5305:{
        -: 5306:    return false;
        -: 5307:}
        -: 5308:
        -: 5309:template <class _Tp>
        -: 5310:_LIBCPP_AVAILABILITY_ATOMIC_SHARED_PTR
        -: 5311:shared_ptr<_Tp>
        -: 5312:atomic_load(const shared_ptr<_Tp>* __p)
        -: 5313:{
        -: 5314:    __sp_mut& __m = __get_sp_mut(__p);
        -: 5315:    __m.lock();
        -: 5316:    shared_ptr<_Tp> __q = *__p;
        -: 5317:    __m.unlock();
        -: 5318:    return __q;
        -: 5319:}
        -: 5320:  
        -: 5321:template <class _Tp>
        -: 5322:inline _LIBCPP_INLINE_VISIBILITY
        -: 5323:_LIBCPP_AVAILABILITY_ATOMIC_SHARED_PTR
        -: 5324:shared_ptr<_Tp>
        -: 5325:atomic_load_explicit(const shared_ptr<_Tp>* __p, memory_order)
        -: 5326:{
        -: 5327:    return atomic_load(__p);
        -: 5328:}
        -: 5329:
        -: 5330:template <class _Tp>
        -: 5331:_LIBCPP_AVAILABILITY_ATOMIC_SHARED_PTR
        -: 5332:void
        -: 5333:atomic_store(shared_ptr<_Tp>* __p, shared_ptr<_Tp> __r)
        -: 5334:{
        -: 5335:    __sp_mut& __m = __get_sp_mut(__p);
        -: 5336:    __m.lock();
        -: 5337:    __p->swap(__r);
        -: 5338:    __m.unlock();
        -: 5339:}
        -: 5340:
        -: 5341:template <class _Tp>
        -: 5342:inline _LIBCPP_INLINE_VISIBILITY
        -: 5343:_LIBCPP_AVAILABILITY_ATOMIC_SHARED_PTR
        -: 5344:void
        -: 5345:atomic_store_explicit(shared_ptr<_Tp>* __p, shared_ptr<_Tp> __r, memory_order)
        -: 5346:{
        -: 5347:    atomic_store(__p, __r);
        -: 5348:}
        -: 5349:
        -: 5350:template <class _Tp>
        -: 5351:_LIBCPP_AVAILABILITY_ATOMIC_SHARED_PTR
        -: 5352:shared_ptr<_Tp>
        -: 5353:atomic_exchange(shared_ptr<_Tp>* __p, shared_ptr<_Tp> __r)
        -: 5354:{
        -: 5355:    __sp_mut& __m = __get_sp_mut(__p);
        -: 5356:    __m.lock();
        -: 5357:    __p->swap(__r);
        -: 5358:    __m.unlock();
        -: 5359:    return __r;
        -: 5360:}
        -: 5361:  
        -: 5362:template <class _Tp>
        -: 5363:inline _LIBCPP_INLINE_VISIBILITY
        -: 5364:_LIBCPP_AVAILABILITY_ATOMIC_SHARED_PTR
        -: 5365:shared_ptr<_Tp>
        -: 5366:atomic_exchange_explicit(shared_ptr<_Tp>* __p, shared_ptr<_Tp> __r, memory_order)
        -: 5367:{
        -: 5368:    return atomic_exchange(__p, __r);
        -: 5369:}
        -: 5370:
        -: 5371:template <class _Tp>
        -: 5372:_LIBCPP_AVAILABILITY_ATOMIC_SHARED_PTR
        -: 5373:bool
        -: 5374:atomic_compare_exchange_strong(shared_ptr<_Tp>* __p, shared_ptr<_Tp>* __v, shared_ptr<_Tp> __w)
        -: 5375:{
        -: 5376:    shared_ptr<_Tp> __temp;
        -: 5377:    __sp_mut& __m = __get_sp_mut(__p);
        -: 5378:    __m.lock();
        -: 5379:    if (__p->__owner_equivalent(*__v))
        -: 5380:    {
        -: 5381:        _VSTD::swap(__temp, *__p);
        -: 5382:        *__p = __w;
        -: 5383:        __m.unlock();
        -: 5384:        return true;
        -: 5385:    }
        -: 5386:    _VSTD::swap(__temp, *__v);
        -: 5387:    *__v = *__p;
        -: 5388:    __m.unlock();
        -: 5389:    return false;
        -: 5390:}
        -: 5391:
        -: 5392:template <class _Tp>
        -: 5393:inline _LIBCPP_INLINE_VISIBILITY
        -: 5394:_LIBCPP_AVAILABILITY_ATOMIC_SHARED_PTR
        -: 5395:bool
        -: 5396:atomic_compare_exchange_weak(shared_ptr<_Tp>* __p, shared_ptr<_Tp>* __v, shared_ptr<_Tp> __w)
        -: 5397:{
        -: 5398:    return atomic_compare_exchange_strong(__p, __v, __w);
        -: 5399:}
        -: 5400:
        -: 5401:template <class _Tp>
        -: 5402:inline _LIBCPP_INLINE_VISIBILITY
        -: 5403:_LIBCPP_AVAILABILITY_ATOMIC_SHARED_PTR
        -: 5404:bool
        -: 5405:atomic_compare_exchange_strong_explicit(shared_ptr<_Tp>* __p, shared_ptr<_Tp>* __v,
        -: 5406:                                        shared_ptr<_Tp> __w, memory_order, memory_order)
        -: 5407:{
        -: 5408:    return atomic_compare_exchange_strong(__p, __v, __w);
        -: 5409:}
        -: 5410:
        -: 5411:template <class _Tp>
        -: 5412:inline _LIBCPP_INLINE_VISIBILITY
        -: 5413:_LIBCPP_AVAILABILITY_ATOMIC_SHARED_PTR
        -: 5414:bool
        -: 5415:atomic_compare_exchange_weak_explicit(shared_ptr<_Tp>* __p, shared_ptr<_Tp>* __v,
        -: 5416:                                      shared_ptr<_Tp> __w, memory_order, memory_order)
        -: 5417:{
        -: 5418:    return atomic_compare_exchange_weak(__p, __v, __w);
        -: 5419:}
        -: 5420:
        -: 5421:#endif  // !defined(_LIBCPP_HAS_NO_ATOMIC_HEADER)
        -: 5422:
        -: 5423://enum class
        -: 5424:#if defined(_LIBCPP_ABI_POINTER_SAFETY_ENUM_TYPE)
        -: 5425:# ifndef _LIBCPP_CXX03_LANG
        -: 5426:enum class pointer_safety : unsigned char {
        -: 5427:  relaxed,
        -: 5428:  preferred,
        -: 5429:  strict
        -: 5430:};
        -: 5431:# endif
        -: 5432:#else
        -: 5433:struct _LIBCPP_TYPE_VIS pointer_safety
        -: 5434:{
        -: 5435:    enum __lx
        -: 5436:    {
        -: 5437:        relaxed,
        -: 5438:        preferred,
        -: 5439:        strict
        -: 5440:    };
        -: 5441:
        -: 5442:    __lx __v_;
        -: 5443:
        -: 5444:    _LIBCPP_INLINE_VISIBILITY
        -: 5445:    pointer_safety() : __v_() {}
        -: 5446:
        -: 5447:    _LIBCPP_INLINE_VISIBILITY
        -: 5448:    pointer_safety(__lx __v) : __v_(__v) {}
        -: 5449:    _LIBCPP_INLINE_VISIBILITY
        -: 5450:    operator int() const {return __v_;}
        -: 5451:};
        -: 5452:#endif
        -: 5453:
        -: 5454:#if !defined(_LIBCPP_ABI_POINTER_SAFETY_ENUM_TYPE) && \
        -: 5455:    defined(_LIBCPP_BUILDING_MEMORY)
        -: 5456:_LIBCPP_FUNC_VIS pointer_safety get_pointer_safety() _NOEXCEPT;
        -: 5457:#else
        -: 5458:// This function is only offered in C++03 under ABI v1.
        -: 5459:# if !defined(_LIBCPP_ABI_POINTER_SAFETY_ENUM_TYPE) || !defined(_LIBCPP_CXX03_LANG)
        -: 5460:inline _LIBCPP_INLINE_VISIBILITY
        -: 5461:pointer_safety get_pointer_safety() _NOEXCEPT {
        -: 5462:  return pointer_safety::relaxed;
        -: 5463:}
        -: 5464:# endif
        -: 5465:#endif
        -: 5466:
        -: 5467:
        -: 5468:_LIBCPP_FUNC_VIS void declare_reachable(void* __p);
        -: 5469:_LIBCPP_FUNC_VIS void declare_no_pointers(char* __p, size_t __n);
        -: 5470:_LIBCPP_FUNC_VIS void undeclare_no_pointers(char* __p, size_t __n);
        -: 5471:_LIBCPP_FUNC_VIS void* __undeclare_reachable(void* __p);
        -: 5472:
        -: 5473:template <class _Tp>
        -: 5474:inline _LIBCPP_INLINE_VISIBILITY
        -: 5475:_Tp*
        -: 5476:undeclare_reachable(_Tp* __p)
        -: 5477:{
        -: 5478:    return static_cast<_Tp*>(__undeclare_reachable(__p));
        -: 5479:}
        -: 5480:
        -: 5481:_LIBCPP_FUNC_VIS void* align(size_t __align, size_t __sz, void*& __ptr, size_t& __space);
        -: 5482:
        -: 5483:// --- Helper for container swap --
        -: 5484:template <typename _Alloc>
        -: 5485:inline _LIBCPP_INLINE_VISIBILITY
        -: 5486:void __swap_allocator(_Alloc & __a1, _Alloc & __a2)
        -: 5487:#if _LIBCPP_STD_VER >= 14
        -: 5488:    _NOEXCEPT
        -: 5489:#else
        -: 5490:    _NOEXCEPT_(__is_nothrow_swappable<_Alloc>::value)
        -: 5491:#endif
        -: 5492:{
        -: 5493:    __swap_allocator(__a1, __a2, 
        -: 5494:      integral_constant<bool, _VSTD::allocator_traits<_Alloc>::propagate_on_container_swap::value>());
        -: 5495:}
        -: 5496:
        -: 5497:template <typename _Alloc>
        -: 5498:_LIBCPP_INLINE_VISIBILITY
        -: 5499:void __swap_allocator(_Alloc & __a1, _Alloc & __a2, true_type)
        -: 5500:#if _LIBCPP_STD_VER >= 14
        -: 5501:    _NOEXCEPT
        -: 5502:#else
        -: 5503:    _NOEXCEPT_(__is_nothrow_swappable<_Alloc>::value)
        -: 5504:#endif
        -: 5505:{
        -: 5506:    using _VSTD::swap;
        -: 5507:    swap(__a1, __a2);
        -: 5508:}
        -: 5509:
        -: 5510:template <typename _Alloc>
        -: 5511:inline _LIBCPP_INLINE_VISIBILITY
        -: 5512:void __swap_allocator(_Alloc &, _Alloc &, false_type) _NOEXCEPT {}
        -: 5513:
        -: 5514:template <typename _Alloc, typename _Traits=allocator_traits<_Alloc> >
        -: 5515:struct __noexcept_move_assign_container : public integral_constant<bool, 
        -: 5516:    _Traits::propagate_on_container_move_assignment::value
        -: 5517:#if _LIBCPP_STD_VER > 14
        -: 5518:        || _Traits::is_always_equal::value
        -: 5519:#else
        -: 5520:        && is_nothrow_move_assignable<_Alloc>::value
        -: 5521:#endif
        -: 5522:    > {};
        -: 5523:
        -: 5524:
        -: 5525:#ifndef _LIBCPP_HAS_NO_VARIADICS
        -: 5526:template <class _Tp, class _Alloc>
        -: 5527:struct __temp_value {
        -: 5528:    typedef allocator_traits<_Alloc> _Traits;
        -: 5529:    
        -: 5530:    typename aligned_storage<sizeof(_Tp), alignof(_Tp)>::type __v;
        -: 5531:    _Alloc &__a;
        -: 5532:
        -: 5533:    _Tp *__addr() { return reinterpret_cast<_Tp *>(addressof(__v)); }
        -: 5534:    _Tp &   get() { return *__addr(); }
        -: 5535:        
        -: 5536:    template<class... _Args>
        -: 5537:    __temp_value(_Alloc &__alloc, _Args&& ... __args) : __a(__alloc)
        -: 5538:    { _Traits::construct(__a, __addr(), _VSTD::forward<_Args>(__args)...); }
        -: 5539:    
        -: 5540:    ~__temp_value() { _Traits::destroy(__a, __addr()); }
        -: 5541:    };
        -: 5542:#endif
        -: 5543:
        -: 5544:_LIBCPP_END_NAMESPACE_STD
        -: 5545:
        -: 5546:_LIBCPP_POP_MACROS
        -: 5547:
        -: 5548:#endif  // _LIBCPP_MEMORY
