        -:    0:Source:/Applications/Xcode.app/Contents/Developer/Toolchains/XcodeDefault.xctoolchain/usr/include/c++/v1/string
        -:    0:Graph:main.gcno
        -:    0:Data:-
        -:    0:Runs:0
        -:    0:Programs:0
        -:    1:// -*- C++ -*-
        -:    2://===--------------------------- string -----------------------------------===//
        -:    3://
        -:    4://                     The LLVM Compiler Infrastructure
        -:    5://
        -:    6:// This file is distributed under the University of Illinois Open Source
        -:    7:// License. See LICENSE.TXT for details.
        -:    8://
        -:    9://===----------------------------------------------------------------------===//
        -:   10:
        -:   11:#ifndef _LIBCPP_STRING
        -:   12:#define _LIBCPP_STRING
        -:   13:
        -:   14:/*
        -:   15:    string synopsis
        -:   16:
        -:   17:namespace std
        -:   18:{
        -:   19:
        -:   20:template <class stateT>
        -:   21:class fpos
        -:   22:{
        -:   23:private:
        -:   24:    stateT st;
        -:   25:public:
        -:   26:    fpos(streamoff = streamoff());
        -:   27:
        -:   28:    operator streamoff() const;
        -:   29:
        -:   30:    stateT state() const;
        -:   31:    void state(stateT);
        -:   32:
        -:   33:    fpos& operator+=(streamoff);
        -:   34:    fpos  operator+ (streamoff) const;
        -:   35:    fpos& operator-=(streamoff);
        -:   36:    fpos  operator- (streamoff) const;
        -:   37:};
        -:   38:
        -:   39:template <class stateT> streamoff operator-(const fpos<stateT>& x, const fpos<stateT>& y);
        -:   40:
        -:   41:template <class stateT> bool operator==(const fpos<stateT>& x, const fpos<stateT>& y);
        -:   42:template <class stateT> bool operator!=(const fpos<stateT>& x, const fpos<stateT>& y);
        -:   43:
        -:   44:template <class charT>
        -:   45:struct char_traits
        -:   46:{
        -:   47:    typedef charT     char_type;
        -:   48:    typedef ...       int_type;
        -:   49:    typedef streamoff off_type;
        -:   50:    typedef streampos pos_type;
        -:   51:    typedef mbstate_t state_type;
        -:   52:
        -:   53:    static void assign(char_type& c1, const char_type& c2) noexcept;
        -:   54:    static constexpr bool eq(char_type c1, char_type c2) noexcept;
        -:   55:    static constexpr bool lt(char_type c1, char_type c2) noexcept;
        -:   56:
        -:   57:    static int              compare(const char_type* s1, const char_type* s2, size_t n);
        -:   58:    static size_t           length(const char_type* s);
        -:   59:    static const char_type* find(const char_type* s, size_t n, const char_type& a);
        -:   60:    static char_type*       move(char_type* s1, const char_type* s2, size_t n);
        -:   61:    static char_type*       copy(char_type* s1, const char_type* s2, size_t n);
        -:   62:    static char_type*       assign(char_type* s, size_t n, char_type a);
        -:   63:
        -:   64:    static constexpr int_type  not_eof(int_type c) noexcept;
        -:   65:    static constexpr char_type to_char_type(int_type c) noexcept;
        -:   66:    static constexpr int_type  to_int_type(char_type c) noexcept;
        -:   67:    static constexpr bool      eq_int_type(int_type c1, int_type c2) noexcept;
        -:   68:    static constexpr int_type  eof() noexcept;
        -:   69:};
        -:   70:
        -:   71:template <> struct char_traits<char>;
        -:   72:template <> struct char_traits<wchar_t>;
        -:   73:
        -:   74:template<class charT, class traits = char_traits<charT>, class Allocator = allocator<charT> >
        -:   75:class basic_string
        -:   76:{
        -:   77:public:
        -:   78:// types:
        -:   79:    typedef traits traits_type;
        -:   80:    typedef typename traits_type::char_type value_type;
        -:   81:    typedef Allocator allocator_type;
        -:   82:    typedef typename allocator_type::size_type size_type;
        -:   83:    typedef typename allocator_type::difference_type difference_type;
        -:   84:    typedef typename allocator_type::reference reference;
        -:   85:    typedef typename allocator_type::const_reference const_reference;
        -:   86:    typedef typename allocator_type::pointer pointer;
        -:   87:    typedef typename allocator_type::const_pointer const_pointer;
        -:   88:    typedef implementation-defined iterator;
        -:   89:    typedef implementation-defined const_iterator;
        -:   90:    typedef std::reverse_iterator<iterator> reverse_iterator;
        -:   91:    typedef std::reverse_iterator<const_iterator> const_reverse_iterator;
        -:   92:
        -:   93:    static const size_type npos = -1;
        -:   94:
        -:   95:    basic_string()
        -:   96:        noexcept(is_nothrow_default_constructible<allocator_type>::value);
        -:   97:    explicit basic_string(const allocator_type& a);
        -:   98:    basic_string(const basic_string& str);
        -:   99:    basic_string(basic_string&& str)
        -:  100:        noexcept(is_nothrow_move_constructible<allocator_type>::value);
        -:  101:    basic_string(const basic_string& str, size_type pos,
        -:  102:                 const allocator_type& a = allocator_type());
        -:  103:    basic_string(const basic_string& str, size_type pos, size_type n,
        -:  104:                 const Allocator& a = Allocator());
        -:  105:    template<class T>
        -:  106:        basic_string(const T& t, size_type pos, size_type n, const Allocator& a = Allocator()); // C++17
        -:  107:    explicit basic_string(const basic_string_view<charT, traits> sv, const Allocator& a = Allocator());
        -:  108:    basic_string(const value_type* s, const allocator_type& a = allocator_type());
        -:  109:    basic_string(const value_type* s, size_type n, const allocator_type& a = allocator_type());
        -:  110:    basic_string(size_type n, value_type c, const allocator_type& a = allocator_type());
        -:  111:    template<class InputIterator>
        -:  112:        basic_string(InputIterator begin, InputIterator end,
        -:  113:                     const allocator_type& a = allocator_type());
        -:  114:    basic_string(initializer_list<value_type>, const Allocator& = Allocator());
        -:  115:    basic_string(const basic_string&, const Allocator&);
        -:  116:    basic_string(basic_string&&, const Allocator&);
        -:  117:
        -:  118:    ~basic_string();
        -:  119:
        -:  120:    operator basic_string_view<charT, traits>() const noexcept;
        -:  121:
        -:  122:    basic_string& operator=(const basic_string& str);
        -:  123:    basic_string& operator=(basic_string_view<charT, traits> sv);
        -:  124:    basic_string& operator=(basic_string&& str)
        -:  125:        noexcept(
        -:  126:             allocator_type::propagate_on_container_move_assignment::value ||
        -:  127:             allocator_type::is_always_equal::value ); // C++17
        -:  128:    basic_string& operator=(const value_type* s);
        -:  129:    basic_string& operator=(value_type c);
        -:  130:    basic_string& operator=(initializer_list<value_type>);
        -:  131:
        -:  132:    iterator       begin() noexcept;
        -:  133:    const_iterator begin() const noexcept;
        -:  134:    iterator       end() noexcept;
        -:  135:    const_iterator end() const noexcept;
        -:  136:
        -:  137:    reverse_iterator       rbegin() noexcept;
        -:  138:    const_reverse_iterator rbegin() const noexcept;
        -:  139:    reverse_iterator       rend() noexcept;
        -:  140:    const_reverse_iterator rend() const noexcept;
        -:  141:
        -:  142:    const_iterator         cbegin() const noexcept;
        -:  143:    const_iterator         cend() const noexcept;
        -:  144:    const_reverse_iterator crbegin() const noexcept;
        -:  145:    const_reverse_iterator crend() const noexcept;
        -:  146:
        -:  147:    size_type size() const noexcept;
        -:  148:    size_type length() const noexcept;
        -:  149:    size_type max_size() const noexcept;
        -:  150:    size_type capacity() const noexcept;
        -:  151:
        -:  152:    void resize(size_type n, value_type c);
        -:  153:    void resize(size_type n);
        -:  154:
        -:  155:    void reserve(size_type res_arg = 0);
        -:  156:    void shrink_to_fit();
        -:  157:    void clear() noexcept;
        -:  158:    bool empty() const noexcept;
        -:  159:
        -:  160:    const_reference operator[](size_type pos) const;
        -:  161:    reference       operator[](size_type pos);
        -:  162:
        -:  163:    const_reference at(size_type n) const;
        -:  164:    reference       at(size_type n);
        -:  165:
        -:  166:    basic_string& operator+=(const basic_string& str);
        -:  167:    basic_string& operator+=(basic_string_view<charT, traits> sv);
        -:  168:    basic_string& operator+=(const value_type* s);
        -:  169:    basic_string& operator+=(value_type c);
        -:  170:    basic_string& operator+=(initializer_list<value_type>);
        -:  171:
        -:  172:    basic_string& append(const basic_string& str);
        -:  173:    basic_string& append(basic_string_view<charT, traits> sv);
        -:  174:    basic_string& append(const basic_string& str, size_type pos, size_type n=npos); //C++14
        -:  175:    template <class T>
        -:  176:        basic_string& append(const T& t, size_type pos, size_type n=npos); // C++17
        -:  177:    basic_string& append(const value_type* s, size_type n);
        -:  178:    basic_string& append(const value_type* s);
        -:  179:    basic_string& append(size_type n, value_type c);
        -:  180:    template<class InputIterator>
        -:  181:        basic_string& append(InputIterator first, InputIterator last);
        -:  182:    basic_string& append(initializer_list<value_type>);
        -:  183:
        -:  184:    void push_back(value_type c);
        -:  185:    void pop_back();
        -:  186:    reference       front();
        -:  187:    const_reference front() const;
        -:  188:    reference       back();
        -:  189:    const_reference back() const;
        -:  190:
        -:  191:    basic_string& assign(const basic_string& str);
        -:  192:    basic_string& assign(basic_string_view<charT, traits> sv);
        -:  193:    basic_string& assign(basic_string&& str);
        -:  194:    basic_string& assign(const basic_string& str, size_type pos, size_type n=npos); // C++14
        -:  195:    template <class T>
        -:  196:        basic_string& assign(const T& t, size_type pos, size_type n=npos); // C++17
        -:  197:    basic_string& assign(const value_type* s, size_type n);
        -:  198:    basic_string& assign(const value_type* s);
        -:  199:    basic_string& assign(size_type n, value_type c);
        -:  200:    template<class InputIterator>
        -:  201:        basic_string& assign(InputIterator first, InputIterator last);
        -:  202:    basic_string& assign(initializer_list<value_type>);
        -:  203:
        -:  204:    basic_string& insert(size_type pos1, const basic_string& str);
        -:  205:    basic_string& insert(size_type pos1, basic_string_view<charT, traits> sv);
        -:  206:    basic_string& insert(size_type pos1, const basic_string& str,
        -:  207:                         size_type pos2, size_type n);
        -:  208:    template <class T>
        -:  209:        basic_string& insert(size_type pos1, const T& t, size_type pos2, size_type n); // C++17
        -:  210:    basic_string& insert(size_type pos, const value_type* s, size_type n=npos); //C++14
        -:  211:    basic_string& insert(size_type pos, const value_type* s);
        -:  212:    basic_string& insert(size_type pos, size_type n, value_type c);
        -:  213:    iterator      insert(const_iterator p, value_type c);
        -:  214:    iterator      insert(const_iterator p, size_type n, value_type c);
        -:  215:    template<class InputIterator>
        -:  216:        iterator insert(const_iterator p, InputIterator first, InputIterator last);
        -:  217:    iterator      insert(const_iterator p, initializer_list<value_type>);
        -:  218:
        -:  219:    basic_string& erase(size_type pos = 0, size_type n = npos);
        -:  220:    iterator      erase(const_iterator position);
        -:  221:    iterator      erase(const_iterator first, const_iterator last);
        -:  222:
        -:  223:    basic_string& replace(size_type pos1, size_type n1, const basic_string& str);
        -:  224:    basic_string& replace(size_type pos1, size_type n1, basic_string_view<charT, traits> sv);
        -:  225:    basic_string& replace(size_type pos1, size_type n1, const basic_string& str,
        -:  226:                          size_type pos2, size_type n2=npos); // C++14
        -:  227:    template <class T>
        -:  228:        basic_string& replace(size_type pos1, size_type n1, const T& t,
        -:  229:                              size_type pos2, size_type n); // C++17
        -:  230:    basic_string& replace(size_type pos, size_type n1, const value_type* s, size_type n2);
        -:  231:    basic_string& replace(size_type pos, size_type n1, const value_type* s);
        -:  232:    basic_string& replace(size_type pos, size_type n1, size_type n2, value_type c);
        -:  233:    basic_string& replace(const_iterator i1, const_iterator i2, const basic_string& str);
        -:  234:    basic_string& replace(const_iterator i1, const_iterator i2, basic_string_view<charT, traits> sv);
        -:  235:    basic_string& replace(const_iterator i1, const_iterator i2, const value_type* s, size_type n);
        -:  236:    basic_string& replace(const_iterator i1, const_iterator i2, const value_type* s);
        -:  237:    basic_string& replace(const_iterator i1, const_iterator i2, size_type n, value_type c);
        -:  238:    template<class InputIterator>
        -:  239:        basic_string& replace(const_iterator i1, const_iterator i2, InputIterator j1, InputIterator j2);
        -:  240:    basic_string& replace(const_iterator i1, const_iterator i2, initializer_list<value_type>);
        -:  241:
        -:  242:    size_type copy(value_type* s, size_type n, size_type pos = 0) const;
        -:  243:    basic_string substr(size_type pos = 0, size_type n = npos) const;
        -:  244:
        -:  245:    void swap(basic_string& str)
        -:  246:        noexcept(allocator_traits<allocator_type>::propagate_on_container_swap::value ||
        -:  247:                 allocator_traits<allocator_type>::is_always_equal::value);  // C++17
        -:  248:
        -:  249:    const value_type* c_str() const noexcept;
        -:  250:    const value_type* data() const noexcept;
        -:  251:          value_type* data()       noexcept;   // C++17
        -:  252:
        -:  253:    allocator_type get_allocator() const noexcept;
        -:  254:
        -:  255:    size_type find(const basic_string& str, size_type pos = 0) const noexcept;
        -:  256:    size_type find(basic_string_view<charT, traits> sv, size_type pos = 0) const noexcept;
        -:  257:    size_type find(const value_type* s, size_type pos, size_type n) const noexcept;
        -:  258:    size_type find(const value_type* s, size_type pos = 0) const noexcept;
        -:  259:    size_type find(value_type c, size_type pos = 0) const noexcept;
        -:  260:
        -:  261:    size_type rfind(const basic_string& str, size_type pos = npos) const noexcept;
        -:  262:    size_type ffind(basic_string_view<charT, traits> sv, size_type pos = 0) const noexcept;
        -:  263:    size_type rfind(const value_type* s, size_type pos, size_type n) const noexcept;
        -:  264:    size_type rfind(const value_type* s, size_type pos = npos) const noexcept;
        -:  265:    size_type rfind(value_type c, size_type pos = npos) const noexcept;
        -:  266:
        -:  267:    size_type find_first_of(const basic_string& str, size_type pos = 0) const noexcept;
        -:  268:    size_type find_first_of(basic_string_view<charT, traits> sv, size_type pos = 0) const noexcept;
        -:  269:    size_type find_first_of(const value_type* s, size_type pos, size_type n) const noexcept;
        -:  270:    size_type find_first_of(const value_type* s, size_type pos = 0) const noexcept;
        -:  271:    size_type find_first_of(value_type c, size_type pos = 0) const noexcept;
        -:  272:
        -:  273:    size_type find_last_of(const basic_string& str, size_type pos = npos) const noexcept;
        -:  274:    size_type find_last_of(basic_string_view<charT, traits> sv, size_type pos = 0) const noexcept;
        -:  275:    size_type find_last_of(const value_type* s, size_type pos, size_type n) const noexcept;
        -:  276:    size_type find_last_of(const value_type* s, size_type pos = npos) const noexcept;
        -:  277:    size_type find_last_of(value_type c, size_type pos = npos) const noexcept;
        -:  278:
        -:  279:    size_type find_first_not_of(const basic_string& str, size_type pos = 0) const noexcept;
        -:  280:    size_type find_first_not_of(basic_string_view<charT, traits> sv, size_type pos = 0) const noexcept;
        -:  281:    size_type find_first_not_of(const value_type* s, size_type pos, size_type n) const noexcept;
        -:  282:    size_type find_first_not_of(const value_type* s, size_type pos = 0) const noexcept;
        -:  283:    size_type find_first_not_of(value_type c, size_type pos = 0) const noexcept;
        -:  284:
        -:  285:    size_type find_last_not_of(const basic_string& str, size_type pos = npos) const noexcept;
        -:  286:    size_type find_last_not_of(basic_string_view<charT, traits> sv, size_type pos = 0) const noexcept;
        -:  287:    size_type find_last_not_of(const value_type* s, size_type pos, size_type n) const noexcept;
        -:  288:    size_type find_last_not_of(const value_type* s, size_type pos = npos) const noexcept;
        -:  289:    size_type find_last_not_of(value_type c, size_type pos = npos) const noexcept;
        -:  290:
        -:  291:    int compare(const basic_string& str) const noexcept;
        -:  292:    int compare(basic_string_view<charT, traits> sv) const noexcept;
        -:  293:    int compare(size_type pos1, size_type n1, const basic_string& str) const;
        -:  294:    int compare(size_type pos1, size_type n1, basic_string_view<charT, traits> sv) const;
        -:  295:    int compare(size_type pos1, size_type n1, const basic_string& str,
        -:  296:                size_type pos2, size_type n2=npos) const; // C++14
        -:  297:    template <class T>
        -:  298:        int compare(size_type pos1, size_type n1, const T& t,
        -:  299:                    size_type pos2, size_type n2=npos) const; // C++17
        -:  300:    int compare(const value_type* s) const noexcept;
        -:  301:    int compare(size_type pos1, size_type n1, const value_type* s) const;
        -:  302:    int compare(size_type pos1, size_type n1, const value_type* s, size_type n2) const;
        -:  303:
        -:  304:    bool __invariants() const;
        -:  305:};
        -:  306:
        -:  307:template<class charT, class traits, class Allocator>
        -:  308:basic_string<charT, traits, Allocator>
        -:  309:operator+(const basic_string<charT, traits, Allocator>& lhs,
        -:  310:          const basic_string<charT, traits, Allocator>& rhs);
        -:  311:
        -:  312:template<class charT, class traits, class Allocator>
        -:  313:basic_string<charT, traits, Allocator>
        -:  314:operator+(const charT* lhs , const basic_string<charT,traits,Allocator>&rhs);
        -:  315:
        -:  316:template<class charT, class traits, class Allocator>
        -:  317:basic_string<charT, traits, Allocator>
        -:  318:operator+(charT lhs, const basic_string<charT,traits,Allocator>& rhs);
        -:  319:
        -:  320:template<class charT, class traits, class Allocator>
        -:  321:basic_string<charT, traits, Allocator>
        -:  322:operator+(const basic_string<charT, traits, Allocator>& lhs, const charT* rhs);
        -:  323:
        -:  324:template<class charT, class traits, class Allocator>
        -:  325:basic_string<charT, traits, Allocator>
        -:  326:operator+(const basic_string<charT, traits, Allocator>& lhs, charT rhs);
        -:  327:
        -:  328:template<class charT, class traits, class Allocator>
        -:  329:bool operator==(const basic_string<charT, traits, Allocator>& lhs,
        -:  330:                const basic_string<charT, traits, Allocator>& rhs) noexcept;
        -:  331:
        -:  332:template<class charT, class traits, class Allocator>
        -:  333:bool operator==(const charT* lhs, const basic_string<charT, traits, Allocator>& rhs) noexcept;
        -:  334:
        -:  335:template<class charT, class traits, class Allocator>
        -:  336:bool operator==(const basic_string<charT,traits,Allocator>& lhs, const charT* rhs) noexcept;
        -:  337:
        -:  338:template<class charT, class traits, class Allocator>
        -:  339:bool operator!=(const basic_string<charT,traits,Allocator>& lhs,
        -:  340:                const basic_string<charT, traits, Allocator>& rhs) noexcept;
        -:  341:
        -:  342:template<class charT, class traits, class Allocator>
        -:  343:bool operator!=(const charT* lhs, const basic_string<charT, traits, Allocator>& rhs) noexcept;
        -:  344:
        -:  345:template<class charT, class traits, class Allocator>
        -:  346:bool operator!=(const basic_string<charT, traits, Allocator>& lhs, const charT* rhs) noexcept;
        -:  347:
        -:  348:template<class charT, class traits, class Allocator>
        -:  349:bool operator< (const basic_string<charT, traits, Allocator>& lhs,
        -:  350:                const basic_string<charT, traits, Allocator>& rhs) noexcept;
        -:  351:
        -:  352:template<class charT, class traits, class Allocator>
        -:  353:bool operator< (const basic_string<charT, traits, Allocator>& lhs, const charT* rhs) noexcept;
        -:  354:
        -:  355:template<class charT, class traits, class Allocator>
        -:  356:bool operator< (const charT* lhs, const basic_string<charT, traits, Allocator>& rhs) noexcept;
        -:  357:
        -:  358:template<class charT, class traits, class Allocator>
        -:  359:bool operator> (const basic_string<charT, traits, Allocator>& lhs,
        -:  360:                const basic_string<charT, traits, Allocator>& rhs) noexcept;
        -:  361:
        -:  362:template<class charT, class traits, class Allocator>
        -:  363:bool operator> (const basic_string<charT, traits, Allocator>& lhs, const charT* rhs) noexcept;
        -:  364:
        -:  365:template<class charT, class traits, class Allocator>
        -:  366:bool operator> (const charT* lhs, const basic_string<charT, traits, Allocator>& rhs) noexcept;
        -:  367:
        -:  368:template<class charT, class traits, class Allocator>
        -:  369:bool operator<=(const basic_string<charT, traits, Allocator>& lhs,
        -:  370:                const basic_string<charT, traits, Allocator>& rhs) noexcept;
        -:  371:
        -:  372:template<class charT, class traits, class Allocator>
        -:  373:bool operator<=(const basic_string<charT, traits, Allocator>& lhs, const charT* rhs) noexcept;
        -:  374:
        -:  375:template<class charT, class traits, class Allocator>
        -:  376:bool operator<=(const charT* lhs, const basic_string<charT, traits, Allocator>& rhs) noexcept;
        -:  377:
        -:  378:template<class charT, class traits, class Allocator>
        -:  379:bool operator>=(const basic_string<charT, traits, Allocator>& lhs,
        -:  380:                const basic_string<charT, traits, Allocator>& rhs) noexcept;
        -:  381:
        -:  382:template<class charT, class traits, class Allocator>
        -:  383:bool operator>=(const basic_string<charT, traits, Allocator>& lhs, const charT* rhs) noexcept;
        -:  384:
        -:  385:template<class charT, class traits, class Allocator>
        -:  386:bool operator>=(const charT* lhs, const basic_string<charT, traits, Allocator>& rhs) noexcept;
        -:  387:
        -:  388:template<class charT, class traits, class Allocator>
        -:  389:void swap(basic_string<charT, traits, Allocator>& lhs,
        -:  390:          basic_string<charT, traits, Allocator>& rhs)
        -:  391:            noexcept(noexcept(lhs.swap(rhs)));
        -:  392:
        -:  393:template<class charT, class traits, class Allocator>
        -:  394:basic_istream<charT, traits>&
        -:  395:operator>>(basic_istream<charT, traits>& is, basic_string<charT, traits, Allocator>& str);
        -:  396:
        -:  397:template<class charT, class traits, class Allocator>
        -:  398:basic_ostream<charT, traits>&
        -:  399:operator<<(basic_ostream<charT, traits>& os, const basic_string<charT, traits, Allocator>& str);
        -:  400:
        -:  401:template<class charT, class traits, class Allocator>
        -:  402:basic_istream<charT, traits>&
        -:  403:getline(basic_istream<charT, traits>& is, basic_string<charT, traits, Allocator>& str,
        -:  404:        charT delim);
        -:  405:
        -:  406:template<class charT, class traits, class Allocator>
        -:  407:basic_istream<charT, traits>&
        -:  408:getline(basic_istream<charT, traits>& is, basic_string<charT, traits, Allocator>& str);
        -:  409:
        -:  410:typedef basic_string<char>    string;
        -:  411:typedef basic_string<wchar_t> wstring;
        -:  412:typedef basic_string<char16_t> u16string;
        -:  413:typedef basic_string<char32_t> u32string;
        -:  414:
        -:  415:int                stoi  (const string& str, size_t* idx = 0, int base = 10);
        -:  416:long               stol  (const string& str, size_t* idx = 0, int base = 10);
        -:  417:unsigned long      stoul (const string& str, size_t* idx = 0, int base = 10);
        -:  418:long long          stoll (const string& str, size_t* idx = 0, int base = 10);
        -:  419:unsigned long long stoull(const string& str, size_t* idx = 0, int base = 10);
        -:  420:
        -:  421:float       stof (const string& str, size_t* idx = 0);
        -:  422:double      stod (const string& str, size_t* idx = 0);
        -:  423:long double stold(const string& str, size_t* idx = 0);
        -:  424:
        -:  425:string to_string(int val);
        -:  426:string to_string(unsigned val);
        -:  427:string to_string(long val);
        -:  428:string to_string(unsigned long val);
        -:  429:string to_string(long long val);
        -:  430:string to_string(unsigned long long val);
        -:  431:string to_string(float val);
        -:  432:string to_string(double val);
        -:  433:string to_string(long double val);
        -:  434:
        -:  435:int                stoi  (const wstring& str, size_t* idx = 0, int base = 10);
        -:  436:long               stol  (const wstring& str, size_t* idx = 0, int base = 10);
        -:  437:unsigned long      stoul (const wstring& str, size_t* idx = 0, int base = 10);
        -:  438:long long          stoll (const wstring& str, size_t* idx = 0, int base = 10);
        -:  439:unsigned long long stoull(const wstring& str, size_t* idx = 0, int base = 10);
        -:  440:
        -:  441:float       stof (const wstring& str, size_t* idx = 0);
        -:  442:double      stod (const wstring& str, size_t* idx = 0);
        -:  443:long double stold(const wstring& str, size_t* idx = 0);
        -:  444:
        -:  445:wstring to_wstring(int val);
        -:  446:wstring to_wstring(unsigned val);
        -:  447:wstring to_wstring(long val);
        -:  448:wstring to_wstring(unsigned long val);
        -:  449:wstring to_wstring(long long val);
        -:  450:wstring to_wstring(unsigned long long val);
        -:  451:wstring to_wstring(float val);
        -:  452:wstring to_wstring(double val);
        -:  453:wstring to_wstring(long double val);
        -:  454:
        -:  455:template <> struct hash<string>;
        -:  456:template <> struct hash<u16string>;
        -:  457:template <> struct hash<u32string>;
        -:  458:template <> struct hash<wstring>;
        -:  459:
        -:  460:basic_string<char>     operator "" s( const char *str,     size_t len ); // C++14
        -:  461:basic_string<wchar_t>  operator "" s( const wchar_t *str,  size_t len ); // C++14
        -:  462:basic_string<char16_t> operator "" s( const char16_t *str, size_t len ); // C++14
        -:  463:basic_string<char32_t> operator "" s( const char32_t *str, size_t len ); // C++14
        -:  464:
        -:  465:}  // std
        -:  466:
        -:  467:*/
        -:  468:
        -:  469:#include <__config>
        -:  470:#include <string_view>
        -:  471:#include <iosfwd>
        -:  472:#include <cstring>
        -:  473:#include <cstdio>  // For EOF.
        -:  474:#include <cwchar>
        -:  475:#include <algorithm>
        -:  476:#include <iterator>
        -:  477:#include <utility>
        -:  478:#include <memory>
        -:  479:#include <stdexcept>
        -:  480:#include <type_traits>
        -:  481:#include <initializer_list>
        -:  482:#include <__functional_base>
        -:  483:#ifndef _LIBCPP_HAS_NO_UNICODE_CHARS
        -:  484:#include <cstdint>
        -:  485:#endif
        -:  486:
        -:  487:#include <__debug>
        -:  488:
        -:  489:#if !defined(_LIBCPP_HAS_NO_PRAGMA_SYSTEM_HEADER)
        -:  490:#pragma GCC system_header
        -:  491:#endif
        -:  492:
        -:  493:_LIBCPP_PUSH_MACROS
        -:  494:#include <__undef_macros>
        -:  495:
        -:  496:
        -:  497:_LIBCPP_BEGIN_NAMESPACE_STD
        -:  498:
        -:  499:// fpos
        -:  500:
        -:  501:template <class _StateT>
        -:  502:class _LIBCPP_TEMPLATE_VIS fpos
        -:  503:{
        -:  504:private:
        -:  505:    _StateT __st_;
        -:  506:    streamoff __off_;
        -:  507:public:
        -:  508:    _LIBCPP_INLINE_VISIBILITY fpos(streamoff __off = streamoff()) : __st_(), __off_(__off) {}
        -:  509:
        -:  510:    _LIBCPP_INLINE_VISIBILITY operator streamoff() const {return __off_;}
        -:  511:
        -:  512:    _LIBCPP_INLINE_VISIBILITY _StateT state() const {return __st_;}
        -:  513:    _LIBCPP_INLINE_VISIBILITY void state(_StateT __st) {__st_ = __st;}
        -:  514:
        -:  515:    _LIBCPP_INLINE_VISIBILITY fpos& operator+=(streamoff __off) {__off_ += __off; return *this;}
        -:  516:    _LIBCPP_INLINE_VISIBILITY fpos  operator+ (streamoff __off) const {fpos __t(*this); __t += __off; return __t;}
        -:  517:    _LIBCPP_INLINE_VISIBILITY fpos& operator-=(streamoff __off) {__off_ -= __off; return *this;}
        -:  518:    _LIBCPP_INLINE_VISIBILITY fpos  operator- (streamoff __off) const {fpos __t(*this); __t -= __off; return __t;}
        -:  519:};
        -:  520:
        -:  521:template <class _StateT>
        -:  522:inline _LIBCPP_INLINE_VISIBILITY
        -:  523:streamoff operator-(const fpos<_StateT>& __x, const fpos<_StateT>& __y)
        -:  524:    {return streamoff(__x) - streamoff(__y);}
        -:  525:
        -:  526:template <class _StateT>
        -:  527:inline _LIBCPP_INLINE_VISIBILITY
        -:  528:bool operator==(const fpos<_StateT>& __x, const fpos<_StateT>& __y)
        -:  529:    {return streamoff(__x) == streamoff(__y);}
        -:  530:
        -:  531:template <class _StateT>
        -:  532:inline _LIBCPP_INLINE_VISIBILITY
        -:  533:bool operator!=(const fpos<_StateT>& __x, const fpos<_StateT>& __y)
        -:  534:    {return streamoff(__x) != streamoff(__y);}
        -:  535:
        -:  536:// basic_string
        -:  537:
        -:  538:template<class _CharT, class _Traits, class _Allocator>
        -:  539:basic_string<_CharT, _Traits, _Allocator>
        -:  540:operator+(const basic_string<_CharT, _Traits, _Allocator>& __x,
        -:  541:          const basic_string<_CharT, _Traits, _Allocator>& __y);
        -:  542:
        -:  543:template<class _CharT, class _Traits, class _Allocator>
        -:  544:basic_string<_CharT, _Traits, _Allocator>
        -:  545:operator+(const _CharT* __x, const basic_string<_CharT,_Traits,_Allocator>& __y);
        -:  546:
        -:  547:template<class _CharT, class _Traits, class _Allocator>
        -:  548:basic_string<_CharT, _Traits, _Allocator>
        -:  549:operator+(_CharT __x, const basic_string<_CharT,_Traits,_Allocator>& __y);
        -:  550:
        -:  551:template<class _CharT, class _Traits, class _Allocator>
        -:  552:basic_string<_CharT, _Traits, _Allocator>
        -:  553:operator+(const basic_string<_CharT, _Traits, _Allocator>& __x, const _CharT* __y);
        -:  554:
        -:  555:template<class _CharT, class _Traits, class _Allocator>
        -:  556:basic_string<_CharT, _Traits, _Allocator>
        -:  557:operator+(const basic_string<_CharT, _Traits, _Allocator>& __x, _CharT __y);
        -:  558:
        -:  559:_LIBCPP_EXTERN_TEMPLATE(_LIBCPP_FUNC_VIS string operator+<char, char_traits<char>, allocator<char> >(char const*, string const&))
        -:  560:
        -:  561:template <bool>
        -:  562:class _LIBCPP_TEMPLATE_VIS __basic_string_common
        -:  563:{
        -:  564:protected:
        -:  565:    _LIBCPP_NORETURN void __throw_length_error() const;
        -:  566:    _LIBCPP_NORETURN void __throw_out_of_range() const;
        -:  567:};
        -:  568:
        -:  569:template <bool __b>
        -:  570:void
        -:  571:__basic_string_common<__b>::__throw_length_error() const
        -:  572:{
        -:  573:    _VSTD::__throw_length_error("basic_string");
        -:  574:}
        -:  575:
        -:  576:template <bool __b>
        -:  577:void
        -:  578:__basic_string_common<__b>::__throw_out_of_range() const
        -:  579:{
        -:  580:    _VSTD::__throw_out_of_range("basic_string");
        -:  581:}
        -:  582:
        -:  583:_LIBCPP_EXTERN_TEMPLATE(class _LIBCPP_EXTERN_TEMPLATE_TYPE_VIS __basic_string_common<true>)
        -:  584:
        -:  585:#ifdef _LIBCPP_NO_EXCEPTIONS
        -:  586:template <class _Iter>
        -:  587:struct __libcpp_string_gets_noexcept_iterator_impl : public true_type {};
        -:  588:#elif defined(_LIBCPP_HAS_NO_NOEXCEPT)
        -:  589:template <class _Iter>
        -:  590:struct __libcpp_string_gets_noexcept_iterator_impl : public false_type {};
        -:  591:#else
        -:  592:template <class _Iter, bool = __is_forward_iterator<_Iter>::value>
        -:  593:struct __libcpp_string_gets_noexcept_iterator_impl : public _LIBCPP_BOOL_CONSTANT((
        -:  594:    noexcept(++(declval<_Iter&>())) && 
        -:  595:    is_nothrow_assignable<_Iter&, _Iter>::value && 
        -:  596:    noexcept(declval<_Iter>() == declval<_Iter>()) && 
        -:  597:    noexcept(*declval<_Iter>())
        -:  598:)) {};
        -:  599:
        -:  600:template <class _Iter> 
        -:  601:struct __libcpp_string_gets_noexcept_iterator_impl<_Iter, false> : public false_type {};
        -:  602:#endif
        -:  603:
        -:  604:
        -:  605:template <class _Iter>
        -:  606:struct __libcpp_string_gets_noexcept_iterator
        -:  607:    : public _LIBCPP_BOOL_CONSTANT(__libcpp_is_trivial_iterator<_Iter>::value || __libcpp_string_gets_noexcept_iterator_impl<_Iter>::value) {};
        -:  608:
        -:  609:template <class _CharT, class _Traits, class _Tp>
        -:  610:struct __can_be_converted_to_string_view : public _LIBCPP_BOOL_CONSTANT(
        -:  611:	( is_convertible<const _Tp&, basic_string_view<_CharT, _Traits> >::value &&
        -:  612:     !is_convertible<const _Tp&, const _CharT*>::value)) {};
        -:  613:
        -:  614:#ifdef _LIBCPP_ABI_ALTERNATE_STRING_LAYOUT
        -:  615:
        -:  616:template <class _CharT, size_t = sizeof(_CharT)>
        -:  617:struct __padding
        -:  618:{
        -:  619:    unsigned char __xx[sizeof(_CharT)-1];
        -:  620:};
        -:  621:
        -:  622:template <class _CharT>
        -:  623:struct __padding<_CharT, 1>
        -:  624:{
        -:  625:};
        -:  626:
        -:  627:#endif  // _LIBCPP_ABI_ALTERNATE_STRING_LAYOUT
        -:  628:
        -:  629:template<class _CharT, class _Traits, class _Allocator>
        -:  630:class _LIBCPP_TEMPLATE_VIS basic_string
        -:  631:    : private __basic_string_common<true>
        -:  632:{
        -:  633:public:
        -:  634:    typedef basic_string                                 __self;
        -:  635:    typedef basic_string_view<_CharT, _Traits>           __self_view;
        -:  636:    typedef _Traits                                      traits_type;
        -:  637:    typedef _CharT                                       value_type;
        -:  638:    typedef _Allocator                                   allocator_type;
        -:  639:    typedef allocator_traits<allocator_type>             __alloc_traits;
        -:  640:    typedef typename __alloc_traits::size_type           size_type;
        -:  641:    typedef typename __alloc_traits::difference_type     difference_type;
        -:  642:    typedef value_type&                                  reference;
        -:  643:    typedef const value_type&                            const_reference;
        -:  644:    typedef typename __alloc_traits::pointer             pointer;
        -:  645:    typedef typename __alloc_traits::const_pointer       const_pointer;
        -:  646:
        -:  647:    static_assert(is_pod<value_type>::value, "Character type of basic_string must be a POD");
        -:  648:    static_assert((is_same<_CharT, typename traits_type::char_type>::value),
        -:  649:                  "traits_type::char_type must be the same type as CharT");
        -:  650:    static_assert((is_same<typename allocator_type::value_type, value_type>::value),
        -:  651:                  "Allocator::value_type must be same type as value_type");
        -:  652:#if defined(_LIBCPP_RAW_ITERATORS)
        -:  653:    typedef pointer                                      iterator;
        -:  654:    typedef const_pointer                                const_iterator;
        -:  655:#else  // defined(_LIBCPP_RAW_ITERATORS)
        -:  656:    typedef __wrap_iter<pointer>                         iterator;
        -:  657:    typedef __wrap_iter<const_pointer>                   const_iterator;
        -:  658:#endif  // defined(_LIBCPP_RAW_ITERATORS)
        -:  659:    typedef _VSTD::reverse_iterator<iterator>             reverse_iterator;
        -:  660:    typedef _VSTD::reverse_iterator<const_iterator>       const_reverse_iterator;
        -:  661:
        -:  662:private:
        -:  663:
        -:  664:#ifdef _LIBCPP_ABI_ALTERNATE_STRING_LAYOUT
        -:  665:
        -:  666:    struct __long
        -:  667:    {
        -:  668:        pointer   __data_;
        -:  669:        size_type __size_;
        -:  670:        size_type __cap_;
        -:  671:    };
        -:  672:
        -:  673:#if _LIBCPP_BIG_ENDIAN
        -:  674:    static const size_type __short_mask = 0x01;
        -:  675:    static const size_type __long_mask  = 0x1ul;
        -:  676:#else  // _LIBCPP_BIG_ENDIAN
        -:  677:    static const size_type __short_mask = 0x80;
        -:  678:    static const size_type __long_mask  = ~(size_type(~0) >> 1);
        -:  679:#endif  // _LIBCPP_BIG_ENDIAN
        -:  680:
        -:  681:    enum {__min_cap = (sizeof(__long) - 1)/sizeof(value_type) > 2 ?
        -:  682:                      (sizeof(__long) - 1)/sizeof(value_type) : 2};
        -:  683:
        -:  684:    struct __short
        -:  685:    {
        -:  686:        value_type __data_[__min_cap];
        -:  687:        struct
        -:  688:            : __padding<value_type>
        -:  689:        {
        -:  690:            unsigned char __size_;
        -:  691:        };
        -:  692:    };
        -:  693:
        -:  694:#else
        -:  695:
        -:  696:    struct __long
        -:  697:    {
        -:  698:        size_type __cap_;
        -:  699:        size_type __size_;
        -:  700:        pointer   __data_;
        -:  701:    };
        -:  702:
        -:  703:#if _LIBCPP_BIG_ENDIAN
        -:  704:    static const size_type __short_mask = 0x80;
        -:  705:    static const size_type __long_mask  = ~(size_type(~0) >> 1);
        -:  706:#else  // _LIBCPP_BIG_ENDIAN
        -:  707:    static const size_type __short_mask = 0x01;
        -:  708:    static const size_type __long_mask  = 0x1ul;
        -:  709:#endif  // _LIBCPP_BIG_ENDIAN
        -:  710:
        -:  711:    enum {__min_cap = (sizeof(__long) - 1)/sizeof(value_type) > 2 ?
        -:  712:                      (sizeof(__long) - 1)/sizeof(value_type) : 2};
        -:  713:
        -:  714:    struct __short
        -:  715:    {
        -:  716:        union
        -:  717:        {
        -:  718:            unsigned char __size_;
        -:  719:            value_type __lx;
        -:  720:        };
        -:  721:        value_type __data_[__min_cap];
        -:  722:    };
        -:  723:
        -:  724:#endif  // _LIBCPP_ABI_ALTERNATE_STRING_LAYOUT
        -:  725:
        -:  726:    union __ulx{__long __lx; __short __lxx;};
        -:  727:
        -:  728:    enum {__n_words = sizeof(__ulx) / sizeof(size_type)};
        -:  729:
        -:  730:    struct __raw
        -:  731:    {
        -:  732:        size_type __words[__n_words];
        -:  733:    };
        -:  734:
        -:  735:    struct __rep
        -:  736:    {
        -:  737:        union
        -:  738:        {
        -:  739:            __long  __l;
        -:  740:            __short __s;
        -:  741:            __raw   __r;
        -:  742:        };
        -:  743:    };
        -:  744:
        -:  745:    __compressed_pair<__rep, allocator_type> __r_;
        -:  746:
        -:  747:public:
        -:  748:    static const size_type npos = -1;
        -:  749:
        -:  750:    _LIBCPP_INLINE_VISIBILITY basic_string()
        -:  751:        _NOEXCEPT_(is_nothrow_default_constructible<allocator_type>::value);
        -:  752:
        -:  753:    _LIBCPP_INLINE_VISIBILITY explicit basic_string(const allocator_type& __a)
        -:  754:#if _LIBCPP_STD_VER <= 14
        -:  755:        _NOEXCEPT_(is_nothrow_copy_constructible<allocator_type>::value);
        -:  756:#else
        -:  757:        _NOEXCEPT;
        -:  758:#endif
        -:  759:
        -:  760:    basic_string(const basic_string& __str);
        -:  761:    basic_string(const basic_string& __str, const allocator_type& __a);
        -:  762:
        -:  763:#ifndef _LIBCPP_CXX03_LANG
        -:  764:    _LIBCPP_INLINE_VISIBILITY
        -:  765:    basic_string(basic_string&& __str)
        -:  766:#if _LIBCPP_STD_VER <= 14
        -:  767:        _NOEXCEPT_(is_nothrow_move_constructible<allocator_type>::value);
        -:  768:#else
        -:  769:        _NOEXCEPT;
        -:  770:#endif
        -:  771:
        -:  772:    _LIBCPP_INLINE_VISIBILITY
        -:  773:    basic_string(basic_string&& __str, const allocator_type& __a);
        -:  774:#endif  // _LIBCPP_CXX03_LANG
    #####:  775:    _LIBCPP_INLINE_VISIBILITY basic_string(const _CharT* __s);
        -:  776:    _LIBCPP_INLINE_VISIBILITY
        -:  777:    basic_string(const _CharT* __s, const _Allocator& __a);
        -:  778:    _LIBCPP_INLINE_VISIBILITY
        -:  779:    basic_string(const _CharT* __s, size_type __n);
        -:  780:    _LIBCPP_INLINE_VISIBILITY
        -:  781:    basic_string(const _CharT* __s, size_type __n, const _Allocator& __a);
        -:  782:    _LIBCPP_INLINE_VISIBILITY
        -:  783:    basic_string(size_type __n, _CharT __c);
        -:  784:    _LIBCPP_INLINE_VISIBILITY
        -:  785:    basic_string(size_type __n, _CharT __c, const _Allocator& __a);
        -:  786:    basic_string(const basic_string& __str, size_type __pos, size_type __n,
        -:  787:                 const _Allocator& __a = _Allocator());
        -:  788:    _LIBCPP_INLINE_VISIBILITY
        -:  789:    basic_string(const basic_string& __str, size_type __pos,
        -:  790:                 const _Allocator& __a = _Allocator());
        -:  791:    template<class _Tp>
        -:  792:        _LIBCPP_METHOD_TEMPLATE_IMPLICIT_INSTANTIATION_VIS
        -:  793:        basic_string(const _Tp& __t, size_type __pos, size_type __n,
        -:  794:                     const allocator_type& __a = allocator_type(),
        -:  795:                     typename enable_if<__can_be_converted_to_string_view<_CharT, _Traits, _Tp>::value, void>::type* = 0);
        -:  796:    _LIBCPP_INLINE_VISIBILITY explicit
        -:  797:    basic_string(__self_view __sv);
        -:  798:    _LIBCPP_INLINE_VISIBILITY
        -:  799:    basic_string(__self_view __sv, const _Allocator& __a);
        -:  800:    template<class _InputIterator>
        -:  801:        _LIBCPP_INLINE_VISIBILITY
        -:  802:        basic_string(_InputIterator __first, _InputIterator __last);
        -:  803:    template<class _InputIterator>
        -:  804:        _LIBCPP_INLINE_VISIBILITY
        -:  805:        basic_string(_InputIterator __first, _InputIterator __last, const allocator_type& __a);
        -:  806:#ifndef _LIBCPP_CXX03_LANG
        -:  807:    _LIBCPP_INLINE_VISIBILITY
        -:  808:    basic_string(initializer_list<_CharT> __il);
        -:  809:    _LIBCPP_INLINE_VISIBILITY
        -:  810:    basic_string(initializer_list<_CharT> __il, const _Allocator& __a);
        -:  811:#endif  // _LIBCPP_CXX03_LANG
        -:  812:
        -:  813:    inline ~basic_string();
        -:  814:
        -:  815:    _LIBCPP_INLINE_VISIBILITY
function _ZNKSt3__112basic_stringIcNS_11char_traitsIcEENS_9allocatorIcEEEcvNS_17basic_string_viewIcS2_EEEv called 0 returned 0% blocks executed 0%
    #####:  816:    operator __self_view() const _NOEXCEPT { return __self_view(data(), size()); }
    $$$$$:  816-block  0
branch  0 never executed
branch  1 never executed
    $$$$$:  816-block  1
    $$$$$:  816-block  2
        -:  817:
        -:  818:    basic_string& operator=(const basic_string& __str);
        -:  819:
        -:  820:#ifndef _LIBCPP_CXX03_LANG
        -:  821:    template <class = void>
        -:  822:#endif
        -:  823:    _LIBCPP_INLINE_VISIBILITY
        -:  824:    basic_string& operator=(__self_view __sv)  {return assign(__sv);}
        -:  825:#ifndef _LIBCPP_CXX03_LANG
        -:  826:    _LIBCPP_INLINE_VISIBILITY
        -:  827:    basic_string& operator=(basic_string&& __str)
        -:  828:        _NOEXCEPT_((__noexcept_move_assign_container<_Allocator, __alloc_traits>::value));
        -:  829:     _LIBCPP_INLINE_VISIBILITY
        -:  830:    basic_string& operator=(initializer_list<value_type> __il) {return assign(__il.begin(), __il.size());}
        -:  831:#endif
        -:  832:    _LIBCPP_INLINE_VISIBILITY basic_string& operator=(const value_type* __s) {return assign(__s);}
        -:  833:    basic_string& operator=(value_type __c);
        -:  834:
        -:  835:#if _LIBCPP_DEBUG_LEVEL >= 2
        -:  836:    _LIBCPP_INLINE_VISIBILITY
        -:  837:    iterator begin() _NOEXCEPT
        -:  838:        {return iterator(this, __get_pointer());}
        -:  839:    _LIBCPP_INLINE_VISIBILITY
        -:  840:    const_iterator begin() const _NOEXCEPT
        -:  841:        {return const_iterator(this, __get_pointer());}
        -:  842:    _LIBCPP_INLINE_VISIBILITY
        -:  843:    iterator end() _NOEXCEPT
        -:  844:        {return iterator(this, __get_pointer() + size());}
        -:  845:    _LIBCPP_INLINE_VISIBILITY
        -:  846:    const_iterator end() const _NOEXCEPT
        -:  847:        {return const_iterator(this, __get_pointer() + size());}
        -:  848:#else
        -:  849:    _LIBCPP_INLINE_VISIBILITY
        -:  850:    iterator begin() _NOEXCEPT
        -:  851:        {return iterator(__get_pointer());}
        -:  852:    _LIBCPP_INLINE_VISIBILITY
        -:  853:    const_iterator begin() const _NOEXCEPT
        -:  854:        {return const_iterator(__get_pointer());}
        -:  855:    _LIBCPP_INLINE_VISIBILITY
        -:  856:    iterator end() _NOEXCEPT
        -:  857:        {return iterator(__get_pointer() + size());}
        -:  858:    _LIBCPP_INLINE_VISIBILITY
        -:  859:    const_iterator end() const _NOEXCEPT
        -:  860:        {return const_iterator(__get_pointer() + size());}
        -:  861:#endif  // _LIBCPP_DEBUG_LEVEL >= 2
        -:  862:    _LIBCPP_INLINE_VISIBILITY
        -:  863:    reverse_iterator rbegin() _NOEXCEPT
        -:  864:        {return reverse_iterator(end());}
        -:  865:    _LIBCPP_INLINE_VISIBILITY
        -:  866:    const_reverse_iterator rbegin() const _NOEXCEPT
        -:  867:        {return const_reverse_iterator(end());}
        -:  868:    _LIBCPP_INLINE_VISIBILITY
        -:  869:    reverse_iterator rend() _NOEXCEPT
        -:  870:        {return reverse_iterator(begin());}
        -:  871:    _LIBCPP_INLINE_VISIBILITY
        -:  872:    const_reverse_iterator rend() const _NOEXCEPT
        -:  873:        {return const_reverse_iterator(begin());}
        -:  874:
        -:  875:    _LIBCPP_INLINE_VISIBILITY
        -:  876:    const_iterator cbegin() const _NOEXCEPT
        -:  877:        {return begin();}
        -:  878:    _LIBCPP_INLINE_VISIBILITY
        -:  879:    const_iterator cend() const _NOEXCEPT
        -:  880:        {return end();}
        -:  881:    _LIBCPP_INLINE_VISIBILITY
        -:  882:    const_reverse_iterator crbegin() const _NOEXCEPT
        -:  883:        {return rbegin();}
        -:  884:    _LIBCPP_INLINE_VISIBILITY
        -:  885:    const_reverse_iterator crend() const _NOEXCEPT
        -:  886:        {return rend();}
        -:  887:
function _ZNKSt3__112basic_stringIcNS_11char_traitsIcEENS_9allocatorIcEEE4sizeEv called 0 returned 0% blocks executed 0%
        -:  888:    _LIBCPP_INLINE_VISIBILITY size_type size() const _NOEXCEPT
    #####:  889:        {return __is_long() ? __get_long_size() : __get_short_size();}
    $$$$$:  889-block  0
branch  0 never executed
branch  1 never executed
    $$$$$:  889-block  1
    $$$$$:  889-block  2
    $$$$$:  889-block  3
        -:  890:    _LIBCPP_INLINE_VISIBILITY size_type length() const _NOEXCEPT {return size();}
        -:  891:    _LIBCPP_INLINE_VISIBILITY size_type max_size() const _NOEXCEPT;
        -:  892:    _LIBCPP_INLINE_VISIBILITY size_type capacity() const _NOEXCEPT
        -:  893:        {return (__is_long() ? __get_long_cap()
        -:  894:                             : static_cast<size_type>(__min_cap)) - 1;}
        -:  895:
        -:  896:    void resize(size_type __n, value_type __c);
        -:  897:    _LIBCPP_INLINE_VISIBILITY void resize(size_type __n) {resize(__n, value_type());}
        -:  898:
        -:  899:    void reserve(size_type __res_arg = 0);
        -:  900:    _LIBCPP_INLINE_VISIBILITY
        -:  901:    void shrink_to_fit() _NOEXCEPT {reserve();}
        -:  902:    _LIBCPP_INLINE_VISIBILITY
        -:  903:    void clear() _NOEXCEPT;
        -:  904:    _LIBCPP_INLINE_VISIBILITY bool empty() const _NOEXCEPT {return size() == 0;}
        -:  905:
        -:  906:    _LIBCPP_INLINE_VISIBILITY const_reference operator[](size_type __pos) const _NOEXCEPT;
        -:  907:    _LIBCPP_INLINE_VISIBILITY reference       operator[](size_type __pos)       _NOEXCEPT;
        -:  908:
        -:  909:    const_reference at(size_type __n) const;
        -:  910:    reference       at(size_type __n);
        -:  911:
        -:  912:    _LIBCPP_INLINE_VISIBILITY basic_string& operator+=(const basic_string& __str) {return append(__str);}
        -:  913:    _LIBCPP_INLINE_VISIBILITY basic_string& operator+=(__self_view __sv)          {return append(__sv);}
        -:  914:    _LIBCPP_INLINE_VISIBILITY basic_string& operator+=(const value_type* __s)     {return append(__s);}
        -:  915:    _LIBCPP_INLINE_VISIBILITY basic_string& operator+=(value_type __c)            {push_back(__c); return *this;}
        -:  916:#ifndef _LIBCPP_CXX03_LANG
        -:  917:    _LIBCPP_INLINE_VISIBILITY basic_string& operator+=(initializer_list<value_type> __il) {return append(__il);}
        -:  918:#endif  // _LIBCPP_CXX03_LANG
        -:  919:
        -:  920:    _LIBCPP_INLINE_VISIBILITY
        -:  921:    basic_string& append(const basic_string& __str);
        -:  922:    _LIBCPP_INLINE_VISIBILITY
        -:  923:    basic_string& append(__self_view __sv) { return append(__sv.data(), __sv.size()); }
        -:  924:    basic_string& append(const basic_string& __str, size_type __pos, size_type __n=npos);
        -:  925:    template <class _Tp>
        -:  926:    _LIBCPP_METHOD_TEMPLATE_IMPLICIT_INSTANTIATION_VIS
        -:  927:    typename enable_if
        -:  928:        <
        -:  929:            __can_be_converted_to_string_view<_CharT, _Traits, _Tp>::value,
        -:  930:            basic_string&
        -:  931:        >::type
        -:  932:                  append(const _Tp& __t, size_type __pos, size_type __n=npos);
        -:  933:    basic_string& append(const value_type* __s, size_type __n);
        -:  934:    basic_string& append(const value_type* __s);
        -:  935:    basic_string& append(size_type __n, value_type __c);
        -:  936:    template <class _ForwardIterator>
        -:  937:    _LIBCPP_METHOD_TEMPLATE_IMPLICIT_INSTANTIATION_VIS
        -:  938:    basic_string& __append_forward_unsafe(_ForwardIterator, _ForwardIterator);
        -:  939:    template<class _InputIterator>
        -:  940:    _LIBCPP_METHOD_TEMPLATE_IMPLICIT_INSTANTIATION_VIS
        -:  941:    typename enable_if
        -:  942:        <
        -:  943:            __is_exactly_input_iterator<_InputIterator>::value
        -:  944:                || !__libcpp_string_gets_noexcept_iterator<_InputIterator>::value,
        -:  945:            basic_string&
        -:  946:        >::type
        -:  947:    _LIBCPP_INLINE_VISIBILITY
        -:  948:    append(_InputIterator __first, _InputIterator __last) {
        -:  949:      const basic_string __temp (__first, __last, __alloc());
        -:  950:      append(__temp.data(), __temp.size());
        -:  951:      return *this;
        -:  952:    }
        -:  953:    template<class _ForwardIterator>
        -:  954:    _LIBCPP_METHOD_TEMPLATE_IMPLICIT_INSTANTIATION_VIS
        -:  955:    typename enable_if
        -:  956:        <
        -:  957:            __is_forward_iterator<_ForwardIterator>::value
        -:  958:                && __libcpp_string_gets_noexcept_iterator<_ForwardIterator>::value,
        -:  959:            basic_string&
        -:  960:        >::type
        -:  961:    _LIBCPP_INLINE_VISIBILITY
        -:  962:    append(_ForwardIterator __first, _ForwardIterator __last) {
        -:  963:      return __append_forward_unsafe(__first, __last);
        -:  964:    }
        -:  965:
        -:  966:#ifndef _LIBCPP_CXX03_LANG
        -:  967:    _LIBCPP_INLINE_VISIBILITY
        -:  968:    basic_string& append(initializer_list<value_type> __il) {return append(__il.begin(), __il.size());}
        -:  969:#endif  // _LIBCPP_CXX03_LANG
        -:  970:
        -:  971:    void push_back(value_type __c);
        -:  972:    _LIBCPP_INLINE_VISIBILITY
        -:  973:    void pop_back();
        -:  974:    _LIBCPP_INLINE_VISIBILITY reference       front();
        -:  975:    _LIBCPP_INLINE_VISIBILITY const_reference front() const;
        -:  976:    _LIBCPP_INLINE_VISIBILITY reference       back();
        -:  977:    _LIBCPP_INLINE_VISIBILITY const_reference back() const;
        -:  978:
        -:  979:    _LIBCPP_INLINE_VISIBILITY
        -:  980:    basic_string& assign(__self_view __sv) { return assign(__sv.data(), __sv.size()); }
        -:  981:    _LIBCPP_INLINE_VISIBILITY
        -:  982:    basic_string& assign(const basic_string& __str) { return *this = __str; }
        -:  983:#ifndef _LIBCPP_CXX03_LANG
        -:  984:    _LIBCPP_INLINE_VISIBILITY
        -:  985:    basic_string& assign(basic_string&& __str)
        -:  986:        _NOEXCEPT_((__noexcept_move_assign_container<_Allocator, __alloc_traits>::value))
        -:  987:        {*this = _VSTD::move(__str); return *this;}
        -:  988:#endif
        -:  989:    basic_string& assign(const basic_string& __str, size_type __pos, size_type __n=npos);
        -:  990:    template <class _Tp>
        -:  991:    _LIBCPP_METHOD_TEMPLATE_IMPLICIT_INSTANTIATION_VIS
        -:  992:    typename enable_if
        -:  993:        <
        -:  994:            __can_be_converted_to_string_view<_CharT, _Traits, _Tp>::value,
        -:  995:            basic_string&
        -:  996:        >::type
        -:  997:                  assign(const _Tp & __t, size_type __pos, size_type __n=npos);
        -:  998:    basic_string& assign(const value_type* __s, size_type __n);
        -:  999:    basic_string& assign(const value_type* __s);
        -: 1000:    basic_string& assign(size_type __n, value_type __c);
        -: 1001:    template<class _InputIterator>
        -: 1002:    _LIBCPP_METHOD_TEMPLATE_IMPLICIT_INSTANTIATION_VIS
        -: 1003:    typename enable_if
        -: 1004:        <
        -: 1005:           __is_exactly_input_iterator<_InputIterator>::value
        -: 1006:                || !__libcpp_string_gets_noexcept_iterator<_InputIterator>::value,
        -: 1007:            basic_string&
        -: 1008:        >::type
        -: 1009:        assign(_InputIterator __first, _InputIterator __last);
        -: 1010:    template<class _ForwardIterator>
        -: 1011:    _LIBCPP_METHOD_TEMPLATE_IMPLICIT_INSTANTIATION_VIS
        -: 1012:    typename enable_if
        -: 1013:        <
        -: 1014:            __is_forward_iterator<_ForwardIterator>::value
        -: 1015:                 && __libcpp_string_gets_noexcept_iterator<_ForwardIterator>::value,
        -: 1016:            basic_string&
        -: 1017:        >::type
        -: 1018:        assign(_ForwardIterator __first, _ForwardIterator __last);
        -: 1019:#ifndef _LIBCPP_CXX03_LANG
        -: 1020:    _LIBCPP_INLINE_VISIBILITY
        -: 1021:    basic_string& assign(initializer_list<value_type> __il) {return assign(__il.begin(), __il.size());}
        -: 1022:#endif  // _LIBCPP_CXX03_LANG
        -: 1023:
        -: 1024:    _LIBCPP_INLINE_VISIBILITY
        -: 1025:    basic_string& insert(size_type __pos1, const basic_string& __str);
        -: 1026:    _LIBCPP_INLINE_VISIBILITY
        -: 1027:    basic_string& insert(size_type __pos1, __self_view __sv) { return insert(__pos1, __sv.data(), __sv.size()); }
        -: 1028:    template <class _Tp>
        -: 1029:    _LIBCPP_METHOD_TEMPLATE_IMPLICIT_INSTANTIATION_VIS
        -: 1030:    typename enable_if
        -: 1031:        <
        -: 1032:            __can_be_converted_to_string_view<_CharT, _Traits, _Tp>::value,
        -: 1033:            basic_string&
        -: 1034:        >::type
        -: 1035:                  insert(size_type __pos1, const _Tp& __t, size_type __pos2, size_type __n=npos);
        -: 1036:    basic_string& insert(size_type __pos1, const basic_string& __str, size_type __pos2, size_type __n=npos);
        -: 1037:    basic_string& insert(size_type __pos, const value_type* __s, size_type __n);
        -: 1038:    basic_string& insert(size_type __pos, const value_type* __s);
        -: 1039:    basic_string& insert(size_type __pos, size_type __n, value_type __c);
        -: 1040:    iterator      insert(const_iterator __pos, value_type __c);
        -: 1041:    _LIBCPP_INLINE_VISIBILITY
        -: 1042:    iterator      insert(const_iterator __pos, size_type __n, value_type __c);
        -: 1043:    template<class _InputIterator>
        -: 1044:    _LIBCPP_METHOD_TEMPLATE_IMPLICIT_INSTANTIATION_VIS
        -: 1045:    typename enable_if
        -: 1046:        <
        -: 1047:           __is_exactly_input_iterator<_InputIterator>::value
        -: 1048:                || !__libcpp_string_gets_noexcept_iterator<_InputIterator>::value,
        -: 1049:            iterator
        -: 1050:        >::type
        -: 1051:        insert(const_iterator __pos, _InputIterator __first, _InputIterator __last);
        -: 1052:    template<class _ForwardIterator>
        -: 1053:    _LIBCPP_METHOD_TEMPLATE_IMPLICIT_INSTANTIATION_VIS
        -: 1054:    typename enable_if
        -: 1055:        <
        -: 1056:            __is_forward_iterator<_ForwardIterator>::value
        -: 1057:                 && __libcpp_string_gets_noexcept_iterator<_ForwardIterator>::value,
        -: 1058:            iterator
        -: 1059:        >::type
        -: 1060:        insert(const_iterator __pos, _ForwardIterator __first, _ForwardIterator __last);
        -: 1061:#ifndef _LIBCPP_CXX03_LANG
        -: 1062:    _LIBCPP_INLINE_VISIBILITY
        -: 1063:    iterator insert(const_iterator __pos, initializer_list<value_type> __il)
        -: 1064:                    {return insert(__pos, __il.begin(), __il.end());}
        -: 1065:#endif  // _LIBCPP_CXX03_LANG
        -: 1066:
        -: 1067:    basic_string& erase(size_type __pos = 0, size_type __n = npos);
        -: 1068:    _LIBCPP_INLINE_VISIBILITY
        -: 1069:    iterator      erase(const_iterator __pos);
        -: 1070:    _LIBCPP_INLINE_VISIBILITY
        -: 1071:    iterator      erase(const_iterator __first, const_iterator __last);
        -: 1072:
        -: 1073:    _LIBCPP_INLINE_VISIBILITY
        -: 1074:    basic_string& replace(size_type __pos1, size_type __n1, const basic_string& __str);
        -: 1075:    _LIBCPP_INLINE_VISIBILITY
        -: 1076:    basic_string& replace(size_type __pos1, size_type __n1, __self_view __sv) { return replace(__pos1, __n1, __sv.data(), __sv.size()); }
        -: 1077:    basic_string& replace(size_type __pos1, size_type __n1, const basic_string& __str, size_type __pos2, size_type __n2=npos);
        -: 1078:    template <class _Tp>
        -: 1079:    _LIBCPP_METHOD_TEMPLATE_IMPLICIT_INSTANTIATION_VIS
        -: 1080:    typename enable_if
        -: 1081:        <
        -: 1082:            __can_be_converted_to_string_view<_CharT, _Traits, _Tp>::value,
        -: 1083:            basic_string&
        -: 1084:        >::type
        -: 1085:                  replace(size_type __pos1, size_type __n1, const _Tp& __t, size_type __pos2, size_type __n2=npos);
        -: 1086:    basic_string& replace(size_type __pos, size_type __n1, const value_type* __s, size_type __n2);
        -: 1087:    basic_string& replace(size_type __pos, size_type __n1, const value_type* __s);
        -: 1088:    basic_string& replace(size_type __pos, size_type __n1, size_type __n2, value_type __c);
        -: 1089:    _LIBCPP_INLINE_VISIBILITY
        -: 1090:    basic_string& replace(const_iterator __i1, const_iterator __i2, const basic_string& __str);
        -: 1091:    _LIBCPP_INLINE_VISIBILITY
        -: 1092:    basic_string& replace(const_iterator __i1, const_iterator __i2, __self_view __sv) { return replace(__i1 - begin(), __i2 - __i1, __sv); }
        -: 1093:    _LIBCPP_INLINE_VISIBILITY
        -: 1094:    basic_string& replace(const_iterator __i1, const_iterator __i2, const value_type* __s, size_type __n);
        -: 1095:    _LIBCPP_INLINE_VISIBILITY
        -: 1096:    basic_string& replace(const_iterator __i1, const_iterator __i2, const value_type* __s);
        -: 1097:    _LIBCPP_INLINE_VISIBILITY
        -: 1098:    basic_string& replace(const_iterator __i1, const_iterator __i2, size_type __n, value_type __c);
        -: 1099:    template<class _InputIterator>
        -: 1100:    _LIBCPP_METHOD_TEMPLATE_IMPLICIT_INSTANTIATION_VIS
        -: 1101:    typename enable_if
        -: 1102:        <
        -: 1103:            __is_input_iterator<_InputIterator>::value,
        -: 1104:            basic_string&
        -: 1105:        >::type
        -: 1106:        replace(const_iterator __i1, const_iterator __i2, _InputIterator __j1, _InputIterator __j2);
        -: 1107:#ifndef _LIBCPP_CXX03_LANG
        -: 1108:    _LIBCPP_INLINE_VISIBILITY
        -: 1109:    basic_string& replace(const_iterator __i1, const_iterator __i2, initializer_list<value_type> __il)
        -: 1110:        {return replace(__i1, __i2, __il.begin(), __il.end());}
        -: 1111:#endif  // _LIBCPP_CXX03_LANG
        -: 1112:
        -: 1113:    size_type copy(value_type* __s, size_type __n, size_type __pos = 0) const;
        -: 1114:    _LIBCPP_INLINE_VISIBILITY
        -: 1115:    basic_string substr(size_type __pos = 0, size_type __n = npos) const;
        -: 1116:
        -: 1117:    _LIBCPP_INLINE_VISIBILITY
        -: 1118:    void swap(basic_string& __str)
        -: 1119:#if _LIBCPP_STD_VER >= 14
        -: 1120:        _NOEXCEPT_DEBUG;
        -: 1121:#else
        -: 1122:        _NOEXCEPT_DEBUG_(!__alloc_traits::propagate_on_container_swap::value ||
        -: 1123:                    __is_nothrow_swappable<allocator_type>::value);
        -: 1124:#endif
        -: 1125:
        -: 1126:    _LIBCPP_INLINE_VISIBILITY
        -: 1127:    const value_type* c_str() const _NOEXCEPT {return data();}
        -: 1128:    _LIBCPP_INLINE_VISIBILITY
function _ZNKSt3__112basic_stringIcNS_11char_traitsIcEENS_9allocatorIcEEE4dataEv called 0 returned 0% blocks executed 0%
    #####: 1129:    const value_type* data() const _NOEXCEPT  {return _VSTD::__to_raw_pointer(__get_pointer());}
    $$$$$: 1129-block  0
        -: 1130:#if _LIBCPP_STD_VER > 14
        -: 1131:    _LIBCPP_INLINE_VISIBILITY
        -: 1132:    value_type* data()             _NOEXCEPT  {return _VSTD::__to_raw_pointer(__get_pointer());}
        -: 1133:#endif
        -: 1134:
        -: 1135:    _LIBCPP_INLINE_VISIBILITY
        -: 1136:    allocator_type get_allocator() const _NOEXCEPT {return __alloc();}
        -: 1137:
        -: 1138:    _LIBCPP_INLINE_VISIBILITY
        -: 1139:    size_type find(const basic_string& __str, size_type __pos = 0) const _NOEXCEPT;
        -: 1140:    _LIBCPP_INLINE_VISIBILITY
        -: 1141:    size_type find(__self_view __sv, size_type __pos = 0) const _NOEXCEPT;
        -: 1142:    size_type find(const value_type* __s, size_type __pos, size_type __n) const _NOEXCEPT;
        -: 1143:    _LIBCPP_INLINE_VISIBILITY
        -: 1144:    size_type find(const value_type* __s, size_type __pos = 0) const _NOEXCEPT;
        -: 1145:    size_type find(value_type __c, size_type __pos = 0) const _NOEXCEPT;
        -: 1146:
        -: 1147:    _LIBCPP_INLINE_VISIBILITY
        -: 1148:    size_type rfind(const basic_string& __str, size_type __pos = npos) const _NOEXCEPT;
        -: 1149:    _LIBCPP_INLINE_VISIBILITY
        -: 1150:    size_type rfind(__self_view __sv, size_type __pos = 0) const _NOEXCEPT;
        -: 1151:    size_type rfind(const value_type* __s, size_type __pos, size_type __n) const _NOEXCEPT;
        -: 1152:    _LIBCPP_INLINE_VISIBILITY
        -: 1153:    size_type rfind(const value_type* __s, size_type __pos = npos) const _NOEXCEPT;
        -: 1154:    size_type rfind(value_type __c, size_type __pos = npos) const _NOEXCEPT;
        -: 1155:
        -: 1156:    _LIBCPP_INLINE_VISIBILITY
        -: 1157:    size_type find_first_of(const basic_string& __str, size_type __pos = 0) const _NOEXCEPT;
        -: 1158:    _LIBCPP_INLINE_VISIBILITY
        -: 1159:    size_type find_first_of(__self_view __sv, size_type __pos = 0) const _NOEXCEPT;
        -: 1160:    size_type find_first_of(const value_type* __s, size_type __pos, size_type __n) const _NOEXCEPT;
        -: 1161:    _LIBCPP_INLINE_VISIBILITY
        -: 1162:    size_type find_first_of(const value_type* __s, size_type __pos = 0) const _NOEXCEPT;
        -: 1163:    _LIBCPP_INLINE_VISIBILITY
        -: 1164:    size_type find_first_of(value_type __c, size_type __pos = 0) const _NOEXCEPT;
        -: 1165:
        -: 1166:    _LIBCPP_INLINE_VISIBILITY
        -: 1167:    size_type find_last_of(const basic_string& __str, size_type __pos = npos) const _NOEXCEPT;
        -: 1168:    _LIBCPP_INLINE_VISIBILITY
        -: 1169:    size_type find_last_of(__self_view __sv, size_type __pos = 0) const _NOEXCEPT;
        -: 1170:    size_type find_last_of(const value_type* __s, size_type __pos, size_type __n) const _NOEXCEPT;
        -: 1171:    _LIBCPP_INLINE_VISIBILITY
        -: 1172:    size_type find_last_of(const value_type* __s, size_type __pos = npos) const _NOEXCEPT;
        -: 1173:    _LIBCPP_INLINE_VISIBILITY
        -: 1174:    size_type find_last_of(value_type __c, size_type __pos = npos) const _NOEXCEPT;
        -: 1175:
        -: 1176:    _LIBCPP_INLINE_VISIBILITY
        -: 1177:    size_type find_first_not_of(const basic_string& __str, size_type __pos = 0) const _NOEXCEPT;
        -: 1178:    _LIBCPP_INLINE_VISIBILITY
        -: 1179:    size_type find_first_not_of(__self_view __sv, size_type __pos = 0) const _NOEXCEPT;
        -: 1180:    size_type find_first_not_of(const value_type* __s, size_type __pos, size_type __n) const _NOEXCEPT;
        -: 1181:    _LIBCPP_INLINE_VISIBILITY
        -: 1182:    size_type find_first_not_of(const value_type* __s, size_type __pos = 0) const _NOEXCEPT;
        -: 1183:    _LIBCPP_INLINE_VISIBILITY
        -: 1184:    size_type find_first_not_of(value_type __c, size_type __pos = 0) const _NOEXCEPT;
        -: 1185:
        -: 1186:    _LIBCPP_INLINE_VISIBILITY
        -: 1187:    size_type find_last_not_of(const basic_string& __str, size_type __pos = npos) const _NOEXCEPT;
        -: 1188:    _LIBCPP_INLINE_VISIBILITY
        -: 1189:    size_type find_last_not_of(__self_view __sv, size_type __pos = 0) const _NOEXCEPT;
        -: 1190:    size_type find_last_not_of(const value_type* __s, size_type __pos, size_type __n) const _NOEXCEPT;
        -: 1191:    _LIBCPP_INLINE_VISIBILITY
        -: 1192:    size_type find_last_not_of(const value_type* __s, size_type __pos = npos) const _NOEXCEPT;
        -: 1193:    _LIBCPP_INLINE_VISIBILITY
        -: 1194:    size_type find_last_not_of(value_type __c, size_type __pos = npos) const _NOEXCEPT;
        -: 1195:
        -: 1196:    _LIBCPP_INLINE_VISIBILITY
        -: 1197:    int compare(const basic_string& __str) const _NOEXCEPT;
        -: 1198:    _LIBCPP_INLINE_VISIBILITY
        -: 1199:    int compare(__self_view __sv) const _NOEXCEPT;
        -: 1200:    _LIBCPP_INLINE_VISIBILITY
        -: 1201:    int compare(size_type __pos1, size_type __n1, __self_view __sv) const;
        -: 1202:    _LIBCPP_INLINE_VISIBILITY
        -: 1203:    int compare(size_type __pos1, size_type __n1, const basic_string& __str) const;
        -: 1204:    int compare(size_type __pos1, size_type __n1, const basic_string& __str, size_type __pos2, size_type __n2=npos) const;
        -: 1205:    template <class _Tp>
        -: 1206:    inline _LIBCPP_INLINE_VISIBILITY
        -: 1207:        typename enable_if
        -: 1208:        <
        -: 1209:            __can_be_converted_to_string_view<_CharT, _Traits, _Tp>::value,
        -: 1210:            int
        -: 1211:        >::type
        -: 1212:        compare(size_type __pos1, size_type __n1, const _Tp& __t, size_type __pos2, size_type __n2=npos) const;
        -: 1213:    int compare(const value_type* __s) const _NOEXCEPT;
        -: 1214:    int compare(size_type __pos1, size_type __n1, const value_type* __s) const;
        -: 1215:    int compare(size_type __pos1, size_type __n1, const value_type* __s, size_type __n2) const;
        -: 1216:
        -: 1217:    _LIBCPP_INLINE_VISIBILITY bool __invariants() const;
        -: 1218:
        -: 1219:    _LIBCPP_INLINE_VISIBILITY
function _ZNKSt3__112basic_stringIcNS_11char_traitsIcEENS_9allocatorIcEEE9__is_longEv called 0 returned 0% blocks executed 0%
        -: 1220:    bool __is_long() const _NOEXCEPT
    #####: 1221:        {return bool(__r_.first().__s.__size_ & __short_mask);}
    $$$$$: 1221-block  0
        -: 1222:
        -: 1223:#if _LIBCPP_DEBUG_LEVEL >= 2
        -: 1224:
        -: 1225:    bool __dereferenceable(const const_iterator* __i) const;
        -: 1226:    bool __decrementable(const const_iterator* __i) const;
        -: 1227:    bool __addable(const const_iterator* __i, ptrdiff_t __n) const;
        -: 1228:    bool __subscriptable(const const_iterator* __i, ptrdiff_t __n) const;
        -: 1229:
        -: 1230:#endif  // _LIBCPP_DEBUG_LEVEL >= 2
        -: 1231:
        -: 1232:private:
        -: 1233:    _LIBCPP_INLINE_VISIBILITY
        -: 1234:    allocator_type& __alloc() _NOEXCEPT
        -: 1235:        {return __r_.second();}
        -: 1236:    _LIBCPP_INLINE_VISIBILITY
        -: 1237:    const allocator_type& __alloc() const _NOEXCEPT
        -: 1238:        {return __r_.second();}
        -: 1239:
        -: 1240:#ifdef _LIBCPP_ABI_ALTERNATE_STRING_LAYOUT
        -: 1241:
        -: 1242:    _LIBCPP_INLINE_VISIBILITY
        -: 1243:    void __set_short_size(size_type __s) _NOEXCEPT
        -: 1244:#   if _LIBCPP_BIG_ENDIAN
        -: 1245:        {__r_.first().__s.__size_ = (unsigned char)(__s << 1);}
        -: 1246:#   else
        -: 1247:        {__r_.first().__s.__size_ = (unsigned char)(__s);}
        -: 1248:#   endif
        -: 1249:
        -: 1250:    _LIBCPP_INLINE_VISIBILITY
        -: 1251:    size_type __get_short_size() const _NOEXCEPT
        -: 1252:#   if _LIBCPP_BIG_ENDIAN
        -: 1253:        {return __r_.first().__s.__size_ >> 1;}
        -: 1254:#   else
        -: 1255:        {return __r_.first().__s.__size_;}
        -: 1256:#   endif
        -: 1257:
        -: 1258:#else  // _LIBCPP_ABI_ALTERNATE_STRING_LAYOUT
        -: 1259:
        -: 1260:    _LIBCPP_INLINE_VISIBILITY
        -: 1261:    void __set_short_size(size_type __s) _NOEXCEPT
        -: 1262:#   if _LIBCPP_BIG_ENDIAN
        -: 1263:        {__r_.first().__s.__size_ = (unsigned char)(__s);}
        -: 1264:#   else
        -: 1265:        {__r_.first().__s.__size_ = (unsigned char)(__s << 1);}
        -: 1266:#   endif
        -: 1267:
        -: 1268:    _LIBCPP_INLINE_VISIBILITY
function _ZNKSt3__112basic_stringIcNS_11char_traitsIcEENS_9allocatorIcEEE16__get_short_sizeEv called 0 returned 0% blocks executed 0%
        -: 1269:    size_type __get_short_size() const _NOEXCEPT
        -: 1270:#   if _LIBCPP_BIG_ENDIAN
        -: 1271:        {return __r_.first().__s.__size_;}
        -: 1272:#   else
    #####: 1273:        {return __r_.first().__s.__size_ >> 1;}
    $$$$$: 1273-block  0
        -: 1274:#   endif
        -: 1275:
        -: 1276:#endif  // _LIBCPP_ABI_ALTERNATE_STRING_LAYOUT
        -: 1277:
        -: 1278:    _LIBCPP_INLINE_VISIBILITY
        -: 1279:    void __set_long_size(size_type __s) _NOEXCEPT
        -: 1280:        {__r_.first().__l.__size_ = __s;}
        -: 1281:    _LIBCPP_INLINE_VISIBILITY
function _ZNKSt3__112basic_stringIcNS_11char_traitsIcEENS_9allocatorIcEEE15__get_long_sizeEv called 0 returned 0% blocks executed 0%
        -: 1282:    size_type __get_long_size() const _NOEXCEPT
    #####: 1283:        {return __r_.first().__l.__size_;}
    $$$$$: 1283-block  0
        -: 1284:    _LIBCPP_INLINE_VISIBILITY
        -: 1285:    void __set_size(size_type __s) _NOEXCEPT
        -: 1286:        {if (__is_long()) __set_long_size(__s); else __set_short_size(__s);}
        -: 1287:
        -: 1288:    _LIBCPP_INLINE_VISIBILITY
        -: 1289:    void __set_long_cap(size_type __s) _NOEXCEPT
        -: 1290:        {__r_.first().__l.__cap_  = __long_mask | __s;}
        -: 1291:    _LIBCPP_INLINE_VISIBILITY
        -: 1292:    size_type __get_long_cap() const _NOEXCEPT
        -: 1293:        {return __r_.first().__l.__cap_ & size_type(~__long_mask);}
        -: 1294:
        -: 1295:    _LIBCPP_INLINE_VISIBILITY
        -: 1296:    void __set_long_pointer(pointer __p) _NOEXCEPT
        -: 1297:        {__r_.first().__l.__data_ = __p;}
        -: 1298:    _LIBCPP_INLINE_VISIBILITY
        -: 1299:    pointer __get_long_pointer() _NOEXCEPT
        -: 1300:        {return __r_.first().__l.__data_;}
        -: 1301:    _LIBCPP_INLINE_VISIBILITY
function _ZNKSt3__112basic_stringIcNS_11char_traitsIcEENS_9allocatorIcEEE18__get_long_pointerEv called 0 returned 0% blocks executed 0%
        -: 1302:    const_pointer __get_long_pointer() const _NOEXCEPT
    #####: 1303:        {return __r_.first().__l.__data_;}
    $$$$$: 1303-block  0
        -: 1304:    _LIBCPP_INLINE_VISIBILITY
        -: 1305:    pointer __get_short_pointer() _NOEXCEPT
        -: 1306:        {return pointer_traits<pointer>::pointer_to(__r_.first().__s.__data_[0]);}
        -: 1307:    _LIBCPP_INLINE_VISIBILITY
function _ZNKSt3__112basic_stringIcNS_11char_traitsIcEENS_9allocatorIcEEE19__get_short_pointerEv called 0 returned 0% blocks executed 0%
        -: 1308:    const_pointer __get_short_pointer() const _NOEXCEPT
    #####: 1309:        {return pointer_traits<const_pointer>::pointer_to(__r_.first().__s.__data_[0]);}
    $$$$$: 1309-block  0
        -: 1310:    _LIBCPP_INLINE_VISIBILITY
        -: 1311:    pointer __get_pointer() _NOEXCEPT
        -: 1312:        {return __is_long() ? __get_long_pointer() : __get_short_pointer();}
        -: 1313:    _LIBCPP_INLINE_VISIBILITY
function _ZNKSt3__112basic_stringIcNS_11char_traitsIcEENS_9allocatorIcEEE13__get_pointerEv called 0 returned 0% blocks executed 0%
        -: 1314:    const_pointer __get_pointer() const _NOEXCEPT
    #####: 1315:        {return __is_long() ? __get_long_pointer() : __get_short_pointer();}
    $$$$$: 1315-block  0
branch  0 never executed
branch  1 never executed
    $$$$$: 1315-block  1
    $$$$$: 1315-block  2
    $$$$$: 1315-block  3
        -: 1316:
        -: 1317:    _LIBCPP_INLINE_VISIBILITY
        -: 1318:    void __zero() _NOEXCEPT
        -: 1319:        {
        -: 1320:            size_type (&__a)[__n_words] = __r_.first().__r.__words;
        -: 1321:            for (unsigned __i = 0; __i < __n_words; ++__i)
        -: 1322:                __a[__i] = 0;
        -: 1323:        }
        -: 1324:
        -: 1325:    template <size_type __a> static
        -: 1326:        _LIBCPP_INLINE_VISIBILITY
        -: 1327:        size_type __align_it(size_type __s) _NOEXCEPT
        -: 1328:            {return (__s + (__a-1)) & ~(__a-1);}
        -: 1329:    enum {__alignment = 16};
        -: 1330:    static _LIBCPP_INLINE_VISIBILITY
        -: 1331:    size_type __recommend(size_type __s) _NOEXCEPT
        -: 1332:        {return (__s < __min_cap ? static_cast<size_type>(__min_cap) :
        -: 1333:                 __align_it<sizeof(value_type) < __alignment ?
        -: 1334:                            __alignment/sizeof(value_type) : 1 > (__s+1)) - 1;}
        -: 1335:
        -: 1336:    inline
[...]
        -: 3661:inline _LIBCPP_INLINE_VISIBILITY
        -: 3662:bool
        -: 3663:operator> (const _CharT* __lhs,
        -: 3664:           const basic_string<_CharT, _Traits, _Allocator>& __rhs) _NOEXCEPT
        -: 3665:{
        -: 3666:    return __rhs < __lhs;
        -: 3667:}
        -: 3668:
        -: 3669:// operator<=
        -: 3670:
        -: 3671:template<class _CharT, class _Traits, class _Allocator>
        -: 3672:inline _LIBCPP_INLINE_VISIBILITY
        -: 3673:bool
        -: 3674:operator<=(const basic_string<_CharT, _Traits, _Allocator>& __lhs,
        -: 3675:           const basic_string<_CharT, _Traits, _Allocator>& __rhs) _NOEXCEPT
        -: 3676:{
        -: 3677:    return !(__rhs < __lhs);
        -: 3678:}
        -: 3679:
        -: 3680:template<class _CharT, class _Traits, class _Allocator>
        -: 3681:inline _LIBCPP_INLINE_VISIBILITY
        -: 3682:bool
        -: 3683:operator<=(const basic_string<_CharT, _Traits, _Allocator>& __lhs,
        -: 3684:           const _CharT* __rhs) _NOEXCEPT
        -: 3685:{
        -: 3686:    return !(__rhs < __lhs);
        -: 3687:}
        -: 3688:
        -: 3689:template<class _CharT, class _Traits, class _Allocator>
        -: 3690:inline _LIBCPP_INLINE_VISIBILITY
        -: 3691:bool
        -: 3692:operator<=(const _CharT* __lhs,
        -: 3693:           const basic_string<_CharT, _Traits, _Allocator>& __rhs) _NOEXCEPT
        -: 3694:{
        -: 3695:    return !(__rhs < __lhs);
        -: 3696:}
        -: 3697:
        -: 3698:// operator>=
        -: 3699:
        -: 3700:template<class _CharT, class _Traits, class _Allocator>
        -: 3701:inline _LIBCPP_INLINE_VISIBILITY
        -: 3702:bool
        -: 3703:operator>=(const basic_string<_CharT, _Traits, _Allocator>& __lhs,
        -: 3704:           const basic_string<_CharT, _Traits, _Allocator>& __rhs) _NOEXCEPT
        -: 3705:{
        -: 3706:    return !(__lhs < __rhs);
        -: 3707:}
        -: 3708:
        -: 3709:template<class _CharT, class _Traits, class _Allocator>
        -: 3710:inline _LIBCPP_INLINE_VISIBILITY
        -: 3711:bool
        -: 3712:operator>=(const basic_string<_CharT, _Traits, _Allocator>& __lhs,
        -: 3713:           const _CharT* __rhs) _NOEXCEPT
        -: 3714:{
        -: 3715:    return !(__lhs < __rhs);
        -: 3716:}
        -: 3717:
        -: 3718:template<class _CharT, class _Traits, class _Allocator>
        -: 3719:inline _LIBCPP_INLINE_VISIBILITY
        -: 3720:bool
        -: 3721:operator>=(const _CharT* __lhs,
        -: 3722:           const basic_string<_CharT, _Traits, _Allocator>& __rhs) _NOEXCEPT
        -: 3723:{
        -: 3724:    return !(__lhs < __rhs);
        -: 3725:}
        -: 3726:
        -: 3727:// operator +
        -: 3728:
        -: 3729:template<class _CharT, class _Traits, class _Allocator>
        -: 3730:basic_string<_CharT, _Traits, _Allocator>
        -: 3731:operator+(const basic_string<_CharT, _Traits, _Allocator>& __lhs,
        -: 3732:          const basic_string<_CharT, _Traits, _Allocator>& __rhs)
        -: 3733:{
        -: 3734:    basic_string<_CharT, _Traits, _Allocator> __r(__lhs.get_allocator());
        -: 3735:    typename basic_string<_CharT, _Traits, _Allocator>::size_type __lhs_sz = __lhs.size();
        -: 3736:    typename basic_string<_CharT, _Traits, _Allocator>::size_type __rhs_sz = __rhs.size();
        -: 3737:    __r.__init(__lhs.data(), __lhs_sz, __lhs_sz + __rhs_sz);
        -: 3738:    __r.append(__rhs.data(), __rhs_sz);
        -: 3739:    return __r;
        -: 3740:}
        -: 3741:
        -: 3742:template<class _CharT, class _Traits, class _Allocator>
        -: 3743:basic_string<_CharT, _Traits, _Allocator>
        -: 3744:operator+(const _CharT* __lhs , const basic_string<_CharT,_Traits,_Allocator>& __rhs)
        -: 3745:{
        -: 3746:    basic_string<_CharT, _Traits, _Allocator> __r(__rhs.get_allocator());
        -: 3747:    typename basic_string<_CharT, _Traits, _Allocator>::size_type __lhs_sz = _Traits::length(__lhs);
        -: 3748:    typename basic_string<_CharT, _Traits, _Allocator>::size_type __rhs_sz = __rhs.size();
        -: 3749:    __r.__init(__lhs, __lhs_sz, __lhs_sz + __rhs_sz);
        -: 3750:    __r.append(__rhs.data(), __rhs_sz);
        -: 3751:    return __r;
        -: 3752:}
        -: 3753:
        -: 3754:template<class _CharT, class _Traits, class _Allocator>
        -: 3755:basic_string<_CharT, _Traits, _Allocator>
        -: 3756:operator+(_CharT __lhs, const basic_string<_CharT,_Traits,_Allocator>& __rhs)
        -: 3757:{
        -: 3758:    basic_string<_CharT, _Traits, _Allocator> __r(__rhs.get_allocator());
        -: 3759:    typename basic_string<_CharT, _Traits, _Allocator>::size_type __rhs_sz = __rhs.size();
        -: 3760:    __r.__init(&__lhs, 1, 1 + __rhs_sz);
        -: 3761:    __r.append(__rhs.data(), __rhs_sz);
        -: 3762:    return __r;
        -: 3763:}
        -: 3764:
        -: 3765:template<class _CharT, class _Traits, class _Allocator>
        -: 3766:basic_string<_CharT, _Traits, _Allocator>
        -: 3767:operator+(const basic_string<_CharT, _Traits, _Allocator>& __lhs, const _CharT* __rhs)
        -: 3768:{
        -: 3769:    basic_string<_CharT, _Traits, _Allocator> __r(__lhs.get_allocator());
        -: 3770:    typename basic_string<_CharT, _Traits, _Allocator>::size_type __lhs_sz = __lhs.size();
        -: 3771:    typename basic_string<_CharT, _Traits, _Allocator>::size_type __rhs_sz = _Traits::length(__rhs);
        -: 3772:    __r.__init(__lhs.data(), __lhs_sz, __lhs_sz + __rhs_sz);
        -: 3773:    __r.append(__rhs, __rhs_sz);
        -: 3774:    return __r;
        -: 3775:}
        -: 3776:
        -: 3777:template<class _CharT, class _Traits, class _Allocator>
        -: 3778:basic_string<_CharT, _Traits, _Allocator>
        -: 3779:operator+(const basic_string<_CharT, _Traits, _Allocator>& __lhs, _CharT __rhs)
        -: 3780:{
        -: 3781:    basic_string<_CharT, _Traits, _Allocator> __r(__lhs.get_allocator());
        -: 3782:    typename basic_string<_CharT, _Traits, _Allocator>::size_type __lhs_sz = __lhs.size();
        -: 3783:    __r.__init(__lhs.data(), __lhs_sz, __lhs_sz + 1);
        -: 3784:    __r.push_back(__rhs);
        -: 3785:    return __r;
        -: 3786:}
        -: 3787:
        -: 3788:#ifndef _LIBCPP_CXX03_LANG
        -: 3789:
        -: 3790:template<class _CharT, class _Traits, class _Allocator>
        -: 3791:inline _LIBCPP_INLINE_VISIBILITY
        -: 3792:basic_string<_CharT, _Traits, _Allocator>
        -: 3793:operator+(basic_string<_CharT, _Traits, _Allocator>&& __lhs, const basic_string<_CharT, _Traits, _Allocator>& __rhs)
        -: 3794:{
        -: 3795:    return _VSTD::move(__lhs.append(__rhs));
        -: 3796:}
        -: 3797:
        -: 3798:template<class _CharT, class _Traits, class _Allocator>
        -: 3799:inline _LIBCPP_INLINE_VISIBILITY
        -: 3800:basic_string<_CharT, _Traits, _Allocator>
        -: 3801:operator+(const basic_string<_CharT, _Traits, _Allocator>& __lhs, basic_string<_CharT, _Traits, _Allocator>&& __rhs)
        -: 3802:{
        -: 3803:    return _VSTD::move(__rhs.insert(0, __lhs));
        -: 3804:}
        -: 3805:
        -: 3806:template<class _CharT, class _Traits, class _Allocator>
        -: 3807:inline _LIBCPP_INLINE_VISIBILITY
        -: 3808:basic_string<_CharT, _Traits, _Allocator>
        -: 3809:operator+(basic_string<_CharT, _Traits, _Allocator>&& __lhs, basic_string<_CharT, _Traits, _Allocator>&& __rhs)
        -: 3810:{
        -: 3811:    return _VSTD::move(__lhs.append(__rhs));
        -: 3812:}
        -: 3813:
        -: 3814:template<class _CharT, class _Traits, class _Allocator>
        -: 3815:inline _LIBCPP_INLINE_VISIBILITY
        -: 3816:basic_string<_CharT, _Traits, _Allocator>
        -: 3817:operator+(const _CharT* __lhs , basic_string<_CharT,_Traits,_Allocator>&& __rhs)
        -: 3818:{
        -: 3819:    return _VSTD::move(__rhs.insert(0, __lhs));
        -: 3820:}
        -: 3821:
        -: 3822:template<class _CharT, class _Traits, class _Allocator>
        -: 3823:inline _LIBCPP_INLINE_VISIBILITY
        -: 3824:basic_string<_CharT, _Traits, _Allocator>
        -: 3825:operator+(_CharT __lhs, basic_string<_CharT,_Traits,_Allocator>&& __rhs)
        -: 3826:{
        -: 3827:    __rhs.insert(__rhs.begin(), __lhs);
        -: 3828:    return _VSTD::move(__rhs);
        -: 3829:}
        -: 3830:
        -: 3831:template<class _CharT, class _Traits, class _Allocator>
        -: 3832:inline _LIBCPP_INLINE_VISIBILITY
        -: 3833:basic_string<_CharT, _Traits, _Allocator>
        -: 3834:operator+(basic_string<_CharT, _Traits, _Allocator>&& __lhs, const _CharT* __rhs)
        -: 3835:{
        -: 3836:    return _VSTD::move(__lhs.append(__rhs));
        -: 3837:}
        -: 3838:
        -: 3839:template<class _CharT, class _Traits, class _Allocator>
        -: 3840:inline _LIBCPP_INLINE_VISIBILITY
        -: 3841:basic_string<_CharT, _Traits, _Allocator>
        -: 3842:operator+(basic_string<_CharT, _Traits, _Allocator>&& __lhs, _CharT __rhs)
        -: 3843:{
        -: 3844:    __lhs.push_back(__rhs);
        -: 3845:    return _VSTD::move(__lhs);
        -: 3846:}
        -: 3847:
        -: 3848:#endif  // _LIBCPP_CXX03_LANG
        -: 3849:
        -: 3850:// swap
        -: 3851:
        -: 3852:template<class _CharT, class _Traits, class _Allocator>
        -: 3853:inline _LIBCPP_INLINE_VISIBILITY
        -: 3854:void
        -: 3855:swap(basic_string<_CharT, _Traits, _Allocator>& __lhs,
        -: 3856:     basic_string<_CharT, _Traits, _Allocator>& __rhs)
        -: 3857:     _NOEXCEPT_(_NOEXCEPT_(__lhs.swap(__rhs)))
        -: 3858:{
        -: 3859:    __lhs.swap(__rhs);
        -: 3860:}
        -: 3861:
        -: 3862:#ifndef _LIBCPP_HAS_NO_UNICODE_CHARS
        -: 3863:
        -: 3864:typedef basic_string<char16_t> u16string;
        -: 3865:typedef basic_string<char32_t> u32string;
        -: 3866:
        -: 3867:#endif  // _LIBCPP_HAS_NO_UNICODE_CHARS
        -: 3868:
        -: 3869:_LIBCPP_FUNC_VIS int                stoi  (const string& __str, size_t* __idx = 0, int __base = 10);
        -: 3870:_LIBCPP_FUNC_VIS long               stol  (const string& __str, size_t* __idx = 0, int __base = 10);
        -: 3871:_LIBCPP_FUNC_VIS unsigned long      stoul (const string& __str, size_t* __idx = 0, int __base = 10);
        -: 3872:_LIBCPP_FUNC_VIS long long          stoll (const string& __str, size_t* __idx = 0, int __base = 10);
        -: 3873:_LIBCPP_FUNC_VIS unsigned long long stoull(const string& __str, size_t* __idx = 0, int __base = 10);
        -: 3874:
        -: 3875:_LIBCPP_FUNC_VIS float       stof (const string& __str, size_t* __idx = 0);
        -: 3876:_LIBCPP_FUNC_VIS double      stod (const string& __str, size_t* __idx = 0);
        -: 3877:_LIBCPP_FUNC_VIS long double stold(const string& __str, size_t* __idx = 0);
        -: 3878:
        -: 3879:_LIBCPP_FUNC_VIS string to_string(int __val);
        -: 3880:_LIBCPP_FUNC_VIS string to_string(unsigned __val);
        -: 3881:_LIBCPP_FUNC_VIS string to_string(long __val);
        -: 3882:_LIBCPP_FUNC_VIS string to_string(unsigned long __val);
        -: 3883:_LIBCPP_FUNC_VIS string to_string(long long __val);
        -: 3884:_LIBCPP_FUNC_VIS string to_string(unsigned long long __val);
        -: 3885:_LIBCPP_FUNC_VIS string to_string(float __val);
        -: 3886:_LIBCPP_FUNC_VIS string to_string(double __val);
        -: 3887:_LIBCPP_FUNC_VIS string to_string(long double __val);
        -: 3888:
        -: 3889:_LIBCPP_FUNC_VIS int                stoi  (const wstring& __str, size_t* __idx = 0, int __base = 10);
        -: 3890:_LIBCPP_FUNC_VIS long               stol  (const wstring& __str, size_t* __idx = 0, int __base = 10);
        -: 3891:_LIBCPP_FUNC_VIS unsigned long      stoul (const wstring& __str, size_t* __idx = 0, int __base = 10);
        -: 3892:_LIBCPP_FUNC_VIS long long          stoll (const wstring& __str, size_t* __idx = 0, int __base = 10);
        -: 3893:_LIBCPP_FUNC_VIS unsigned long long stoull(const wstring& __str, size_t* __idx = 0, int __base = 10);
        -: 3894:
        -: 3895:_LIBCPP_FUNC_VIS float       stof (const wstring& __str, size_t* __idx = 0);
        -: 3896:_LIBCPP_FUNC_VIS double      stod (const wstring& __str, size_t* __idx = 0);
        -: 3897:_LIBCPP_FUNC_VIS long double stold(const wstring& __str, size_t* __idx = 0);
        -: 3898:
        -: 3899:_LIBCPP_FUNC_VIS wstring to_wstring(int __val);
        -: 3900:_LIBCPP_FUNC_VIS wstring to_wstring(unsigned __val);
        -: 3901:_LIBCPP_FUNC_VIS wstring to_wstring(long __val);
        -: 3902:_LIBCPP_FUNC_VIS wstring to_wstring(unsigned long __val);
        -: 3903:_LIBCPP_FUNC_VIS wstring to_wstring(long long __val);
        -: 3904:_LIBCPP_FUNC_VIS wstring to_wstring(unsigned long long __val);
        -: 3905:_LIBCPP_FUNC_VIS wstring to_wstring(float __val);
        -: 3906:_LIBCPP_FUNC_VIS wstring to_wstring(double __val);
        -: 3907:_LIBCPP_FUNC_VIS wstring to_wstring(long double __val);
        -: 3908:
        -: 3909:template<class _CharT, class _Traits, class _Allocator>
        -: 3910:    const typename basic_string<_CharT, _Traits, _Allocator>::size_type
        -: 3911:                   basic_string<_CharT, _Traits, _Allocator>::npos;
        -: 3912:
        -: 3913:template<class _CharT, class _Traits, class _Allocator>
        -: 3914:struct _LIBCPP_TEMPLATE_VIS hash<basic_string<_CharT, _Traits, _Allocator> >
        -: 3915:    : public unary_function<basic_string<_CharT, _Traits, _Allocator>, size_t>
        -: 3916:{
        -: 3917:    size_t
        -: 3918:        operator()(const basic_string<_CharT, _Traits, _Allocator>& __val) const _NOEXCEPT;
        -: 3919:};
        -: 3920:
        -: 3921:template<class _CharT, class _Traits, class _Allocator>
        -: 3922:size_t
        -: 3923:hash<basic_string<_CharT, _Traits, _Allocator> >::operator()(
        -: 3924:        const basic_string<_CharT, _Traits, _Allocator>& __val) const _NOEXCEPT
        -: 3925:{
        -: 3926:    return __do_string_hash(__val.data(), __val.data() + __val.size());
        -: 3927:}
        -: 3928:
        -: 3929:template<class _CharT, class _Traits, class _Allocator>
        -: 3930:basic_ostream<_CharT, _Traits>&
        -: 3931:operator<<(basic_ostream<_CharT, _Traits>& __os,
        -: 3932:           const basic_string<_CharT, _Traits, _Allocator>& __str);
        -: 3933:
        -: 3934:template<class _CharT, class _Traits, class _Allocator>
        -: 3935:basic_istream<_CharT, _Traits>&
        -: 3936:operator>>(basic_istream<_CharT, _Traits>& __is,
        -: 3937:           basic_string<_CharT, _Traits, _Allocator>& __str);
        -: 3938:
        -: 3939:template<class _CharT, class _Traits, class _Allocator>
        -: 3940:basic_istream<_CharT, _Traits>&
        -: 3941:getline(basic_istream<_CharT, _Traits>& __is,
        -: 3942:        basic_string<_CharT, _Traits, _Allocator>& __str, _CharT __dlm);
        -: 3943:
        -: 3944:template<class _CharT, class _Traits, class _Allocator>
        -: 3945:inline _LIBCPP_INLINE_VISIBILITY
        -: 3946:basic_istream<_CharT, _Traits>&
        -: 3947:getline(basic_istream<_CharT, _Traits>& __is,
        -: 3948:        basic_string<_CharT, _Traits, _Allocator>& __str);
        -: 3949:
        -: 3950:#ifndef _LIBCPP_CXX03_LANG
        -: 3951:
        -: 3952:template<class _CharT, class _Traits, class _Allocator>
        -: 3953:inline _LIBCPP_INLINE_VISIBILITY
        -: 3954:basic_istream<_CharT, _Traits>&
        -: 3955:getline(basic_istream<_CharT, _Traits>&& __is,
        -: 3956:        basic_string<_CharT, _Traits, _Allocator>& __str, _CharT __dlm);
        -: 3957:
        -: 3958:template<class _CharT, class _Traits, class _Allocator>
        -: 3959:inline _LIBCPP_INLINE_VISIBILITY
        -: 3960:basic_istream<_CharT, _Traits>&
        -: 3961:getline(basic_istream<_CharT, _Traits>&& __is,
        -: 3962:        basic_string<_CharT, _Traits, _Allocator>& __str);
        -: 3963:
        -: 3964:#endif  // _LIBCPP_CXX03_LANG
        -: 3965:
        -: 3966:#if _LIBCPP_DEBUG_LEVEL >= 2
        -: 3967:
        -: 3968:template<class _CharT, class _Traits, class _Allocator>
        -: 3969:bool
        -: 3970:basic_string<_CharT, _Traits, _Allocator>::__dereferenceable(const const_iterator* __i) const
        -: 3971:{
        -: 3972:    return this->data() <= _VSTD::__to_raw_pointer(__i->base()) &&
        -: 3973:           _VSTD::__to_raw_pointer(__i->base()) < this->data() + this->size();
        -: 3974:}
        -: 3975:
        -: 3976:template<class _CharT, class _Traits, class _Allocator>
        -: 3977:bool
        -: 3978:basic_string<_CharT, _Traits, _Allocator>::__decrementable(const const_iterator* __i) const
        -: 3979:{
        -: 3980:    return this->data() < _VSTD::__to_raw_pointer(__i->base()) &&
        -: 3981:           _VSTD::__to_raw_pointer(__i->base()) <= this->data() + this->size();
        -: 3982:}
        -: 3983:
        -: 3984:template<class _CharT, class _Traits, class _Allocator>
        -: 3985:bool
        -: 3986:basic_string<_CharT, _Traits, _Allocator>::__addable(const const_iterator* __i, ptrdiff_t __n) const
        -: 3987:{
        -: 3988:    const value_type* __p = _VSTD::__to_raw_pointer(__i->base()) + __n;
        -: 3989:    return this->data() <= __p && __p <= this->data() + this->size();
        -: 3990:}
        -: 3991:
        -: 3992:template<class _CharT, class _Traits, class _Allocator>
        -: 3993:bool
        -: 3994:basic_string<_CharT, _Traits, _Allocator>::__subscriptable(const const_iterator* __i, ptrdiff_t __n) const
        -: 3995:{
        -: 3996:    const value_type* __p = _VSTD::__to_raw_pointer(__i->base()) + __n;
        -: 3997:    return this->data() <= __p && __p < this->data() + this->size();
        -: 3998:}
        -: 3999:
        -: 4000:#endif  // _LIBCPP_DEBUG_LEVEL >= 2
        -: 4001:
        -: 4002:_LIBCPP_EXTERN_TEMPLATE(class _LIBCPP_EXTERN_TEMPLATE_TYPE_VIS basic_string<char>)
        -: 4003:_LIBCPP_EXTERN_TEMPLATE(class _LIBCPP_EXTERN_TEMPLATE_TYPE_VIS basic_string<wchar_t>)
        -: 4004:
        -: 4005:#if _LIBCPP_STD_VER > 11 
        -: 4006:// Literal suffixes for basic_string [basic.string.literals]
        -: 4007:inline namespace literals
        -: 4008:{
        -: 4009:  inline namespace string_literals
        -: 4010:  {
        -: 4011:    inline _LIBCPP_INLINE_VISIBILITY
        -: 4012:    basic_string<char> operator "" s( const char *__str, size_t __len )
        -: 4013:    {
        -: 4014:        return basic_string<char> (__str, __len);
        -: 4015:    }
        -: 4016:
        -: 4017:    inline _LIBCPP_INLINE_VISIBILITY
        -: 4018:    basic_string<wchar_t> operator "" s( const wchar_t *__str, size_t __len )
        -: 4019:    {
        -: 4020:        return basic_string<wchar_t> (__str, __len);
        -: 4021:    }
        -: 4022:
        -: 4023:    inline _LIBCPP_INLINE_VISIBILITY
        -: 4024:    basic_string<char16_t> operator "" s( const char16_t *__str, size_t __len )
        -: 4025:    {
        -: 4026:        return basic_string<char16_t> (__str, __len);
        -: 4027:    }
        -: 4028:
        -: 4029:    inline _LIBCPP_INLINE_VISIBILITY
        -: 4030:    basic_string<char32_t> operator "" s( const char32_t *__str, size_t __len )
        -: 4031:    {
        -: 4032:        return basic_string<char32_t> (__str, __len);
        -: 4033:    }
        -: 4034:  }
        -: 4035:}
        -: 4036:#endif
        -: 4037:
        -: 4038:_LIBCPP_END_NAMESPACE_STD
        -: 4039:
        -: 4040:_LIBCPP_POP_MACROS
        -: 4041:
        -: 4042:#endif  // _LIBCPP_STRING
