        -:    0:Source:/Applications/Xcode.app/Contents/Developer/Toolchains/XcodeDefault.xctoolchain/usr/include/c++/v1/type_traits
        -:    0:Graph:main.gcno
        -:    0:Data:-
        -:    0:Runs:0
        -:    0:Programs:0
        -:    1:// -*- C++ -*-
        -:    2://===------------------------ type_traits ---------------------------------===//
        -:    3://
        -:    4://                     The LLVM Compiler Infrastructure
        -:    5://
        -:    6:// This file is dual licensed under the MIT and the University of Illinois Open
        -:    7:// Source Licenses. See LICENSE.TXT for details.
        -:    8://
        -:    9://===----------------------------------------------------------------------===//
        -:   10:
        -:   11:#ifndef _LIBCPP_TYPE_TRAITS
        -:   12:#define _LIBCPP_TYPE_TRAITS
        -:   13:
        -:   14:/*
        -:   15:    type_traits synopsis
        -:   16:
        -:   17:namespace std
        -:   18:{
        -:   19:
        -:   20:    // helper class:
        -:   21:    template <class T, T v> struct integral_constant;
        -:   22:    typedef integral_constant<bool, true>  true_type;   // C++11
        -:   23:    typedef integral_constant<bool, false> false_type;  // C++11
        -:   24:    
        -:   25:    template <bool B>                                   // C++14
        -:   26:    using bool_constant = integral_constant<bool, B>;   // C++14
        -:   27:    typedef bool_constant<true> true_type;              // C++14
        -:   28:    typedef bool_constant<false> false_type;            // C++14
        -:   29:
        -:   30:    // helper traits
        -:   31:    template <bool, class T = void> struct enable_if;
        -:   32:    template <bool, class T, class F> struct conditional;
        -:   33:
        -:   34:    // Primary classification traits:
        -:   35:    template <class T> struct is_void;
        -:   36:    template <class T> struct is_null_pointer;  // C++14
        -:   37:    template <class T> struct is_integral;
        -:   38:    template <class T> struct is_floating_point;
        -:   39:    template <class T> struct is_array;
        -:   40:    template <class T> struct is_pointer;
        -:   41:    template <class T> struct is_lvalue_reference;
        -:   42:    template <class T> struct is_rvalue_reference;
        -:   43:    template <class T> struct is_member_object_pointer;
        -:   44:    template <class T> struct is_member_function_pointer;
        -:   45:    template <class T> struct is_enum;
        -:   46:    template <class T> struct is_union;
        -:   47:    template <class T> struct is_class;
        -:   48:    template <class T> struct is_function;
        -:   49:
        -:   50:    // Secondary classification traits:
        -:   51:    template <class T> struct is_reference;
        -:   52:    template <class T> struct is_arithmetic;
        -:   53:    template <class T> struct is_fundamental;
        -:   54:    template <class T> struct is_member_pointer;
        -:   55:    template <class T> struct is_scalar;
        -:   56:    template <class T> struct is_object;
        -:   57:    template <class T> struct is_compound;
        -:   58:
        -:   59:    // Const-volatile properties and transformations:
        -:   60:    template <class T> struct is_const;
        -:   61:    template <class T> struct is_volatile;
        -:   62:    template <class T> struct remove_const;
        -:   63:    template <class T> struct remove_volatile;
        -:   64:    template <class T> struct remove_cv;
        -:   65:    template <class T> struct add_const;
        -:   66:    template <class T> struct add_volatile;
        -:   67:    template <class T> struct add_cv;
        -:   68:
        -:   69:    // Reference transformations:
        -:   70:    template <class T> struct remove_reference;
        -:   71:    template <class T> struct add_lvalue_reference;
        -:   72:    template <class T> struct add_rvalue_reference;
        -:   73:
        -:   74:    // Pointer transformations:
        -:   75:    template <class T> struct remove_pointer;
        -:   76:    template <class T> struct add_pointer;
        -:   77:
        -:   78:    // Integral properties:
        -:   79:    template <class T> struct is_signed;
        -:   80:    template <class T> struct is_unsigned;
        -:   81:    template <class T> struct make_signed;
        -:   82:    template <class T> struct make_unsigned;
        -:   83:
        -:   84:    // Array properties and transformations:
        -:   85:    template <class T> struct rank;
        -:   86:    template <class T, unsigned I = 0> struct extent;
        -:   87:    template <class T> struct remove_extent;
        -:   88:    template <class T> struct remove_all_extents;
        -:   89:
        -:   90:    // Member introspection:
        -:   91:    template <class T> struct is_pod;
        -:   92:    template <class T> struct is_trivial;
        -:   93:    template <class T> struct is_trivially_copyable;
        -:   94:    template <class T> struct is_standard_layout;
        -:   95:    template <class T> struct is_literal_type;
        -:   96:    template <class T> struct is_empty;
        -:   97:    template <class T> struct is_polymorphic;
        -:   98:    template <class T> struct is_abstract;
        -:   99:    template <class T> struct is_final; // C++14
        -:  100:    template <class T> struct is_aggregate; // C++17
        -:  101:
        -:  102:    template <class T, class... Args> struct is_constructible;
        -:  103:    template <class T>                struct is_default_constructible;
        -:  104:    template <class T>                struct is_copy_constructible;
        -:  105:    template <class T>                struct is_move_constructible;
        -:  106:    template <class T, class U>       struct is_assignable;
        -:  107:    template <class T>                struct is_copy_assignable;
        -:  108:    template <class T>                struct is_move_assignable;
        -:  109:    template <class T, class U>       struct is_swappable_with;       // C++17
        -:  110:    template <class T>                struct is_swappable;            // C++17
        -:  111:    template <class T>                struct is_destructible;
        -:  112:
        -:  113:    template <class T, class... Args> struct is_trivially_constructible;
        -:  114:    template <class T>                struct is_trivially_default_constructible;
        -:  115:    template <class T>                struct is_trivially_copy_constructible;
        -:  116:    template <class T>                struct is_trivially_move_constructible;
        -:  117:    template <class T, class U>       struct is_trivially_assignable;
        -:  118:    template <class T>                struct is_trivially_copy_assignable;
        -:  119:    template <class T>                struct is_trivially_move_assignable;
        -:  120:    template <class T>                struct is_trivially_destructible;
        -:  121:
        -:  122:    template <class T, class... Args> struct is_nothrow_constructible;
        -:  123:    template <class T>                struct is_nothrow_default_constructible;
        -:  124:    template <class T>                struct is_nothrow_copy_constructible;
        -:  125:    template <class T>                struct is_nothrow_move_constructible;
        -:  126:    template <class T, class U>       struct is_nothrow_assignable;
        -:  127:    template <class T>                struct is_nothrow_copy_assignable;
        -:  128:    template <class T>                struct is_nothrow_move_assignable;
        -:  129:    template <class T, class U>       struct is_nothrow_swappable_with; // C++17
        -:  130:    template <class T>                struct is_nothrow_swappable;      // C++17
        -:  131:    template <class T>                struct is_nothrow_destructible;
        -:  132:
        -:  133:    template <class T> struct has_virtual_destructor;
        -:  134:
        -:  135:    // Relationships between types:
        -:  136:    template <class T, class U> struct is_same;
        -:  137:    template <class Base, class Derived> struct is_base_of;
        -:  138:    template <class From, class To> struct is_convertible;
        -:  139:
        -:  140:    template <class, class R = void> struct is_callable; // not defined
        -:  141:    template <class Fn, class... ArgTypes, class R>
        -:  142:      struct is_callable<Fn(ArgTypes...), R>;
        -:  143:
        -:  144:    template <class, class R = void> struct is_nothrow_callable; // not defined
        -:  145:    template <class Fn, class... ArgTypes, class R>
        -:  146:      struct is_nothrow_callable<Fn(ArgTypes...), R>;
        -:  147:
        -:  148:    // Alignment properties and transformations:
        -:  149:    template <class T> struct alignment_of;
        -:  150:    template <size_t Len, size_t Align = most_stringent_alignment_requirement>
        -:  151:        struct aligned_storage;
        -:  152:    template <size_t Len, class... Types> struct aligned_union;
        -:  153:
        -:  154:    template <class T> struct decay;
        -:  155:    template <class... T> struct common_type;
        -:  156:    template <class T> struct underlying_type;
        -:  157:    template <class> class result_of; // undefined
        -:  158:    template <class Fn, class... ArgTypes> class result_of<Fn(ArgTypes...)>;
        -:  159:
        -:  160:    // const-volatile modifications:
        -:  161:    template <class T>
        -:  162:      using remove_const_t    = typename remove_const<T>::type;  // C++14
        -:  163:    template <class T>
        -:  164:      using remove_volatile_t = typename remove_volatile<T>::type;  // C++14
        -:  165:    template <class T>
        -:  166:      using remove_cv_t       = typename remove_cv<T>::type;  // C++14
        -:  167:    template <class T>
        -:  168:      using add_const_t       = typename add_const<T>::type;  // C++14
        -:  169:    template <class T>
        -:  170:      using add_volatile_t    = typename add_volatile<T>::type;  // C++14
        -:  171:    template <class T>
        -:  172:      using add_cv_t          = typename add_cv<T>::type;  // C++14
        -:  173:  
        -:  174:    // reference modifications:
        -:  175:    template <class T>
        -:  176:      using remove_reference_t     = typename remove_reference<T>::type;  // C++14
        -:  177:    template <class T>
        -:  178:      using add_lvalue_reference_t = typename add_lvalue_reference<T>::type;  // C++14
        -:  179:    template <class T>
        -:  180:      using add_rvalue_reference_t = typename add_rvalue_reference<T>::type;  // C++14
        -:  181:  
        -:  182:    // sign modifications:
        -:  183:    template <class T>
        -:  184:      using make_signed_t   = typename make_signed<T>::type;  // C++14
        -:  185:    template <class T>
        -:  186:      using make_unsigned_t = typename make_unsigned<T>::type;  // C++14
        -:  187:  
        -:  188:    // array modifications:
        -:  189:    template <class T>
        -:  190:      using remove_extent_t      = typename remove_extent<T>::type;  // C++14
        -:  191:    template <class T>
        -:  192:      using remove_all_extents_t = typename remove_all_extents<T>::type;  // C++14
        -:  193:
        -:  194:    // pointer modifications:
        -:  195:    template <class T>
        -:  196:      using remove_pointer_t = typename remove_pointer<T>::type;  // C++14
        -:  197:    template <class T>
        -:  198:      using add_pointer_t    = typename add_pointer<T>::type;  // C++14
        -:  199:
        -:  200:    // other transformations:
        -:  201:    template <size_t Len, std::size_t Align=default-alignment>
        -:  202:      using aligned_storage_t = typename aligned_storage<Len,Align>::type;  // C++14
        -:  203:    template <std::size_t Len, class... Types>
        -:  204:      using aligned_union_t   = typename aligned_union<Len,Types...>::type;  // C++14
        -:  205:    template <class T>
        -:  206:      using decay_t           = typename decay<T>::type;  // C++14
        -:  207:    template <bool b, class T=void>
        -:  208:      using enable_if_t       = typename enable_if<b,T>::type;  // C++14
        -:  209:    template <bool b, class T, class F>
        -:  210:      using conditional_t     = typename conditional<b,T,F>::type;  // C++14
        -:  211:    template <class... T>
        -:  212:      using common_type_t     = typename common_type<T...>::type;  // C++14
        -:  213:    template <class T>
        -:  214:      using underlying_type_t = typename underlying_type<T>::type;  // C++14
        -:  215:    template <class F, class... ArgTypes>
        -:  216:      using result_of_t       = typename result_of<F(ArgTypes...)>::type;  // C++14
        -:  217:
        -:  218:    template <class...>
        -:  219:      using void_t = void;   // C++17
        -:  220:      
        -:  221:      // See C++14 20.10.4.1, primary type categories
        -:  222:      template <class T> constexpr bool is_void_v
        -:  223:        = is_void<T>::value;                                             // C++17
        -:  224:      template <class T> constexpr bool is_null_pointer_v
        -:  225:        = is_null_pointer<T>::value;                                     // C++17
        -:  226:      template <class T> constexpr bool is_integral_v
        -:  227:        = is_integral<T>::value;                                         // C++17
        -:  228:      template <class T> constexpr bool is_floating_point_v
        -:  229:        = is_floating_point<T>::value;                                   // C++17
        -:  230:      template <class T> constexpr bool is_array_v
        -:  231:        = is_array<T>::value;                                            // C++17
        -:  232:      template <class T> constexpr bool is_pointer_v
        -:  233:        = is_pointer<T>::value;                                          // C++17
        -:  234:      template <class T> constexpr bool is_lvalue_reference_v
        -:  235:        = is_lvalue_reference<T>::value;                                 // C++17
        -:  236:      template <class T> constexpr bool is_rvalue_reference_v
        -:  237:        = is_rvalue_reference<T>::value;                                 // C++17
        -:  238:      template <class T> constexpr bool is_member_object_pointer_v
        -:  239:        = is_member_object_pointer<T>::value;                            // C++17
        -:  240:      template <class T> constexpr bool is_member_function_pointer_v
        -:  241:        = is_member_function_pointer<T>::value;                          // C++17
        -:  242:      template <class T> constexpr bool is_enum_v
        -:  243:        = is_enum<T>::value;                                             // C++17
        -:  244:      template <class T> constexpr bool is_union_v
        -:  245:        = is_union<T>::value;                                            // C++17
        -:  246:      template <class T> constexpr bool is_class_v
        -:  247:        = is_class<T>::value;                                            // C++17
        -:  248:      template <class T> constexpr bool is_function_v
        -:  249:        = is_function<T>::value;                                         // C++17
        -:  250:
        -:  251:      // See C++14 20.10.4.2, composite type categories
        -:  252:      template <class T> constexpr bool is_reference_v
        -:  253:        = is_reference<T>::value;                                        // C++17
        -:  254:      template <class T> constexpr bool is_arithmetic_v
        -:  255:        = is_arithmetic<T>::value;                                       // C++17
        -:  256:      template <class T> constexpr bool is_fundamental_v
        -:  257:        = is_fundamental<T>::value;                                      // C++17
        -:  258:      template <class T> constexpr bool is_object_v
        -:  259:        = is_object<T>::value;                                           // C++17
        -:  260:      template <class T> constexpr bool is_scalar_v
        -:  261:        = is_scalar<T>::value;                                           // C++17
        -:  262:      template <class T> constexpr bool is_compound_v
        -:  263:        = is_compound<T>::value;                                         // C++17
        -:  264:      template <class T> constexpr bool is_member_pointer_v
        -:  265:        = is_member_pointer<T>::value;                                   // C++17
        -:  266:
        -:  267:      // See C++14 20.10.4.3, type properties
        -:  268:      template <class T> constexpr bool is_const_v
        -:  269:        = is_const<T>::value;                                            // C++17
        -:  270:      template <class T> constexpr bool is_volatile_v
        -:  271:        = is_volatile<T>::value;                                         // C++17
        -:  272:      template <class T> constexpr bool is_trivial_v
        -:  273:        = is_trivial<T>::value;                                          // C++17
        -:  274:      template <class T> constexpr bool is_trivially_copyable_v
        -:  275:        = is_trivially_copyable<T>::value;                               // C++17
        -:  276:      template <class T> constexpr bool is_standard_layout_v
        -:  277:        = is_standard_layout<T>::value;                                  // C++17
        -:  278:      template <class T> constexpr bool is_pod_v
        -:  279:        = is_pod<T>::value;                                              // C++17
        -:  280:      template <class T> constexpr bool is_literal_type_v
        -:  281:        = is_literal_type<T>::value;                                     // C++17
        -:  282:      template <class T> constexpr bool is_empty_v
        -:  283:        = is_empty<T>::value;                                            // C++17
        -:  284:      template <class T> constexpr bool is_polymorphic_v
        -:  285:        = is_polymorphic<T>::value;                                      // C++17
        -:  286:      template <class T> constexpr bool is_abstract_v
        -:  287:        = is_abstract<T>::value;                                         // C++17
        -:  288:      template <class T> constexpr bool is_final_v
        -:  289:        = is_final<T>::value;                                            // C++17
        -:  290:      template <class T> constexpr bool is_aggregate_v
        -:  291:        = is_aggregate<T>::value;                                        // C++17
        -:  292:      template <class T> constexpr bool is_signed_v
        -:  293:        = is_signed<T>::value;                                           // C++17
        -:  294:      template <class T> constexpr bool is_unsigned_v
        -:  295:        = is_unsigned<T>::value;                                         // C++17
        -:  296:      template <class T, class... Args> constexpr bool is_constructible_v
        -:  297:        = is_constructible<T, Args...>::value;                           // C++17
        -:  298:      template <class T> constexpr bool is_default_constructible_v
        -:  299:        = is_default_constructible<T>::value;                            // C++17
        -:  300:      template <class T> constexpr bool is_copy_constructible_v
        -:  301:        = is_copy_constructible<T>::value;                               // C++17
        -:  302:      template <class T> constexpr bool is_move_constructible_v
        -:  303:        = is_move_constructible<T>::value;                               // C++17
        -:  304:      template <class T, class U> constexpr bool is_assignable_v
        -:  305:        = is_assignable<T, U>::value;                                    // C++17
        -:  306:      template <class T> constexpr bool is_copy_assignable_v
        -:  307:        = is_copy_assignable<T>::value;                                  // C++17
        -:  308:      template <class T> constexpr bool is_move_assignable_v
        -:  309:        = is_move_assignable<T>::value;                                  // C++17
        -:  310:      template <class T, class U> constexpr bool is_swappable_with_v
        -:  311:        = is_swappable_with<T, U>::value;                                // C++17
        -:  312:      template <class T> constexpr bool is_swappable_v
        -:  313:        = is_swappable<T>::value;                                        // C++17
        -:  314:      template <class T> constexpr bool is_destructible_v
        -:  315:        = is_destructible<T>::value;                                     // C++17
        -:  316:      template <class T, class... Args> constexpr bool is_trivially_constructible_v
        -:  317:        = is_trivially_constructible<T, Args...>::value;                 // C++17
        -:  318:      template <class T> constexpr bool is_trivially_default_constructible_v
        -:  319:        = is_trivially_default_constructible<T>::value;                  // C++17
        -:  320:      template <class T> constexpr bool is_trivially_copy_constructible_v
        -:  321:        = is_trivially_copy_constructible<T>::value;                     // C++17
        -:  322:      template <class T> constexpr bool is_trivially_move_constructible_v
        -:  323:        = is_trivially_move_constructible<T>::value;                     // C++17
        -:  324:      template <class T, class U> constexpr bool is_trivially_assignable_v
        -:  325:        = is_trivially_assignable<T, U>::value;                          // C++17
        -:  326:      template <class T> constexpr bool is_trivially_copy_assignable_v
        -:  327:        = is_trivially_copy_assignable<T>::value;                        // C++17
        -:  328:      template <class T> constexpr bool is_trivially_move_assignable_v
        -:  329:        = is_trivially_move_assignable<T>::value;                        // C++17
        -:  330:      template <class T> constexpr bool is_trivially_destructible_v
        -:  331:        = is_trivially_destructible<T>::value;                           // C++17
        -:  332:      template <class T, class... Args> constexpr bool is_nothrow_constructible_v
        -:  333:        = is_nothrow_constructible<T, Args...>::value;                   // C++17
        -:  334:      template <class T> constexpr bool is_nothrow_default_constructible_v
        -:  335:        = is_nothrow_default_constructible<T>::value;                    // C++17
        -:  336:      template <class T> constexpr bool is_nothrow_copy_constructible_v
        -:  337:        = is_nothrow_copy_constructible<T>::value;                       // C++17
        -:  338:      template <class T> constexpr bool is_nothrow_move_constructible_v
        -:  339:        = is_nothrow_move_constructible<T>::value;                       // C++17
        -:  340:      template <class T, class U> constexpr bool is_nothrow_assignable_v
        -:  341:        = is_nothrow_assignable<T, U>::value;                            // C++17
        -:  342:      template <class T> constexpr bool is_nothrow_copy_assignable_v
        -:  343:        = is_nothrow_copy_assignable<T>::value;                          // C++17
        -:  344:      template <class T> constexpr bool is_nothrow_move_assignable_v
        -:  345:        = is_nothrow_move_assignable<T>::value;                          // C++17
        -:  346:      template <class T, class U> constexpr bool is_nothrow_swappable_with_v
        -:  347:        = is_nothrow_swappable_with<T, U>::value;                       // C++17
        -:  348:      template <class T> constexpr bool is_nothrow_swappable_v
        -:  349:        = is_nothrow_swappable<T>::value;                               // C++17
        -:  350:      template <class T> constexpr bool is_nothrow_destructible_v
        -:  351:        = is_nothrow_destructible<T>::value;                             // C++17
        -:  352:      template <class T> constexpr bool has_virtual_destructor_v
        -:  353:        = has_virtual_destructor<T>::value;                              // C++17
        -:  354:
        -:  355:      // See C++14 20.10.5, type property queries
        -:  356:      template <class T> constexpr size_t alignment_of_v
        -:  357:        = alignment_of<T>::value;                                        // C++17
        -:  358:      template <class T> constexpr size_t rank_v
        -:  359:        = rank<T>::value;                                                // C++17
        -:  360:      template <class T, unsigned I = 0> constexpr size_t extent_v
        -:  361:        = extent<T, I>::value;                                           // C++17
        -:  362:
        -:  363:      // See C++14 20.10.6, type relations
        -:  364:      template <class T, class U> constexpr bool is_same_v
        -:  365:        = is_same<T, U>::value;                                          // C++17
        -:  366:      template <class Base, class Derived> constexpr bool is_base_of_v
        -:  367:        = is_base_of<Base, Derived>::value;                              // C++17
        -:  368:      template <class From, class To> constexpr bool is_convertible_v
        -:  369:        = is_convertible<From, To>::value;                               // C++17
        -:  370:      template <class T, class R = void> constexpr bool is_callable_v
        -:  371:        = is_callable<T, R>::value;                                      // C++17
        -:  372:      template <class T, class R = void> constexpr bool is_nothrow_callable_v
        -:  373:        = is_nothrow_callable<T, R>::value;                              // C++17
        -:  374:
        -:  375:      // [meta.logical], logical operator traits:
        -:  376:      template<class... B> struct conjunction;                           // C++17
        -:  377:      template<class... B> 
        -:  378:        constexpr bool conjunction_v = conjunction<B...>::value;         // C++17
        -:  379:      template<class... B> struct disjunction;                           // C++17
        -:  380:      template<class... B>
        -:  381:        constexpr bool disjunction_v = disjunction<B...>::value;         // C++17
        -:  382:      template<class B> struct negation;                                 // C++17
        -:  383:      template<class B> 
        -:  384:        constexpr bool negation_v = negation<B>::value;                  // C++17
        -:  385:
        -:  386:}
        -:  387:
        -:  388:*/
        -:  389:#include <__config>
        -:  390:#include <cstddef>
        -:  391:
        -:  392:#if !defined(_LIBCPP_HAS_NO_PRAGMA_SYSTEM_HEADER)
        -:  393:#pragma GCC system_header
        -:  394:#endif
        -:  395:
        -:  396:_LIBCPP_BEGIN_NAMESPACE_STD
        -:  397:
        -:  398:template <class _T1, class _T2> struct _LIBCPP_TEMPLATE_VIS pair;
        -:  399:template <class _Tp> class _LIBCPP_TEMPLATE_VIS reference_wrapper;
        -:  400:template <class _Tp> struct _LIBCPP_TEMPLATE_VIS hash;
        -:  401:
        -:  402:template <class>
        -:  403:struct __void_t { typedef void type; };
        -:  404:
        -:  405:template <class _Tp>
        -:  406:struct __identity { typedef _Tp type; };
        -:  407:
        -:  408:template <class _Tp, bool>
        -:  409:struct _LIBCPP_TEMPLATE_VIS __dependent_type : public _Tp {};
        -:  410:
        -:  411:template <bool _Bp, class _If, class _Then>
        -:  412:    struct _LIBCPP_TEMPLATE_VIS conditional {typedef _If type;};
        -:  413:template <class _If, class _Then>
        -:  414:    struct _LIBCPP_TEMPLATE_VIS conditional<false, _If, _Then> {typedef _Then type;};
        -:  415:
        -:  416:#if _LIBCPP_STD_VER > 11
        -:  417:template <bool _Bp, class _If, class _Then> using conditional_t = typename conditional<_Bp, _If, _Then>::type;
        -:  418:#endif
        -:  419:
        -:  420:template <bool, class _Tp> struct _LIBCPP_TEMPLATE_VIS __lazy_enable_if {};
        -:  421:template <class _Tp> struct _LIBCPP_TEMPLATE_VIS __lazy_enable_if<true, _Tp> {typedef typename _Tp::type type;};
        -:  422:
        -:  423:template <bool, class _Tp = void> struct _LIBCPP_TEMPLATE_VIS enable_if {};
        -:  424:template <class _Tp> struct _LIBCPP_TEMPLATE_VIS enable_if<true, _Tp> {typedef _Tp type;};
        -:  425:
        -:  426:#if _LIBCPP_STD_VER > 11
        -:  427:template <bool _Bp, class _Tp = void> using enable_if_t = typename enable_if<_Bp, _Tp>::type;
        -:  428:#endif
        -:  429:
        -:  430:// addressof
        -:  431:#ifndef _LIBCPP_HAS_NO_BUILTIN_ADDRESSOF
        -:  432:
        -:  433:template <class _Tp>
        -:  434:inline _LIBCPP_CONSTEXPR_AFTER_CXX14
        -:  435:_LIBCPP_NO_CFI _LIBCPP_INLINE_VISIBILITY
        -:  436:_Tp*
function _ZNSt3__19addressofIKcEEPT_RS2_ called 0 returned 0% blocks executed 0%
        -:  437:addressof(_Tp& __x) _NOEXCEPT
        -:  438:{
    #####:  439:    return __builtin_addressof(__x);
    $$$$$:  439-block  0
        -:  440:}
        -:  441:
        -:  442:#else
        -:  443:
        -:  444:template <class _Tp>
        -:  445:inline _LIBCPP_NO_CFI _LIBCPP_INLINE_VISIBILITY
        -:  446:_Tp*
        -:  447:addressof(_Tp& __x) _NOEXCEPT
        -:  448:{
        -:  449:  return reinterpret_cast<_Tp *>(
        -:  450:      const_cast<char *>(&reinterpret_cast<const volatile char &>(__x)));
        -:  451:}
        -:  452:
        -:  453:#endif // _LIBCPP_HAS_NO_BUILTIN_ADDRESSOF
        -:  454:
        -:  455:#if defined(_LIBCPP_HAS_OBJC_ARC) && !defined(_LIBCPP_PREDEFINED_OBJC_ARC_ADDRESSOF)
        -:  456:// Objective-C++ Automatic Reference Counting uses qualified pointers
        -:  457:// that require special addressof() signatures. When
        -:  458:// _LIBCPP_PREDEFINED_OBJC_ARC_ADDRESSOF is defined, the compiler
        -:  459:// itself is providing these definitions. Otherwise, we provide them.
        -:  460:template <class _Tp>
        -:  461:inline _LIBCPP_INLINE_VISIBILITY
        -:  462:__strong _Tp*
        -:  463:addressof(__strong _Tp& __x) _NOEXCEPT
        -:  464:{
        -:  465:  return &__x;
        -:  466:}
        -:  467:
        -:  468:#ifdef _LIBCPP_HAS_OBJC_ARC_WEAK
        -:  469:template <class _Tp>
        -:  470:inline _LIBCPP_INLINE_VISIBILITY
        -:  471:__weak _Tp*
        -:  472:addressof(__weak _Tp& __x) _NOEXCEPT
        -:  473:{
        -:  474:  return &__x;
        -:  475:}
        -:  476:#endif
        -:  477:
        -:  478:template <class _Tp>
        -:  479:inline _LIBCPP_INLINE_VISIBILITY
        -:  480:__autoreleasing _Tp*
        -:  481:addressof(__autoreleasing _Tp& __x) _NOEXCEPT
        -:  482:{
        -:  483:  return &__x;
        -:  484:}
        -:  485:
        -:  486:template <class _Tp>
        -:  487:inline _LIBCPP_INLINE_VISIBILITY
        -:  488:__unsafe_unretained _Tp*
        -:  489:addressof(__unsafe_unretained _Tp& __x) _NOEXCEPT
        -:  490:{
        -:  491:  return &__x;
        -:  492:}
        -:  493:#endif
        -:  494:
        -:  495:#if !defined(_LIBCPP_CXX03_LANG)
        -:  496:template <class _Tp> _Tp* addressof(const _Tp&&) noexcept = delete;
        -:  497:#endif
        -:  498:
        -:  499:struct __two {char __lx[2];};
        -:  500:
        -:  501:// helper class:
        -:  502:
        -:  503:template <class _Tp, _Tp __v>
        -:  504:struct _LIBCPP_TEMPLATE_VIS integral_constant
        -:  505:{
        -:  506:    static _LIBCPP_CONSTEXPR const _Tp      value = __v;
        -:  507:    typedef _Tp               value_type;
        -:  508:    typedef integral_constant type;
        -:  509:    _LIBCPP_INLINE_VISIBILITY
        -:  510:        _LIBCPP_CONSTEXPR operator value_type() const _NOEXCEPT {return value;}
        -:  511:#if _LIBCPP_STD_VER > 11
        -:  512:    _LIBCPP_INLINE_VISIBILITY
        -:  513:         constexpr value_type operator ()() const _NOEXCEPT {return value;}
        -:  514:#endif
        -:  515:};
        -:  516:
        -:  517:template <class _Tp, _Tp __v>
        -:  518:_LIBCPP_CONSTEXPR const _Tp integral_constant<_Tp, __v>::value;
        -:  519:
        -:  520:#if _LIBCPP_STD_VER > 14
        -:  521:template <bool __b>
        -:  522:using bool_constant = integral_constant<bool, __b>;
        -:  523:#define _LIBCPP_BOOL_CONSTANT(__b) bool_constant<(__b)>
        -:  524:#else
        -:  525:#define _LIBCPP_BOOL_CONSTANT(__b) integral_constant<bool,(__b)>
        -:  526:#endif
        -:  527:
        -:  528:typedef _LIBCPP_BOOL_CONSTANT(true)  true_type;
        -:  529:typedef _LIBCPP_BOOL_CONSTANT(false) false_type;
        -:  530:
        -:  531:#if !defined(_LIBCPP_CXX03_LANG)
        -:  532:
        -:  533:// __lazy_and
        -:  534:
        -:  535:template <bool _Last, class ..._Preds>
        -:  536:struct __lazy_and_impl;
        -:  537:
        -:  538:template <class ..._Preds>
        -:  539:struct __lazy_and_impl<false, _Preds...> : false_type {};
        -:  540:
        -:  541:template <>
        -:  542:struct __lazy_and_impl<true> : true_type {};
        -:  543:
        -:  544:template <class _Pred>
        -:  545:struct __lazy_and_impl<true, _Pred> : integral_constant<bool, _Pred::type::value> {};
        -:  546:
        -:  547:template <class _Hp, class ..._Tp>
        -:  548:struct __lazy_and_impl<true, _Hp, _Tp...> : __lazy_and_impl<_Hp::type::value, _Tp...> {};
        -:  549:
        -:  550:template <class _P1, class ..._Pr>
        -:  551:struct __lazy_and : __lazy_and_impl<_P1::type::value, _Pr...> {};
        -:  552:
        -:  553:// __lazy_or
        -:  554:
        -:  555:template <bool _List, class ..._Preds>
        -:  556:struct __lazy_or_impl;
        -:  557:
        -:  558:template <class ..._Preds>
        -:  559:struct __lazy_or_impl<true, _Preds...> : true_type {};
        -:  560:
        -:  561:template <>
        -:  562:struct __lazy_or_impl<false> : false_type {};
        -:  563:
        -:  564:template <class _Hp, class ..._Tp>
        -:  565:struct __lazy_or_impl<false, _Hp, _Tp...>
        -:  566:        : __lazy_or_impl<_Hp::type::value, _Tp...> {};
        -:  567:
        -:  568:template <class _P1, class ..._Pr>
        -:  569:struct __lazy_or : __lazy_or_impl<_P1::type::value, _Pr...> {};
        -:  570:
        -:  571:// __lazy_not
        -:  572:
        -:  573:template <class _Pred>
        -:  574:struct __lazy_not : integral_constant<bool, !_Pred::type::value> {};
        -:  575:
        -:  576:// __and_
        -:  577:template<class...> struct __and_;
        -:  578:template<> struct __and_<> : true_type {};
        -:  579:
        -:  580:template<class _B0> struct __and_<_B0> : _B0 {};
        -:  581:
        -:  582:template<class _B0, class _B1>
        -:  583:struct __and_<_B0, _B1> : conditional<_B0::value, _B1, _B0>::type {};
        -:  584:
        -:  585:template<class _B0, class _B1, class _B2, class... _Bn>
        -:  586:struct __and_<_B0, _B1, _B2, _Bn...> 
        -:  587:        : conditional<_B0::value, __and_<_B1, _B2, _Bn...>, _B0>::type {};
        -:  588:
        -:  589:// __or_
        -:  590:template<class...> struct __or_;
        -:  591:template<> struct __or_<> : false_type {};
        -:  592:
        -:  593:template<class _B0> struct __or_<_B0> : _B0 {};
        -:  594:
        -:  595:template<class _B0, class _B1>
        -:  596:struct __or_<_B0, _B1> : conditional<_B0::value, _B0, _B1>::type {};
        -:  597:
        -:  598:template<class _B0, class _B1, class _B2, class... _Bn>
        -:  599:struct __or_<_B0, _B1, _B2, _Bn...> 
        -:  600:        : conditional<_B0::value, _B0, __or_<_B1, _B2, _Bn...> >::type {};
        -:  601:
        -:  602:// __not_
        -:  603:template<class _Tp> 
        -:  604:struct __not_ : conditional<_Tp::value, false_type, true_type>::type {};
        -:  605:
        -:  606:#endif // !defined(_LIBCPP_CXX03_LANG)
        -:  607:
        -:  608:// is_const
        -:  609:
        -:  610:template <class _Tp> struct _LIBCPP_TEMPLATE_VIS is_const            : public false_type {};
        -:  611:template <class _Tp> struct _LIBCPP_TEMPLATE_VIS is_const<_Tp const> : public true_type {};
        -:  612:
        -:  613:#if _LIBCPP_STD_VER > 14 && !defined(_LIBCPP_HAS_NO_VARIABLE_TEMPLATES)
        -:  614:template <class _Tp> _LIBCPP_CONSTEXPR bool is_const_v
        -:  615:    = is_const<_Tp>::value;
        -:  616:#endif
        -:  617:
        -:  618:// is_volatile
        -:  619:
        -:  620:template <class _Tp> struct _LIBCPP_TEMPLATE_VIS is_volatile               : public false_type {};
        -:  621:template <class _Tp> struct _LIBCPP_TEMPLATE_VIS is_volatile<_Tp volatile> : public true_type {};
        -:  622:
        -:  623:#if _LIBCPP_STD_VER > 14 && !defined(_LIBCPP_HAS_NO_VARIABLE_TEMPLATES)
        -:  624:template <class _Tp> _LIBCPP_CONSTEXPR bool is_volatile_v
        -:  625:    = is_volatile<_Tp>::value;
        -:  626:#endif
        -:  627:
        -:  628:// remove_const
        -:  629:
        -:  630:template <class _Tp> struct _LIBCPP_TEMPLATE_VIS remove_const            {typedef _Tp type;};
        -:  631:template <class _Tp> struct _LIBCPP_TEMPLATE_VIS remove_const<const _Tp> {typedef _Tp type;};
        -:  632:#if _LIBCPP_STD_VER > 11
        -:  633:template <class _Tp> using remove_const_t = typename remove_const<_Tp>::type;
        -:  634:#endif
        -:  635:
        -:  636:// remove_volatile
        -:  637:
        -:  638:template <class _Tp> struct _LIBCPP_TEMPLATE_VIS remove_volatile               {typedef _Tp type;};
        -:  639:template <class _Tp> struct _LIBCPP_TEMPLATE_VIS remove_volatile<volatile _Tp> {typedef _Tp type;};
        -:  640:#if _LIBCPP_STD_VER > 11
        -:  641:template <class _Tp> using remove_volatile_t = typename remove_volatile<_Tp>::type;
        -:  642:#endif
        -:  643:
        -:  644:// remove_cv
        -:  645:
        -:  646:template <class _Tp> struct _LIBCPP_TEMPLATE_VIS remove_cv
        -:  647:{typedef typename remove_volatile<typename remove_const<_Tp>::type>::type type;};
        -:  648:#if _LIBCPP_STD_VER > 11
        -:  649:template <class _Tp> using remove_cv_t = typename remove_cv<_Tp>::type;
        -:  650:#endif
        -:  651:
        -:  652:// is_void
        -:  653:
        -:  654:template <class _Tp> struct __libcpp_is_void       : public false_type {};
        -:  655:template <>          struct __libcpp_is_void<void> : public true_type {};
        -:  656:
        -:  657:template <class _Tp> struct _LIBCPP_TEMPLATE_VIS is_void
        -:  658:    : public __libcpp_is_void<typename remove_cv<_Tp>::type> {};
        -:  659:
        -:  660:#if _LIBCPP_STD_VER > 14 && !defined(_LIBCPP_HAS_NO_VARIABLE_TEMPLATES)
        -:  661:template <class _Tp> _LIBCPP_CONSTEXPR bool is_void_v
        -:  662:    = is_void<_Tp>::value;
        -:  663:#endif
        -:  664:
        -:  665:// __is_nullptr_t
        -:  666:
        -:  667:template <class _Tp> struct __is_nullptr_t_impl       : public false_type {};
        -:  668:template <>          struct __is_nullptr_t_impl<nullptr_t> : public true_type {};
        -:  669:
        -:  670:template <class _Tp> struct _LIBCPP_TEMPLATE_VIS __is_nullptr_t
        -:  671:    : public __is_nullptr_t_impl<typename remove_cv<_Tp>::type> {};
        -:  672:
        -:  673:#if _LIBCPP_STD_VER > 11
        -:  674:template <class _Tp> struct _LIBCPP_TEMPLATE_VIS is_null_pointer
        -:  675:    : public __is_nullptr_t_impl<typename remove_cv<_Tp>::type> {};
        -:  676:
        -:  677:#if _LIBCPP_STD_VER > 14 && !defined(_LIBCPP_HAS_NO_VARIABLE_TEMPLATES)
        -:  678:template <class _Tp> _LIBCPP_CONSTEXPR bool is_null_pointer_v
        -:  679:    = is_null_pointer<_Tp>::value;
        -:  680:#endif
        -:  681:#endif
        -:  682:
        -:  683:// is_integral
        -:  684:
        -:  685:template <class _Tp> struct __libcpp_is_integral                     : public false_type {};
        -:  686:template <>          struct __libcpp_is_integral<bool>               : public true_type {};
        -:  687:template <>          struct __libcpp_is_integral<char>               : public true_type {};
        -:  688:template <>          struct __libcpp_is_integral<signed char>        : public true_type {};
        -:  689:template <>          struct __libcpp_is_integral<unsigned char>      : public true_type {};
        -:  690:template <>          struct __libcpp_is_integral<wchar_t>            : public true_type {};
        -:  691:#ifndef _LIBCPP_HAS_NO_UNICODE_CHARS
        -:  692:template <>          struct __libcpp_is_integral<char16_t>           : public true_type {};
        -:  693:template <>          struct __libcpp_is_integral<char32_t>           : public true_type {};
        -:  694:#endif  // _LIBCPP_HAS_NO_UNICODE_CHARS
        -:  695:template <>          struct __libcpp_is_integral<short>              : public true_type {};
        -:  696:template <>          struct __libcpp_is_integral<unsigned short>     : public true_type {};
        -:  697:template <>          struct __libcpp_is_integral<int>                : public true_type {};
        -:  698:template <>          struct __libcpp_is_integral<unsigned int>       : public true_type {};
        -:  699:template <>          struct __libcpp_is_integral<long>               : public true_type {};
        -:  700:template <>          struct __libcpp_is_integral<unsigned long>      : public true_type {};
        -:  701:template <>          struct __libcpp_is_integral<long long>          : public true_type {};
        -:  702:template <>          struct __libcpp_is_integral<unsigned long long> : public true_type {};
        -:  703:#ifndef _LIBCPP_HAS_NO_INT128
        -:  704:template <>          struct __libcpp_is_integral<__int128_t>         : public true_type {};
        -:  705:template <>          struct __libcpp_is_integral<__uint128_t>        : public true_type {};
        -:  706:#endif
        -:  707:
        -:  708:template <class _Tp> struct _LIBCPP_TEMPLATE_VIS is_integral
        -:  709:    : public __libcpp_is_integral<typename remove_cv<_Tp>::type> {};
        -:  710:
        -:  711:#if _LIBCPP_STD_VER > 14 && !defined(_LIBCPP_HAS_NO_VARIABLE_TEMPLATES)
        -:  712:template <class _Tp> _LIBCPP_CONSTEXPR bool is_integral_v
        -:  713:    = is_integral<_Tp>::value;
        -:  714:#endif
        -:  715:
        -:  716:// is_floating_point
        -:  717:
        -:  718:template <class _Tp> struct __libcpp_is_floating_point              : public false_type {};
        -:  719:template <>          struct __libcpp_is_floating_point<float>       : public true_type {};
        -:  720:template <>          struct __libcpp_is_floating_point<double>      : public true_type {};
        -:  721:template <>          struct __libcpp_is_floating_point<long double> : public true_type {};
        -:  722:
        -:  723:template <class _Tp> struct _LIBCPP_TEMPLATE_VIS is_floating_point
        -:  724:    : public __libcpp_is_floating_point<typename remove_cv<_Tp>::type> {};
        -:  725:
        -:  726:#if _LIBCPP_STD_VER > 14 && !defined(_LIBCPP_HAS_NO_VARIABLE_TEMPLATES)
        -:  727:template <class _Tp> _LIBCPP_CONSTEXPR bool is_floating_point_v
        -:  728:    = is_floating_point<_Tp>::value;
        -:  729:#endif
        -:  730:
        -:  731:// is_array
        -:  732:
        -:  733:template <class _Tp> struct _LIBCPP_TEMPLATE_VIS is_array
        -:  734:    : public false_type {};
        -:  735:template <class _Tp> struct _LIBCPP_TEMPLATE_VIS is_array<_Tp[]>
        -:  736:    : public true_type {};
        -:  737:template <class _Tp, size_t _Np> struct _LIBCPP_TEMPLATE_VIS is_array<_Tp[_Np]>
        -:  738:    : public true_type {};
        -:  739:
        -:  740:#if _LIBCPP_STD_VER > 14 && !defined(_LIBCPP_HAS_NO_VARIABLE_TEMPLATES)
        -:  741:template <class _Tp> _LIBCPP_CONSTEXPR bool is_array_v
        -:  742:    = is_array<_Tp>::value;
        -:  743:#endif
        -:  744:
        -:  745:// is_pointer
        -:  746:
        -:  747:template <class _Tp> struct __libcpp_is_pointer       : public false_type {};
        -:  748:template <class _Tp> struct __libcpp_is_pointer<_Tp*> : public true_type {};
        -:  749:
        -:  750:template <class _Tp> struct _LIBCPP_TEMPLATE_VIS is_pointer
        -:  751:    : public __libcpp_is_pointer<typename remove_cv<_Tp>::type> {};
        -:  752:
        -:  753:#if _LIBCPP_STD_VER > 14 && !defined(_LIBCPP_HAS_NO_VARIABLE_TEMPLATES)
        -:  754:template <class _Tp> _LIBCPP_CONSTEXPR bool is_pointer_v
        -:  755:    = is_pointer<_Tp>::value;
        -:  756:#endif
        -:  757:
        -:  758:// is_reference
        -:  759:
        -:  760:template <class _Tp> struct _LIBCPP_TEMPLATE_VIS is_lvalue_reference       : public false_type {};
        -:  761:template <class _Tp> struct _LIBCPP_TEMPLATE_VIS is_lvalue_reference<_Tp&> : public true_type {};
        -:  762:
        -:  763:template <class _Tp> struct _LIBCPP_TEMPLATE_VIS is_rvalue_reference        : public false_type {};
        -:  764:#ifndef _LIBCPP_HAS_NO_RVALUE_REFERENCES
        -:  765:template <class _Tp> struct _LIBCPP_TEMPLATE_VIS is_rvalue_reference<_Tp&&> : public true_type {};
        -:  766:#endif
        -:  767:
        -:  768:template <class _Tp> struct _LIBCPP_TEMPLATE_VIS is_reference        : public false_type {};
        -:  769:template <class _Tp> struct _LIBCPP_TEMPLATE_VIS is_reference<_Tp&>  : public true_type {};
        -:  770:#ifndef _LIBCPP_HAS_NO_RVALUE_REFERENCES
        -:  771:template <class _Tp> struct _LIBCPP_TEMPLATE_VIS is_reference<_Tp&&> : public true_type {};
        -:  772:#endif
        -:  773:
        -:  774:#if _LIBCPP_STD_VER > 14 && !defined(_LIBCPP_HAS_NO_VARIABLE_TEMPLATES)
        -:  775:template <class _Tp> _LIBCPP_CONSTEXPR bool is_reference_v
        -:  776:    = is_reference<_Tp>::value;
        -:  777:
        -:  778:template <class _Tp> _LIBCPP_CONSTEXPR bool is_lvalue_reference_v
        -:  779:    = is_lvalue_reference<_Tp>::value;
        -:  780:
        -:  781:template <class _Tp> _LIBCPP_CONSTEXPR bool is_rvalue_reference_v
        -:  782:    = is_rvalue_reference<_Tp>::value;
        -:  783:#endif
        -:  784:// is_union
        -:  785:
        -:  786:#if __has_feature(is_union) || (_GNUC_VER >= 403)
        -:  787:
        -:  788:template <class _Tp> struct _LIBCPP_TEMPLATE_VIS is_union
        -:  789:    : public integral_constant<bool, __is_union(_Tp)> {};
        -:  790:
        -:  791:#else
        -:  792:
        -:  793:template <class _Tp> struct __libcpp_union : public false_type {};
        -:  794:template <class _Tp> struct _LIBCPP_TEMPLATE_VIS is_union
        -:  795:    : public __libcpp_union<typename remove_cv<_Tp>::type> {};
        -:  796:
        -:  797:#endif
        -:  798:
        -:  799:#if _LIBCPP_STD_VER > 14 && !defined(_LIBCPP_HAS_NO_VARIABLE_TEMPLATES)
        -:  800:template <class _Tp> _LIBCPP_CONSTEXPR bool is_union_v
        -:  801:    = is_union<_Tp>::value;
        -:  802:#endif
        -:  803:
        -:  804:// is_class
        -:  805:
        -:  806:#if __has_feature(is_class) || (_GNUC_VER >= 403)
        -:  807:
        -:  808:template <class _Tp> struct _LIBCPP_TEMPLATE_VIS is_class
        -:  809:    : public integral_constant<bool, __is_class(_Tp)> {};
        -:  810:
        -:  811:#else
        -:  812:
        -:  813:namespace __is_class_imp
        -:  814:{
        -:  815:template <class _Tp> char  __test(int _Tp::*);
        -:  816:template <class _Tp> __two __test(...);
        -:  817:}
        -:  818:
        -:  819:template <class _Tp> struct _LIBCPP_TEMPLATE_VIS is_class
        -:  820:    : public integral_constant<bool, sizeof(__is_class_imp::__test<_Tp>(0)) == 1 && !is_union<_Tp>::value> {};
        -:  821:
        -:  822:#endif
        -:  823:
        -:  824:#if _LIBCPP_STD_VER > 14 && !defined(_LIBCPP_HAS_NO_VARIABLE_TEMPLATES)
        -:  825:template <class _Tp> _LIBCPP_CONSTEXPR bool is_class_v
        -:  826:    = is_class<_Tp>::value;
        -:  827:#endif
        -:  828:
        -:  829:// is_same
        -:  830:
        -:  831:template <class _Tp, class _Up> struct _LIBCPP_TEMPLATE_VIS is_same           : public false_type {};
        -:  832:template <class _Tp>            struct _LIBCPP_TEMPLATE_VIS is_same<_Tp, _Tp> : public true_type {};
        -:  833:
        -:  834:#if _LIBCPP_STD_VER > 14 && !defined(_LIBCPP_HAS_NO_VARIABLE_TEMPLATES)
        -:  835:template <class _Tp, class _Up> _LIBCPP_CONSTEXPR bool is_same_v
        -:  836:    = is_same<_Tp, _Up>::value;
        -:  837:#endif
        -:  838:
        -:  839:// is_function
        -:  840:
        -:  841:namespace __libcpp_is_function_imp
        -:  842:{
        -:  843:struct __dummy_type {};
        -:  844:template <class _Tp> char  __test(_Tp*);
        -:  845:template <class _Tp> char __test(__dummy_type);
        -:  846:template <class _Tp> __two __test(...);
        -:  847:template <class _Tp> _Tp&  __source(int);
        -:  848:template <class _Tp> __dummy_type __source(...);
        -:  849:}
        -:  850:
        -:  851:template <class _Tp, bool = is_class<_Tp>::value ||
        -:  852:                            is_union<_Tp>::value ||
        -:  853:                            is_void<_Tp>::value  ||
        -:  854:                            is_reference<_Tp>::value ||
        -:  855:                            __is_nullptr_t<_Tp>::value >
        -:  856:struct __libcpp_is_function
        -:  857:    : public integral_constant<bool, sizeof(__libcpp_is_function_imp::__test<_Tp>(__libcpp_is_function_imp::__source<_Tp>(0))) == 1>
        -:  858:    {};
        -:  859:template <class _Tp> struct __libcpp_is_function<_Tp, true> : public false_type {};
        -:  860:
        -:  861:template <class _Tp> struct _LIBCPP_TEMPLATE_VIS is_function
        -:  862:    : public __libcpp_is_function<_Tp> {};
        -:  863:
        -:  864:#if _LIBCPP_STD_VER > 14 && !defined(_LIBCPP_HAS_NO_VARIABLE_TEMPLATES)
        -:  865:template <class _Tp> _LIBCPP_CONSTEXPR bool is_function_v
        -:  866:    = is_function<_Tp>::value;
        -:  867:#endif
        -:  868:
        -:  869:// is_member_function_pointer
        -:  870:
        -:  871:// template <class _Tp> struct            __libcpp_is_member_function_pointer             : public false_type {};
        -:  872:// template <class _Tp, class _Up> struct __libcpp_is_member_function_pointer<_Tp _Up::*> : public is_function<_Tp> {};
        -:  873:// 
        -:  874:
        -:  875:template <class _MP, bool _IsMemberFunctionPtr, bool _IsMemberObjectPtr>
        -:  876:struct __member_pointer_traits_imp
        -:  877:{  // forward declaration; specializations later
        -:  878:};
        -:  879:
        -:  880:
        -:  881:template <class _Tp> struct __libcpp_is_member_function_pointer
        -:  882:    : public false_type {};
        -:  883:
        -:  884:template <class _Ret, class _Class>
        -:  885:struct __libcpp_is_member_function_pointer<_Ret _Class::*>
        -:  886:    : public is_function<_Ret> {};
        -:  887:
        -:  888:template <class _Tp> struct _LIBCPP_TEMPLATE_VIS is_member_function_pointer
        -:  889:    : public __libcpp_is_member_function_pointer<typename remove_cv<_Tp>::type>::type {};
        -:  890:
        -:  891:#if _LIBCPP_STD_VER > 14 && !defined(_LIBCPP_HAS_NO_VARIABLE_TEMPLATES)
        -:  892:template <class _Tp> _LIBCPP_CONSTEXPR bool is_member_function_pointer_v
        -:  893:    = is_member_function_pointer<_Tp>::value;
        -:  894:#endif
        -:  895:
        -:  896:// is_member_pointer
        -:  897:
        -:  898:template <class _Tp>            struct __libcpp_is_member_pointer             : public false_type {};
        -:  899:template <class _Tp, class _Up> struct __libcpp_is_member_pointer<_Tp _Up::*> : public true_type {};
        -:  900:
        -:  901:template <class _Tp> struct _LIBCPP_TEMPLATE_VIS is_member_pointer
        -:  902:    : public __libcpp_is_member_pointer<typename remove_cv<_Tp>::type> {};
        -:  903:
        -:  904:#if _LIBCPP_STD_VER > 14 && !defined(_LIBCPP_HAS_NO_VARIABLE_TEMPLATES)
        -:  905:template <class _Tp> _LIBCPP_CONSTEXPR bool is_member_pointer_v
        -:  906:    = is_member_pointer<_Tp>::value;
        -:  907:#endif
        -:  908:
        -:  909:// is_member_object_pointer
        -:  910:
        -:  911:template <class _Tp> struct _LIBCPP_TEMPLATE_VIS is_member_object_pointer
        -:  912:    : public integral_constant<bool, is_member_pointer<_Tp>::value &&
        -:  913:                                    !is_member_function_pointer<_Tp>::value> {};
        -:  914:
        -:  915:#if _LIBCPP_STD_VER > 14 && !defined(_LIBCPP_HAS_NO_VARIABLE_TEMPLATES)
        -:  916:template <class _Tp> _LIBCPP_CONSTEXPR bool is_member_object_pointer_v
        -:  917:    = is_member_object_pointer<_Tp>::value;
        -:  918:#endif
        -:  919:
        -:  920:// is_enum
        -:  921:
        -:  922:#if __has_feature(is_enum) || (_GNUC_VER >= 403)
        -:  923:
        -:  924:template <class _Tp> struct _LIBCPP_TEMPLATE_VIS is_enum
        -:  925:    : public integral_constant<bool, __is_enum(_Tp)> {};
        -:  926:
        -:  927:#else
        -:  928:
        -:  929:template <class _Tp> struct _LIBCPP_TEMPLATE_VIS is_enum
        -:  930:    : public integral_constant<bool, !is_void<_Tp>::value             &&
        -:  931:                                     !is_integral<_Tp>::value         &&
        -:  932:                                     !is_floating_point<_Tp>::value   &&
        -:  933:                                     !is_array<_Tp>::value            &&
        -:  934:                                     !is_pointer<_Tp>::value          &&
        -:  935:                                     !is_reference<_Tp>::value        &&
        -:  936:                                     !is_member_pointer<_Tp>::value   &&
        -:  937:                                     !is_union<_Tp>::value            &&
        -:  938:                                     !is_class<_Tp>::value            &&
        -:  939:                                     !is_function<_Tp>::value         > {};
        -:  940:
        -:  941:#endif
        -:  942:
        -:  943:#if _LIBCPP_STD_VER > 14 && !defined(_LIBCPP_HAS_NO_VARIABLE_TEMPLATES)
        -:  944:template <class _Tp> _LIBCPP_CONSTEXPR bool is_enum_v
        -:  945:    = is_enum<_Tp>::value;
        -:  946:#endif
        -:  947:
        -:  948:// is_arithmetic
        -:  949:
        -:  950:template <class _Tp> struct _LIBCPP_TEMPLATE_VIS is_arithmetic
        -:  951:    : public integral_constant<bool, is_integral<_Tp>::value      ||
        -:  952:                                     is_floating_point<_Tp>::value> {};
        -:  953:
        -:  954:#if _LIBCPP_STD_VER > 14 && !defined(_LIBCPP_HAS_NO_VARIABLE_TEMPLATES)
        -:  955:template <class _Tp> _LIBCPP_CONSTEXPR bool is_arithmetic_v
        -:  956:    = is_arithmetic<_Tp>::value;
        -:  957:#endif
        -:  958:
        -:  959:// is_fundamental
        -:  960:
        -:  961:template <class _Tp> struct _LIBCPP_TEMPLATE_VIS is_fundamental
        -:  962:    : public integral_constant<bool, is_void<_Tp>::value        ||
        -:  963:                                     __is_nullptr_t<_Tp>::value ||
        -:  964:                                     is_arithmetic<_Tp>::value> {};
        -:  965:
        -:  966:#if _LIBCPP_STD_VER > 14 && !defined(_LIBCPP_HAS_NO_VARIABLE_TEMPLATES)
        -:  967:template <class _Tp> _LIBCPP_CONSTEXPR bool is_fundamental_v
        -:  968:    = is_fundamental<_Tp>::value;
        -:  969:#endif
        -:  970:
        -:  971:// is_scalar
        -:  972:
        -:  973:template <class _Tp> struct _LIBCPP_TEMPLATE_VIS is_scalar
        -:  974:    : public integral_constant<bool, is_arithmetic<_Tp>::value     ||
        -:  975:                                     is_member_pointer<_Tp>::value ||
        -:  976:                                     is_pointer<_Tp>::value        ||
        -:  977:                                     __is_nullptr_t<_Tp>::value    ||
        -:  978:                                     is_enum<_Tp>::value           > {};
        -:  979:
        -:  980:template <> struct _LIBCPP_TEMPLATE_VIS is_scalar<nullptr_t> : public true_type {};
        -:  981:
        -:  982:#if _LIBCPP_STD_VER > 14 && !defined(_LIBCPP_HAS_NO_VARIABLE_TEMPLATES)
        -:  983:template <class _Tp> _LIBCPP_CONSTEXPR bool is_scalar_v
        -:  984:    = is_scalar<_Tp>::value;
        -:  985:#endif
        -:  986:
        -:  987:// is_object
        -:  988:
        -:  989:template <class _Tp> struct _LIBCPP_TEMPLATE_VIS is_object
        -:  990:    : public integral_constant<bool, is_scalar<_Tp>::value ||
        -:  991:                                     is_array<_Tp>::value  ||
        -:  992:                                     is_union<_Tp>::value  ||
        -:  993:                                     is_class<_Tp>::value  > {};
        -:  994:
        -:  995:#if _LIBCPP_STD_VER > 14 && !defined(_LIBCPP_HAS_NO_VARIABLE_TEMPLATES)
        -:  996:template <class _Tp> _LIBCPP_CONSTEXPR bool is_object_v
        -:  997:    = is_object<_Tp>::value;
        -:  998:#endif
        -:  999:
        -: 1000:// is_compound
        -: 1001:
        -: 1002:template <class _Tp> struct _LIBCPP_TEMPLATE_VIS is_compound
        -: 1003:    : public integral_constant<bool, !is_fundamental<_Tp>::value> {};
        -: 1004:
        -: 1005:#if _LIBCPP_STD_VER > 14 && !defined(_LIBCPP_HAS_NO_VARIABLE_TEMPLATES)
        -: 1006:template <class _Tp> _LIBCPP_CONSTEXPR bool is_compound_v
        -: 1007:    = is_compound<_Tp>::value;
        -: 1008:#endif
        -: 1009:
        -: 1010:
        -: 1011:// __is_referenceable  [defns.referenceable]
        -: 1012:
        -: 1013:struct __is_referenceable_impl {
        -: 1014:    template <class _Tp> static _Tp& __test(int);
        -: 1015:    template <class _Tp> static __two __test(...);
        -: 1016:};
        -: 1017:
        -: 1018:template <class _Tp>
        -: 1019:struct __is_referenceable : integral_constant<bool,
        -: 1020:    !is_same<decltype(__is_referenceable_impl::__test<_Tp>(0)), __two>::value> {};
        -: 1021:
        -: 1022:
        -: 1023:// add_const
        -: 1024:
        -: 1025:template <class _Tp, bool = is_reference<_Tp>::value ||
        -: 1026:                            is_function<_Tp>::value  ||
        -: 1027:                            is_const<_Tp>::value     >
        -: 1028:struct __add_const             {typedef _Tp type;};
        -: 1029:
        -: 1030:template <class _Tp>
        -: 1031:struct __add_const<_Tp, false> {typedef const _Tp type;};
        -: 1032:
        -: 1033:template <class _Tp> struct _LIBCPP_TEMPLATE_VIS add_const
        -: 1034:    {typedef typename __add_const<_Tp>::type type;};
        -: 1035:
        -: 1036:#if _LIBCPP_STD_VER > 11
        -: 1037:template <class _Tp> using add_const_t = typename add_const<_Tp>::type;
        -: 1038:#endif
        -: 1039:
        -: 1040:// add_volatile
        -: 1041:
        -: 1042:template <class _Tp, bool = is_reference<_Tp>::value ||
        -: 1043:                            is_function<_Tp>::value  ||
        -: 1044:                            is_volatile<_Tp>::value  >
        -: 1045:struct __add_volatile             {typedef _Tp type;};
        -: 1046:
        -: 1047:template <class _Tp>
        -: 1048:struct __add_volatile<_Tp, false> {typedef volatile _Tp type;};
        -: 1049:
        -: 1050:template <class _Tp> struct _LIBCPP_TEMPLATE_VIS add_volatile
        -: 1051:    {typedef typename __add_volatile<_Tp>::type type;};
        -: 1052:
        -: 1053:#if _LIBCPP_STD_VER > 11
        -: 1054:template <class _Tp> using add_volatile_t = typename add_volatile<_Tp>::type;
        -: 1055:#endif
        -: 1056:
        -: 1057:// add_cv
        -: 1058:
        -: 1059:template <class _Tp> struct _LIBCPP_TEMPLATE_VIS add_cv
        -: 1060:    {typedef typename add_const<typename add_volatile<_Tp>::type>::type type;};
        -: 1061:
        -: 1062:#if _LIBCPP_STD_VER > 11
        -: 1063:template <class _Tp> using add_cv_t = typename add_cv<_Tp>::type;
        -: 1064:#endif
        -: 1065:
        -: 1066:// remove_reference
        -: 1067:
        -: 1068:template <class _Tp> struct _LIBCPP_TEMPLATE_VIS remove_reference        {typedef _Tp type;};
        -: 1069:template <class _Tp> struct _LIBCPP_TEMPLATE_VIS remove_reference<_Tp&>  {typedef _Tp type;};
        -: 1070:#ifndef _LIBCPP_HAS_NO_RVALUE_REFERENCES
        -: 1071:template <class _Tp> struct _LIBCPP_TEMPLATE_VIS remove_reference<_Tp&&> {typedef _Tp type;};
        -: 1072:#endif
        -: 1073:
        -: 1074:#if _LIBCPP_STD_VER > 11
        -: 1075:template <class _Tp> using remove_reference_t = typename remove_reference<_Tp>::type;
        -: 1076:#endif
        -: 1077:
        -: 1078:// add_lvalue_reference
        -: 1079:
        -: 1080:template <class _Tp, bool = __is_referenceable<_Tp>::value> struct __add_lvalue_reference_impl            { typedef _Tp  type; };
        -: 1081:template <class _Tp                                       > struct __add_lvalue_reference_impl<_Tp, true> { typedef _Tp& type; };
        -: 1082:
        -: 1083:template <class _Tp> struct _LIBCPP_TEMPLATE_VIS add_lvalue_reference
        -: 1084:{typedef typename __add_lvalue_reference_impl<_Tp>::type type;};
        -: 1085:
        -: 1086:#if _LIBCPP_STD_VER > 11
        -: 1087:template <class _Tp> using add_lvalue_reference_t = typename add_lvalue_reference<_Tp>::type;
        -: 1088:#endif
        -: 1089:
        -: 1090:#ifndef _LIBCPP_HAS_NO_RVALUE_REFERENCES
        -: 1091:
        -: 1092:template <class _Tp, bool = __is_referenceable<_Tp>::value> struct __add_rvalue_reference_impl            { typedef _Tp   type; };
        -: 1093:template <class _Tp                                       > struct __add_rvalue_reference_impl<_Tp, true> { typedef _Tp&& type; };
        -: 1094:
        -: 1095:template <class _Tp> struct _LIBCPP_TEMPLATE_VIS add_rvalue_reference
        -: 1096:{typedef typename __add_rvalue_reference_impl<_Tp>::type type;};
        -: 1097:
        -: 1098:#if _LIBCPP_STD_VER > 11
        -: 1099:template <class _Tp> using add_rvalue_reference_t = typename add_rvalue_reference<_Tp>::type;
        -: 1100:#endif
        -: 1101:
        -: 1102:#endif  // _LIBCPP_HAS_NO_RVALUE_REFERENCES
        -: 1103:
        -: 1104:#ifndef _LIBCPP_HAS_NO_RVALUE_REFERENCES
        -: 1105:
        -: 1106:template <class _Tp> _Tp&& __declval(int);
        -: 1107:template <class _Tp> _Tp   __declval(long);
        -: 1108:
        -: 1109:template <class _Tp>
        -: 1110:decltype(_VSTD::__declval<_Tp>(0))
        -: 1111:declval() _NOEXCEPT;
        -: 1112:
        -: 1113:#else  // _LIBCPP_HAS_NO_RVALUE_REFERENCES
        -: 1114:
        -: 1115:template <class _Tp>
        -: 1116:typename add_lvalue_reference<_Tp>::type
        -: 1117:declval();
        -: 1118:
        -: 1119:#endif  // _LIBCPP_HAS_NO_RVALUE_REFERENCES
        -: 1120:
        -: 1121:// __uncvref
        -: 1122:
        -: 1123:template <class _Tp>
        -: 1124:struct __uncvref  {
        -: 1125:    typedef typename remove_cv<typename remove_reference<_Tp>::type>::type type;
        -: 1126:};
        -: 1127:
        -: 1128:template <class _Tp>
        -: 1129:struct __unconstref {
        -: 1130:    typedef typename remove_const<typename remove_reference<_Tp>::type>::type type;
        -: 1131:};
        -: 1132:
        -: 1133:#ifndef _LIBCPP_CXX03_LANG
        -: 1134:template <class _Tp>
        -: 1135:using __uncvref_t = typename __uncvref<_Tp>::type;
        -: 1136:#endif
        -: 1137:
        -: 1138:// __is_same_uncvref
        -: 1139:
        -: 1140:template <class _Tp, class _Up>
        -: 1141:struct __is_same_uncvref : is_same<typename __uncvref<_Tp>::type,
        -: 1142:                                   typename __uncvref<_Up>::type> {};
        -: 1143:
        -: 1144:struct __any
        -: 1145:{
        -: 1146:    __any(...);
        -: 1147:};
        -: 1148:
        -: 1149:// remove_pointer
        -: 1150:
        -: 1151:template <class _Tp> struct _LIBCPP_TEMPLATE_VIS remove_pointer                      {typedef _Tp type;};
        -: 1152:template <class _Tp> struct _LIBCPP_TEMPLATE_VIS remove_pointer<_Tp*>                {typedef _Tp type;};
        -: 1153:template <class _Tp> struct _LIBCPP_TEMPLATE_VIS remove_pointer<_Tp* const>          {typedef _Tp type;};
        -: 1154:template <class _Tp> struct _LIBCPP_TEMPLATE_VIS remove_pointer<_Tp* volatile>       {typedef _Tp type;};
        -: 1155:template <class _Tp> struct _LIBCPP_TEMPLATE_VIS remove_pointer<_Tp* const volatile> {typedef _Tp type;};
        -: 1156:
        -: 1157:#if _LIBCPP_STD_VER > 11
        -: 1158:template <class _Tp> using remove_pointer_t = typename remove_pointer<_Tp>::type;
        -: 1159:#endif
        -: 1160:
        -: 1161:// add_pointer
        -: 1162:
        -: 1163:template <class _Tp, 
        -: 1164:        bool = __is_referenceable<_Tp>::value || 
        -: 1165:                is_same<typename remove_cv<_Tp>::type, void>::value>
        -: 1166:struct __add_pointer_impl
        -: 1167:    {typedef typename remove_reference<_Tp>::type* type;};
        -: 1168:template <class _Tp> struct __add_pointer_impl<_Tp, false> 
        -: 1169:    {typedef _Tp type;};
        -: 1170:
        -: 1171:template <class _Tp> struct _LIBCPP_TEMPLATE_VIS add_pointer
        -: 1172:    {typedef typename __add_pointer_impl<_Tp>::type type;};
        -: 1173:
        -: 1174:#if _LIBCPP_STD_VER > 11
        -: 1175:template <class _Tp> using add_pointer_t = typename add_pointer<_Tp>::type;
        -: 1176:#endif
        -: 1177:
        -: 1178:// is_signed
        -: 1179:
        -: 1180:template <class _Tp, bool = is_integral<_Tp>::value>
        -: 1181:struct __libcpp_is_signed_impl : public _LIBCPP_BOOL_CONSTANT(_Tp(-1) < _Tp(0)) {};
        -: 1182:
        -: 1183:template <class _Tp>
        -: 1184:struct __libcpp_is_signed_impl<_Tp, false> : public true_type {};  // floating point
        -: 1185:
        -: 1186:template <class _Tp, bool = is_arithmetic<_Tp>::value>
        -: 1187:struct __libcpp_is_signed : public __libcpp_is_signed_impl<_Tp> {};
        -: 1188:
        -: 1189:template <class _Tp> struct __libcpp_is_signed<_Tp, false> : public false_type {};
        -: 1190:
        -: 1191:template <class _Tp> struct _LIBCPP_TEMPLATE_VIS is_signed : public __libcpp_is_signed<_Tp> {};
        -: 1192:
        -: 1193:#if _LIBCPP_STD_VER > 14 && !defined(_LIBCPP_HAS_NO_VARIABLE_TEMPLATES)
        -: 1194:template <class _Tp> _LIBCPP_CONSTEXPR bool is_signed_v
        -: 1195:    = is_signed<_Tp>::value;
        -: 1196:#endif
        -: 1197:
        -: 1198:// is_unsigned
        -: 1199:
        -: 1200:template <class _Tp, bool = is_integral<_Tp>::value>
        -: 1201:struct __libcpp_is_unsigned_impl : public _LIBCPP_BOOL_CONSTANT(_Tp(0) < _Tp(-1)) {};
        -: 1202:
        -: 1203:template <class _Tp>
        -: 1204:struct __libcpp_is_unsigned_impl<_Tp, false> : public false_type {};  // floating point
        -: 1205:
        -: 1206:template <class _Tp, bool = is_arithmetic<_Tp>::value>
        -: 1207:struct __libcpp_is_unsigned : public __libcpp_is_unsigned_impl<_Tp> {};
        -: 1208:
        -: 1209:template <class _Tp> struct __libcpp_is_unsigned<_Tp, false> : public false_type {};
        -: 1210:
        -: 1211:template <class _Tp> struct _LIBCPP_TEMPLATE_VIS is_unsigned : public __libcpp_is_unsigned<_Tp> {};
        -: 1212:
        -: 1213:#if _LIBCPP_STD_VER > 14 && !defined(_LIBCPP_HAS_NO_VARIABLE_TEMPLATES)
        -: 1214:template <class _Tp> _LIBCPP_CONSTEXPR bool is_unsigned_v
        -: 1215:    = is_unsigned<_Tp>::value;
        -: 1216:#endif
        -: 1217:
        -: 1218:// rank
        -: 1219:
        -: 1220:template <class _Tp> struct _LIBCPP_TEMPLATE_VIS rank
        -: 1221:    : public integral_constant<size_t, 0> {};
        -: 1222:template <class _Tp> struct _LIBCPP_TEMPLATE_VIS rank<_Tp[]>
        -: 1223:    : public integral_constant<size_t, rank<_Tp>::value + 1> {};
        -: 1224:template <class _Tp, size_t _Np> struct _LIBCPP_TEMPLATE_VIS rank<_Tp[_Np]>
        -: 1225:    : public integral_constant<size_t, rank<_Tp>::value + 1> {};
        -: 1226:
        -: 1227:#if _LIBCPP_STD_VER > 14 && !defined(_LIBCPP_HAS_NO_VARIABLE_TEMPLATES)
        -: 1228:template <class _Tp> _LIBCPP_CONSTEXPR size_t rank_v
        -: 1229:    = rank<_Tp>::value;
        -: 1230:#endif
        -: 1231:
        -: 1232:// extent
        -: 1233:
        -: 1234:template <class _Tp, unsigned _Ip = 0> struct _LIBCPP_TEMPLATE_VIS extent
        -: 1235:    : public integral_constant<size_t, 0> {};
        -: 1236:template <class _Tp> struct _LIBCPP_TEMPLATE_VIS extent<_Tp[], 0>
        -: 1237:    : public integral_constant<size_t, 0> {};
        -: 1238:template <class _Tp, unsigned _Ip> struct _LIBCPP_TEMPLATE_VIS extent<_Tp[], _Ip>
        -: 1239:    : public integral_constant<size_t, extent<_Tp, _Ip-1>::value> {};
        -: 1240:template <class _Tp, size_t _Np> struct _LIBCPP_TEMPLATE_VIS extent<_Tp[_Np], 0>
        -: 1241:    : public integral_constant<size_t, _Np> {};
        -: 1242:template <class _Tp, size_t _Np, unsigned _Ip> struct _LIBCPP_TEMPLATE_VIS extent<_Tp[_Np], _Ip>
        -: 1243:    : public integral_constant<size_t, extent<_Tp, _Ip-1>::value> {};
        -: 1244:
        -: 1245:#if _LIBCPP_STD_VER > 14 && !defined(_LIBCPP_HAS_NO_VARIABLE_TEMPLATES)
        -: 1246:template <class _Tp, unsigned _Ip = 0> _LIBCPP_CONSTEXPR size_t extent_v
        -: 1247:    = extent<_Tp, _Ip>::value;
        -: 1248:#endif
        -: 1249:
        -: 1250:// remove_extent
        -: 1251:
        -: 1252:template <class _Tp> struct _LIBCPP_TEMPLATE_VIS remove_extent
        -: 1253:    {typedef _Tp type;};
        -: 1254:template <class _Tp> struct _LIBCPP_TEMPLATE_VIS remove_extent<_Tp[]>
        -: 1255:    {typedef _Tp type;};
        -: 1256:template <class _Tp, size_t _Np> struct _LIBCPP_TEMPLATE_VIS remove_extent<_Tp[_Np]>
        -: 1257:    {typedef _Tp type;};
        -: 1258:
        -: 1259:#if _LIBCPP_STD_VER > 11
        -: 1260:template <class _Tp> using remove_extent_t = typename remove_extent<_Tp>::type;
        -: 1261:#endif
        -: 1262:
        -: 1263:// remove_all_extents
        -: 1264:
        -: 1265:template <class _Tp> struct _LIBCPP_TEMPLATE_VIS remove_all_extents
        -: 1266:    {typedef _Tp type;};
        -: 1267:template <class _Tp> struct _LIBCPP_TEMPLATE_VIS remove_all_extents<_Tp[]>
        -: 1268:    {typedef typename remove_all_extents<_Tp>::type type;};
        -: 1269:template <class _Tp, size_t _Np> struct _LIBCPP_TEMPLATE_VIS remove_all_extents<_Tp[_Np]>
        -: 1270:    {typedef typename remove_all_extents<_Tp>::type type;};
        -: 1271:
        -: 1272:#if _LIBCPP_STD_VER > 11
        -: 1273:template <class _Tp> using remove_all_extents_t = typename remove_all_extents<_Tp>::type;
        -: 1274:#endif
        -: 1275:
        -: 1276:// decay
        -: 1277:
        -: 1278:template <class _Up, bool>
        -: 1279:struct __decay {
        -: 1280:    typedef typename remove_cv<_Up>::type type;
        -: 1281:};
        -: 1282:
        -: 1283:template <class _Up>
        -: 1284:struct __decay<_Up, true> {
        -: 1285:public:
        -: 1286:    typedef typename conditional
        -: 1287:                     <
        -: 1288:                         is_array<_Up>::value,
        -: 1289:                         typename remove_extent<_Up>::type*,
        -: 1290:                         typename conditional
        -: 1291:                         <
        -: 1292:                              is_function<_Up>::value,
        -: 1293:                              typename add_pointer<_Up>::type,
        -: 1294:                              typename remove_cv<_Up>::type
        -: 1295:                         >::type
        -: 1296:                     >::type type;
        -: 1297:};
        -: 1298:
        -: 1299:template <class _Tp>
        -: 1300:struct _LIBCPP_TEMPLATE_VIS decay
        -: 1301:{
        -: 1302:private:
        -: 1303:    typedef typename remove_reference<_Tp>::type _Up;
        -: 1304:public:
        -: 1305:    typedef typename __decay<_Up, __is_referenceable<_Up>::value>::type type;
        -: 1306:};
        -: 1307:
        -: 1308:#if _LIBCPP_STD_VER > 11
        -: 1309:template <class _Tp> using decay_t = typename decay<_Tp>::type;
        -: 1310:#endif
        -: 1311:
        -: 1312:// is_abstract
        -: 1313:
        -: 1314:template <class _Tp> struct _LIBCPP_TEMPLATE_VIS is_abstract
        -: 1315:    : public integral_constant<bool, __is_abstract(_Tp)> {};
        -: 1316:
        -: 1317:#if _LIBCPP_STD_VER > 14 && !defined(_LIBCPP_HAS_NO_VARIABLE_TEMPLATES)
        -: 1318:template <class _Tp> _LIBCPP_CONSTEXPR bool is_abstract_v
        -: 1319:    = is_abstract<_Tp>::value;
        -: 1320:#endif
        -: 1321:
        -: 1322:// is_final
        -: 1323:
        -: 1324:#if defined(_LIBCPP_HAS_IS_FINAL)
        -: 1325:template <class _Tp> struct _LIBCPP_TEMPLATE_VIS
        -: 1326:__libcpp_is_final : public integral_constant<bool, __is_final(_Tp)> {};
        -: 1327:#else
        -: 1328:template <class _Tp> struct _LIBCPP_TEMPLATE_VIS
        -: 1329:__libcpp_is_final : public false_type {};
        -: 1330:#endif
        -: 1331:
        -: 1332:#if defined(_LIBCPP_HAS_IS_FINAL) && _LIBCPP_STD_VER > 11
        -: 1333:template <class _Tp> struct _LIBCPP_TEMPLATE_VIS
        -: 1334:is_final : public integral_constant<bool, __is_final(_Tp)> {};
        -: 1335:#endif
        -: 1336:
        -: 1337:#if _LIBCPP_STD_VER > 14 && !defined(_LIBCPP_HAS_NO_VARIABLE_TEMPLATES)
        -: 1338:template <class _Tp> _LIBCPP_CONSTEXPR bool is_final_v
        -: 1339:    = is_final<_Tp>::value;
        -: 1340:#endif
        -: 1341:
        -: 1342:// is_aggregate
        -: 1343:#if _LIBCPP_STD_VER > 14 && !defined(_LIBCPP_HAS_NO_IS_AGGREGATE)
        -: 1344:
        -: 1345:template <class _Tp> struct _LIBCPP_TEMPLATE_VIS
        -: 1346:is_aggregate : public integral_constant<bool, __is_aggregate(_Tp)> {};
        -: 1347:
        -: 1348:#if !defined(_LIBCPP_HAS_NO_VARIABLE_TEMPLATES)
        -: 1349:template <class _Tp>
        -: 1350:constexpr bool is_aggregate_v = is_aggregate<_Tp>::value;
        -: 1351:#endif
        -: 1352:
        -: 1353:#endif // _LIBCPP_STD_VER > 14 && !defined(_LIBCPP_HAS_NO_IS_AGGREGATE)
        -: 1354:
        -: 1355:// is_base_of
        -: 1356:
        -: 1357:#ifdef _LIBCPP_HAS_IS_BASE_OF
        -: 1358:
        -: 1359:template <class _Bp, class _Dp>
        -: 1360:struct _LIBCPP_TEMPLATE_VIS is_base_of
        -: 1361:    : public integral_constant<bool, __is_base_of(_Bp, _Dp)> {};
        -: 1362:
        -: 1363:#else  // _LIBCPP_HAS_IS_BASE_OF
        -: 1364:
        -: 1365:namespace __is_base_of_imp
        -: 1366:{
        -: 1367:template <class _Tp>
        -: 1368:struct _Dst
        -: 1369:{
        -: 1370:    _Dst(const volatile _Tp &);
        -: 1371:};
        -: 1372:template <class _Tp>
        -: 1373:struct _Src
        -: 1374:{
        -: 1375:    operator const volatile _Tp &();
        -: 1376:    template <class _Up> operator const _Dst<_Up> &();
        -: 1377:};
        -: 1378:template <size_t> struct __one { typedef char type; };
        -: 1379:template <class _Bp, class _Dp> typename __one<sizeof(_Dst<_Bp>(declval<_Src<_Dp> >()))>::type __test(int);
        -: 1380:template <class _Bp, class _Dp> __two __test(...);
        -: 1381:}
        -: 1382:
        -: 1383:template <class _Bp, class _Dp>
        -: 1384:struct _LIBCPP_TEMPLATE_VIS is_base_of
        -: 1385:    : public integral_constant<bool, is_class<_Bp>::value &&
        -: 1386:                                     sizeof(__is_base_of_imp::__test<_Bp, _Dp>(0)) == 2> {};
        -: 1387:
        -: 1388:#endif  // _LIBCPP_HAS_IS_BASE_OF
        -: 1389:
        -: 1390:#if _LIBCPP_STD_VER > 14 && !defined(_LIBCPP_HAS_NO_VARIABLE_TEMPLATES)
        -: 1391:template <class _Bp, class _Dp> _LIBCPP_CONSTEXPR bool is_base_of_v
        -: 1392:    = is_base_of<_Bp, _Dp>::value;
        -: 1393:#endif
        -: 1394:
        -: 1395:// is_convertible
        -: 1396:
        -: 1397:#if __has_feature(is_convertible_to) && !defined(_LIBCPP_USE_IS_CONVERTIBLE_FALLBACK)
        -: 1398:
        -: 1399:template <class _T1, class _T2> struct _LIBCPP_TEMPLATE_VIS is_convertible
        -: 1400:    : public integral_constant<bool, __is_convertible_to(_T1, _T2) &&
        -: 1401:                                     !is_abstract<_T2>::value> {};
        -: 1402:
        -: 1403:#else  // __has_feature(is_convertible_to)
        -: 1404:
        -: 1405:namespace __is_convertible_imp
        -: 1406:{
        -: 1407:template <class _Tp> void  __test_convert(_Tp);
        -: 1408:
        -: 1409:template <class _From, class _To, class = void>
        -: 1410:struct __is_convertible_test : public false_type {};
        -: 1411:
        -: 1412:template <class _From, class _To>
        -: 1413:struct __is_convertible_test<_From, _To,
        -: 1414:    decltype(_VSTD::__is_convertible_imp::__test_convert<_To>(_VSTD::declval<_From>()))> : public true_type
        -: 1415:{};
        -: 1416:
        -: 1417:template <class _Tp, bool _IsArray =    is_array<_Tp>::value,
        -: 1418:                     bool _IsFunction = is_function<_Tp>::value,
        -: 1419:                     bool _IsVoid =     is_void<_Tp>::value>
        -: 1420:                     struct __is_array_function_or_void                          {enum {value = 0};};
        -: 1421:template <class _Tp> struct __is_array_function_or_void<_Tp, true, false, false> {enum {value = 1};};
        -: 1422:template <class _Tp> struct __is_array_function_or_void<_Tp, false, true, false> {enum {value = 2};};
        -: 1423:template <class _Tp> struct __is_array_function_or_void<_Tp, false, false, true> {enum {value = 3};};
        -: 1424:}
        -: 1425:
        -: 1426:template <class _Tp,
[...]
        -: 4343:        conditional<
        -: 4344:            !is_same<_Result, __nat>::value,
        -: 4345:            typename conditional<
        -: 4346:                is_void<_Ret>::value,
        -: 4347:                true_type,
        -: 4348:                is_convertible<_Result, _Ret>
        -: 4349:            >::type,
        -: 4350:            false_type
        -: 4351:        >::type::value;
        -: 4352:};
        -: 4353:
        -: 4354:template <class _Fp, class ..._Args>
        -: 4355:using __invokable = __invokable_r<void, _Fp, _Args...>;
        -: 4356:
        -: 4357:template <bool _IsInvokable, bool _IsCVVoid, class _Ret, class _Fp, class ..._Args>
        -: 4358:struct __nothrow_invokable_r_imp {
        -: 4359:  static const bool value = false;
        -: 4360:};
        -: 4361:
        -: 4362:template <class _Ret, class _Fp, class ..._Args>
        -: 4363:struct __nothrow_invokable_r_imp<true, false, _Ret, _Fp, _Args...>
        -: 4364:{
        -: 4365:    typedef __nothrow_invokable_r_imp _ThisT;
        -: 4366:
        -: 4367:    template <class _Tp>
        -: 4368:    static void __test_noexcept(_Tp) noexcept;
        -: 4369:
        -: 4370:    static const bool value = noexcept(_ThisT::__test_noexcept<_Ret>(
        -: 4371:        _VSTD::__invoke(_VSTD::declval<_Fp>(), _VSTD::declval<_Args>()...)));
        -: 4372:};
        -: 4373:
        -: 4374:template <class _Ret, class _Fp, class ..._Args>
        -: 4375:struct __nothrow_invokable_r_imp<true, true, _Ret, _Fp, _Args...>
        -: 4376:{
        -: 4377:    static const bool value = noexcept(
        -: 4378:        _VSTD::__invoke(_VSTD::declval<_Fp>(), _VSTD::declval<_Args>()...));
        -: 4379:};
        -: 4380:
        -: 4381:template <class _Ret, class _Fp, class ..._Args>
        -: 4382:using __nothrow_invokable_r =
        -: 4383:    __nothrow_invokable_r_imp<
        -: 4384:            __invokable_r<_Ret, _Fp, _Args...>::value,
        -: 4385:            is_void<_Ret>::value,
        -: 4386:            _Ret, _Fp, _Args...
        -: 4387:    >;
        -: 4388:
        -: 4389:template <class _Fp, class ..._Args>
        -: 4390:struct __invoke_of
        -: 4391:    : public enable_if<
        -: 4392:        __invokable<_Fp, _Args...>::value,
        -: 4393:        typename __invokable_r<void, _Fp, _Args...>::_Result>
        -: 4394:{
        -: 4395:};
        -: 4396:
        -: 4397:// result_of
        -: 4398:
        -: 4399:template <class _Fp, class ..._Args>
        -: 4400:class _LIBCPP_TEMPLATE_VIS result_of<_Fp(_Args...)>
        -: 4401:    : public __invoke_of<_Fp, _Args...>
        -: 4402:{
        -: 4403:};
        -: 4404:
        -: 4405:#if _LIBCPP_STD_VER > 11
        -: 4406:template <class _Tp> using result_of_t = typename result_of<_Tp>::type;
        -: 4407:#endif
        -: 4408:
        -: 4409:#if _LIBCPP_STD_VER > 14
        -: 4410:
        -: 4411:// is_callable
        -: 4412:
        -: 4413:template <class _Fn, class _Ret = void>
        -: 4414:struct _LIBCPP_TEMPLATE_VIS is_callable;
        -: 4415:
        -: 4416:template <class _Fn, class ..._Args, class _Ret>
        -: 4417:struct _LIBCPP_TEMPLATE_VIS is_callable<_Fn(_Args...), _Ret>
        -: 4418:    : integral_constant<bool, __invokable_r<_Ret, _Fn, _Args...>::value> {};
        -: 4419:
        -: 4420:template <class _Fn, class _Ret = void>
        -: 4421:constexpr bool is_callable_v = is_callable<_Fn, _Ret>::value;
        -: 4422:
        -: 4423:// is_nothrow_callable
        -: 4424:
        -: 4425:template <class _Fn, class _Ret = void>
        -: 4426:struct _LIBCPP_TEMPLATE_VIS is_nothrow_callable;
        -: 4427:
        -: 4428:template <class _Fn, class ..._Args, class _Ret>
        -: 4429:struct _LIBCPP_TEMPLATE_VIS is_nothrow_callable<_Fn(_Args...), _Ret>
        -: 4430:    : integral_constant<bool, __nothrow_invokable_r<_Ret, _Fn, _Args...>::value>
        -: 4431:{};
        -: 4432:
        -: 4433:template <class _Fn, class _Ret = void>
        -: 4434:constexpr bool is_nothrow_callable_v = is_nothrow_callable<_Fn, _Ret>::value;
        -: 4435:
        -: 4436:#endif // _LIBCPP_STD_VER > 14
        -: 4437:
        -: 4438:#endif  // !defined(_LIBCPP_CXX03_LANG)
        -: 4439:
        -: 4440:template <class _Tp> struct __is_swappable;
        -: 4441:template <class _Tp> struct __is_nothrow_swappable;
        -: 4442:
        -: 4443:template <class _Tp>
        -: 4444:inline _LIBCPP_INLINE_VISIBILITY
        -: 4445:#ifndef _LIBCPP_CXX03_LANG
        -: 4446:typename enable_if
        -: 4447:<
        -: 4448:    is_move_constructible<_Tp>::value &&
        -: 4449:    is_move_assignable<_Tp>::value
        -: 4450:>::type
        -: 4451:#else
        -: 4452:void
        -: 4453:#endif
        -: 4454:swap(_Tp& __x, _Tp& __y) _NOEXCEPT_(is_nothrow_move_constructible<_Tp>::value &&
        -: 4455:                                    is_nothrow_move_assignable<_Tp>::value)
        -: 4456:{
        -: 4457:    _Tp __t(_VSTD::move(__x));
        -: 4458:    __x = _VSTD::move(__y);
        -: 4459:    __y = _VSTD::move(__t);
        -: 4460:}
        -: 4461:
        -: 4462:template<class _Tp, size_t _Np>
        -: 4463:inline _LIBCPP_INLINE_VISIBILITY
        -: 4464:typename enable_if<
        -: 4465:    __is_swappable<_Tp>::value
        -: 4466:>::type
        -: 4467:swap(_Tp (&__a)[_Np], _Tp (&__b)[_Np]) _NOEXCEPT_(__is_nothrow_swappable<_Tp>::value);
        -: 4468:
        -: 4469:template <class _ForwardIterator1, class _ForwardIterator2>
        -: 4470:inline _LIBCPP_INLINE_VISIBILITY
        -: 4471:void
        -: 4472:iter_swap(_ForwardIterator1 __a, _ForwardIterator2 __b)
        -: 4473:    //                                  _NOEXCEPT_(_NOEXCEPT_(swap(*__a, *__b)))
        -: 4474:               _NOEXCEPT_(_NOEXCEPT_(swap(*_VSTD::declval<_ForwardIterator1>(),
        -: 4475:                                          *_VSTD::declval<_ForwardIterator2>())))
        -: 4476:{
        -: 4477:    swap(*__a, *__b);
        -: 4478:}
        -: 4479:
        -: 4480:// __swappable
        -: 4481:
        -: 4482:namespace __detail
        -: 4483:{
        -: 4484:// ALL generic swap overloads MUST already have a declaration available at this point.
        -: 4485:
        -: 4486:template <class _Tp, class _Up = _Tp,
        -: 4487:          bool _NotVoid = !is_void<_Tp>::value && !is_void<_Up>::value>
        -: 4488:struct __swappable_with
        -: 4489:{
        -: 4490:    template <class _LHS, class _RHS>
        -: 4491:    static decltype(swap(_VSTD::declval<_LHS>(), _VSTD::declval<_RHS>()))
        -: 4492:    __test_swap(int);
        -: 4493:    template <class, class>
        -: 4494:    static __nat __test_swap(long);
        -: 4495:
        -: 4496:    // Extra parens are needed for the C++03 definition of decltype.
        -: 4497:    typedef decltype((__test_swap<_Tp, _Up>(0))) __swap1;
        -: 4498:    typedef decltype((__test_swap<_Up, _Tp>(0))) __swap2;
        -: 4499:
        -: 4500:    static const bool value = !is_same<__swap1, __nat>::value
        -: 4501:                           && !is_same<__swap2, __nat>::value;
        -: 4502:};
        -: 4503:
        -: 4504:template <class _Tp, class _Up>
        -: 4505:struct __swappable_with<_Tp, _Up,  false> : false_type {};
        -: 4506:
        -: 4507:template <class _Tp, class _Up = _Tp, bool _Swappable = __swappable_with<_Tp, _Up>::value>
        -: 4508:struct __nothrow_swappable_with {
        -: 4509:  static const bool value =
        -: 4510:#ifndef _LIBCPP_HAS_NO_NOEXCEPT
        -: 4511:      noexcept(swap(_VSTD::declval<_Tp>(), _VSTD::declval<_Up>()))
        -: 4512:  &&  noexcept(swap(_VSTD::declval<_Up>(), _VSTD::declval<_Tp>()));
        -: 4513:#else
        -: 4514:      false;
        -: 4515:#endif
        -: 4516:};
        -: 4517:
        -: 4518:template <class _Tp, class _Up>
        -: 4519:struct __nothrow_swappable_with<_Tp, _Up, false> : false_type {};
        -: 4520:
        -: 4521:}  // __detail
        -: 4522:
        -: 4523:template <class _Tp>
        -: 4524:struct __is_swappable
        -: 4525:    : public integral_constant<bool, __detail::__swappable_with<_Tp&>::value>
        -: 4526:{
        -: 4527:};
        -: 4528:
        -: 4529:template <class _Tp>
        -: 4530:struct __is_nothrow_swappable
        -: 4531:    : public integral_constant<bool, __detail::__nothrow_swappable_with<_Tp&>::value>
        -: 4532:{
        -: 4533:};
        -: 4534:
        -: 4535:#if _LIBCPP_STD_VER > 14
        -: 4536:
        -: 4537:template <class _Tp, class _Up>
        -: 4538:struct _LIBCPP_TEMPLATE_VIS is_swappable_with
        -: 4539:    : public integral_constant<bool, __detail::__swappable_with<_Tp, _Up>::value>
        -: 4540:{
        -: 4541:};
        -: 4542:
        -: 4543:template <class _Tp>
        -: 4544:struct _LIBCPP_TEMPLATE_VIS is_swappable
        -: 4545:    : public conditional<
        -: 4546:        __is_referenceable<_Tp>::value,
        -: 4547:        is_swappable_with<
        -: 4548:            typename add_lvalue_reference<_Tp>::type,
        -: 4549:            typename add_lvalue_reference<_Tp>::type>,
        -: 4550:        false_type
        -: 4551:    >::type
        -: 4552:{
        -: 4553:};
        -: 4554:
        -: 4555:template <class _Tp, class _Up>
        -: 4556:struct _LIBCPP_TEMPLATE_VIS is_nothrow_swappable_with
        -: 4557:    : public integral_constant<bool, __detail::__nothrow_swappable_with<_Tp, _Up>::value>
        -: 4558:{
        -: 4559:};
        -: 4560:
        -: 4561:template <class _Tp>
        -: 4562:struct _LIBCPP_TEMPLATE_VIS is_nothrow_swappable
        -: 4563:    : public conditional<
        -: 4564:        __is_referenceable<_Tp>::value,
        -: 4565:        is_nothrow_swappable_with<
        -: 4566:            typename add_lvalue_reference<_Tp>::type,
        -: 4567:            typename add_lvalue_reference<_Tp>::type>,
        -: 4568:        false_type
        -: 4569:    >::type
        -: 4570:{
        -: 4571:};
        -: 4572:
        -: 4573:template <class _Tp, class _Up>
        -: 4574:constexpr bool is_swappable_with_v = is_swappable_with<_Tp, _Up>::value;
        -: 4575:
        -: 4576:template <class _Tp>
        -: 4577:constexpr bool is_swappable_v = is_swappable<_Tp>::value;
        -: 4578:
        -: 4579:template <class _Tp, class _Up>
        -: 4580:constexpr bool is_nothrow_swappable_with_v = is_nothrow_swappable_with<_Tp, _Up>::value;
        -: 4581:
        -: 4582:template <class _Tp>
        -: 4583:constexpr bool is_nothrow_swappable_v = is_nothrow_swappable<_Tp>::value;
        -: 4584:
        -: 4585:#endif // _LIBCPP_STD_VER > 14
        -: 4586:
        -: 4587:#ifdef _LIBCPP_UNDERLYING_TYPE
        -: 4588:
        -: 4589:template <class _Tp>
        -: 4590:struct underlying_type
        -: 4591:{
        -: 4592:    typedef _LIBCPP_UNDERLYING_TYPE(_Tp) type;
        -: 4593:};
        -: 4594:
        -: 4595:#if _LIBCPP_STD_VER > 11
        -: 4596:template <class _Tp> using underlying_type_t = typename underlying_type<_Tp>::type;
        -: 4597:#endif
        -: 4598:
        -: 4599:#else  // _LIBCPP_UNDERLYING_TYPE
        -: 4600:
        -: 4601:template <class _Tp, bool _Support = false>
        -: 4602:struct underlying_type
        -: 4603:{
        -: 4604:    static_assert(_Support, "The underyling_type trait requires compiler "
        -: 4605:                            "support. Either no such support exists or "
        -: 4606:                            "libc++ does not know how to use it.");
        -: 4607:};
        -: 4608:
        -: 4609:#endif // _LIBCPP_UNDERLYING_TYPE
        -: 4610:
        -: 4611:
        -: 4612:template <class _Tp, bool = is_enum<_Tp>::value>
        -: 4613:struct __sfinae_underlying_type
        -: 4614:{
        -: 4615:    typedef typename underlying_type<_Tp>::type type;
        -: 4616:    typedef decltype(((type)1) + 0) __promoted_type;
        -: 4617:};
        -: 4618:
        -: 4619:template <class _Tp>
        -: 4620:struct __sfinae_underlying_type<_Tp, false> {};
        -: 4621:
        -: 4622:inline _LIBCPP_INLINE_VISIBILITY
        -: 4623:int __convert_to_integral(int __val) { return __val; }
        -: 4624:
        -: 4625:inline _LIBCPP_INLINE_VISIBILITY
        -: 4626:unsigned __convert_to_integral(unsigned __val) { return __val; }
        -: 4627:
        -: 4628:inline _LIBCPP_INLINE_VISIBILITY
        -: 4629:long __convert_to_integral(long __val) { return __val; }
        -: 4630:
        -: 4631:inline _LIBCPP_INLINE_VISIBILITY
        -: 4632:unsigned long __convert_to_integral(unsigned long __val) { return __val; }
        -: 4633:
        -: 4634:inline _LIBCPP_INLINE_VISIBILITY
        -: 4635:long long __convert_to_integral(long long __val) { return __val; }
        -: 4636:
        -: 4637:inline _LIBCPP_INLINE_VISIBILITY
        -: 4638:unsigned long long __convert_to_integral(unsigned long long __val) {return __val; }
        -: 4639:
        -: 4640:#ifndef _LIBCPP_HAS_NO_INT128
        -: 4641:inline _LIBCPP_INLINE_VISIBILITY
        -: 4642:__int128_t __convert_to_integral(__int128_t __val) { return __val; }
        -: 4643:
        -: 4644:inline _LIBCPP_INLINE_VISIBILITY
        -: 4645:__uint128_t __convert_to_integral(__uint128_t __val) { return __val; }
        -: 4646:#endif
        -: 4647:
        -: 4648:template <class _Tp>
        -: 4649:inline _LIBCPP_INLINE_VISIBILITY
        -: 4650:typename __sfinae_underlying_type<_Tp>::__promoted_type
        -: 4651:__convert_to_integral(_Tp __val) { return __val; }
        -: 4652:
        -: 4653:#ifndef _LIBCPP_CXX03_LANG
        -: 4654:
        -: 4655:template <class _Tp>
        -: 4656:struct __has_operator_addressof_member_imp
        -: 4657:{
        -: 4658:    template <class _Up>
        -: 4659:        static auto __test(int)
        -: 4660:            -> typename __select_2nd<decltype(_VSTD::declval<_Up>().operator&()), true_type>::type;
        -: 4661:    template <class>
        -: 4662:        static auto __test(long) -> false_type;
        -: 4663:
        -: 4664:    static const bool value = decltype(__test<_Tp>(0))::value;
        -: 4665:};
        -: 4666:
        -: 4667:template <class _Tp>
        -: 4668:struct __has_operator_addressof_free_imp
        -: 4669:{
        -: 4670:    template <class _Up>
        -: 4671:        static auto __test(int)
        -: 4672:            -> typename __select_2nd<decltype(operator&(_VSTD::declval<_Up>())), true_type>::type;
        -: 4673:    template <class>
        -: 4674:        static auto __test(long) -> false_type;
        -: 4675:
        -: 4676:    static const bool value = decltype(__test<_Tp>(0))::value;
        -: 4677:};
        -: 4678:
        -: 4679:template <class _Tp>
        -: 4680:struct __has_operator_addressof
        -: 4681:    : public integral_constant<bool, __has_operator_addressof_member_imp<_Tp>::value
        -: 4682:                                  || __has_operator_addressof_free_imp<_Tp>::value>
        -: 4683:{};
        -: 4684:
        -: 4685:#endif  // _LIBCPP_CXX03_LANG
        -: 4686:
        -: 4687:#if _LIBCPP_STD_VER > 14
        -: 4688:
        -: 4689:#define __cpp_lib_void_t 201411
        -: 4690:template <class...> using void_t = void;
        -: 4691:
        -: 4692:# ifndef _LIBCPP_HAS_NO_VARIADICS
        -: 4693:template <class... _Args>
        -: 4694:struct conjunction : __and_<_Args...> {};
        -: 4695:template<class... _Args> constexpr bool conjunction_v = conjunction<_Args...>::value;
        -: 4696:
        -: 4697:template <class... _Args>
        -: 4698:struct disjunction : __or_<_Args...> {};
        -: 4699:template<class... _Args> constexpr bool disjunction_v = disjunction<_Args...>::value;
        -: 4700:
        -: 4701:template <class _Tp>
        -: 4702:struct negation : __not_<_Tp> {};
        -: 4703:template<class _Tp> constexpr bool negation_v = negation<_Tp>::value;
        -: 4704:# endif // _LIBCPP_HAS_NO_VARIADICS
        -: 4705:#endif  // _LIBCPP_STD_VER > 14
        -: 4706:
        -: 4707:// These traits are used in __tree and __hash_table
        -: 4708:#ifndef _LIBCPP_CXX03_LANG
        -: 4709:struct __extract_key_fail_tag {};
        -: 4710:struct __extract_key_self_tag {};
        -: 4711:struct __extract_key_first_tag {};
        -: 4712:
        -: 4713:template <class _ValTy, class _Key,
        -: 4714:          class _RawValTy = typename __unconstref<_ValTy>::type>
        -: 4715:struct __can_extract_key
        -: 4716:    : conditional<is_same<_RawValTy, _Key>::value, __extract_key_self_tag,
        -: 4717:                  __extract_key_fail_tag>::type {};
        -: 4718:
        -: 4719:template <class _Pair, class _Key, class _First, class _Second>
        -: 4720:struct __can_extract_key<_Pair, _Key, pair<_First, _Second>>
        -: 4721:    : conditional<is_same<typename remove_const<_First>::type, _Key>::value,
        -: 4722:                  __extract_key_first_tag, __extract_key_fail_tag>::type {};
        -: 4723:
        -: 4724:// __can_extract_map_key uses true_type/false_type instead of the tags.
        -: 4725:// It returns true if _Key != _ContainerValueTy (the container is a map not a set)
        -: 4726:// and _ValTy == _Key.
        -: 4727:template <class _ValTy, class _Key, class _ContainerValueTy,
        -: 4728:          class _RawValTy = typename __unconstref<_ValTy>::type>
        -: 4729:struct __can_extract_map_key
        -: 4730:    : integral_constant<bool, is_same<_RawValTy, _Key>::value> {};
        -: 4731:
        -: 4732:// This specialization returns __extract_key_fail_tag for non-map containers
        -: 4733:// because _Key == _ContainerValueTy
        -: 4734:template <class _ValTy, class _Key, class _RawValTy>
        -: 4735:struct __can_extract_map_key<_ValTy, _Key, _Key, _RawValTy>
        -: 4736:    : false_type {};
        -: 4737:
        -: 4738:#endif
        -: 4739:
        -: 4740:_LIBCPP_END_NAMESPACE_STD
        -: 4741:
        -: 4742:#if _LIBCPP_STD_VER > 14
        -: 4743:// std::byte
        -: 4744:namespace std  // purposefully not versioned
        -: 4745:{
        -: 4746:template <class _Integer>
        -: 4747:  constexpr typename enable_if<is_integral_v<_Integer>, byte>::type &
        -: 4748:  operator<<=(byte& __lhs, _Integer __shift) noexcept
        -: 4749:  { return __lhs = byte(static_cast<unsigned char>(__lhs) << __shift); }
        -: 4750:  
        -: 4751:template <class _Integer>
        -: 4752:  constexpr typename enable_if<is_integral_v<_Integer>, byte>::type
        -: 4753:  operator<< (byte  __lhs, _Integer __shift) noexcept
        -: 4754:  { return         byte(static_cast<unsigned char>(__lhs) << __shift); }
        -: 4755:
        -: 4756:template <class _Integer>
        -: 4757:  constexpr typename enable_if<is_integral_v<_Integer>, byte>::type &
        -: 4758:  operator>>=(byte& __lhs, _Integer __shift) noexcept
        -: 4759:  { return __lhs = byte(static_cast<unsigned char>(__lhs) >> __shift); }
        -: 4760:
        -: 4761:template <class _Integer>
        -: 4762:  constexpr typename enable_if<is_integral_v<_Integer>, byte>::type
        -: 4763:  operator>> (byte  __lhs, _Integer __shift) noexcept
        -: 4764:  { return         byte(static_cast<unsigned char>(__lhs) >> __shift); }
        -: 4765:  
        -: 4766:template <class _Integer>
        -: 4767:  constexpr typename enable_if<is_integral_v<_Integer>, _Integer>::type
        -: 4768:  to_integer(byte __b) noexcept { return _Integer(__b); }
        -: 4769:
        -: 4770:}
        -: 4771:#endif
        -: 4772:
        -: 4773:#endif  // _LIBCPP_TYPE_TRAITS
